<?xml version="1.0" encoding="UTF-8"?>
<testsuite name="tourGuide.TestPerformanceProxy" tests="1" skipped="0" failures="0" errors="0" timestamp="2020-10-16T17:15:21" hostname="PO709427VW10SC2" time="0.04">
  <properties/>
  <testcase name="highVolumeTrackLocationNew()" classname="tourGuide.TestPerformanceProxy" time="0.04"/>
  <system-out><![CDATA[2020-10-16 19:15:21.808  INFO 8932 --- [    Test worker] .b.t.c.SpringBootTestContextBootstrapper : Neither @ContextConfiguration nor @ContextHierarchy found for test class [tourGuide.TestPerformanceProxy], using SpringBootContextLoader
2020-10-16 19:15:21.808  INFO 8932 --- [    Test worker] o.s.t.c.support.AbstractContextLoader    : Could not detect default resource locations for test class [tourGuide.TestPerformanceProxy]: no resource found for suffixes {-context.xml, Context.groovy}.
2020-10-16 19:15:21.808  INFO 8932 --- [    Test worker] t.c.s.AnnotationConfigContextLoaderUtils : Could not detect default configuration classes for test class [tourGuide.TestPerformanceProxy]: TestPerformanceProxy does not declare any static, non-private, non-final, nested classes annotated with @Configuration.
2020-10-16 19:15:21.824  INFO 8932 --- [    Test worker] .b.t.c.SpringBootTestContextBootstrapper : Found @SpringBootConfiguration tourGuide.Application for test class tourGuide.TestPerformanceProxy
2020-10-16 19:15:21.824  INFO 8932 --- [    Test worker] .b.t.c.SpringBootTestContextBootstrapper : Loaded default TestExecutionListener class names from location [META-INF/spring.factories]: [org.springframework.boot.test.autoconfigure.restdocs.RestDocsTestExecutionListener, org.springframework.boot.test.autoconfigure.web.client.MockRestServiceServerResetTestExecutionListener, org.springframework.boot.test.autoconfigure.web.servlet.MockMvcPrintOnlyOnFailureTestExecutionListener, org.springframework.boot.test.autoconfigure.web.servlet.WebDriverTestExecutionListener, org.springframework.boot.test.mock.mockito.MockitoTestExecutionListener, org.springframework.boot.test.mock.mockito.ResetMocksTestExecutionListener, org.springframework.test.context.web.ServletTestExecutionListener, org.springframework.test.context.support.DirtiesContextBeforeModesTestExecutionListener, org.springframework.test.context.support.DependencyInjectionTestExecutionListener, org.springframework.test.context.support.DirtiesContextTestExecutionListener, org.springframework.test.context.transaction.TransactionalTestExecutionListener, org.springframework.test.context.jdbc.SqlScriptsTestExecutionListener, org.springframework.test.context.event.EventPublishingTestExecutionListener]
2020-10-16 19:15:21.824  INFO 8932 --- [    Test worker] .b.t.c.SpringBootTestContextBootstrapper : Using TestExecutionListeners: [org.springframework.test.context.web.ServletTestExecutionListener@2d1b2d8e, org.springframework.test.context.support.DirtiesContextBeforeModesTestExecutionListener@2c24000a, org.springframework.boot.test.mock.mockito.MockitoTestExecutionListener@3edac0dd, org.springframework.boot.test.autoconfigure.SpringBootDependencyInjectionTestExecutionListener@1a504cec, org.springframework.test.context.support.DirtiesContextTestExecutionListener@6e536575, org.springframework.test.context.event.EventPublishingTestExecutionListener@627b1ce5, org.springframework.boot.test.autoconfigure.restdocs.RestDocsTestExecutionListener@a4fe45f, org.springframework.boot.test.autoconfigure.web.client.MockRestServiceServerResetTestExecutionListener@12e0eed6, org.springframework.boot.test.autoconfigure.web.servlet.MockMvcPrintOnlyOnFailureTestExecutionListener@676d5932, org.springframework.boot.test.autoconfigure.web.servlet.WebDriverTestExecutionListener@5d4bed0e, org.springframework.boot.test.mock.mockito.ResetMocksTestExecutionListener@28d397e4]
]]></system-out>
  <system-err><![CDATA[]]></system-err>
</testsuite>
