<?xml version="1.0" encoding="UTF-8"?>
<testsuite name="tourGuide.TestPerformance" tests="1" skipped="0" failures="0" errors="0" timestamp="2020-10-16T07:49:02" hostname="PO709427VW10SC2" time="4.64">
  <properties/>
  <testcase name="highVolumeTrackLocationNew" classname="tourGuide.TestPerformance" time="4.64"/>
  <system-out><![CDATA[09:49:02.915 [Test worker] DEBUG tourGuide.TestPerformance - Start highVolumeTrackLocation
09:49:03.102 [Test worker] INFO tourGuide.service.TourGuideService - TestMode enabled
09:49:03.118 [Test worker] DEBUG tourGuide.service.TourGuideService - Initializing users
09:49:03.759 [Test worker] DEBUG tourGuide.service.TourGuideService - Created 1000 internal test users.
09:49:03.759 [Test worker] DEBUG tourGuide.service.TourGuideService - Finished initializing users
09:49:03.775 [Test worker] DEBUG tourGuide.tracker.Tracker - tracker submit
09:49:03.789 [Test worker] DEBUG tourGuide.TestPerformance - highVolumeTrackLocationNew 1
09:49:03.789 [Test worker] DEBUG tourGuide.service.TourGuideService - trackUserLocationList AAAAAASYNCHRONE
09:49:03.789 [pool-3-thread-1] DEBUG tourGuide.tracker.Tracker - Begin Tracker. Tracking 1000 users.
09:49:03.789 [pool-3-thread-1] DEBUG tourGuide.tracker.Tracker - start loop
09:49:03.789 [pool-3-thread-1] DEBUG tourGuide.service.TourGuideService - trackUserLocationList AAAAAASYNCHRONE
09:49:06.260 [pool-3-thread-1] DEBUG tourGuide.tracker.Tracker - End loop
09:49:06.260 [pool-3-thread-1] DEBUG tourGuide.tracker.Tracker - Tracker Time Elapsed: 2 seconds.
09:49:06.260 [pool-3-thread-1] DEBUG tourGuide.tracker.Tracker - Tracker sleeping
09:49:07.526 [Test worker] DEBUG tourGuide.TestPerformance - highVolumeTrackLocationNew 2
highVolumeTrackLocation: Time Elapsed: 3 seconds.
09:49:07.526 [Test worker] DEBUG tourGuide.TestPerformance - End of highVolumeTrackLocation
]]></system-out>
  <system-err><![CDATA[Oct 16, 2020 9:49:03 AM org.javamoney.moneta.DefaultMonetaryContextFactory createMonetaryContextNonNullConfig
INFO: Using custom MathContext: precision=256, roundingMode=HALF_EVEN
Exception in thread "pool-4-thread-2" java.lang.NullPointerException
	at tourGuide.service.GpsUtilProxyServiceImpl.getUserLocation(GpsUtilProxyServiceImpl.java:24)
	at tourGuide.service.TourGuideService.trackUserLocation(TourGuideService.java:169)
	at tourGuide.service.TourGuideService.lambda$trackUserLocationList$1(TourGuideService.java:190)
	at java.util.concurrent.ThreadPoolExecutor.runWorker(ThreadPoolExecutor.java:1149)
	at java.util.concurrent.ThreadPoolExecutor$Worker.run(ThreadPoolExecutor.java:624)
	at java.lang.Thread.run(Thread.java:748)
Exception in thread "pool-4-thread-11" java.lang.NullPointerException
	at tourGuide.service.GpsUtilProxyServiceImpl.getUserLocation(GpsUtilProxyServiceImpl.java:24)
	at tourGuide.service.TourGuideService.trackUserLocation(TourGuideService.java:169)
	at tourGuide.service.TourGuideService.lambda$trackUserLocationList$1(TourGuideService.java:190)
	at java.util.concurrent.ThreadPoolExecutor.runWorker(ThreadPoolExecutor.java:1149)
	at java.util.concurrent.ThreadPoolExecutor$Worker.run(ThreadPoolExecutor.java:624)
	at java.lang.Thread.run(Thread.java:748)
Exception in thread "pool-4-thread-8" java.lang.NullPointerException
	at tourGuide.service.GpsUtilProxyServiceImpl.getUserLocation(GpsUtilProxyServiceImpl.java:24)
	at tourGuide.service.TourGuideService.trackUserLocation(TourGuideService.java:169)
	at tourGuide.service.TourGuideService.lambda$trackUserLocationList$1(TourGuideService.java:190)
	at java.util.concurrent.ThreadPoolExecutor.runWorker(ThreadPoolExecutor.java:1149)
	at java.util.concurrent.ThreadPoolExecutor$Worker.run(ThreadPoolExecutor.java:624)
	at java.lang.Thread.run(Thread.java:748)
Exception in thread "pool-4-thread-9" java.lang.NullPointerException
	at tourGuide.service.GpsUtilProxyServiceImpl.getUserLocation(GpsUtilProxyServiceImpl.java:24)
	at tourGuide.service.TourGuideService.trackUserLocation(TourGuideService.java:169)
	at tourGuide.service.TourGuideService.lambda$trackUserLocationList$1(TourGuideService.java:190)
	at java.util.concurrent.ThreadPoolExecutor.runWorker(ThreadPoolExecutor.java:1149)
	at java.util.concurrent.ThreadPoolExecutor$Worker.run(ThreadPoolExecutor.java:624)
	at java.lang.Thread.run(Thread.java:748)
Exception in thread "pool-4-thread-7" java.lang.NullPointerException
	at tourGuide.service.GpsUtilProxyServiceImpl.getUserLocation(GpsUtilProxyServiceImpl.java:24)
	at tourGuide.service.TourGuideService.trackUserLocation(TourGuideService.java:169)
	at tourGuide.service.TourGuideService.lambda$trackUserLocationList$1(TourGuideService.java:190)
	at java.util.concurrent.ThreadPoolExecutor.runWorker(ThreadPoolExecutor.java:1149)
	at java.util.concurrent.ThreadPoolExecutor$Worker.run(ThreadPoolExecutor.java:624)
	at java.lang.Thread.run(Thread.java:748)
Exception in thread "pool-4-thread-6" java.lang.NullPointerException
	at tourGuide.service.GpsUtilProxyServiceImpl.getUserLocation(GpsUtilProxyServiceImpl.java:24)
	at tourGuide.service.TourGuideService.trackUserLocation(TourGuideService.java:169)
	at tourGuide.service.TourGuideService.lambda$trackUserLocationList$1(TourGuideService.java:190)
	at java.util.concurrent.ThreadPoolExecutor.runWorker(ThreadPoolExecutor.java:1149)
	at java.util.concurrent.ThreadPoolExecutor$Worker.run(ThreadPoolExecutor.java:624)
	at java.lang.Thread.run(Thread.java:748)
Exception in thread "pool-4-thread-5" java.lang.NullPointerException
	at tourGuide.service.GpsUtilProxyServiceImpl.getUserLocation(GpsUtilProxyServiceImpl.java:24)
	at tourGuide.service.TourGuideService.trackUserLocation(TourGuideService.java:169)
	at tourGuide.service.TourGuideService.lambda$trackUserLocationList$1(TourGuideService.java:190)
	at java.util.concurrent.ThreadPoolExecutor.runWorker(ThreadPoolExecutor.java:1149)
	at java.util.concurrent.ThreadPoolExecutor$Worker.run(ThreadPoolExecutor.java:624)
	at java.lang.Thread.run(Thread.java:748)
Exception in thread "pool-4-thread-10" java.lang.NullPointerException
	at tourGuide.service.GpsUtilProxyServiceImpl.getUserLocation(GpsUtilProxyServiceImpl.java:24)
	at tourGuide.service.TourGuideService.trackUserLocation(TourGuideService.java:169)
	at tourGuide.service.TourGuideService.lambda$trackUserLocationList$1(TourGuideService.java:190)
	at java.util.concurrent.ThreadPoolExecutor.runWorker(ThreadPoolExecutor.java:1149)
	at java.util.concurrent.ThreadPoolExecutor$Worker.run(ThreadPoolExecutor.java:624)
	at java.lang.Thread.run(Thread.java:748)
Exception in thread "pool-5-thread-65" java.lang.NullPointerException
	at tourGuide.service.GpsUtilProxyServiceImpl.getUserLocation(GpsUtilProxyServiceImpl.java:24)
	at tourGuide.service.TourGuideService.trackUserLocation(TourGuideService.java:169)
	at tourGuide.service.TourGuideService.lambda$trackUserLocationList$1(TourGuideService.java:190)
	at java.util.concurrent.ThreadPoolExecutor.runWorker(ThreadPoolExecutor.java:1149)
	at java.util.concurrent.ThreadPoolExecutor$Worker.run(ThreadPoolExecutor.java:624)
	at java.lang.Thread.run(Thread.java:748)
Exception in thread "pool-5-thread-64" java.lang.NullPointerException
	at tourGuide.service.GpsUtilProxyServiceImpl.getUserLocation(GpsUtilProxyServiceImpl.java:24)
	at tourGuide.service.TourGuideService.trackUserLocation(TourGuideService.java:169)
	at tourGuide.service.TourGuideService.lambda$trackUserLocationList$1(TourGuideService.java:190)
	at java.util.concurrent.ThreadPoolExecutor.runWorker(ThreadPoolExecutor.java:1149)
	at java.util.concurrent.ThreadPoolExecutor$Worker.run(ThreadPoolExecutor.java:624)
	at java.lang.Thread.run(Thread.java:748)
Exception in thread "pool-5-thread-62" java.lang.NullPointerException
	at tourGuide.service.GpsUtilProxyServiceImpl.getUserLocation(GpsUtilProxyServiceImpl.java:24)
	at tourGuide.service.TourGuideService.trackUserLocation(TourGuideService.java:169)
	at tourGuide.service.TourGuideService.lambda$trackUserLocationList$1(TourGuideService.java:190)
	at java.util.concurrent.ThreadPoolExecutor.runWorker(ThreadPoolExecutor.java:1149)
	at java.util.concurrent.ThreadPoolExecutor$Worker.run(ThreadPoolExecutor.java:624)
	at java.lang.Thread.run(Thread.java:748)
Exception in thread "pool-5-thread-61" java.lang.NullPointerException
	at tourGuide.service.GpsUtilProxyServiceImpl.getUserLocation(GpsUtilProxyServiceImpl.java:24)
	at tourGuide.service.TourGuideService.trackUserLocation(TourGuideService.java:169)
	at tourGuide.service.TourGuideService.lambda$trackUserLocationList$1(TourGuideService.java:190)
	at java.util.concurrent.ThreadPoolExecutor.runWorker(ThreadPoolExecutor.java:1149)
	at java.util.concurrent.ThreadPoolExecutor$Worker.run(ThreadPoolExecutor.java:624)
	at java.lang.Thread.run(Thread.java:748)
Exception in thread "pool-5-thread-51" java.lang.NullPointerException
	at tourGuide.service.GpsUtilProxyServiceImpl.getUserLocation(GpsUtilProxyServiceImpl.java:24)
	at tourGuide.service.TourGuideService.trackUserLocation(TourGuideService.java:169)
	at tourGuide.service.TourGuideService.lambda$trackUserLocationList$1(TourGuideService.java:190)
	at java.util.concurrent.ThreadPoolExecutor.runWorker(ThreadPoolExecutor.java:1149)
	at java.util.concurrent.ThreadPoolExecutor$Worker.run(ThreadPoolExecutor.java:624)
	at java.lang.Thread.run(Thread.java:748)
Exception in thread "pool-5-thread-56" java.lang.NullPointerException
	at tourGuide.service.GpsUtilProxyServiceImpl.getUserLocation(GpsUtilProxyServiceImpl.java:24)
	at tourGuide.service.TourGuideService.trackUserLocation(TourGuideService.java:169)
	at tourGuide.service.TourGuideService.lambda$trackUserLocationList$1(TourGuideService.java:190)
	at java.util.concurrent.ThreadPoolExecutor.runWorker(ThreadPoolExecutor.java:1149)
	at java.util.concurrent.ThreadPoolExecutor$Worker.run(ThreadPoolExecutor.java:624)
	at java.lang.Thread.run(Thread.java:748)
Exception in thread "pool-5-thread-54" java.lang.NullPointerException
	at tourGuide.service.GpsUtilProxyServiceImpl.getUserLocation(GpsUtilProxyServiceImpl.java:24)
	at tourGuide.service.TourGuideService.trackUserLocation(TourGuideService.java:169)
	at tourGuide.service.TourGuideService.lambda$trackUserLocationList$1(TourGuideService.java:190)
	at java.util.concurrent.ThreadPoolExecutor.runWorker(ThreadPoolExecutor.java:1149)
	at java.util.concurrent.ThreadPoolExecutor$Worker.run(ThreadPoolExecutor.java:624)
	at java.lang.Thread.run(Thread.java:748)
Exception in thread "pool-5-thread-52" java.lang.NullPointerException
	at tourGuide.service.GpsUtilProxyServiceImpl.getUserLocation(GpsUtilProxyServiceImpl.java:24)
	at tourGuide.service.TourGuideService.trackUserLocation(TourGuideService.java:169)
	at tourGuide.service.TourGuideService.lambda$trackUserLocationList$1(TourGuideService.java:190)
	at java.util.concurrent.ThreadPoolExecutor.runWorker(ThreadPoolExecutor.java:1149)
	at java.util.concurrent.ThreadPoolExecutor$Worker.run(ThreadPoolExecutor.java:624)
	at java.lang.Thread.run(Thread.java:748)
Exception in thread "pool-4-thread-84" java.lang.NullPointerException
	at tourGuide.service.GpsUtilProxyServiceImpl.getUserLocation(GpsUtilProxyServiceImpl.java:24)
	at tourGuide.service.TourGuideService.trackUserLocation(TourGuideService.java:169)
	at tourGuide.service.TourGuideService.lambda$trackUserLocationList$1(TourGuideService.java:190)
	at java.util.concurrent.ThreadPoolExecutor.runWorker(ThreadPoolExecutor.java:1149)
	at java.util.concurrent.ThreadPoolExecutor$Worker.run(ThreadPoolExecutor.java:624)
	at java.lang.Thread.run(Thread.java:748)
Exception in thread "pool-5-thread-53" java.lang.NullPointerException
	at tourGuide.service.GpsUtilProxyServiceImpl.getUserLocation(GpsUtilProxyServiceImpl.java:24)
	at tourGuide.service.TourGuideService.trackUserLocation(TourGuideService.java:169)
	at tourGuide.service.TourGuideService.lambda$trackUserLocationList$1(TourGuideService.java:190)
	at java.util.concurrent.ThreadPoolExecutor.runWorker(ThreadPoolExecutor.java:1149)
	at java.util.concurrent.ThreadPoolExecutor$Worker.run(ThreadPoolExecutor.java:624)
	at java.lang.Thread.run(Thread.java:748)
Exception in thread "pool-5-thread-112" java.lang.NullPointerException
	at tourGuide.service.GpsUtilProxyServiceImpl.getUserLocation(GpsUtilProxyServiceImpl.java:24)
	at tourGuide.service.TourGuideService.trackUserLocation(TourGuideService.java:169)
	at tourGuide.service.TourGuideService.lambda$trackUserLocationList$1(TourGuideService.java:190)
	at java.util.concurrent.ThreadPoolExecutor.runWorker(ThreadPoolExecutor.java:1149)
	at java.util.concurrent.ThreadPoolExecutor$Worker.run(ThreadPoolExecutor.java:624)
	at java.lang.Thread.run(Thread.java:748)
Exception in thread "pool-5-thread-46" java.lang.NullPointerException
	at tourGuide.service.GpsUtilProxyServiceImpl.getUserLocation(GpsUtilProxyServiceImpl.java:24)
	at tourGuide.service.TourGuideService.trackUserLocation(TourGuideService.java:169)
	at tourGuide.service.TourGuideService.lambda$trackUserLocationList$1(TourGuideService.java:190)
	at java.util.concurrent.ThreadPoolExecutor.runWorker(ThreadPoolExecutor.java:1149)
	at java.util.concurrent.ThreadPoolExecutor$Worker.run(ThreadPoolExecutor.java:624)
	at java.lang.Thread.run(Thread.java:748)
Exception in thread "pool-5-thread-41" java.lang.NullPointerException
	at tourGuide.service.GpsUtilProxyServiceImpl.getUserLocation(GpsUtilProxyServiceImpl.java:24)
	at tourGuide.service.TourGuideService.trackUserLocation(TourGuideService.java:169)
	at tourGuide.service.TourGuideService.lambda$trackUserLocationList$1(TourGuideService.java:190)
	at java.util.concurrent.ThreadPoolExecutor.runWorker(ThreadPoolExecutor.java:1149)
	at java.util.concurrent.ThreadPoolExecutor$Worker.run(ThreadPoolExecutor.java:624)
	at java.lang.Thread.run(Thread.java:748)
Exception in thread "pool-5-thread-45" java.lang.NullPointerException
	at tourGuide.service.GpsUtilProxyServiceImpl.getUserLocation(GpsUtilProxyServiceImpl.java:24)
	at tourGuide.service.TourGuideService.trackUserLocation(TourGuideService.java:169)
	at tourGuide.service.TourGuideService.lambda$trackUserLocationList$1(TourGuideService.java:190)
	at java.util.concurrent.ThreadPoolExecutor.runWorker(ThreadPoolExecutor.java:1149)
	at java.util.concurrent.ThreadPoolExecutor$Worker.run(ThreadPoolExecutor.java:624)
	at java.lang.Thread.run(Thread.java:748)
Exception in thread "pool-5-thread-29" java.lang.NullPointerException
	at tourGuide.service.GpsUtilProxyServiceImpl.getUserLocation(GpsUtilProxyServiceImpl.java:24)
	at tourGuide.service.TourGuideService.trackUserLocation(TourGuideService.java:169)
	at tourGuide.service.TourGuideService.lambda$trackUserLocationList$1(TourGuideService.java:190)
	at java.util.concurrent.ThreadPoolExecutor.runWorker(ThreadPoolExecutor.java:1149)
	at java.util.concurrent.ThreadPoolExecutor$Worker.run(ThreadPoolExecutor.java:624)
	at java.lang.Thread.run(Thread.java:748)
Exception in thread "pool-5-thread-83" java.lang.NullPointerException
	at tourGuide.service.GpsUtilProxyServiceImpl.getUserLocation(GpsUtilProxyServiceImpl.java:24)
	at tourGuide.service.TourGuideService.trackUserLocation(TourGuideService.java:169)
	at tourGuide.service.TourGuideService.lambda$trackUserLocationList$1(TourGuideService.java:190)
	at java.util.concurrent.ThreadPoolExecutor.runWorker(ThreadPoolExecutor.java:1149)
	at java.util.concurrent.ThreadPoolExecutor$Worker.run(ThreadPoolExecutor.java:624)
	at java.lang.Thread.run(Thread.java:748)
Exception in thread "pool-5-thread-87" java.lang.NullPointerException
	at tourGuide.service.GpsUtilProxyServiceImpl.getUserLocation(GpsUtilProxyServiceImpl.java:24)
	at tourGuide.service.TourGuideService.trackUserLocation(TourGuideService.java:169)
	at tourGuide.service.TourGuideService.lambda$trackUserLocationList$1(TourGuideService.java:190)
	at java.util.concurrent.ThreadPoolExecutor.runWorker(ThreadPoolExecutor.java:1149)
	at java.util.concurrent.ThreadPoolExecutor$Worker.run(ThreadPoolExecutor.java:624)
	at java.lang.Thread.run(Thread.java:748)
Exception in thread "pool-5-thread-109" java.lang.NullPointerException
	at tourGuide.service.GpsUtilProxyServiceImpl.getUserLocation(GpsUtilProxyServiceImpl.java:24)
	at tourGuide.service.TourGuideService.trackUserLocation(TourGuideService.java:169)
	at tourGuide.service.TourGuideService.lambda$trackUserLocationList$1(TourGuideService.java:190)
	at java.util.concurrent.ThreadPoolExecutor.runWorker(ThreadPoolExecutor.java:1149)
	at java.util.concurrent.ThreadPoolExecutor$Worker.run(ThreadPoolExecutor.java:624)
	at java.lang.Thread.run(Thread.java:748)
Exception in thread "pool-5-thread-113" java.lang.NullPointerException
	at tourGuide.service.GpsUtilProxyServiceImpl.getUserLocation(GpsUtilProxyServiceImpl.java:24)
	at tourGuide.service.TourGuideService.trackUserLocation(TourGuideService.java:169)
	at tourGuide.service.TourGuideService.lambda$trackUserLocationList$1(TourGuideService.java:190)
	at java.util.concurrent.ThreadPoolExecutor.runWorker(ThreadPoolExecutor.java:1149)
	at java.util.concurrent.ThreadPoolExecutor$Worker.run(ThreadPoolExecutor.java:624)
	at java.lang.Thread.run(Thread.java:748)
Exception in thread "pool-5-thread-342" java.lang.NullPointerException
	at tourGuide.service.GpsUtilProxyServiceImpl.getUserLocation(GpsUtilProxyServiceImpl.java:24)
	at tourGuide.service.TourGuideService.trackUserLocation(TourGuideService.java:169)
	at tourGuide.service.TourGuideService.lambda$trackUserLocationList$1(TourGuideService.java:190)
	at java.util.concurrent.ThreadPoolExecutor.runWorker(ThreadPoolExecutor.java:1149)
	at java.util.concurrent.ThreadPoolExecutor$Worker.run(ThreadPoolExecutor.java:624)
	at java.lang.Thread.run(Thread.java:748)
Exception in thread "pool-5-thread-339" java.lang.NullPointerException
	at tourGuide.service.GpsUtilProxyServiceImpl.getUserLocation(GpsUtilProxyServiceImpl.java:24)
	at tourGuide.service.TourGuideService.trackUserLocation(TourGuideService.java:169)
	at tourGuide.service.TourGuideService.lambda$trackUserLocationList$1(TourGuideService.java:190)
	at java.util.concurrent.ThreadPoolExecutor.runWorker(ThreadPoolExecutor.java:1149)
	at java.util.concurrent.ThreadPoolExecutor$Worker.run(ThreadPoolExecutor.java:624)
	at java.lang.Thread.run(Thread.java:748)
Exception in thread "pool-5-thread-121" java.lang.NullPointerException
	at tourGuide.service.GpsUtilProxyServiceImpl.getUserLocation(GpsUtilProxyServiceImpl.java:24)
	at tourGuide.service.TourGuideService.trackUserLocation(TourGuideService.java:169)
	at tourGuide.service.TourGuideService.lambda$trackUserLocationList$1(TourGuideService.java:190)
	at java.util.concurrent.ThreadPoolExecutor.runWorker(ThreadPoolExecutor.java:1149)
	at java.util.concurrent.ThreadPoolExecutor$Worker.run(ThreadPoolExecutor.java:624)
	at java.lang.Thread.run(Thread.java:748)
Exception in thread "pool-5-thread-114" java.lang.NullPointerException
	at tourGuide.service.GpsUtilProxyServiceImpl.getUserLocation(GpsUtilProxyServiceImpl.java:24)
	at tourGuide.service.TourGuideService.trackUserLocation(TourGuideService.java:169)
	at tourGuide.service.TourGuideService.lambda$trackUserLocationList$1(TourGuideService.java:190)
	at java.util.concurrent.ThreadPoolExecutor.runWorker(ThreadPoolExecutor.java:1149)
	at java.util.concurrent.ThreadPoolExecutor$Worker.run(ThreadPoolExecutor.java:624)
	at java.lang.Thread.run(Thread.java:748)
Exception in thread "pool-5-thread-93" java.lang.NullPointerException
	at tourGuide.service.GpsUtilProxyServiceImpl.getUserLocation(GpsUtilProxyServiceImpl.java:24)
	at tourGuide.service.TourGuideService.trackUserLocation(TourGuideService.java:169)
	at tourGuide.service.TourGuideService.lambda$trackUserLocationList$1(TourGuideService.java:190)
	at java.util.concurrent.ThreadPoolExecutor.runWorker(ThreadPoolExecutor.java:1149)
	at java.util.concurrent.ThreadPoolExecutor$Worker.run(ThreadPoolExecutor.java:624)
	at java.lang.Thread.run(Thread.java:748)
Exception in thread "pool-5-thread-91" java.lang.NullPointerException
	at tourGuide.service.GpsUtilProxyServiceImpl.getUserLocation(GpsUtilProxyServiceImpl.java:24)
	at tourGuide.service.TourGuideService.trackUserLocation(TourGuideService.java:169)
	at tourGuide.service.TourGuideService.lambda$trackUserLocationList$1(TourGuideService.java:190)
	at java.util.concurrent.ThreadPoolExecutor.runWorker(ThreadPoolExecutor.java:1149)
	at java.util.concurrent.ThreadPoolExecutor$Worker.run(ThreadPoolExecutor.java:624)
	at java.lang.Thread.run(Thread.java:748)
Exception in thread "pool-5-thread-322" java.lang.NullPointerException
	at tourGuide.service.GpsUtilProxyServiceImpl.getUserLocation(GpsUtilProxyServiceImpl.java:24)
	at tourGuide.service.TourGuideService.trackUserLocation(TourGuideService.java:169)
	at tourGuide.service.TourGuideService.lambda$trackUserLocationList$1(TourGuideService.java:190)
	at java.util.concurrent.ThreadPoolExecutor.runWorker(ThreadPoolExecutor.java:1149)
	at java.util.concurrent.ThreadPoolExecutor$Worker.run(ThreadPoolExecutor.java:624)
	at java.lang.Thread.run(Thread.java:748)
Exception in thread "pool-5-thread-90" java.lang.NullPointerException
	at tourGuide.service.GpsUtilProxyServiceImpl.getUserLocation(GpsUtilProxyServiceImpl.java:24)
	at tourGuide.service.TourGuideService.trackUserLocation(TourGuideService.java:169)
	at tourGuide.service.TourGuideService.lambda$trackUserLocationList$1(TourGuideService.java:190)
	at java.util.concurrent.ThreadPoolExecutor.runWorker(ThreadPoolExecutor.java:1149)
	at java.util.concurrent.ThreadPoolExecutor$Worker.run(ThreadPoolExecutor.java:624)
	at java.lang.Thread.run(Thread.java:748)
Exception in thread "pool-5-thread-314" java.lang.NullPointerException
	at tourGuide.service.GpsUtilProxyServiceImpl.getUserLocation(GpsUtilProxyServiceImpl.java:24)
	at tourGuide.service.TourGuideService.trackUserLocation(TourGuideService.java:169)
	at tourGuide.service.TourGuideService.lambda$trackUserLocationList$1(TourGuideService.java:190)
	at java.util.concurrent.ThreadPoolExecutor.runWorker(ThreadPoolExecutor.java:1149)
	at java.util.concurrent.ThreadPoolExecutor$Worker.run(ThreadPoolExecutor.java:624)
	at java.lang.Thread.run(Thread.java:748)
Exception in thread "pool-5-thread-311" java.lang.NullPointerException
	at tourGuide.service.GpsUtilProxyServiceImpl.getUserLocation(GpsUtilProxyServiceImpl.java:24)
	at tourGuide.service.TourGuideService.trackUserLocation(TourGuideService.java:169)
	at tourGuide.service.TourGuideService.lambda$trackUserLocationList$1(TourGuideService.java:190)
	at java.util.concurrent.ThreadPoolExecutor.runWorker(ThreadPoolExecutor.java:1149)
	at java.util.concurrent.ThreadPoolExecutor$Worker.run(ThreadPoolExecutor.java:624)
	at java.lang.Thread.run(Thread.java:748)
Exception in thread "pool-5-thread-85" java.lang.NullPointerException
	at tourGuide.service.GpsUtilProxyServiceImpl.getUserLocation(GpsUtilProxyServiceImpl.java:24)
	at tourGuide.service.TourGuideService.trackUserLocation(TourGuideService.java:169)
	at tourGuide.service.TourGuideService.lambda$trackUserLocationList$1(TourGuideService.java:190)
	at java.util.concurrent.ThreadPoolExecutor.runWorker(ThreadPoolExecutor.java:1149)
	at java.util.concurrent.ThreadPoolExecutor$Worker.run(ThreadPoolExecutor.java:624)
	at java.lang.Thread.run(Thread.java:748)
Exception in thread "pool-5-thread-40" java.lang.NullPointerException
	at tourGuide.service.GpsUtilProxyServiceImpl.getUserLocation(GpsUtilProxyServiceImpl.java:24)
	at tourGuide.service.TourGuideService.trackUserLocation(TourGuideService.java:169)
	at tourGuide.service.TourGuideService.lambda$trackUserLocationList$1(TourGuideService.java:190)
	at java.util.concurrent.ThreadPoolExecutor.runWorker(ThreadPoolExecutor.java:1149)
	at java.util.concurrent.ThreadPoolExecutor$Worker.run(ThreadPoolExecutor.java:624)
	at java.lang.Thread.run(Thread.java:748)
Exception in thread "pool-5-thread-39" java.lang.NullPointerException
	at tourGuide.service.GpsUtilProxyServiceImpl.getUserLocation(GpsUtilProxyServiceImpl.java:24)
	at tourGuide.service.TourGuideService.trackUserLocation(TourGuideService.java:169)
	at tourGuide.service.TourGuideService.lambda$trackUserLocationList$1(TourGuideService.java:190)
	at java.util.concurrent.ThreadPoolExecutor.runWorker(ThreadPoolExecutor.java:1149)
	at java.util.concurrent.ThreadPoolExecutor$Worker.run(ThreadPoolExecutor.java:624)
	at java.lang.Thread.run(Thread.java:748)
Exception in thread "pool-5-thread-78" java.lang.NullPointerException
	at tourGuide.service.GpsUtilProxyServiceImpl.getUserLocation(GpsUtilProxyServiceImpl.java:24)
	at tourGuide.service.TourGuideService.trackUserLocation(TourGuideService.java:169)
	at tourGuide.service.TourGuideService.lambda$trackUserLocationList$1(TourGuideService.java:190)
	at java.util.concurrent.ThreadPoolExecutor.runWorker(ThreadPoolExecutor.java:1149)
	at java.util.concurrent.ThreadPoolExecutor$Worker.run(ThreadPoolExecutor.java:624)
	at java.lang.Thread.run(Thread.java:748)
Exception in thread "pool-5-thread-38" java.lang.NullPointerException
	at tourGuide.service.GpsUtilProxyServiceImpl.getUserLocation(GpsUtilProxyServiceImpl.java:24)
	at tourGuide.service.TourGuideService.trackUserLocation(TourGuideService.java:169)
	at tourGuide.service.TourGuideService.lambda$trackUserLocationList$1(TourGuideService.java:190)
	at java.util.concurrent.ThreadPoolExecutor.runWorker(ThreadPoolExecutor.java:1149)
	at java.util.concurrent.ThreadPoolExecutor$Worker.run(ThreadPoolExecutor.java:624)
	at java.lang.Thread.run(Thread.java:748)
Exception in thread "pool-5-thread-294" java.lang.NullPointerException
	at tourGuide.service.GpsUtilProxyServiceImpl.getUserLocation(GpsUtilProxyServiceImpl.java:24)
	at tourGuide.service.TourGuideService.trackUserLocation(TourGuideService.java:169)
	at tourGuide.service.TourGuideService.lambda$trackUserLocationList$1(TourGuideService.java:190)
	at java.util.concurrent.ThreadPoolExecutor.runWorker(ThreadPoolExecutor.java:1149)
	at java.util.concurrent.ThreadPoolExecutor$Worker.run(ThreadPoolExecutor.java:624)
	at java.lang.Thread.run(Thread.java:748)
Exception in thread "pool-5-thread-37" java.lang.NullPointerException
	at tourGuide.service.GpsUtilProxyServiceImpl.getUserLocation(GpsUtilProxyServiceImpl.java:24)
	at tourGuide.service.TourGuideService.trackUserLocation(TourGuideService.java:169)
	at tourGuide.service.TourGuideService.lambda$trackUserLocationList$1(TourGuideService.java:190)
	at java.util.concurrent.ThreadPoolExecutor.runWorker(ThreadPoolExecutor.java:1149)
	at java.util.concurrent.ThreadPoolExecutor$Worker.run(ThreadPoolExecutor.java:624)
	at java.lang.Thread.run(Thread.java:748)
Exception in thread "pool-5-thread-290" java.lang.NullPointerException
	at tourGuide.service.GpsUtilProxyServiceImpl.getUserLocation(GpsUtilProxyServiceImpl.java:24)
	at tourGuide.service.TourGuideService.trackUserLocation(TourGuideService.java:169)
	at tourGuide.service.TourGuideService.lambda$trackUserLocationList$1(TourGuideService.java:190)
	at java.util.concurrent.ThreadPoolExecutor.runWorker(ThreadPoolExecutor.java:1149)
	at java.util.concurrent.ThreadPoolExecutor$Worker.run(ThreadPoolExecutor.java:624)
	at java.lang.Thread.run(Thread.java:748)
Exception in thread "pool-5-thread-77" java.lang.NullPointerException
	at tourGuide.service.GpsUtilProxyServiceImpl.getUserLocation(GpsUtilProxyServiceImpl.java:24)
	at tourGuide.service.TourGuideService.trackUserLocation(TourGuideService.java:169)
	at tourGuide.service.TourGuideService.lambda$trackUserLocationList$1(TourGuideService.java:190)
	at java.util.concurrent.ThreadPoolExecutor.runWorker(ThreadPoolExecutor.java:1149)
	at java.util.concurrent.ThreadPoolExecutor$Worker.run(ThreadPoolExecutor.java:624)
	at java.lang.Thread.run(Thread.java:748)
Exception in thread "pool-5-thread-287" java.lang.NullPointerException
	at tourGuide.service.GpsUtilProxyServiceImpl.getUserLocation(GpsUtilProxyServiceImpl.java:24)
	at tourGuide.service.TourGuideService.trackUserLocation(TourGuideService.java:169)
	at tourGuide.service.TourGuideService.lambda$trackUserLocationList$1(TourGuideService.java:190)
	at java.util.concurrent.ThreadPoolExecutor.runWorker(ThreadPoolExecutor.java:1149)
	at java.util.concurrent.ThreadPoolExecutor$Worker.run(ThreadPoolExecutor.java:624)
	at java.lang.Thread.run(Thread.java:748)
Exception in thread "pool-5-thread-285" java.lang.NullPointerException
	at tourGuide.service.GpsUtilProxyServiceImpl.getUserLocation(GpsUtilProxyServiceImpl.java:24)
	at tourGuide.service.TourGuideService.trackUserLocation(TourGuideService.java:169)
	at tourGuide.service.TourGuideService.lambda$trackUserLocationList$1(TourGuideService.java:190)
	at java.util.concurrent.ThreadPoolExecutor.runWorker(ThreadPoolExecutor.java:1149)
	at java.util.concurrent.ThreadPoolExecutor$Worker.run(ThreadPoolExecutor.java:624)
	at java.lang.Thread.run(Thread.java:748)
Exception in thread "pool-5-thread-36" java.lang.NullPointerException
	at tourGuide.service.GpsUtilProxyServiceImpl.getUserLocation(GpsUtilProxyServiceImpl.java:24)
	at tourGuide.service.TourGuideService.trackUserLocation(TourGuideService.java:169)
	at tourGuide.service.TourGuideService.lambda$trackUserLocationList$1(TourGuideService.java:190)
	at java.util.concurrent.ThreadPoolExecutor.runWorker(ThreadPoolExecutor.java:1149)
	at java.util.concurrent.ThreadPoolExecutor$Worker.run(ThreadPoolExecutor.java:624)
	at java.lang.Thread.run(Thread.java:748)
Exception in thread "pool-5-thread-284" java.lang.NullPointerException
	at tourGuide.service.GpsUtilProxyServiceImpl.getUserLocation(GpsUtilProxyServiceImpl.java:24)
	at tourGuide.service.TourGuideService.trackUserLocation(TourGuideService.java:169)
	at tourGuide.service.TourGuideService.lambda$trackUserLocationList$1(TourGuideService.java:190)
	at java.util.concurrent.ThreadPoolExecutor.runWorker(ThreadPoolExecutor.java:1149)
	at java.util.concurrent.ThreadPoolExecutor$Worker.run(ThreadPoolExecutor.java:624)
	at java.lang.Thread.run(Thread.java:748)
Exception in thread "pool-5-thread-71" java.lang.NullPointerException
	at tourGuide.service.GpsUtilProxyServiceImpl.getUserLocation(GpsUtilProxyServiceImpl.java:24)
	at tourGuide.service.TourGuideService.trackUserLocation(TourGuideService.java:169)
	at tourGuide.service.TourGuideService.lambda$trackUserLocationList$1(TourGuideService.java:190)
	at java.util.concurrent.ThreadPoolExecutor.runWorker(ThreadPoolExecutor.java:1149)
	at java.util.concurrent.ThreadPoolExecutor$Worker.run(ThreadPoolExecutor.java:624)
	at java.lang.Thread.run(Thread.java:748)
Exception in thread "pool-5-thread-283" java.lang.NullPointerException
	at tourGuide.service.GpsUtilProxyServiceImpl.getUserLocation(GpsUtilProxyServiceImpl.java:24)
	at tourGuide.service.TourGuideService.trackUserLocation(TourGuideService.java:169)
	at tourGuide.service.TourGuideService.lambda$trackUserLocationList$1(TourGuideService.java:190)
	at java.util.concurrent.ThreadPoolExecutor.runWorker(ThreadPoolExecutor.java:1149)
	at java.util.concurrent.ThreadPoolExecutor$Worker.run(ThreadPoolExecutor.java:624)
	at java.lang.Thread.run(Thread.java:748)
Exception in thread "pool-5-thread-35" java.lang.NullPointerException
	at tourGuide.service.GpsUtilProxyServiceImpl.getUserLocation(GpsUtilProxyServiceImpl.java:24)
	at tourGuide.service.TourGuideService.trackUserLocation(TourGuideService.java:169)
	at tourGuide.service.TourGuideService.lambda$trackUserLocationList$1(TourGuideService.java:190)
	at java.util.concurrent.ThreadPoolExecutor.runWorker(ThreadPoolExecutor.java:1149)
	at java.util.concurrent.ThreadPoolExecutor$Worker.run(ThreadPoolExecutor.java:624)
	at java.lang.Thread.run(Thread.java:748)
Exception in thread "pool-5-thread-280" java.lang.NullPointerException
	at tourGuide.service.GpsUtilProxyServiceImpl.getUserLocation(GpsUtilProxyServiceImpl.java:24)
	at tourGuide.service.TourGuideService.trackUserLocation(TourGuideService.java:169)
	at tourGuide.service.TourGuideService.lambda$trackUserLocationList$1(TourGuideService.java:190)
	at java.util.concurrent.ThreadPoolExecutor.runWorker(ThreadPoolExecutor.java:1149)
	at java.util.concurrent.ThreadPoolExecutor$Worker.run(ThreadPoolExecutor.java:624)
	at java.lang.Thread.run(Thread.java:748)
Exception in thread "pool-5-thread-63" java.lang.NullPointerException
	at tourGuide.service.GpsUtilProxyServiceImpl.getUserLocation(GpsUtilProxyServiceImpl.java:24)
	at tourGuide.service.TourGuideService.trackUserLocation(TourGuideService.java:169)
	at tourGuide.service.TourGuideService.lambda$trackUserLocationList$1(TourGuideService.java:190)
	at java.util.concurrent.ThreadPoolExecutor.runWorker(ThreadPoolExecutor.java:1149)
	at java.util.concurrent.ThreadPoolExecutor$Worker.run(ThreadPoolExecutor.java:624)
	at java.lang.Thread.run(Thread.java:748)
Exception in thread "pool-5-thread-282" java.lang.NullPointerException
	at tourGuide.service.GpsUtilProxyServiceImpl.getUserLocation(GpsUtilProxyServiceImpl.java:24)
	at tourGuide.service.TourGuideService.trackUserLocation(TourGuideService.java:169)
	at tourGuide.service.TourGuideService.lambda$trackUserLocationList$1(TourGuideService.java:190)
	at java.util.concurrent.ThreadPoolExecutor.runWorker(ThreadPoolExecutor.java:1149)
	at java.util.concurrent.ThreadPoolExecutor$Worker.run(ThreadPoolExecutor.java:624)
	at java.lang.Thread.run(Thread.java:748)
Exception in thread "pool-5-thread-33" java.lang.NullPointerException
	at tourGuide.service.GpsUtilProxyServiceImpl.getUserLocation(GpsUtilProxyServiceImpl.java:24)
	at tourGuide.service.TourGuideService.trackUserLocation(TourGuideService.java:169)
	at tourGuide.service.TourGuideService.lambda$trackUserLocationList$1(TourGuideService.java:190)
	at java.util.concurrent.ThreadPoolExecutor.runWorker(ThreadPoolExecutor.java:1149)
	at java.util.concurrent.ThreadPoolExecutor$Worker.run(ThreadPoolExecutor.java:624)
	at java.lang.Thread.run(Thread.java:748)
Exception in thread "pool-5-thread-281" java.lang.NullPointerException
	at tourGuide.service.GpsUtilProxyServiceImpl.getUserLocation(GpsUtilProxyServiceImpl.java:24)
	at tourGuide.service.TourGuideService.trackUserLocation(TourGuideService.java:169)
	at tourGuide.service.TourGuideService.lambda$trackUserLocationList$1(TourGuideService.java:190)
	at java.util.concurrent.ThreadPoolExecutor.runWorker(ThreadPoolExecutor.java:1149)
	at java.util.concurrent.ThreadPoolExecutor$Worker.run(ThreadPoolExecutor.java:624)
	at java.lang.Thread.run(Thread.java:748)
Exception in thread "pool-5-thread-60" java.lang.NullPointerException
	at tourGuide.service.GpsUtilProxyServiceImpl.getUserLocation(GpsUtilProxyServiceImpl.java:24)
	at tourGuide.service.TourGuideService.trackUserLocation(TourGuideService.java:169)
	at tourGuide.service.TourGuideService.lambda$trackUserLocationList$1(TourGuideService.java:190)
	at java.util.concurrent.ThreadPoolExecutor.runWorker(ThreadPoolExecutor.java:1149)
	at java.util.concurrent.ThreadPoolExecutor$Worker.run(ThreadPoolExecutor.java:624)
	at java.lang.Thread.run(Thread.java:748)
Exception in thread "pool-5-thread-278" java.lang.NullPointerException
	at tourGuide.service.GpsUtilProxyServiceImpl.getUserLocation(GpsUtilProxyServiceImpl.java:24)
	at tourGuide.service.TourGuideService.trackUserLocation(TourGuideService.java:169)
	at tourGuide.service.TourGuideService.lambda$trackUserLocationList$1(TourGuideService.java:190)
	at java.util.concurrent.ThreadPoolExecutor.runWorker(ThreadPoolExecutor.java:1149)
	at java.util.concurrent.ThreadPoolExecutor$Worker.run(ThreadPoolExecutor.java:624)
	at java.lang.Thread.run(Thread.java:748)
Exception in thread "pool-5-thread-31" java.lang.NullPointerException
	at tourGuide.service.GpsUtilProxyServiceImpl.getUserLocation(GpsUtilProxyServiceImpl.java:24)
	at tourGuide.service.TourGuideService.trackUserLocation(TourGuideService.java:169)
	at tourGuide.service.TourGuideService.lambda$trackUserLocationList$1(TourGuideService.java:190)
	at java.util.concurrent.ThreadPoolExecutor.runWorker(ThreadPoolExecutor.java:1149)
	at java.util.concurrent.ThreadPoolExecutor$Worker.run(ThreadPoolExecutor.java:624)
	at java.lang.Thread.run(Thread.java:748)
Exception in thread "pool-5-thread-277" java.lang.NullPointerException
	at tourGuide.service.GpsUtilProxyServiceImpl.getUserLocation(GpsUtilProxyServiceImpl.java:24)
	at tourGuide.service.TourGuideService.trackUserLocation(TourGuideService.java:169)
	at tourGuide.service.TourGuideService.lambda$trackUserLocationList$1(TourGuideService.java:190)
	at java.util.concurrent.ThreadPoolExecutor.runWorker(ThreadPoolExecutor.java:1149)
	at java.util.concurrent.ThreadPoolExecutor$Worker.run(ThreadPoolExecutor.java:624)
	at java.lang.Thread.run(Thread.java:748)
Exception in thread "pool-5-thread-58" java.lang.NullPointerException
	at tourGuide.service.GpsUtilProxyServiceImpl.getUserLocation(GpsUtilProxyServiceImpl.java:24)
	at tourGuide.service.TourGuideService.trackUserLocation(TourGuideService.java:169)
	at tourGuide.service.TourGuideService.lambda$trackUserLocationList$1(TourGuideService.java:190)
	at java.util.concurrent.ThreadPoolExecutor.runWorker(ThreadPoolExecutor.java:1149)
	at java.util.concurrent.ThreadPoolExecutor$Worker.run(ThreadPoolExecutor.java:624)
	at java.lang.Thread.run(Thread.java:748)
Exception in thread "pool-5-thread-274" java.lang.NullPointerException
	at tourGuide.service.GpsUtilProxyServiceImpl.getUserLocation(GpsUtilProxyServiceImpl.java:24)
	at tourGuide.service.TourGuideService.trackUserLocation(TourGuideService.java:169)
	at tourGuide.service.TourGuideService.lambda$trackUserLocationList$1(TourGuideService.java:190)
	at java.util.concurrent.ThreadPoolExecutor.runWorker(ThreadPoolExecutor.java:1149)
	at java.util.concurrent.ThreadPoolExecutor$Worker.run(ThreadPoolExecutor.java:624)
	at java.lang.Thread.run(Thread.java:748)
Exception in thread "pool-5-thread-28" java.lang.NullPointerException
	at tourGuide.service.GpsUtilProxyServiceImpl.getUserLocation(GpsUtilProxyServiceImpl.java:24)
	at tourGuide.service.TourGuideService.trackUserLocation(TourGuideService.java:169)
	at tourGuide.service.TourGuideService.lambda$trackUserLocationList$1(TourGuideService.java:190)
	at java.util.concurrent.ThreadPoolExecutor.runWorker(ThreadPoolExecutor.java:1149)
	at java.util.concurrent.ThreadPoolExecutor$Worker.run(ThreadPoolExecutor.java:624)
	at java.lang.Thread.run(Thread.java:748)
Exception in thread "pool-5-thread-273" java.lang.NullPointerException
	at tourGuide.service.GpsUtilProxyServiceImpl.getUserLocation(GpsUtilProxyServiceImpl.java:24)
	at tourGuide.service.TourGuideService.trackUserLocation(TourGuideService.java:169)
	at tourGuide.service.TourGuideService.lambda$trackUserLocationList$1(TourGuideService.java:190)
	at java.util.concurrent.ThreadPoolExecutor.runWorker(ThreadPoolExecutor.java:1149)
	at java.util.concurrent.ThreadPoolExecutor$Worker.run(ThreadPoolExecutor.java:624)
	at java.lang.Thread.run(Thread.java:748)
Exception in thread "pool-5-thread-272" java.lang.NullPointerException
	at tourGuide.service.GpsUtilProxyServiceImpl.getUserLocation(GpsUtilProxyServiceImpl.java:24)
	at tourGuide.service.TourGuideService.trackUserLocation(TourGuideService.java:169)
	at tourGuide.service.TourGuideService.lambda$trackUserLocationList$1(TourGuideService.java:190)
	at java.util.concurrent.ThreadPoolExecutor.runWorker(ThreadPoolExecutor.java:1149)
	at java.util.concurrent.ThreadPoolExecutor$Worker.run(ThreadPoolExecutor.java:624)
	at java.lang.Thread.run(Thread.java:748)
Exception in thread "pool-5-thread-270" java.lang.NullPointerException
	at tourGuide.service.GpsUtilProxyServiceImpl.getUserLocation(GpsUtilProxyServiceImpl.java:24)
	at tourGuide.service.TourGuideService.trackUserLocation(TourGuideService.java:169)
	at tourGuide.service.TourGuideService.lambda$trackUserLocationList$1(TourGuideService.java:190)
	at java.util.concurrent.ThreadPoolExecutor.runWorker(ThreadPoolExecutor.java:1149)
	at java.util.concurrent.ThreadPoolExecutor$Worker.run(ThreadPoolExecutor.java:624)
	at java.lang.Thread.run(Thread.java:748)
Exception in thread "pool-5-thread-266" java.lang.NullPointerException
	at tourGuide.service.GpsUtilProxyServiceImpl.getUserLocation(GpsUtilProxyServiceImpl.java:24)
	at tourGuide.service.TourGuideService.trackUserLocation(TourGuideService.java:169)
	at tourGuide.service.TourGuideService.lambda$trackUserLocationList$1(TourGuideService.java:190)
	at java.util.concurrent.ThreadPoolExecutor.runWorker(ThreadPoolExecutor.java:1149)
	at java.util.concurrent.ThreadPoolExecutor$Worker.run(ThreadPoolExecutor.java:624)
	at java.lang.Thread.run(Thread.java:748)
Exception in thread "pool-5-thread-44" java.lang.NullPointerException
	at tourGuide.service.GpsUtilProxyServiceImpl.getUserLocation(GpsUtilProxyServiceImpl.java:24)
	at tourGuide.service.TourGuideService.trackUserLocation(TourGuideService.java:169)
	at tourGuide.service.TourGuideService.lambda$trackUserLocationList$1(TourGuideService.java:190)
	at java.util.concurrent.ThreadPoolExecutor.runWorker(ThreadPoolExecutor.java:1149)
	at java.util.concurrent.ThreadPoolExecutor$Worker.run(ThreadPoolExecutor.java:624)
	at java.lang.Thread.run(Thread.java:748)
Exception in thread "pool-5-thread-27" java.lang.NullPointerException
	at tourGuide.service.GpsUtilProxyServiceImpl.getUserLocation(GpsUtilProxyServiceImpl.java:24)
	at tourGuide.service.TourGuideService.trackUserLocation(TourGuideService.java:169)
	at tourGuide.service.TourGuideService.lambda$trackUserLocationList$1(TourGuideService.java:190)
	at java.util.concurrent.ThreadPoolExecutor.runWorker(ThreadPoolExecutor.java:1149)
	at java.util.concurrent.ThreadPoolExecutor$Worker.run(ThreadPoolExecutor.java:624)
	at java.lang.Thread.run(Thread.java:748)
Exception in thread "pool-5-thread-253" java.lang.NullPointerException
	at tourGuide.service.GpsUtilProxyServiceImpl.getUserLocation(GpsUtilProxyServiceImpl.java:24)
	at tourGuide.service.TourGuideService.trackUserLocation(TourGuideService.java:169)
	at tourGuide.service.TourGuideService.lambda$trackUserLocationList$1(TourGuideService.java:190)
	at java.util.concurrent.ThreadPoolExecutor.runWorker(ThreadPoolExecutor.java:1149)
	at java.util.concurrent.ThreadPoolExecutor$Worker.run(ThreadPoolExecutor.java:624)
	at java.lang.Thread.run(Thread.java:748)
Exception in thread "pool-5-thread-250" java.lang.NullPointerException
	at tourGuide.service.GpsUtilProxyServiceImpl.getUserLocation(GpsUtilProxyServiceImpl.java:24)
	at tourGuide.service.TourGuideService.trackUserLocation(TourGuideService.java:169)
	at tourGuide.service.TourGuideService.lambda$trackUserLocationList$1(TourGuideService.java:190)
	at java.util.concurrent.ThreadPoolExecutor.runWorker(ThreadPoolExecutor.java:1149)
	at java.util.concurrent.ThreadPoolExecutor$Worker.run(ThreadPoolExecutor.java:624)
	at java.lang.Thread.run(Thread.java:748)
Exception in thread "pool-5-thread-42" java.lang.NullPointerException
	at tourGuide.service.GpsUtilProxyServiceImpl.getUserLocation(GpsUtilProxyServiceImpl.java:24)
	at tourGuide.service.TourGuideService.trackUserLocation(TourGuideService.java:169)
	at tourGuide.service.TourGuideService.lambda$trackUserLocationList$1(TourGuideService.java:190)
	at java.util.concurrent.ThreadPoolExecutor.runWorker(ThreadPoolExecutor.java:1149)
	at java.util.concurrent.ThreadPoolExecutor$Worker.run(ThreadPoolExecutor.java:624)
	at java.lang.Thread.run(Thread.java:748)
Exception in thread "pool-5-thread-255" java.lang.NullPointerException
	at tourGuide.service.GpsUtilProxyServiceImpl.getUserLocation(GpsUtilProxyServiceImpl.java:24)
	at tourGuide.service.TourGuideService.trackUserLocation(TourGuideService.java:169)
	at tourGuide.service.TourGuideService.lambda$trackUserLocationList$1(TourGuideService.java:190)
	at java.util.concurrent.ThreadPoolExecutor.runWorker(ThreadPoolExecutor.java:1149)
	at java.util.concurrent.ThreadPoolExecutor$Worker.run(ThreadPoolExecutor.java:624)
	at java.lang.Thread.run(Thread.java:748)
Exception in thread "pool-4-thread-76" java.lang.NullPointerException
	at tourGuide.service.GpsUtilProxyServiceImpl.getUserLocation(GpsUtilProxyServiceImpl.java:24)
	at tourGuide.service.TourGuideService.trackUserLocation(TourGuideService.java:169)
	at tourGuide.service.TourGuideService.lambda$trackUserLocationList$1(TourGuideService.java:190)
	at java.util.concurrent.ThreadPoolExecutor.runWorker(ThreadPoolExecutor.java:1149)
	at java.util.concurrent.ThreadPoolExecutor$Worker.run(ThreadPoolExecutor.java:624)
	at java.lang.Thread.run(Thread.java:748)
Exception in thread "pool-4-thread-73" java.lang.NullPointerException
	at tourGuide.service.GpsUtilProxyServiceImpl.getUserLocation(GpsUtilProxyServiceImpl.java:24)
	at tourGuide.service.TourGuideService.trackUserLocation(TourGuideService.java:169)
	at tourGuide.service.TourGuideService.lambda$trackUserLocationList$1(TourGuideService.java:190)
	at java.util.concurrent.ThreadPoolExecutor.runWorker(ThreadPoolExecutor.java:1149)
	at java.util.concurrent.ThreadPoolExecutor$Worker.run(ThreadPoolExecutor.java:624)
	at java.lang.Thread.run(Thread.java:748)
Exception in thread "pool-5-thread-286" java.lang.NullPointerException
	at tourGuide.service.GpsUtilProxyServiceImpl.getUserLocation(GpsUtilProxyServiceImpl.java:24)
	at tourGuide.service.TourGuideService.trackUserLocation(TourGuideService.java:169)
	at tourGuide.service.TourGuideService.lambda$trackUserLocationList$1(TourGuideService.java:190)
	at java.util.concurrent.ThreadPoolExecutor.runWorker(ThreadPoolExecutor.java:1149)
	at java.util.concurrent.ThreadPoolExecutor$Worker.run(ThreadPoolExecutor.java:624)
	at java.lang.Thread.run(Thread.java:748)
Exception in thread "pool-4-thread-70" java.lang.NullPointerException
	at tourGuide.service.GpsUtilProxyServiceImpl.getUserLocation(GpsUtilProxyServiceImpl.java:24)
	at tourGuide.service.TourGuideService.trackUserLocation(TourGuideService.java:169)
	at tourGuide.service.TourGuideService.lambda$trackUserLocationList$1(TourGuideService.java:190)
	at java.util.concurrent.ThreadPoolExecutor.runWorker(ThreadPoolExecutor.java:1149)
	at java.util.concurrent.ThreadPoolExecutor$Worker.run(ThreadPoolExecutor.java:624)
	at java.lang.Thread.run(Thread.java:748)
Exception in thread "pool-5-thread-299" java.lang.NullPointerException
	at tourGuide.service.GpsUtilProxyServiceImpl.getUserLocation(GpsUtilProxyServiceImpl.java:24)
	at tourGuide.service.TourGuideService.trackUserLocation(TourGuideService.java:169)
	at tourGuide.service.TourGuideService.lambda$trackUserLocationList$1(TourGuideService.java:190)
	at java.util.concurrent.ThreadPoolExecutor.runWorker(ThreadPoolExecutor.java:1149)
	at java.util.concurrent.ThreadPoolExecutor$Worker.run(ThreadPoolExecutor.java:624)
	at java.lang.Thread.run(Thread.java:748)
Exception in thread "pool-5-thread-26" java.lang.NullPointerException
	at tourGuide.service.GpsUtilProxyServiceImpl.getUserLocation(GpsUtilProxyServiceImpl.java:24)
	at tourGuide.service.TourGuideService.trackUserLocation(TourGuideService.java:169)
	at tourGuide.service.TourGuideService.lambda$trackUserLocationList$1(TourGuideService.java:190)
	at java.util.concurrent.ThreadPoolExecutor.runWorker(ThreadPoolExecutor.java:1149)
	at java.util.concurrent.ThreadPoolExecutor$Worker.run(ThreadPoolExecutor.java:624)
	at java.lang.Thread.run(Thread.java:748)
Exception in thread "pool-5-thread-330" java.lang.NullPointerException
	at tourGuide.service.GpsUtilProxyServiceImpl.getUserLocation(GpsUtilProxyServiceImpl.java:24)
	at tourGuide.service.TourGuideService.trackUserLocation(TourGuideService.java:169)
	at tourGuide.service.TourGuideService.lambda$trackUserLocationList$1(TourGuideService.java:190)
	at java.util.concurrent.ThreadPoolExecutor.runWorker(ThreadPoolExecutor.java:1149)
	at java.util.concurrent.ThreadPoolExecutor$Worker.run(ThreadPoolExecutor.java:624)
	at java.lang.Thread.run(Thread.java:748)
Exception in thread "pool-5-thread-341" java.lang.NullPointerException
	at tourGuide.service.GpsUtilProxyServiceImpl.getUserLocation(GpsUtilProxyServiceImpl.java:24)
	at tourGuide.service.TourGuideService.trackUserLocation(TourGuideService.java:169)
	at tourGuide.service.TourGuideService.lambda$trackUserLocationList$1(TourGuideService.java:190)
	at java.util.concurrent.ThreadPoolExecutor.runWorker(ThreadPoolExecutor.java:1149)
	at java.util.concurrent.ThreadPoolExecutor$Worker.run(ThreadPoolExecutor.java:624)
	at java.lang.Thread.run(Thread.java:748)
Exception in thread "pool-5-thread-30" java.lang.NullPointerException
	at tourGuide.service.GpsUtilProxyServiceImpl.getUserLocation(GpsUtilProxyServiceImpl.java:24)
	at tourGuide.service.TourGuideService.trackUserLocation(TourGuideService.java:169)
	at tourGuide.service.TourGuideService.lambda$trackUserLocationList$1(TourGuideService.java:190)
	at java.util.concurrent.ThreadPoolExecutor.runWorker(ThreadPoolExecutor.java:1149)
	at java.util.concurrent.ThreadPoolExecutor$Worker.run(ThreadPoolExecutor.java:624)
	at java.lang.Thread.run(Thread.java:748)
Exception in thread "pool-5-thread-32" java.lang.NullPointerException
	at tourGuide.service.GpsUtilProxyServiceImpl.getUserLocation(GpsUtilProxyServiceImpl.java:24)
	at tourGuide.service.TourGuideService.trackUserLocation(TourGuideService.java:169)
	at tourGuide.service.TourGuideService.lambda$trackUserLocationList$1(TourGuideService.java:190)
	at java.util.concurrent.ThreadPoolExecutor.runWorker(ThreadPoolExecutor.java:1149)
	at java.util.concurrent.ThreadPoolExecutor$Worker.run(ThreadPoolExecutor.java:624)
	at java.lang.Thread.run(Thread.java:748)
Exception in thread "pool-5-thread-34" java.lang.NullPointerException
	at tourGuide.service.GpsUtilProxyServiceImpl.getUserLocation(GpsUtilProxyServiceImpl.java:24)
	at tourGuide.service.TourGuideService.trackUserLocation(TourGuideService.java:169)
	at tourGuide.service.TourGuideService.lambda$trackUserLocationList$1(TourGuideService.java:190)
	at java.util.concurrent.ThreadPoolExecutor.runWorker(ThreadPoolExecutor.java:1149)
	at java.util.concurrent.ThreadPoolExecutor$Worker.run(ThreadPoolExecutor.java:624)
	at java.lang.Thread.run(Thread.java:748)
Exception in thread "pool-5-thread-43" java.lang.NullPointerException
	at tourGuide.service.GpsUtilProxyServiceImpl.getUserLocation(GpsUtilProxyServiceImpl.java:24)
	at tourGuide.service.TourGuideService.trackUserLocation(TourGuideService.java:169)
	at tourGuide.service.TourGuideService.lambda$trackUserLocationList$1(TourGuideService.java:190)
	at java.util.concurrent.ThreadPoolExecutor.runWorker(ThreadPoolExecutor.java:1149)
	at java.util.concurrent.ThreadPoolExecutor$Worker.run(ThreadPoolExecutor.java:624)
	at java.lang.Thread.run(Thread.java:748)
Exception in thread "pool-5-thread-47" java.lang.NullPointerException
	at tourGuide.service.GpsUtilProxyServiceImpl.getUserLocation(GpsUtilProxyServiceImpl.java:24)
	at tourGuide.service.TourGuideService.trackUserLocation(TourGuideService.java:169)
	at tourGuide.service.TourGuideService.lambda$trackUserLocationList$1(TourGuideService.java:190)
	at java.util.concurrent.ThreadPoolExecutor.runWorker(ThreadPoolExecutor.java:1149)
	at java.util.concurrent.ThreadPoolExecutor$Worker.run(ThreadPoolExecutor.java:624)
	at java.lang.Thread.run(Thread.java:748)
Exception in thread "pool-5-thread-48" java.lang.NullPointerException
	at tourGuide.service.GpsUtilProxyServiceImpl.getUserLocation(GpsUtilProxyServiceImpl.java:24)
	at tourGuide.service.TourGuideService.trackUserLocation(TourGuideService.java:169)
	at tourGuide.service.TourGuideService.lambda$trackUserLocationList$1(TourGuideService.java:190)
	at java.util.concurrent.ThreadPoolExecutor.runWorker(ThreadPoolExecutor.java:1149)
	at java.util.concurrent.ThreadPoolExecutor$Worker.run(ThreadPoolExecutor.java:624)
	at java.lang.Thread.run(Thread.java:748)
Exception in thread "pool-5-thread-49" java.lang.NullPointerException
	at tourGuide.service.GpsUtilProxyServiceImpl.getUserLocation(GpsUtilProxyServiceImpl.java:24)
	at tourGuide.service.TourGuideService.trackUserLocation(TourGuideService.java:169)
	at tourGuide.service.TourGuideService.lambda$trackUserLocationList$1(TourGuideService.java:190)
	at java.util.concurrent.ThreadPoolExecutor.runWorker(ThreadPoolExecutor.java:1149)
	at java.util.concurrent.ThreadPoolExecutor$Worker.run(ThreadPoolExecutor.java:624)
	at java.lang.Thread.run(Thread.java:748)
Exception in thread "pool-5-thread-50" java.lang.NullPointerException
	at tourGuide.service.GpsUtilProxyServiceImpl.getUserLocation(GpsUtilProxyServiceImpl.java:24)
	at tourGuide.service.TourGuideService.trackUserLocation(TourGuideService.java:169)
	at tourGuide.service.TourGuideService.lambda$trackUserLocationList$1(TourGuideService.java:190)
	at java.util.concurrent.ThreadPoolExecutor.runWorker(ThreadPoolExecutor.java:1149)
	at java.util.concurrent.ThreadPoolExecutor$Worker.run(ThreadPoolExecutor.java:624)
	at java.lang.Thread.run(Thread.java:748)
Exception in thread "pool-5-thread-55" java.lang.NullPointerException
	at tourGuide.service.GpsUtilProxyServiceImpl.getUserLocation(GpsUtilProxyServiceImpl.java:24)
	at tourGuide.service.TourGuideService.trackUserLocation(TourGuideService.java:169)
	at tourGuide.service.TourGuideService.lambda$trackUserLocationList$1(TourGuideService.java:190)
	at java.util.concurrent.ThreadPoolExecutor.runWorker(ThreadPoolExecutor.java:1149)
	at java.util.concurrent.ThreadPoolExecutor$Worker.run(ThreadPoolExecutor.java:624)
	at java.lang.Thread.run(Thread.java:748)
Exception in thread "pool-5-thread-358" java.lang.NullPointerException
	at tourGuide.service.GpsUtilProxyServiceImpl.getUserLocation(GpsUtilProxyServiceImpl.java:24)
	at tourGuide.service.TourGuideService.trackUserLocation(TourGuideService.java:169)
	at tourGuide.service.TourGuideService.lambda$trackUserLocationList$1(TourGuideService.java:190)
	at java.util.concurrent.ThreadPoolExecutor.runWorker(ThreadPoolExecutor.java:1149)
	at java.util.concurrent.ThreadPoolExecutor$Worker.run(ThreadPoolExecutor.java:624)
	at java.lang.Thread.run(Thread.java:748)
Exception in thread "pool-5-thread-363" java.lang.NullPointerException
	at tourGuide.service.GpsUtilProxyServiceImpl.getUserLocation(GpsUtilProxyServiceImpl.java:24)
	at tourGuide.service.TourGuideService.trackUserLocation(TourGuideService.java:169)
	at tourGuide.service.TourGuideService.lambda$trackUserLocationList$1(TourGuideService.java:190)
	at java.util.concurrent.ThreadPoolExecutor.runWorker(ThreadPoolExecutor.java:1149)
	at java.util.concurrent.ThreadPoolExecutor$Worker.run(ThreadPoolExecutor.java:624)
	at java.lang.Thread.run(Thread.java:748)
Exception in thread "pool-5-thread-367" java.lang.NullPointerException
	at tourGuide.service.GpsUtilProxyServiceImpl.getUserLocation(GpsUtilProxyServiceImpl.java:24)
	at tourGuide.service.TourGuideService.trackUserLocation(TourGuideService.java:169)
	at tourGuide.service.TourGuideService.lambda$trackUserLocationList$1(TourGuideService.java:190)
	at java.util.concurrent.ThreadPoolExecutor.runWorker(ThreadPoolExecutor.java:1149)
	at java.util.concurrent.ThreadPoolExecutor$Worker.run(ThreadPoolExecutor.java:624)
	at java.lang.Thread.run(Thread.java:748)
Exception in thread "pool-5-thread-57" java.lang.NullPointerException
	at tourGuide.service.GpsUtilProxyServiceImpl.getUserLocation(GpsUtilProxyServiceImpl.java:24)
	at tourGuide.service.TourGuideService.trackUserLocation(TourGuideService.java:169)
	at tourGuide.service.TourGuideService.lambda$trackUserLocationList$1(TourGuideService.java:190)
	at java.util.concurrent.ThreadPoolExecutor.runWorker(ThreadPoolExecutor.java:1149)
	at java.util.concurrent.ThreadPoolExecutor$Worker.run(ThreadPoolExecutor.java:624)
	at java.lang.Thread.run(Thread.java:748)
Exception in thread "pool-5-thread-59" java.lang.NullPointerException
	at tourGuide.service.GpsUtilProxyServiceImpl.getUserLocation(GpsUtilProxyServiceImpl.java:24)
	at tourGuide.service.TourGuideService.trackUserLocation(TourGuideService.java:169)
	at tourGuide.service.TourGuideService.lambda$trackUserLocationList$1(TourGuideService.java:190)
	at java.util.concurrent.ThreadPoolExecutor.runWorker(ThreadPoolExecutor.java:1149)
	at java.util.concurrent.ThreadPoolExecutor$Worker.run(ThreadPoolExecutor.java:624)
	at java.lang.Thread.run(Thread.java:748)
Exception in thread "pool-5-thread-66" java.lang.NullPointerException
	at tourGuide.service.GpsUtilProxyServiceImpl.getUserLocation(GpsUtilProxyServiceImpl.java:24)
	at tourGuide.service.TourGuideService.trackUserLocation(TourGuideService.java:169)
	at tourGuide.service.TourGuideService.lambda$trackUserLocationList$1(TourGuideService.java:190)
	at java.util.concurrent.ThreadPoolExecutor.runWorker(ThreadPoolExecutor.java:1149)
	at java.util.concurrent.ThreadPoolExecutor$Worker.run(ThreadPoolExecutor.java:624)
	at java.lang.Thread.run(Thread.java:748)
Exception in thread "pool-5-thread-69" java.lang.NullPointerException
	at tourGuide.service.GpsUtilProxyServiceImpl.getUserLocation(GpsUtilProxyServiceImpl.java:24)
	at tourGuide.service.TourGuideService.trackUserLocation(TourGuideService.java:169)
	at tourGuide.service.TourGuideService.lambda$trackUserLocationList$1(TourGuideService.java:190)
	at java.util.concurrent.ThreadPoolExecutor.runWorker(ThreadPoolExecutor.java:1149)
	at java.util.concurrent.ThreadPoolExecutor$Worker.run(ThreadPoolExecutor.java:624)
	at java.lang.Thread.run(Thread.java:748)
Exception in thread "pool-5-thread-73" java.lang.NullPointerException
	at tourGuide.service.GpsUtilProxyServiceImpl.getUserLocation(GpsUtilProxyServiceImpl.java:24)
	at tourGuide.service.TourGuideService.trackUserLocation(TourGuideService.java:169)
	at tourGuide.service.TourGuideService.lambda$trackUserLocationList$1(TourGuideService.java:190)
	at java.util.concurrent.ThreadPoolExecutor.runWorker(ThreadPoolExecutor.java:1149)
	at java.util.concurrent.ThreadPoolExecutor$Worker.run(ThreadPoolExecutor.java:624)
	at java.lang.Thread.run(Thread.java:748)
Exception in thread "pool-5-thread-74" java.lang.NullPointerException
	at tourGuide.service.GpsUtilProxyServiceImpl.getUserLocation(GpsUtilProxyServiceImpl.java:24)
	at tourGuide.service.TourGuideService.trackUserLocation(TourGuideService.java:169)
	at tourGuide.service.TourGuideService.lambda$trackUserLocationList$1(TourGuideService.java:190)
	at java.util.concurrent.ThreadPoolExecutor.runWorker(ThreadPoolExecutor.java:1149)
	at java.util.concurrent.ThreadPoolExecutor$Worker.run(ThreadPoolExecutor.java:624)
	at java.lang.Thread.run(Thread.java:748)
Exception in thread "pool-5-thread-75" java.lang.NullPointerException
	at tourGuide.service.GpsUtilProxyServiceImpl.getUserLocation(GpsUtilProxyServiceImpl.java:24)
	at tourGuide.service.TourGuideService.trackUserLocation(TourGuideService.java:169)
	at tourGuide.service.TourGuideService.lambda$trackUserLocationList$1(TourGuideService.java:190)
	at java.util.concurrent.ThreadPoolExecutor.runWorker(ThreadPoolExecutor.java:1149)
	at java.util.concurrent.ThreadPoolExecutor$Worker.run(ThreadPoolExecutor.java:624)
	at java.lang.Thread.run(Thread.java:748)
Exception in thread "pool-5-thread-582" java.lang.NullPointerException
	at tourGuide.service.GpsUtilProxyServiceImpl.getUserLocation(GpsUtilProxyServiceImpl.java:24)
	at tourGuide.service.TourGuideService.trackUserLocation(TourGuideService.java:169)
	at tourGuide.service.TourGuideService.lambda$trackUserLocationList$1(TourGuideService.java:190)
	at java.util.concurrent.ThreadPoolExecutor.runWorker(ThreadPoolExecutor.java:1149)
	at java.util.concurrent.ThreadPoolExecutor$Worker.run(ThreadPoolExecutor.java:624)
	at java.lang.Thread.run(Thread.java:748)
Exception in thread "pool-5-thread-578" java.lang.NullPointerException
	at tourGuide.service.GpsUtilProxyServiceImpl.getUserLocation(GpsUtilProxyServiceImpl.java:24)
	at tourGuide.service.TourGuideService.trackUserLocation(TourGuideService.java:169)
	at tourGuide.service.TourGuideService.lambda$trackUserLocationList$1(TourGuideService.java:190)
	at java.util.concurrent.ThreadPoolExecutor.runWorker(ThreadPoolExecutor.java:1149)
	at java.util.concurrent.ThreadPoolExecutor$Worker.run(ThreadPoolExecutor.java:624)
	at java.lang.Thread.run(Thread.java:748)
Exception in thread "pool-5-thread-76" java.lang.NullPointerException
	at tourGuide.service.GpsUtilProxyServiceImpl.getUserLocation(GpsUtilProxyServiceImpl.java:24)
	at tourGuide.service.TourGuideService.trackUserLocation(TourGuideService.java:169)
	at tourGuide.service.TourGuideService.lambda$trackUserLocationList$1(TourGuideService.java:190)
	at java.util.concurrent.ThreadPoolExecutor.runWorker(ThreadPoolExecutor.java:1149)
	at java.util.concurrent.ThreadPoolExecutor$Worker.run(ThreadPoolExecutor.java:624)
	at java.lang.Thread.run(Thread.java:748)
Exception in thread "pool-5-thread-79" java.lang.NullPointerException
	at tourGuide.service.GpsUtilProxyServiceImpl.getUserLocation(GpsUtilProxyServiceImpl.java:24)
	at tourGuide.service.TourGuideService.trackUserLocation(TourGuideService.java:169)
	at tourGuide.service.TourGuideService.lambda$trackUserLocationList$1(TourGuideService.java:190)
	at java.util.concurrent.ThreadPoolExecutor.runWorker(ThreadPoolExecutor.java:1149)
	at java.util.concurrent.ThreadPoolExecutor$Worker.run(ThreadPoolExecutor.java:624)
	at java.lang.Thread.run(Thread.java:748)
Exception in thread "pool-5-thread-82" java.lang.NullPointerException
	at tourGuide.service.GpsUtilProxyServiceImpl.getUserLocation(GpsUtilProxyServiceImpl.java:24)
	at tourGuide.service.TourGuideService.trackUserLocation(TourGuideService.java:169)
	at tourGuide.service.TourGuideService.lambda$trackUserLocationList$1(TourGuideService.java:190)
	at java.util.concurrent.ThreadPoolExecutor.runWorker(ThreadPoolExecutor.java:1149)
	at java.util.concurrent.ThreadPoolExecutor$Worker.run(ThreadPoolExecutor.java:624)
	at java.lang.Thread.run(Thread.java:748)
Exception in thread "pool-5-thread-84" java.lang.NullPointerException
	at tourGuide.service.GpsUtilProxyServiceImpl.getUserLocation(GpsUtilProxyServiceImpl.java:24)
	at tourGuide.service.TourGuideService.trackUserLocation(TourGuideService.java:169)
	at tourGuide.service.TourGuideService.lambda$trackUserLocationList$1(TourGuideService.java:190)
	at java.util.concurrent.ThreadPoolExecutor.runWorker(ThreadPoolExecutor.java:1149)
	at java.util.concurrent.ThreadPoolExecutor$Worker.run(ThreadPoolExecutor.java:624)
	at java.lang.Thread.run(Thread.java:748)
Exception in thread "pool-5-thread-92" java.lang.NullPointerException
	at tourGuide.service.GpsUtilProxyServiceImpl.getUserLocation(GpsUtilProxyServiceImpl.java:24)
	at tourGuide.service.TourGuideService.trackUserLocation(TourGuideService.java:169)
	at tourGuide.service.TourGuideService.lambda$trackUserLocationList$1(TourGuideService.java:190)
	at java.util.concurrent.ThreadPoolExecutor.runWorker(ThreadPoolExecutor.java:1149)
	at java.util.concurrent.ThreadPoolExecutor$Worker.run(ThreadPoolExecutor.java:624)
	at java.lang.Thread.run(Thread.java:748)
Exception in thread "pool-5-thread-552" java.lang.NullPointerException
	at tourGuide.service.GpsUtilProxyServiceImpl.getUserLocation(GpsUtilProxyServiceImpl.java:24)
	at tourGuide.service.TourGuideService.trackUserLocation(TourGuideService.java:169)
	at tourGuide.service.TourGuideService.lambda$trackUserLocationList$1(TourGuideService.java:190)
	at java.util.concurrent.ThreadPoolExecutor.runWorker(ThreadPoolExecutor.java:1149)
	at java.util.concurrent.ThreadPoolExecutor$Worker.run(ThreadPoolExecutor.java:624)
	at java.lang.Thread.run(Thread.java:748)
Exception in thread "pool-5-thread-94" java.lang.NullPointerException
	at tourGuide.service.GpsUtilProxyServiceImpl.getUserLocation(GpsUtilProxyServiceImpl.java:24)
	at tourGuide.service.TourGuideService.trackUserLocation(TourGuideService.java:169)
	at tourGuide.service.TourGuideService.lambda$trackUserLocationList$1(TourGuideService.java:190)
	at java.util.concurrent.ThreadPoolExecutor.runWorker(ThreadPoolExecutor.java:1149)
	at java.util.concurrent.ThreadPoolExecutor$Worker.run(ThreadPoolExecutor.java:624)
	at java.lang.Thread.run(Thread.java:748)
Exception in thread "pool-4-thread-95" java.lang.NullPointerException
	at tourGuide.service.GpsUtilProxyServiceImpl.getUserLocation(GpsUtilProxyServiceImpl.java:24)
	at tourGuide.service.TourGuideService.trackUserLocation(TourGuideService.java:169)
	at tourGuide.service.TourGuideService.lambda$trackUserLocationList$1(TourGuideService.java:190)
	at java.util.concurrent.ThreadPoolExecutor.runWorker(ThreadPoolExecutor.java:1149)
	at java.util.concurrent.ThreadPoolExecutor$Worker.run(ThreadPoolExecutor.java:624)
	at java.lang.Thread.run(Thread.java:748)
Exception in thread "pool-4-thread-96" java.lang.NullPointerException
	at tourGuide.service.GpsUtilProxyServiceImpl.getUserLocation(GpsUtilProxyServiceImpl.java:24)
	at tourGuide.service.TourGuideService.trackUserLocation(TourGuideService.java:169)
	at tourGuide.service.TourGuideService.lambda$trackUserLocationList$1(TourGuideService.java:190)
	at java.util.concurrent.ThreadPoolExecutor.runWorker(ThreadPoolExecutor.java:1149)
	at java.util.concurrent.ThreadPoolExecutor$Worker.run(ThreadPoolExecutor.java:624)
	at java.lang.Thread.run(Thread.java:748)
Exception in thread "pool-5-thread-96" java.lang.NullPointerException
	at tourGuide.service.GpsUtilProxyServiceImpl.getUserLocation(GpsUtilProxyServiceImpl.java:24)
	at tourGuide.service.TourGuideService.trackUserLocation(TourGuideService.java:169)
	at tourGuide.service.TourGuideService.lambda$trackUserLocationList$1(TourGuideService.java:190)
	at java.util.concurrent.ThreadPoolExecutor.runWorker(ThreadPoolExecutor.java:1149)
	at java.util.concurrent.ThreadPoolExecutor$Worker.run(ThreadPoolExecutor.java:624)
	at java.lang.Thread.run(Thread.java:748)
Exception in thread "pool-4-thread-97" java.lang.NullPointerException
	at tourGuide.service.GpsUtilProxyServiceImpl.getUserLocation(GpsUtilProxyServiceImpl.java:24)
	at tourGuide.service.TourGuideService.trackUserLocation(TourGuideService.java:169)
	at tourGuide.service.TourGuideService.lambda$trackUserLocationList$1(TourGuideService.java:190)
	at java.util.concurrent.ThreadPoolExecutor.runWorker(ThreadPoolExecutor.java:1149)
	at java.util.concurrent.ThreadPoolExecutor$Worker.run(ThreadPoolExecutor.java:624)
	at java.lang.Thread.run(Thread.java:748)
Exception in thread "pool-4-thread-102" java.lang.NullPointerException
	at tourGuide.service.GpsUtilProxyServiceImpl.getUserLocation(GpsUtilProxyServiceImpl.java:24)
	at tourGuide.service.TourGuideService.trackUserLocation(TourGuideService.java:169)
	at tourGuide.service.TourGuideService.lambda$trackUserLocationList$1(TourGuideService.java:190)
	at java.util.concurrent.ThreadPoolExecutor.runWorker(ThreadPoolExecutor.java:1149)
	at java.util.concurrent.ThreadPoolExecutor$Worker.run(ThreadPoolExecutor.java:624)
	at java.lang.Thread.run(Thread.java:748)
Exception in thread "pool-4-thread-1" java.lang.NullPointerException
	at tourGuide.service.GpsUtilProxyServiceImpl.getUserLocation(GpsUtilProxyServiceImpl.java:24)
	at tourGuide.service.TourGuideService.trackUserLocation(TourGuideService.java:169)
	at tourGuide.service.TourGuideService.lambda$trackUserLocationList$1(TourGuideService.java:190)
	at java.util.concurrent.ThreadPoolExecutor.runWorker(ThreadPoolExecutor.java:1149)
	at java.util.concurrent.ThreadPoolExecutor$Worker.run(ThreadPoolExecutor.java:624)
	at java.lang.Thread.run(Thread.java:748)
Exception in thread "pool-4-thread-4" java.lang.NullPointerException
	at tourGuide.service.GpsUtilProxyServiceImpl.getUserLocation(GpsUtilProxyServiceImpl.java:24)
	at tourGuide.service.TourGuideService.trackUserLocation(TourGuideService.java:169)
	at tourGuide.service.TourGuideService.lambda$trackUserLocationList$1(TourGuideService.java:190)
	at java.util.concurrent.ThreadPoolExecutor.runWorker(ThreadPoolExecutor.java:1149)
	at java.util.concurrent.ThreadPoolExecutor$Worker.run(ThreadPoolExecutor.java:624)
	at java.lang.Thread.run(Thread.java:748)
Exception in thread "pool-4-thread-3" java.lang.NullPointerException
	at tourGuide.service.GpsUtilProxyServiceImpl.getUserLocation(GpsUtilProxyServiceImpl.java:24)
	at tourGuide.service.TourGuideService.trackUserLocation(TourGuideService.java:169)
	at tourGuide.service.TourGuideService.lambda$trackUserLocationList$1(TourGuideService.java:190)
	at java.util.concurrent.ThreadPoolExecutor.runWorker(ThreadPoolExecutor.java:1149)
	at java.util.concurrent.ThreadPoolExecutor$Worker.run(ThreadPoolExecutor.java:624)
	at java.lang.Thread.run(Thread.java:748)
Exception in thread "pool-5-thread-450" java.lang.NullPointerException
	at tourGuide.service.GpsUtilProxyServiceImpl.getUserLocation(GpsUtilProxyServiceImpl.java:24)
	at tourGuide.service.TourGuideService.trackUserLocation(TourGuideService.java:169)
	at tourGuide.service.TourGuideService.lambda$trackUserLocationList$1(TourGuideService.java:190)
	at java.util.concurrent.ThreadPoolExecutor.runWorker(ThreadPoolExecutor.java:1149)
	at java.util.concurrent.ThreadPoolExecutor$Worker.run(ThreadPoolExecutor.java:624)
	at java.lang.Thread.run(Thread.java:748)
Exception in thread "pool-5-thread-452" java.lang.NullPointerException
	at tourGuide.service.GpsUtilProxyServiceImpl.getUserLocation(GpsUtilProxyServiceImpl.java:24)
	at tourGuide.service.TourGuideService.trackUserLocation(TourGuideService.java:169)
	at tourGuide.service.TourGuideService.lambda$trackUserLocationList$1(TourGuideService.java:190)
	at java.util.concurrent.ThreadPoolExecutor.runWorker(ThreadPoolExecutor.java:1149)
	at java.util.concurrent.ThreadPoolExecutor$Worker.run(ThreadPoolExecutor.java:624)
	at java.lang.Thread.run(Thread.java:748)
Exception in thread "pool-5-thread-553" java.lang.NullPointerException
	at tourGuide.service.GpsUtilProxyServiceImpl.getUserLocation(GpsUtilProxyServiceImpl.java:24)
	at tourGuide.service.TourGuideService.trackUserLocation(TourGuideService.java:169)
	at tourGuide.service.TourGuideService.lambda$trackUserLocationList$1(TourGuideService.java:190)
	at java.util.concurrent.ThreadPoolExecutor.runWorker(ThreadPoolExecutor.java:1149)
	at java.util.concurrent.ThreadPoolExecutor$Worker.run(ThreadPoolExecutor.java:624)
	at java.lang.Thread.run(Thread.java:748)
Exception in thread "pool-5-thread-424" java.lang.NullPointerException
	at tourGuide.service.GpsUtilProxyServiceImpl.getUserLocation(GpsUtilProxyServiceImpl.java:24)
	at tourGuide.service.TourGuideService.trackUserLocation(TourGuideService.java:169)
	at tourGuide.service.TourGuideService.lambda$trackUserLocationList$1(TourGuideService.java:190)
	at java.util.concurrent.ThreadPoolExecutor.runWorker(ThreadPoolExecutor.java:1149)
	at java.util.concurrent.ThreadPoolExecutor$Worker.run(ThreadPoolExecutor.java:624)
	at java.lang.Thread.run(Thread.java:748)
Exception in thread "pool-5-thread-556" java.lang.NullPointerException
	at tourGuide.service.GpsUtilProxyServiceImpl.getUserLocation(GpsUtilProxyServiceImpl.java:24)
	at tourGuide.service.TourGuideService.trackUserLocation(TourGuideService.java:169)
	at tourGuide.service.TourGuideService.lambda$trackUserLocationList$1(TourGuideService.java:190)
	at java.util.concurrent.ThreadPoolExecutor.runWorker(ThreadPoolExecutor.java:1149)
	at java.util.concurrent.ThreadPoolExecutor$Worker.run(ThreadPoolExecutor.java:624)
	at java.lang.Thread.run(Thread.java:748)
Exception in thread "pool-5-thread-558" java.lang.NullPointerException
	at tourGuide.service.GpsUtilProxyServiceImpl.getUserLocation(GpsUtilProxyServiceImpl.java:24)
	at tourGuide.service.TourGuideService.trackUserLocation(TourGuideService.java:169)
	at tourGuide.service.TourGuideService.lambda$trackUserLocationList$1(TourGuideService.java:190)
	at java.util.concurrent.ThreadPoolExecutor.runWorker(ThreadPoolExecutor.java:1149)
	at java.util.concurrent.ThreadPoolExecutor$Worker.run(ThreadPoolExecutor.java:624)
	at java.lang.Thread.run(Thread.java:748)
Exception in thread "pool-5-thread-561" java.lang.NullPointerException
	at tourGuide.service.GpsUtilProxyServiceImpl.getUserLocation(GpsUtilProxyServiceImpl.java:24)
	at tourGuide.service.TourGuideService.trackUserLocation(TourGuideService.java:169)
	at tourGuide.service.TourGuideService.lambda$trackUserLocationList$1(TourGuideService.java:190)
	at java.util.concurrent.ThreadPoolExecutor.runWorker(ThreadPoolExecutor.java:1149)
	at java.util.concurrent.ThreadPoolExecutor$Worker.run(ThreadPoolExecutor.java:624)
	at java.lang.Thread.run(Thread.java:748)
Exception in thread "pool-5-thread-412" java.lang.NullPointerException
	at tourGuide.service.GpsUtilProxyServiceImpl.getUserLocation(GpsUtilProxyServiceImpl.java:24)
	at tourGuide.service.TourGuideService.trackUserLocation(TourGuideService.java:169)
	at tourGuide.service.TourGuideService.lambda$trackUserLocationList$1(TourGuideService.java:190)
	at java.util.concurrent.ThreadPoolExecutor.runWorker(ThreadPoolExecutor.java:1149)
	at java.util.concurrent.ThreadPoolExecutor$Worker.run(ThreadPoolExecutor.java:624)
	at java.lang.Thread.run(Thread.java:748)
Exception in thread "pool-5-thread-563" java.lang.NullPointerException
	at tourGuide.service.GpsUtilProxyServiceImpl.getUserLocation(GpsUtilProxyServiceImpl.java:24)
	at tourGuide.service.TourGuideService.trackUserLocation(TourGuideService.java:169)
	at tourGuide.service.TourGuideService.lambda$trackUserLocationList$1(TourGuideService.java:190)
	at java.util.concurrent.ThreadPoolExecutor.runWorker(ThreadPoolExecutor.java:1149)
	at java.util.concurrent.ThreadPoolExecutor$Worker.run(ThreadPoolExecutor.java:624)
	at java.lang.Thread.run(Thread.java:748)
Exception in thread "pool-5-thread-410" java.lang.NullPointerException
	at tourGuide.service.GpsUtilProxyServiceImpl.getUserLocation(GpsUtilProxyServiceImpl.java:24)
	at tourGuide.service.TourGuideService.trackUserLocation(TourGuideService.java:169)
	at tourGuide.service.TourGuideService.lambda$trackUserLocationList$1(TourGuideService.java:190)
	at java.util.concurrent.ThreadPoolExecutor.runWorker(ThreadPoolExecutor.java:1149)
	at java.util.concurrent.ThreadPoolExecutor$Worker.run(ThreadPoolExecutor.java:624)
	at java.lang.Thread.run(Thread.java:748)
Exception in thread "pool-5-thread-567" java.lang.NullPointerException
	at tourGuide.service.GpsUtilProxyServiceImpl.getUserLocation(GpsUtilProxyServiceImpl.java:24)
	at tourGuide.service.TourGuideService.trackUserLocation(TourGuideService.java:169)
	at tourGuide.service.TourGuideService.lambda$trackUserLocationList$1(TourGuideService.java:190)
	at java.util.concurrent.ThreadPoolExecutor.runWorker(ThreadPoolExecutor.java:1149)
	at java.util.concurrent.ThreadPoolExecutor$Worker.run(ThreadPoolExecutor.java:624)
	at java.lang.Thread.run(Thread.java:748)
Exception in thread "pool-5-thread-570" java.lang.NullPointerException
	at tourGuide.service.GpsUtilProxyServiceImpl.getUserLocation(GpsUtilProxyServiceImpl.java:24)
	at tourGuide.service.TourGuideService.trackUserLocation(TourGuideService.java:169)
	at tourGuide.service.TourGuideService.lambda$trackUserLocationList$1(TourGuideService.java:190)
	at java.util.concurrent.ThreadPoolExecutor.runWorker(ThreadPoolExecutor.java:1149)
	at java.util.concurrent.ThreadPoolExecutor$Worker.run(ThreadPoolExecutor.java:624)
	at java.lang.Thread.run(Thread.java:748)
Exception in thread "pool-5-thread-407" java.lang.NullPointerException
	at tourGuide.service.GpsUtilProxyServiceImpl.getUserLocation(GpsUtilProxyServiceImpl.java:24)
	at tourGuide.service.TourGuideService.trackUserLocation(TourGuideService.java:169)
	at tourGuide.service.TourGuideService.lambda$trackUserLocationList$1(TourGuideService.java:190)
	at java.util.concurrent.ThreadPoolExecutor.runWorker(ThreadPoolExecutor.java:1149)
	at java.util.concurrent.ThreadPoolExecutor$Worker.run(ThreadPoolExecutor.java:624)
	at java.lang.Thread.run(Thread.java:748)
Exception in thread "pool-5-thread-406" java.lang.NullPointerException
	at tourGuide.service.GpsUtilProxyServiceImpl.getUserLocation(GpsUtilProxyServiceImpl.java:24)
	at tourGuide.service.TourGuideService.trackUserLocation(TourGuideService.java:169)
	at tourGuide.service.TourGuideService.lambda$trackUserLocationList$1(TourGuideService.java:190)
	at java.util.concurrent.ThreadPoolExecutor.runWorker(ThreadPoolExecutor.java:1149)
	at java.util.concurrent.ThreadPoolExecutor$Worker.run(ThreadPoolExecutor.java:624)
	at java.lang.Thread.run(Thread.java:748)
Exception in thread "pool-5-thread-402" java.lang.NullPointerException
	at tourGuide.service.GpsUtilProxyServiceImpl.getUserLocation(GpsUtilProxyServiceImpl.java:24)
	at tourGuide.service.TourGuideService.trackUserLocation(TourGuideService.java:169)
	at tourGuide.service.TourGuideService.lambda$trackUserLocationList$1(TourGuideService.java:190)
	at java.util.concurrent.ThreadPoolExecutor.runWorker(ThreadPoolExecutor.java:1149)
	at java.util.concurrent.ThreadPoolExecutor$Worker.run(ThreadPoolExecutor.java:624)
	at java.lang.Thread.run(Thread.java:748)
Exception in thread "pool-5-thread-575" java.lang.NullPointerException
	at tourGuide.service.GpsUtilProxyServiceImpl.getUserLocation(GpsUtilProxyServiceImpl.java:24)
	at tourGuide.service.TourGuideService.trackUserLocation(TourGuideService.java:169)
	at tourGuide.service.TourGuideService.lambda$trackUserLocationList$1(TourGuideService.java:190)
	at java.util.concurrent.ThreadPoolExecutor.runWorker(ThreadPoolExecutor.java:1149)
	at java.util.concurrent.ThreadPoolExecutor$Worker.run(ThreadPoolExecutor.java:624)
	at java.lang.Thread.run(Thread.java:748)
Exception in thread "pool-5-thread-577" java.lang.NullPointerException
	at tourGuide.service.GpsUtilProxyServiceImpl.getUserLocation(GpsUtilProxyServiceImpl.java:24)
	at tourGuide.service.TourGuideService.trackUserLocation(TourGuideService.java:169)
	at tourGuide.service.TourGuideService.lambda$trackUserLocationList$1(TourGuideService.java:190)
	at java.util.concurrent.ThreadPoolExecutor.runWorker(ThreadPoolExecutor.java:1149)
	at java.util.concurrent.ThreadPoolExecutor$Worker.run(ThreadPoolExecutor.java:624)
	at java.lang.Thread.run(Thread.java:748)
Exception in thread "pool-5-thread-399" java.lang.NullPointerException
	at tourGuide.service.GpsUtilProxyServiceImpl.getUserLocation(GpsUtilProxyServiceImpl.java:24)
	at tourGuide.service.TourGuideService.trackUserLocation(TourGuideService.java:169)
	at tourGuide.service.TourGuideService.lambda$trackUserLocationList$1(TourGuideService.java:190)
	at java.util.concurrent.ThreadPoolExecutor.runWorker(ThreadPoolExecutor.java:1149)
	at java.util.concurrent.ThreadPoolExecutor$Worker.run(ThreadPoolExecutor.java:624)
	at java.lang.Thread.run(Thread.java:748)
Exception in thread "pool-5-thread-416" java.lang.NullPointerException
	at tourGuide.service.GpsUtilProxyServiceImpl.getUserLocation(GpsUtilProxyServiceImpl.java:24)
	at tourGuide.service.TourGuideService.trackUserLocation(TourGuideService.java:169)
	at tourGuide.service.TourGuideService.lambda$trackUserLocationList$1(TourGuideService.java:190)
	at java.util.concurrent.ThreadPoolExecutor.runWorker(ThreadPoolExecutor.java:1149)
	at java.util.concurrent.ThreadPoolExecutor$Worker.run(ThreadPoolExecutor.java:624)
	at java.lang.Thread.run(Thread.java:748)
Exception in thread "pool-5-thread-415" java.lang.NullPointerException
	at tourGuide.service.GpsUtilProxyServiceImpl.getUserLocation(GpsUtilProxyServiceImpl.java:24)
	at tourGuide.service.TourGuideService.trackUserLocation(TourGuideService.java:169)
	at tourGuide.service.TourGuideService.lambda$trackUserLocationList$1(TourGuideService.java:190)
	at java.util.concurrent.ThreadPoolExecutor.runWorker(ThreadPoolExecutor.java:1149)
	at java.util.concurrent.ThreadPoolExecutor$Worker.run(ThreadPoolExecutor.java:624)
	at java.lang.Thread.run(Thread.java:748)
Exception in thread "pool-5-thread-421" java.lang.NullPointerException
	at tourGuide.service.GpsUtilProxyServiceImpl.getUserLocation(GpsUtilProxyServiceImpl.java:24)
	at tourGuide.service.TourGuideService.trackUserLocation(TourGuideService.java:169)
	at tourGuide.service.TourGuideService.lambda$trackUserLocationList$1(TourGuideService.java:190)
	at java.util.concurrent.ThreadPoolExecutor.runWorker(ThreadPoolExecutor.java:1149)
	at java.util.concurrent.ThreadPoolExecutor$Worker.run(ThreadPoolExecutor.java:624)
	at java.lang.Thread.run(Thread.java:748)
Exception in thread "pool-5-thread-425" java.lang.NullPointerException
	at tourGuide.service.GpsUtilProxyServiceImpl.getUserLocation(GpsUtilProxyServiceImpl.java:24)
	at tourGuide.service.TourGuideService.trackUserLocation(TourGuideService.java:169)
	at tourGuide.service.TourGuideService.lambda$trackUserLocationList$1(TourGuideService.java:190)
	at java.util.concurrent.ThreadPoolExecutor.runWorker(ThreadPoolExecutor.java:1149)
	at java.util.concurrent.ThreadPoolExecutor$Worker.run(ThreadPoolExecutor.java:624)
	at java.lang.Thread.run(Thread.java:748)
Exception in thread "pool-5-thread-435" java.lang.NullPointerException
	at tourGuide.service.GpsUtilProxyServiceImpl.getUserLocation(GpsUtilProxyServiceImpl.java:24)
	at tourGuide.service.TourGuideService.trackUserLocation(TourGuideService.java:169)
	at tourGuide.service.TourGuideService.lambda$trackUserLocationList$1(TourGuideService.java:190)
	at java.util.concurrent.ThreadPoolExecutor.runWorker(ThreadPoolExecutor.java:1149)
	at java.util.concurrent.ThreadPoolExecutor$Worker.run(ThreadPoolExecutor.java:624)
	at java.lang.Thread.run(Thread.java:748)
Exception in thread "pool-5-thread-580" java.lang.NullPointerException
	at tourGuide.service.GpsUtilProxyServiceImpl.getUserLocation(GpsUtilProxyServiceImpl.java:24)
	at tourGuide.service.TourGuideService.trackUserLocation(TourGuideService.java:169)
	at tourGuide.service.TourGuideService.lambda$trackUserLocationList$1(TourGuideService.java:190)
	at java.util.concurrent.ThreadPoolExecutor.runWorker(ThreadPoolExecutor.java:1149)
	at java.util.concurrent.ThreadPoolExecutor$Worker.run(ThreadPoolExecutor.java:624)
	at java.lang.Thread.run(Thread.java:748)
Exception in thread "pool-5-thread-438" java.lang.NullPointerException
	at tourGuide.service.GpsUtilProxyServiceImpl.getUserLocation(GpsUtilProxyServiceImpl.java:24)
	at tourGuide.service.TourGuideService.trackUserLocation(TourGuideService.java:169)
	at tourGuide.service.TourGuideService.lambda$trackUserLocationList$1(TourGuideService.java:190)
	at java.util.concurrent.ThreadPoolExecutor.runWorker(ThreadPoolExecutor.java:1149)
	at java.util.concurrent.ThreadPoolExecutor$Worker.run(ThreadPoolExecutor.java:624)
	at java.lang.Thread.run(Thread.java:748)
Exception in thread "pool-5-thread-244" java.lang.NullPointerException
	at tourGuide.service.GpsUtilProxyServiceImpl.getUserLocation(GpsUtilProxyServiceImpl.java:24)
	at tourGuide.service.TourGuideService.trackUserLocation(TourGuideService.java:169)
	at tourGuide.service.TourGuideService.lambda$trackUserLocationList$1(TourGuideService.java:190)
	at java.util.concurrent.ThreadPoolExecutor.runWorker(ThreadPoolExecutor.java:1149)
	at java.util.concurrent.ThreadPoolExecutor$Worker.run(ThreadPoolExecutor.java:624)
	at java.lang.Thread.run(Thread.java:748)
Exception in thread "pool-5-thread-557" java.lang.NullPointerException
	at tourGuide.service.GpsUtilProxyServiceImpl.getUserLocation(GpsUtilProxyServiceImpl.java:24)
	at tourGuide.service.TourGuideService.trackUserLocation(TourGuideService.java:169)
	at tourGuide.service.TourGuideService.lambda$trackUserLocationList$1(TourGuideService.java:190)
	at java.util.concurrent.ThreadPoolExecutor.runWorker(ThreadPoolExecutor.java:1149)
	at java.util.concurrent.ThreadPoolExecutor$Worker.run(ThreadPoolExecutor.java:624)
	at java.lang.Thread.run(Thread.java:748)
Exception in thread "pool-5-thread-566" java.lang.NullPointerException
	at tourGuide.service.GpsUtilProxyServiceImpl.getUserLocation(GpsUtilProxyServiceImpl.java:24)
	at tourGuide.service.TourGuideService.trackUserLocation(TourGuideService.java:169)
	at tourGuide.service.TourGuideService.lambda$trackUserLocationList$1(TourGuideService.java:190)
	at java.util.concurrent.ThreadPoolExecutor.runWorker(ThreadPoolExecutor.java:1149)
	at java.util.concurrent.ThreadPoolExecutor$Worker.run(ThreadPoolExecutor.java:624)
	at java.lang.Thread.run(Thread.java:748)
Exception in thread "pool-5-thread-368" java.lang.NullPointerException
	at tourGuide.service.GpsUtilProxyServiceImpl.getUserLocation(GpsUtilProxyServiceImpl.java:24)
	at tourGuide.service.TourGuideService.trackUserLocation(TourGuideService.java:169)
	at tourGuide.service.TourGuideService.lambda$trackUserLocationList$1(TourGuideService.java:190)
	at java.util.concurrent.ThreadPoolExecutor.runWorker(ThreadPoolExecutor.java:1149)
	at java.util.concurrent.ThreadPoolExecutor$Worker.run(ThreadPoolExecutor.java:624)
	at java.lang.Thread.run(Thread.java:748)
Exception in thread "pool-5-thread-366" java.lang.NullPointerException
	at tourGuide.service.GpsUtilProxyServiceImpl.getUserLocation(GpsUtilProxyServiceImpl.java:24)
	at tourGuide.service.TourGuideService.trackUserLocation(TourGuideService.java:169)
	at tourGuide.service.TourGuideService.lambda$trackUserLocationList$1(TourGuideService.java:190)
	at java.util.concurrent.ThreadPoolExecutor.runWorker(ThreadPoolExecutor.java:1149)
	at java.util.concurrent.ThreadPoolExecutor$Worker.run(ThreadPoolExecutor.java:624)
	at java.lang.Thread.run(Thread.java:748)
Exception in thread "pool-5-thread-365" java.lang.NullPointerException
	at tourGuide.service.GpsUtilProxyServiceImpl.getUserLocation(GpsUtilProxyServiceImpl.java:24)
	at tourGuide.service.TourGuideService.trackUserLocation(TourGuideService.java:169)
	at tourGuide.service.TourGuideService.lambda$trackUserLocationList$1(TourGuideService.java:190)
	at java.util.concurrent.ThreadPoolExecutor.runWorker(ThreadPoolExecutor.java:1149)
	at java.util.concurrent.ThreadPoolExecutor$Worker.run(ThreadPoolExecutor.java:624)
	at java.lang.Thread.run(Thread.java:748)
Exception in thread "pool-5-thread-572" java.lang.NullPointerException
	at tourGuide.service.GpsUtilProxyServiceImpl.getUserLocation(GpsUtilProxyServiceImpl.java:24)
	at tourGuide.service.TourGuideService.trackUserLocation(TourGuideService.java:169)
	at tourGuide.service.TourGuideService.lambda$trackUserLocationList$1(TourGuideService.java:190)
	at java.util.concurrent.ThreadPoolExecutor.runWorker(ThreadPoolExecutor.java:1149)
	at java.util.concurrent.ThreadPoolExecutor$Worker.run(ThreadPoolExecutor.java:624)
	at java.lang.Thread.run(Thread.java:748)
Exception in thread "pool-5-thread-364" java.lang.NullPointerException
	at tourGuide.service.GpsUtilProxyServiceImpl.getUserLocation(GpsUtilProxyServiceImpl.java:24)
	at tourGuide.service.TourGuideService.trackUserLocation(TourGuideService.java:169)
	at tourGuide.service.TourGuideService.lambda$trackUserLocationList$1(TourGuideService.java:190)
	at java.util.concurrent.ThreadPoolExecutor.runWorker(ThreadPoolExecutor.java:1149)
	at java.util.concurrent.ThreadPoolExecutor$Worker.run(ThreadPoolExecutor.java:624)
	at java.lang.Thread.run(Thread.java:748)
Exception in thread "pool-5-thread-361" java.lang.NullPointerException
	at tourGuide.service.GpsUtilProxyServiceImpl.getUserLocation(GpsUtilProxyServiceImpl.java:24)
	at tourGuide.service.TourGuideService.trackUserLocation(TourGuideService.java:169)
	at tourGuide.service.TourGuideService.lambda$trackUserLocationList$1(TourGuideService.java:190)
	at java.util.concurrent.ThreadPoolExecutor.runWorker(ThreadPoolExecutor.java:1149)
	at java.util.concurrent.ThreadPoolExecutor$Worker.run(ThreadPoolExecutor.java:624)
	at java.lang.Thread.run(Thread.java:748)
Exception in thread "pool-5-thread-362" java.lang.NullPointerException
	at tourGuide.service.GpsUtilProxyServiceImpl.getUserLocation(GpsUtilProxyServiceImpl.java:24)
	at tourGuide.service.TourGuideService.trackUserLocation(TourGuideService.java:169)
	at tourGuide.service.TourGuideService.lambda$trackUserLocationList$1(TourGuideService.java:190)
	at java.util.concurrent.ThreadPoolExecutor.runWorker(ThreadPoolExecutor.java:1149)
	at java.util.concurrent.ThreadPoolExecutor$Worker.run(ThreadPoolExecutor.java:624)
	at java.lang.Thread.run(Thread.java:748)
Exception in thread "pool-5-thread-360" java.lang.NullPointerException
	at tourGuide.service.GpsUtilProxyServiceImpl.getUserLocation(GpsUtilProxyServiceImpl.java:24)
	at tourGuide.service.TourGuideService.trackUserLocation(TourGuideService.java:169)
	at tourGuide.service.TourGuideService.lambda$trackUserLocationList$1(TourGuideService.java:190)
	at java.util.concurrent.ThreadPoolExecutor.runWorker(ThreadPoolExecutor.java:1149)
	at java.util.concurrent.ThreadPoolExecutor$Worker.run(ThreadPoolExecutor.java:624)
	at java.lang.Thread.run(Thread.java:748)
Exception in thread "pool-5-thread-359" java.lang.NullPointerException
	at tourGuide.service.GpsUtilProxyServiceImpl.getUserLocation(GpsUtilProxyServiceImpl.java:24)
	at tourGuide.service.TourGuideService.trackUserLocation(TourGuideService.java:169)
	at tourGuide.service.TourGuideService.lambda$trackUserLocationList$1(TourGuideService.java:190)
	at java.util.concurrent.ThreadPoolExecutor.runWorker(ThreadPoolExecutor.java:1149)
	at java.util.concurrent.ThreadPoolExecutor$Worker.run(ThreadPoolExecutor.java:624)
	at java.lang.Thread.run(Thread.java:748)
Exception in thread "pool-5-thread-357" java.lang.NullPointerException
	at tourGuide.service.GpsUtilProxyServiceImpl.getUserLocation(GpsUtilProxyServiceImpl.java:24)
	at tourGuide.service.TourGuideService.trackUserLocation(TourGuideService.java:169)
	at tourGuide.service.TourGuideService.lambda$trackUserLocationList$1(TourGuideService.java:190)
	at java.util.concurrent.ThreadPoolExecutor.runWorker(ThreadPoolExecutor.java:1149)
	at java.util.concurrent.ThreadPoolExecutor$Worker.run(ThreadPoolExecutor.java:624)
	at java.lang.Thread.run(Thread.java:748)
Exception in thread "pool-5-thread-355" java.lang.NullPointerException
	at tourGuide.service.GpsUtilProxyServiceImpl.getUserLocation(GpsUtilProxyServiceImpl.java:24)
	at tourGuide.service.TourGuideService.trackUserLocation(TourGuideService.java:169)
	at tourGuide.service.TourGuideService.lambda$trackUserLocationList$1(TourGuideService.java:190)
	at java.util.concurrent.ThreadPoolExecutor.runWorker(ThreadPoolExecutor.java:1149)
	at java.util.concurrent.ThreadPoolExecutor$Worker.run(ThreadPoolExecutor.java:624)
	at java.lang.Thread.run(Thread.java:748)
Exception in thread "pool-5-thread-356" java.lang.NullPointerException
	at tourGuide.service.GpsUtilProxyServiceImpl.getUserLocation(GpsUtilProxyServiceImpl.java:24)
	at tourGuide.service.TourGuideService.trackUserLocation(TourGuideService.java:169)
	at tourGuide.service.TourGuideService.lambda$trackUserLocationList$1(TourGuideService.java:190)
	at java.util.concurrent.ThreadPoolExecutor.runWorker(ThreadPoolExecutor.java:1149)
	at java.util.concurrent.ThreadPoolExecutor$Worker.run(ThreadPoolExecutor.java:624)
	at java.lang.Thread.run(Thread.java:748)
Exception in thread "pool-5-thread-354" java.lang.NullPointerException
	at tourGuide.service.GpsUtilProxyServiceImpl.getUserLocation(GpsUtilProxyServiceImpl.java:24)
	at tourGuide.service.TourGuideService.trackUserLocation(TourGuideService.java:169)
	at tourGuide.service.TourGuideService.lambda$trackUserLocationList$1(TourGuideService.java:190)
	at java.util.concurrent.ThreadPoolExecutor.runWorker(ThreadPoolExecutor.java:1149)
	at java.util.concurrent.ThreadPoolExecutor$Worker.run(ThreadPoolExecutor.java:624)
	at java.lang.Thread.run(Thread.java:748)
Exception in thread "pool-5-thread-579" java.lang.NullPointerException
	at tourGuide.service.GpsUtilProxyServiceImpl.getUserLocation(GpsUtilProxyServiceImpl.java:24)
	at tourGuide.service.TourGuideService.trackUserLocation(TourGuideService.java:169)
	at tourGuide.service.TourGuideService.lambda$trackUserLocationList$1(TourGuideService.java:190)
	at java.util.concurrent.ThreadPoolExecutor.runWorker(ThreadPoolExecutor.java:1149)
	at java.util.concurrent.ThreadPoolExecutor$Worker.run(ThreadPoolExecutor.java:624)
	at java.lang.Thread.run(Thread.java:748)
Exception in thread "pool-5-thread-353" java.lang.NullPointerException
	at tourGuide.service.GpsUtilProxyServiceImpl.getUserLocation(GpsUtilProxyServiceImpl.java:24)
	at tourGuide.service.TourGuideService.trackUserLocation(TourGuideService.java:169)
	at tourGuide.service.TourGuideService.lambda$trackUserLocationList$1(TourGuideService.java:190)
	at java.util.concurrent.ThreadPoolExecutor.runWorker(ThreadPoolExecutor.java:1149)
	at java.util.concurrent.ThreadPoolExecutor$Worker.run(ThreadPoolExecutor.java:624)
	at java.lang.Thread.run(Thread.java:748)
Exception in thread "pool-5-thread-351" java.lang.NullPointerException
	at tourGuide.service.GpsUtilProxyServiceImpl.getUserLocation(GpsUtilProxyServiceImpl.java:24)
	at tourGuide.service.TourGuideService.trackUserLocation(TourGuideService.java:169)
	at tourGuide.service.TourGuideService.lambda$trackUserLocationList$1(TourGuideService.java:190)
	at java.util.concurrent.ThreadPoolExecutor.runWorker(ThreadPoolExecutor.java:1149)
	at java.util.concurrent.ThreadPoolExecutor$Worker.run(ThreadPoolExecutor.java:624)
	at java.lang.Thread.run(Thread.java:748)
Exception in thread "pool-5-thread-347" java.lang.NullPointerException
	at tourGuide.service.GpsUtilProxyServiceImpl.getUserLocation(GpsUtilProxyServiceImpl.java:24)
	at tourGuide.service.TourGuideService.trackUserLocation(TourGuideService.java:169)
	at tourGuide.service.TourGuideService.lambda$trackUserLocationList$1(TourGuideService.java:190)
	at java.util.concurrent.ThreadPoolExecutor.runWorker(ThreadPoolExecutor.java:1149)
	at java.util.concurrent.ThreadPoolExecutor$Worker.run(ThreadPoolExecutor.java:624)
	at java.lang.Thread.run(Thread.java:748)
Exception in thread "pool-5-thread-349" java.lang.NullPointerException
	at tourGuide.service.GpsUtilProxyServiceImpl.getUserLocation(GpsUtilProxyServiceImpl.java:24)
	at tourGuide.service.TourGuideService.trackUserLocation(TourGuideService.java:169)
	at tourGuide.service.TourGuideService.lambda$trackUserLocationList$1(TourGuideService.java:190)
	at java.util.concurrent.ThreadPoolExecutor.runWorker(ThreadPoolExecutor.java:1149)
	at java.util.concurrent.ThreadPoolExecutor$Worker.run(ThreadPoolExecutor.java:624)
	at java.lang.Thread.run(Thread.java:748)
Exception in thread "pool-5-thread-348" java.lang.NullPointerException
	at tourGuide.service.GpsUtilProxyServiceImpl.getUserLocation(GpsUtilProxyServiceImpl.java:24)
	at tourGuide.service.TourGuideService.trackUserLocation(TourGuideService.java:169)
	at tourGuide.service.TourGuideService.lambda$trackUserLocationList$1(TourGuideService.java:190)
	at java.util.concurrent.ThreadPoolExecutor.runWorker(ThreadPoolExecutor.java:1149)
	at java.util.concurrent.ThreadPoolExecutor$Worker.run(ThreadPoolExecutor.java:624)
	at java.lang.Thread.run(Thread.java:748)
Exception in thread "pool-5-thread-346" java.lang.NullPointerException
	at tourGuide.service.GpsUtilProxyServiceImpl.getUserLocation(GpsUtilProxyServiceImpl.java:24)
	at tourGuide.service.TourGuideService.trackUserLocation(TourGuideService.java:169)
	at tourGuide.service.TourGuideService.lambda$trackUserLocationList$1(TourGuideService.java:190)
	at java.util.concurrent.ThreadPoolExecutor.runWorker(ThreadPoolExecutor.java:1149)
	at java.util.concurrent.ThreadPoolExecutor$Worker.run(ThreadPoolExecutor.java:624)
	at java.lang.Thread.run(Thread.java:748)
Exception in thread "pool-5-thread-344" java.lang.NullPointerException
	at tourGuide.service.GpsUtilProxyServiceImpl.getUserLocation(GpsUtilProxyServiceImpl.java:24)
	at tourGuide.service.TourGuideService.trackUserLocation(TourGuideService.java:169)
	at tourGuide.service.TourGuideService.lambda$trackUserLocationList$1(TourGuideService.java:190)
	at java.util.concurrent.ThreadPoolExecutor.runWorker(ThreadPoolExecutor.java:1149)
	at java.util.concurrent.ThreadPoolExecutor$Worker.run(ThreadPoolExecutor.java:624)
	at java.lang.Thread.run(Thread.java:748)
Exception in thread "pool-5-thread-345" java.lang.NullPointerException
	at tourGuide.service.GpsUtilProxyServiceImpl.getUserLocation(GpsUtilProxyServiceImpl.java:24)
	at tourGuide.service.TourGuideService.trackUserLocation(TourGuideService.java:169)
	at tourGuide.service.TourGuideService.lambda$trackUserLocationList$1(TourGuideService.java:190)
	at java.util.concurrent.ThreadPoolExecutor.runWorker(ThreadPoolExecutor.java:1149)
	at java.util.concurrent.ThreadPoolExecutor$Worker.run(ThreadPoolExecutor.java:624)
	at java.lang.Thread.run(Thread.java:748)
Exception in thread "pool-5-thread-382" java.lang.NullPointerException
	at tourGuide.service.GpsUtilProxyServiceImpl.getUserLocation(GpsUtilProxyServiceImpl.java:24)
	at tourGuide.service.TourGuideService.trackUserLocation(TourGuideService.java:169)
	at tourGuide.service.TourGuideService.lambda$trackUserLocationList$1(TourGuideService.java:190)
	at java.util.concurrent.ThreadPoolExecutor.runWorker(ThreadPoolExecutor.java:1149)
	at java.util.concurrent.ThreadPoolExecutor$Worker.run(ThreadPoolExecutor.java:624)
	at java.lang.Thread.run(Thread.java:748)
Exception in thread "pool-5-thread-334" java.lang.NullPointerException
	at tourGuide.service.GpsUtilProxyServiceImpl.getUserLocation(GpsUtilProxyServiceImpl.java:24)
	at tourGuide.service.TourGuideService.trackUserLocation(TourGuideService.java:169)
	at tourGuide.service.TourGuideService.lambda$trackUserLocationList$1(TourGuideService.java:190)
	at java.util.concurrent.ThreadPoolExecutor.runWorker(ThreadPoolExecutor.java:1149)
	at java.util.concurrent.ThreadPoolExecutor$Worker.run(ThreadPoolExecutor.java:624)
	at java.lang.Thread.run(Thread.java:748)
Exception in thread "pool-5-thread-333" java.lang.NullPointerException
	at tourGuide.service.GpsUtilProxyServiceImpl.getUserLocation(GpsUtilProxyServiceImpl.java:24)
	at tourGuide.service.TourGuideService.trackUserLocation(TourGuideService.java:169)
	at tourGuide.service.TourGuideService.lambda$trackUserLocationList$1(TourGuideService.java:190)
	at java.util.concurrent.ThreadPoolExecutor.runWorker(ThreadPoolExecutor.java:1149)
	at java.util.concurrent.ThreadPoolExecutor$Worker.run(ThreadPoolExecutor.java:624)
	at java.lang.Thread.run(Thread.java:748)
Exception in thread "pool-5-thread-376" java.lang.NullPointerException
	at tourGuide.service.GpsUtilProxyServiceImpl.getUserLocation(GpsUtilProxyServiceImpl.java:24)
	at tourGuide.service.TourGuideService.trackUserLocation(TourGuideService.java:169)
	at tourGuide.service.TourGuideService.lambda$trackUserLocationList$1(TourGuideService.java:190)
	at java.util.concurrent.ThreadPoolExecutor.runWorker(ThreadPoolExecutor.java:1149)
	at java.util.concurrent.ThreadPoolExecutor$Worker.run(ThreadPoolExecutor.java:624)
	at java.lang.Thread.run(Thread.java:748)
Exception in thread "pool-5-thread-331" java.lang.NullPointerException
	at tourGuide.service.GpsUtilProxyServiceImpl.getUserLocation(GpsUtilProxyServiceImpl.java:24)
	at tourGuide.service.TourGuideService.trackUserLocation(TourGuideService.java:169)
	at tourGuide.service.TourGuideService.lambda$trackUserLocationList$1(TourGuideService.java:190)
	at java.util.concurrent.ThreadPoolExecutor.runWorker(ThreadPoolExecutor.java:1149)
	at java.util.concurrent.ThreadPoolExecutor$Worker.run(ThreadPoolExecutor.java:624)
	at java.lang.Thread.run(Thread.java:748)
Exception in thread "pool-5-thread-370" java.lang.NullPointerException
	at tourGuide.service.GpsUtilProxyServiceImpl.getUserLocation(GpsUtilProxyServiceImpl.java:24)
	at tourGuide.service.TourGuideService.trackUserLocation(TourGuideService.java:169)
	at tourGuide.service.TourGuideService.lambda$trackUserLocationList$1(TourGuideService.java:190)
	at java.util.concurrent.ThreadPoolExecutor.runWorker(ThreadPoolExecutor.java:1149)
	at java.util.concurrent.ThreadPoolExecutor$Worker.run(ThreadPoolExecutor.java:624)
	at java.lang.Thread.run(Thread.java:748)
Exception in thread "pool-5-thread-371" java.lang.NullPointerException
	at tourGuide.service.GpsUtilProxyServiceImpl.getUserLocation(GpsUtilProxyServiceImpl.java:24)
	at tourGuide.service.TourGuideService.trackUserLocation(TourGuideService.java:169)
	at tourGuide.service.TourGuideService.lambda$trackUserLocationList$1(TourGuideService.java:190)
	at java.util.concurrent.ThreadPoolExecutor.runWorker(ThreadPoolExecutor.java:1149)
	at java.util.concurrent.ThreadPoolExecutor$Worker.run(ThreadPoolExecutor.java:624)
	at java.lang.Thread.run(Thread.java:748)
Exception in thread "pool-4-thread-62" java.lang.NullPointerException
	at tourGuide.service.GpsUtilProxyServiceImpl.getUserLocation(GpsUtilProxyServiceImpl.java:24)
	at tourGuide.service.TourGuideService.trackUserLocation(TourGuideService.java:169)
	at tourGuide.service.TourGuideService.lambda$trackUserLocationList$1(TourGuideService.java:190)
	at java.util.concurrent.ThreadPoolExecutor.runWorker(ThreadPoolExecutor.java:1149)
	at java.util.concurrent.ThreadPoolExecutor$Worker.run(ThreadPoolExecutor.java:624)
	at java.lang.Thread.run(Thread.java:748)
Exception in thread "pool-5-thread-327" java.lang.NullPointerException
	at tourGuide.service.GpsUtilProxyServiceImpl.getUserLocation(GpsUtilProxyServiceImpl.java:24)
	at tourGuide.service.TourGuideService.trackUserLocation(TourGuideService.java:169)
	at tourGuide.service.TourGuideService.lambda$trackUserLocationList$1(TourGuideService.java:190)
	at java.util.concurrent.ThreadPoolExecutor.runWorker(ThreadPoolExecutor.java:1149)
	at java.util.concurrent.ThreadPoolExecutor$Worker.run(ThreadPoolExecutor.java:624)
	at java.lang.Thread.run(Thread.java:748)
Exception in thread "pool-5-thread-321" java.lang.NullPointerException
	at tourGuide.service.GpsUtilProxyServiceImpl.getUserLocation(GpsUtilProxyServiceImpl.java:24)
	at tourGuide.service.TourGuideService.trackUserLocation(TourGuideService.java:169)
	at tourGuide.service.TourGuideService.lambda$trackUserLocationList$1(TourGuideService.java:190)
	at java.util.concurrent.ThreadPoolExecutor.runWorker(ThreadPoolExecutor.java:1149)
	at java.util.concurrent.ThreadPoolExecutor$Worker.run(ThreadPoolExecutor.java:624)
	at java.lang.Thread.run(Thread.java:748)
Exception in thread "pool-5-thread-318" java.lang.NullPointerException
	at tourGuide.service.GpsUtilProxyServiceImpl.getUserLocation(GpsUtilProxyServiceImpl.java:24)
	at tourGuide.service.TourGuideService.trackUserLocation(TourGuideService.java:169)
	at tourGuide.service.TourGuideService.lambda$trackUserLocationList$1(TourGuideService.java:190)
	at java.util.concurrent.ThreadPoolExecutor.runWorker(ThreadPoolExecutor.java:1149)
	at java.util.concurrent.ThreadPoolExecutor$Worker.run(ThreadPoolExecutor.java:624)
	at java.lang.Thread.run(Thread.java:748)
Exception in thread "pool-4-thread-61" java.lang.NullPointerException
	at tourGuide.service.GpsUtilProxyServiceImpl.getUserLocation(GpsUtilProxyServiceImpl.java:24)
	at tourGuide.service.TourGuideService.trackUserLocation(TourGuideService.java:169)
	at tourGuide.service.TourGuideService.lambda$trackUserLocationList$1(TourGuideService.java:190)
	at java.util.concurrent.ThreadPoolExecutor.runWorker(ThreadPoolExecutor.java:1149)
	at java.util.concurrent.ThreadPoolExecutor$Worker.run(ThreadPoolExecutor.java:624)
	at java.lang.Thread.run(Thread.java:748)
Exception in thread "pool-4-thread-67" java.lang.NullPointerException
	at tourGuide.service.GpsUtilProxyServiceImpl.getUserLocation(GpsUtilProxyServiceImpl.java:24)
	at tourGuide.service.TourGuideService.trackUserLocation(TourGuideService.java:169)
	at tourGuide.service.TourGuideService.lambda$trackUserLocationList$1(TourGuideService.java:190)
	at java.util.concurrent.ThreadPoolExecutor.runWorker(ThreadPoolExecutor.java:1149)
	at java.util.concurrent.ThreadPoolExecutor$Worker.run(ThreadPoolExecutor.java:624)
	at java.lang.Thread.run(Thread.java:748)
Exception in thread "pool-5-thread-308" java.lang.NullPointerException
	at tourGuide.service.GpsUtilProxyServiceImpl.getUserLocation(GpsUtilProxyServiceImpl.java:24)
	at tourGuide.service.TourGuideService.trackUserLocation(TourGuideService.java:169)
	at tourGuide.service.TourGuideService.lambda$trackUserLocationList$1(TourGuideService.java:190)
	at java.util.concurrent.ThreadPoolExecutor.runWorker(ThreadPoolExecutor.java:1149)
	at java.util.concurrent.ThreadPoolExecutor$Worker.run(ThreadPoolExecutor.java:624)
	at java.lang.Thread.run(Thread.java:748)
Exception in thread "pool-4-thread-68" java.lang.NullPointerException
	at tourGuide.service.GpsUtilProxyServiceImpl.getUserLocation(GpsUtilProxyServiceImpl.java:24)
	at tourGuide.service.TourGuideService.trackUserLocation(TourGuideService.java:169)
	at tourGuide.service.TourGuideService.lambda$trackUserLocationList$1(TourGuideService.java:190)
	at java.util.concurrent.ThreadPoolExecutor.runWorker(ThreadPoolExecutor.java:1149)
	at java.util.concurrent.ThreadPoolExecutor$Worker.run(ThreadPoolExecutor.java:624)
	at java.lang.Thread.run(Thread.java:748)
Exception in thread "pool-4-thread-69" java.lang.NullPointerException
	at tourGuide.service.GpsUtilProxyServiceImpl.getUserLocation(GpsUtilProxyServiceImpl.java:24)
	at tourGuide.service.TourGuideService.trackUserLocation(TourGuideService.java:169)
	at tourGuide.service.TourGuideService.lambda$trackUserLocationList$1(TourGuideService.java:190)
	at java.util.concurrent.ThreadPoolExecutor.runWorker(ThreadPoolExecutor.java:1149)
	at java.util.concurrent.ThreadPoolExecutor$Worker.run(ThreadPoolExecutor.java:624)
	at java.lang.Thread.run(Thread.java:748)
Exception in thread "pool-5-thread-298" java.lang.NullPointerException
	at tourGuide.service.GpsUtilProxyServiceImpl.getUserLocation(GpsUtilProxyServiceImpl.java:24)
	at tourGuide.service.TourGuideService.trackUserLocation(TourGuideService.java:169)
	at tourGuide.service.TourGuideService.lambda$trackUserLocationList$1(TourGuideService.java:190)
	at java.util.concurrent.ThreadPoolExecutor.runWorker(ThreadPoolExecutor.java:1149)
	at java.util.concurrent.ThreadPoolExecutor$Worker.run(ThreadPoolExecutor.java:624)
	at java.lang.Thread.run(Thread.java:748)
Exception in thread "pool-5-thread-292" java.lang.NullPointerException
	at tourGuide.service.GpsUtilProxyServiceImpl.getUserLocation(GpsUtilProxyServiceImpl.java:24)
	at tourGuide.service.TourGuideService.trackUserLocation(TourGuideService.java:169)
	at tourGuide.service.TourGuideService.lambda$trackUserLocationList$1(TourGuideService.java:190)
	at java.util.concurrent.ThreadPoolExecutor.runWorker(ThreadPoolExecutor.java:1149)
	at java.util.concurrent.ThreadPoolExecutor$Worker.run(ThreadPoolExecutor.java:624)
	at java.lang.Thread.run(Thread.java:748)
Exception in thread "pool-4-thread-71" java.lang.NullPointerException
	at tourGuide.service.GpsUtilProxyServiceImpl.getUserLocation(GpsUtilProxyServiceImpl.java:24)
	at tourGuide.service.TourGuideService.trackUserLocation(TourGuideService.java:169)
	at tourGuide.service.TourGuideService.lambda$trackUserLocationList$1(TourGuideService.java:190)
	at java.util.concurrent.ThreadPoolExecutor.runWorker(ThreadPoolExecutor.java:1149)
	at java.util.concurrent.ThreadPoolExecutor$Worker.run(ThreadPoolExecutor.java:624)
	at java.lang.Thread.run(Thread.java:748)
Exception in thread "pool-4-thread-72" java.lang.NullPointerException
	at tourGuide.service.GpsUtilProxyServiceImpl.getUserLocation(GpsUtilProxyServiceImpl.java:24)
	at tourGuide.service.TourGuideService.trackUserLocation(TourGuideService.java:169)
	at tourGuide.service.TourGuideService.lambda$trackUserLocationList$1(TourGuideService.java:190)
	at java.util.concurrent.ThreadPoolExecutor.runWorker(ThreadPoolExecutor.java:1149)
	at java.util.concurrent.ThreadPoolExecutor$Worker.run(ThreadPoolExecutor.java:624)
	at java.lang.Thread.run(Thread.java:748)
Exception in thread "pool-5-thread-276" java.lang.NullPointerException
	at tourGuide.service.GpsUtilProxyServiceImpl.getUserLocation(GpsUtilProxyServiceImpl.java:24)
	at tourGuide.service.TourGuideService.trackUserLocation(TourGuideService.java:169)
	at tourGuide.service.TourGuideService.lambda$trackUserLocationList$1(TourGuideService.java:190)
	at java.util.concurrent.ThreadPoolExecutor.runWorker(ThreadPoolExecutor.java:1149)
	at java.util.concurrent.ThreadPoolExecutor$Worker.run(ThreadPoolExecutor.java:624)
	at java.lang.Thread.run(Thread.java:748)
Exception in thread "pool-5-thread-269" java.lang.NullPointerException
	at tourGuide.service.GpsUtilProxyServiceImpl.getUserLocation(GpsUtilProxyServiceImpl.java:24)
	at tourGuide.service.TourGuideService.trackUserLocation(TourGuideService.java:169)
	at tourGuide.service.TourGuideService.lambda$trackUserLocationList$1(TourGuideService.java:190)
	at java.util.concurrent.ThreadPoolExecutor.runWorker(ThreadPoolExecutor.java:1149)
	at java.util.concurrent.ThreadPoolExecutor$Worker.run(ThreadPoolExecutor.java:624)
	at java.lang.Thread.run(Thread.java:748)
Exception in thread "pool-4-thread-74" java.lang.NullPointerException
	at tourGuide.service.GpsUtilProxyServiceImpl.getUserLocation(GpsUtilProxyServiceImpl.java:24)
	at tourGuide.service.TourGuideService.trackUserLocation(TourGuideService.java:169)
	at tourGuide.service.TourGuideService.lambda$trackUserLocationList$1(TourGuideService.java:190)
	at java.util.concurrent.ThreadPoolExecutor.runWorker(ThreadPoolExecutor.java:1149)
	at java.util.concurrent.ThreadPoolExecutor$Worker.run(ThreadPoolExecutor.java:624)
	at java.lang.Thread.run(Thread.java:748)
Exception in thread "pool-5-thread-261" java.lang.NullPointerException
	at tourGuide.service.GpsUtilProxyServiceImpl.getUserLocation(GpsUtilProxyServiceImpl.java:24)
	at tourGuide.service.TourGuideService.trackUserLocation(TourGuideService.java:169)
	at tourGuide.service.TourGuideService.lambda$trackUserLocationList$1(TourGuideService.java:190)
	at java.util.concurrent.ThreadPoolExecutor.runWorker(ThreadPoolExecutor.java:1149)
	at java.util.concurrent.ThreadPoolExecutor$Worker.run(ThreadPoolExecutor.java:624)
	at java.lang.Thread.run(Thread.java:748)
Exception in thread "pool-4-thread-77" java.lang.NullPointerException
	at tourGuide.service.GpsUtilProxyServiceImpl.getUserLocation(GpsUtilProxyServiceImpl.java:24)
	at tourGuide.service.TourGuideService.trackUserLocation(TourGuideService.java:169)
	at tourGuide.service.TourGuideService.lambda$trackUserLocationList$1(TourGuideService.java:190)
	at java.util.concurrent.ThreadPoolExecutor.runWorker(ThreadPoolExecutor.java:1149)
	at java.util.concurrent.ThreadPoolExecutor$Worker.run(ThreadPoolExecutor.java:624)
	at java.lang.Thread.run(Thread.java:748)
Exception in thread "pool-4-thread-52" java.lang.NullPointerException
	at tourGuide.service.GpsUtilProxyServiceImpl.getUserLocation(GpsUtilProxyServiceImpl.java:24)
	at tourGuide.service.TourGuideService.trackUserLocation(TourGuideService.java:169)
	at tourGuide.service.TourGuideService.lambda$trackUserLocationList$1(TourGuideService.java:190)
	at java.util.concurrent.ThreadPoolExecutor.runWorker(ThreadPoolExecutor.java:1149)
	at java.util.concurrent.ThreadPoolExecutor$Worker.run(ThreadPoolExecutor.java:624)
	at java.lang.Thread.run(Thread.java:748)
Exception in thread "pool-4-thread-78" java.lang.NullPointerException
	at tourGuide.service.GpsUtilProxyServiceImpl.getUserLocation(GpsUtilProxyServiceImpl.java:24)
	at tourGuide.service.TourGuideService.trackUserLocation(TourGuideService.java:169)
	at tourGuide.service.TourGuideService.lambda$trackUserLocationList$1(TourGuideService.java:190)
	at java.util.concurrent.ThreadPoolExecutor.runWorker(ThreadPoolExecutor.java:1149)
	at java.util.concurrent.ThreadPoolExecutor$Worker.run(ThreadPoolExecutor.java:624)
	at java.lang.Thread.run(Thread.java:748)
Exception in thread "pool-4-thread-79" java.lang.NullPointerException
	at tourGuide.service.GpsUtilProxyServiceImpl.getUserLocation(GpsUtilProxyServiceImpl.java:24)
	at tourGuide.service.TourGuideService.trackUserLocation(TourGuideService.java:169)
	at tourGuide.service.TourGuideService.lambda$trackUserLocationList$1(TourGuideService.java:190)
	at java.util.concurrent.ThreadPoolExecutor.runWorker(ThreadPoolExecutor.java:1149)
	at java.util.concurrent.ThreadPoolExecutor$Worker.run(ThreadPoolExecutor.java:624)
	at java.lang.Thread.run(Thread.java:748)
Exception in thread "pool-5-thread-246" java.lang.NullPointerException
	at tourGuide.service.GpsUtilProxyServiceImpl.getUserLocation(GpsUtilProxyServiceImpl.java:24)
	at tourGuide.service.TourGuideService.trackUserLocation(TourGuideService.java:169)
	at tourGuide.service.TourGuideService.lambda$trackUserLocationList$1(TourGuideService.java:190)
	at java.util.concurrent.ThreadPoolExecutor.runWorker(ThreadPoolExecutor.java:1149)
	at java.util.concurrent.ThreadPoolExecutor$Worker.run(ThreadPoolExecutor.java:624)
	at java.lang.Thread.run(Thread.java:748)
Exception in thread "pool-4-thread-51" java.lang.NullPointerException
	at tourGuide.service.GpsUtilProxyServiceImpl.getUserLocation(GpsUtilProxyServiceImpl.java:24)
	at tourGuide.service.TourGuideService.trackUserLocation(TourGuideService.java:169)
	at tourGuide.service.TourGuideService.lambda$trackUserLocationList$1(TourGuideService.java:190)
	at java.util.concurrent.ThreadPoolExecutor.runWorker(ThreadPoolExecutor.java:1149)
	at java.util.concurrent.ThreadPoolExecutor$Worker.run(ThreadPoolExecutor.java:624)
	at java.lang.Thread.run(Thread.java:748)
Exception in thread "pool-5-thread-248" java.lang.NullPointerException
	at tourGuide.service.GpsUtilProxyServiceImpl.getUserLocation(GpsUtilProxyServiceImpl.java:24)
	at tourGuide.service.TourGuideService.trackUserLocation(TourGuideService.java:169)
	at tourGuide.service.TourGuideService.lambda$trackUserLocationList$1(TourGuideService.java:190)
	at java.util.concurrent.ThreadPoolExecutor.runWorker(ThreadPoolExecutor.java:1149)
	at java.util.concurrent.ThreadPoolExecutor$Worker.run(ThreadPoolExecutor.java:624)
	at java.lang.Thread.run(Thread.java:748)
Exception in thread "pool-5-thread-249" java.lang.NullPointerException
	at tourGuide.service.GpsUtilProxyServiceImpl.getUserLocation(GpsUtilProxyServiceImpl.java:24)
	at tourGuide.service.TourGuideService.trackUserLocation(TourGuideService.java:169)
	at tourGuide.service.TourGuideService.lambda$trackUserLocationList$1(TourGuideService.java:190)
	at java.util.concurrent.ThreadPoolExecutor.runWorker(ThreadPoolExecutor.java:1149)
	at java.util.concurrent.ThreadPoolExecutor$Worker.run(ThreadPoolExecutor.java:624)
	at java.lang.Thread.run(Thread.java:748)
Exception in thread "pool-5-thread-247" java.lang.NullPointerException
	at tourGuide.service.GpsUtilProxyServiceImpl.getUserLocation(GpsUtilProxyServiceImpl.java:24)
	at tourGuide.service.TourGuideService.trackUserLocation(TourGuideService.java:169)
	at tourGuide.service.TourGuideService.lambda$trackUserLocationList$1(TourGuideService.java:190)
	at java.util.concurrent.ThreadPoolExecutor.runWorker(ThreadPoolExecutor.java:1149)
	at java.util.concurrent.ThreadPoolExecutor$Worker.run(ThreadPoolExecutor.java:624)
	at java.lang.Thread.run(Thread.java:748)
Exception in thread "pool-5-thread-251" java.lang.NullPointerException
	at tourGuide.service.GpsUtilProxyServiceImpl.getUserLocation(GpsUtilProxyServiceImpl.java:24)
	at tourGuide.service.TourGuideService.trackUserLocation(TourGuideService.java:169)
	at tourGuide.service.TourGuideService.lambda$trackUserLocationList$1(TourGuideService.java:190)
	at java.util.concurrent.ThreadPoolExecutor.runWorker(ThreadPoolExecutor.java:1149)
	at java.util.concurrent.ThreadPoolExecutor$Worker.run(ThreadPoolExecutor.java:624)
	at java.lang.Thread.run(Thread.java:748)
Exception in thread "pool-4-thread-47" java.lang.NullPointerException
	at tourGuide.service.GpsUtilProxyServiceImpl.getUserLocation(GpsUtilProxyServiceImpl.java:24)
	at tourGuide.service.TourGuideService.trackUserLocation(TourGuideService.java:169)
	at tourGuide.service.TourGuideService.lambda$trackUserLocationList$1(TourGuideService.java:190)
	at java.util.concurrent.ThreadPoolExecutor.runWorker(ThreadPoolExecutor.java:1149)
	at java.util.concurrent.ThreadPoolExecutor$Worker.run(ThreadPoolExecutor.java:624)
	at java.lang.Thread.run(Thread.java:748)
Exception in thread "pool-5-thread-254" java.lang.NullPointerException
	at tourGuide.service.GpsUtilProxyServiceImpl.getUserLocation(GpsUtilProxyServiceImpl.java:24)
	at tourGuide.service.TourGuideService.trackUserLocation(TourGuideService.java:169)
	at tourGuide.service.TourGuideService.lambda$trackUserLocationList$1(TourGuideService.java:190)
	at java.util.concurrent.ThreadPoolExecutor.runWorker(ThreadPoolExecutor.java:1149)
	at java.util.concurrent.ThreadPoolExecutor$Worker.run(ThreadPoolExecutor.java:624)
	at java.lang.Thread.run(Thread.java:748)
Exception in thread "pool-5-thread-252" java.lang.NullPointerException
	at tourGuide.service.GpsUtilProxyServiceImpl.getUserLocation(GpsUtilProxyServiceImpl.java:24)
	at tourGuide.service.TourGuideService.trackUserLocation(TourGuideService.java:169)
	at tourGuide.service.TourGuideService.lambda$trackUserLocationList$1(TourGuideService.java:190)
	at java.util.concurrent.ThreadPoolExecutor.runWorker(ThreadPoolExecutor.java:1149)
	at java.util.concurrent.ThreadPoolExecutor$Worker.run(ThreadPoolExecutor.java:624)
	at java.lang.Thread.run(Thread.java:748)
Exception in thread "pool-4-thread-46" java.lang.NullPointerException
	at tourGuide.service.GpsUtilProxyServiceImpl.getUserLocation(GpsUtilProxyServiceImpl.java:24)
	at tourGuide.service.TourGuideService.trackUserLocation(TourGuideService.java:169)
	at tourGuide.service.TourGuideService.lambda$trackUserLocationList$1(TourGuideService.java:190)
	at java.util.concurrent.ThreadPoolExecutor.runWorker(ThreadPoolExecutor.java:1149)
	at java.util.concurrent.ThreadPoolExecutor$Worker.run(ThreadPoolExecutor.java:624)
	at java.lang.Thread.run(Thread.java:748)
Exception in thread "pool-4-thread-45" java.lang.NullPointerException
	at tourGuide.service.GpsUtilProxyServiceImpl.getUserLocation(GpsUtilProxyServiceImpl.java:24)
	at tourGuide.service.TourGuideService.trackUserLocation(TourGuideService.java:169)
	at tourGuide.service.TourGuideService.lambda$trackUserLocationList$1(TourGuideService.java:190)
	at java.util.concurrent.ThreadPoolExecutor.runWorker(ThreadPoolExecutor.java:1149)
	at java.util.concurrent.ThreadPoolExecutor$Worker.run(ThreadPoolExecutor.java:624)
	at java.lang.Thread.run(Thread.java:748)
Exception in thread "pool-5-thread-257" java.lang.NullPointerException
	at tourGuide.service.GpsUtilProxyServiceImpl.getUserLocation(GpsUtilProxyServiceImpl.java:24)
	at tourGuide.service.TourGuideService.trackUserLocation(TourGuideService.java:169)
	at tourGuide.service.TourGuideService.lambda$trackUserLocationList$1(TourGuideService.java:190)
	at java.util.concurrent.ThreadPoolExecutor.runWorker(ThreadPoolExecutor.java:1149)
	at java.util.concurrent.ThreadPoolExecutor$Worker.run(ThreadPoolExecutor.java:624)
	at java.lang.Thread.run(Thread.java:748)
Exception in thread "pool-4-thread-42" java.lang.NullPointerException
	at tourGuide.service.GpsUtilProxyServiceImpl.getUserLocation(GpsUtilProxyServiceImpl.java:24)
	at tourGuide.service.TourGuideService.trackUserLocation(TourGuideService.java:169)
	at tourGuide.service.TourGuideService.lambda$trackUserLocationList$1(TourGuideService.java:190)
	at java.util.concurrent.ThreadPoolExecutor.runWorker(ThreadPoolExecutor.java:1149)
	at java.util.concurrent.ThreadPoolExecutor$Worker.run(ThreadPoolExecutor.java:624)
	at java.lang.Thread.run(Thread.java:748)
Exception in thread "pool-5-thread-258" java.lang.NullPointerException
	at tourGuide.service.GpsUtilProxyServiceImpl.getUserLocation(GpsUtilProxyServiceImpl.java:24)
	at tourGuide.service.TourGuideService.trackUserLocation(TourGuideService.java:169)
	at tourGuide.service.TourGuideService.lambda$trackUserLocationList$1(TourGuideService.java:190)
	at java.util.concurrent.ThreadPoolExecutor.runWorker(ThreadPoolExecutor.java:1149)
	at java.util.concurrent.ThreadPoolExecutor$Worker.run(ThreadPoolExecutor.java:624)
	at java.lang.Thread.run(Thread.java:748)
Exception in thread "pool-5-thread-259" java.lang.NullPointerException
	at tourGuide.service.GpsUtilProxyServiceImpl.getUserLocation(GpsUtilProxyServiceImpl.java:24)
	at tourGuide.service.TourGuideService.trackUserLocation(TourGuideService.java:169)
	at tourGuide.service.TourGuideService.lambda$trackUserLocationList$1(TourGuideService.java:190)
	at java.util.concurrent.ThreadPoolExecutor.runWorker(ThreadPoolExecutor.java:1149)
	at java.util.concurrent.ThreadPoolExecutor$Worker.run(ThreadPoolExecutor.java:624)
	at java.lang.Thread.run(Thread.java:748)
Exception in thread "pool-5-thread-256" java.lang.NullPointerException
	at tourGuide.service.GpsUtilProxyServiceImpl.getUserLocation(GpsUtilProxyServiceImpl.java:24)
	at tourGuide.service.TourGuideService.trackUserLocation(TourGuideService.java:169)
	at tourGuide.service.TourGuideService.lambda$trackUserLocationList$1(TourGuideService.java:190)
	at java.util.concurrent.ThreadPoolExecutor.runWorker(ThreadPoolExecutor.java:1149)
	at java.util.concurrent.ThreadPoolExecutor$Worker.run(ThreadPoolExecutor.java:624)
	at java.lang.Thread.run(Thread.java:748)
Exception in thread "pool-5-thread-263" java.lang.NullPointerException
	at tourGuide.service.GpsUtilProxyServiceImpl.getUserLocation(GpsUtilProxyServiceImpl.java:24)
	at tourGuide.service.TourGuideService.trackUserLocation(TourGuideService.java:169)
	at tourGuide.service.TourGuideService.lambda$trackUserLocationList$1(TourGuideService.java:190)
	at java.util.concurrent.ThreadPoolExecutor.runWorker(ThreadPoolExecutor.java:1149)
	at java.util.concurrent.ThreadPoolExecutor$Worker.run(ThreadPoolExecutor.java:624)
	at java.lang.Thread.run(Thread.java:748)
Exception in thread "pool-5-thread-260" java.lang.NullPointerException
	at tourGuide.service.GpsUtilProxyServiceImpl.getUserLocation(GpsUtilProxyServiceImpl.java:24)
	at tourGuide.service.TourGuideService.trackUserLocation(TourGuideService.java:169)
	at tourGuide.service.TourGuideService.lambda$trackUserLocationList$1(TourGuideService.java:190)
	at java.util.concurrent.ThreadPoolExecutor.runWorker(ThreadPoolExecutor.java:1149)
	at java.util.concurrent.ThreadPoolExecutor$Worker.run(ThreadPoolExecutor.java:624)
	at java.lang.Thread.run(Thread.java:748)
Exception in thread "pool-4-thread-37" java.lang.NullPointerException
	at tourGuide.service.GpsUtilProxyServiceImpl.getUserLocation(GpsUtilProxyServiceImpl.java:24)
	at tourGuide.service.TourGuideService.trackUserLocation(TourGuideService.java:169)
	at tourGuide.service.TourGuideService.lambda$trackUserLocationList$1(TourGuideService.java:190)
	at java.util.concurrent.ThreadPoolExecutor.runWorker(ThreadPoolExecutor.java:1149)
	at java.util.concurrent.ThreadPoolExecutor$Worker.run(ThreadPoolExecutor.java:624)
	at java.lang.Thread.run(Thread.java:748)
Exception in thread "pool-5-thread-264" java.lang.NullPointerException
	at tourGuide.service.GpsUtilProxyServiceImpl.getUserLocation(GpsUtilProxyServiceImpl.java:24)
	at tourGuide.service.TourGuideService.trackUserLocation(TourGuideService.java:169)
	at tourGuide.service.TourGuideService.lambda$trackUserLocationList$1(TourGuideService.java:190)
	at java.util.concurrent.ThreadPoolExecutor.runWorker(ThreadPoolExecutor.java:1149)
	at java.util.concurrent.ThreadPoolExecutor$Worker.run(ThreadPoolExecutor.java:624)
	at java.lang.Thread.run(Thread.java:748)
Exception in thread "pool-5-thread-262" java.lang.NullPointerException
	at tourGuide.service.GpsUtilProxyServiceImpl.getUserLocation(GpsUtilProxyServiceImpl.java:24)
	at tourGuide.service.TourGuideService.trackUserLocation(TourGuideService.java:169)
	at tourGuide.service.TourGuideService.lambda$trackUserLocationList$1(TourGuideService.java:190)
	at java.util.concurrent.ThreadPoolExecutor.runWorker(ThreadPoolExecutor.java:1149)
	at java.util.concurrent.ThreadPoolExecutor$Worker.run(ThreadPoolExecutor.java:624)
	at java.lang.Thread.run(Thread.java:748)
Exception in thread "pool-5-thread-267" java.lang.NullPointerException
	at tourGuide.service.GpsUtilProxyServiceImpl.getUserLocation(GpsUtilProxyServiceImpl.java:24)
	at tourGuide.service.TourGuideService.trackUserLocation(TourGuideService.java:169)
	at tourGuide.service.TourGuideService.lambda$trackUserLocationList$1(TourGuideService.java:190)
	at java.util.concurrent.ThreadPoolExecutor.runWorker(ThreadPoolExecutor.java:1149)
	at java.util.concurrent.ThreadPoolExecutor$Worker.run(ThreadPoolExecutor.java:624)
	at java.lang.Thread.run(Thread.java:748)
Exception in thread "pool-5-thread-265" java.lang.NullPointerException
	at tourGuide.service.GpsUtilProxyServiceImpl.getUserLocation(GpsUtilProxyServiceImpl.java:24)
	at tourGuide.service.TourGuideService.trackUserLocation(TourGuideService.java:169)
	at tourGuide.service.TourGuideService.lambda$trackUserLocationList$1(TourGuideService.java:190)
	at java.util.concurrent.ThreadPoolExecutor.runWorker(ThreadPoolExecutor.java:1149)
	at java.util.concurrent.ThreadPoolExecutor$Worker.run(ThreadPoolExecutor.java:624)
	at java.lang.Thread.run(Thread.java:748)
Exception in thread "pool-5-thread-271" java.lang.NullPointerException
	at tourGuide.service.GpsUtilProxyServiceImpl.getUserLocation(GpsUtilProxyServiceImpl.java:24)
	at tourGuide.service.TourGuideService.trackUserLocation(TourGuideService.java:169)
	at tourGuide.service.TourGuideService.lambda$trackUserLocationList$1(TourGuideService.java:190)
	at java.util.concurrent.ThreadPoolExecutor.runWorker(ThreadPoolExecutor.java:1149)
	at java.util.concurrent.ThreadPoolExecutor$Worker.run(ThreadPoolExecutor.java:624)
	at java.lang.Thread.run(Thread.java:748)
Exception in thread "pool-5-thread-275" java.lang.NullPointerException
	at tourGuide.service.GpsUtilProxyServiceImpl.getUserLocation(GpsUtilProxyServiceImpl.java:24)
	at tourGuide.service.TourGuideService.trackUserLocation(TourGuideService.java:169)
	at tourGuide.service.TourGuideService.lambda$trackUserLocationList$1(TourGuideService.java:190)
	at java.util.concurrent.ThreadPoolExecutor.runWorker(ThreadPoolExecutor.java:1149)
	at java.util.concurrent.ThreadPoolExecutor$Worker.run(ThreadPoolExecutor.java:624)
	at java.lang.Thread.run(Thread.java:748)
Exception in thread "pool-5-thread-268" java.lang.NullPointerException
	at tourGuide.service.GpsUtilProxyServiceImpl.getUserLocation(GpsUtilProxyServiceImpl.java:24)
	at tourGuide.service.TourGuideService.trackUserLocation(TourGuideService.java:169)
	at tourGuide.service.TourGuideService.lambda$trackUserLocationList$1(TourGuideService.java:190)
	at java.util.concurrent.ThreadPoolExecutor.runWorker(ThreadPoolExecutor.java:1149)
	at java.util.concurrent.ThreadPoolExecutor$Worker.run(ThreadPoolExecutor.java:624)
	at java.lang.Thread.run(Thread.java:748)
Exception in thread "pool-5-thread-279" java.lang.NullPointerException
	at tourGuide.service.GpsUtilProxyServiceImpl.getUserLocation(GpsUtilProxyServiceImpl.java:24)
	at tourGuide.service.TourGuideService.trackUserLocation(TourGuideService.java:169)
	at tourGuide.service.TourGuideService.lambda$trackUserLocationList$1(TourGuideService.java:190)
	at java.util.concurrent.ThreadPoolExecutor.runWorker(ThreadPoolExecutor.java:1149)
	at java.util.concurrent.ThreadPoolExecutor$Worker.run(ThreadPoolExecutor.java:624)
	at java.lang.Thread.run(Thread.java:748)
Exception in thread "pool-5-thread-289" java.lang.NullPointerException
	at tourGuide.service.GpsUtilProxyServiceImpl.getUserLocation(GpsUtilProxyServiceImpl.java:24)
	at tourGuide.service.TourGuideService.trackUserLocation(TourGuideService.java:169)
	at tourGuide.service.TourGuideService.lambda$trackUserLocationList$1(TourGuideService.java:190)
	at java.util.concurrent.ThreadPoolExecutor.runWorker(ThreadPoolExecutor.java:1149)
	at java.util.concurrent.ThreadPoolExecutor$Worker.run(ThreadPoolExecutor.java:624)
	at java.lang.Thread.run(Thread.java:748)
Exception in thread "pool-4-thread-34" java.lang.NullPointerException
	at tourGuide.service.GpsUtilProxyServiceImpl.getUserLocation(GpsUtilProxyServiceImpl.java:24)
	at tourGuide.service.TourGuideService.trackUserLocation(TourGuideService.java:169)
	at tourGuide.service.TourGuideService.lambda$trackUserLocationList$1(TourGuideService.java:190)
	at java.util.concurrent.ThreadPoolExecutor.runWorker(ThreadPoolExecutor.java:1149)
	at java.util.concurrent.ThreadPoolExecutor$Worker.run(ThreadPoolExecutor.java:624)
	at java.lang.Thread.run(Thread.java:748)
Exception in thread "pool-5-thread-288" java.lang.NullPointerException
	at tourGuide.service.GpsUtilProxyServiceImpl.getUserLocation(GpsUtilProxyServiceImpl.java:24)
	at tourGuide.service.TourGuideService.trackUserLocation(TourGuideService.java:169)
	at tourGuide.service.TourGuideService.lambda$trackUserLocationList$1(TourGuideService.java:190)
	at java.util.concurrent.ThreadPoolExecutor.runWorker(ThreadPoolExecutor.java:1149)
	at java.util.concurrent.ThreadPoolExecutor$Worker.run(ThreadPoolExecutor.java:624)
	at java.lang.Thread.run(Thread.java:748)
Exception in thread "pool-5-thread-293" java.lang.NullPointerException
	at tourGuide.service.GpsUtilProxyServiceImpl.getUserLocation(GpsUtilProxyServiceImpl.java:24)
	at tourGuide.service.TourGuideService.trackUserLocation(TourGuideService.java:169)
	at tourGuide.service.TourGuideService.lambda$trackUserLocationList$1(TourGuideService.java:190)
	at java.util.concurrent.ThreadPoolExecutor.runWorker(ThreadPoolExecutor.java:1149)
	at java.util.concurrent.ThreadPoolExecutor$Worker.run(ThreadPoolExecutor.java:624)
	at java.lang.Thread.run(Thread.java:748)
Exception in thread "pool-5-thread-291" java.lang.NullPointerException
	at tourGuide.service.GpsUtilProxyServiceImpl.getUserLocation(GpsUtilProxyServiceImpl.java:24)
	at tourGuide.service.TourGuideService.trackUserLocation(TourGuideService.java:169)
	at tourGuide.service.TourGuideService.lambda$trackUserLocationList$1(TourGuideService.java:190)
	at java.util.concurrent.ThreadPoolExecutor.runWorker(ThreadPoolExecutor.java:1149)
	at java.util.concurrent.ThreadPoolExecutor$Worker.run(ThreadPoolExecutor.java:624)
	at java.lang.Thread.run(Thread.java:748)
Exception in thread "pool-5-thread-295" java.lang.NullPointerException
	at tourGuide.service.GpsUtilProxyServiceImpl.getUserLocation(GpsUtilProxyServiceImpl.java:24)
	at tourGuide.service.TourGuideService.trackUserLocation(TourGuideService.java:169)
	at tourGuide.service.TourGuideService.lambda$trackUserLocationList$1(TourGuideService.java:190)
	at java.util.concurrent.ThreadPoolExecutor.runWorker(ThreadPoolExecutor.java:1149)
	at java.util.concurrent.ThreadPoolExecutor$Worker.run(ThreadPoolExecutor.java:624)
	at java.lang.Thread.run(Thread.java:748)
Exception in thread "pool-4-thread-35" java.lang.NullPointerException
	at tourGuide.service.GpsUtilProxyServiceImpl.getUserLocation(GpsUtilProxyServiceImpl.java:24)
	at tourGuide.service.TourGuideService.trackUserLocation(TourGuideService.java:169)
	at tourGuide.service.TourGuideService.lambda$trackUserLocationList$1(TourGuideService.java:190)
	at java.util.concurrent.ThreadPoolExecutor.runWorker(ThreadPoolExecutor.java:1149)
	at java.util.concurrent.ThreadPoolExecutor$Worker.run(ThreadPoolExecutor.java:624)
	at java.lang.Thread.run(Thread.java:748)
Exception in thread "pool-5-thread-296" java.lang.NullPointerException
	at tourGuide.service.GpsUtilProxyServiceImpl.getUserLocation(GpsUtilProxyServiceImpl.java:24)
	at tourGuide.service.TourGuideService.trackUserLocation(TourGuideService.java:169)
	at tourGuide.service.TourGuideService.lambda$trackUserLocationList$1(TourGuideService.java:190)
	at java.util.concurrent.ThreadPoolExecutor.runWorker(ThreadPoolExecutor.java:1149)
	at java.util.concurrent.ThreadPoolExecutor$Worker.run(ThreadPoolExecutor.java:624)
	at java.lang.Thread.run(Thread.java:748)
Exception in thread "pool-5-thread-297" java.lang.NullPointerException
	at tourGuide.service.GpsUtilProxyServiceImpl.getUserLocation(GpsUtilProxyServiceImpl.java:24)
	at tourGuide.service.TourGuideService.trackUserLocation(TourGuideService.java:169)
	at tourGuide.service.TourGuideService.lambda$trackUserLocationList$1(TourGuideService.java:190)
	at java.util.concurrent.ThreadPoolExecutor.runWorker(ThreadPoolExecutor.java:1149)
	at java.util.concurrent.ThreadPoolExecutor$Worker.run(ThreadPoolExecutor.java:624)
	at java.lang.Thread.run(Thread.java:748)
Exception in thread "pool-4-thread-32" java.lang.NullPointerException
	at tourGuide.service.GpsUtilProxyServiceImpl.getUserLocation(GpsUtilProxyServiceImpl.java:24)
	at tourGuide.service.TourGuideService.trackUserLocation(TourGuideService.java:169)
	at tourGuide.service.TourGuideService.lambda$trackUserLocationList$1(TourGuideService.java:190)
	at java.util.concurrent.ThreadPoolExecutor.runWorker(ThreadPoolExecutor.java:1149)
	at java.util.concurrent.ThreadPoolExecutor$Worker.run(ThreadPoolExecutor.java:624)
	at java.lang.Thread.run(Thread.java:748)
Exception in thread "pool-5-thread-300" java.lang.NullPointerException
	at tourGuide.service.GpsUtilProxyServiceImpl.getUserLocation(GpsUtilProxyServiceImpl.java:24)
	at tourGuide.service.TourGuideService.trackUserLocation(TourGuideService.java:169)
	at tourGuide.service.TourGuideService.lambda$trackUserLocationList$1(TourGuideService.java:190)
	at java.util.concurrent.ThreadPoolExecutor.runWorker(ThreadPoolExecutor.java:1149)
	at java.util.concurrent.ThreadPoolExecutor$Worker.run(ThreadPoolExecutor.java:624)
	at java.lang.Thread.run(Thread.java:748)
Exception in thread "pool-5-thread-301" java.lang.NullPointerException
	at tourGuide.service.GpsUtilProxyServiceImpl.getUserLocation(GpsUtilProxyServiceImpl.java:24)
	at tourGuide.service.TourGuideService.trackUserLocation(TourGuideService.java:169)
	at tourGuide.service.TourGuideService.lambda$trackUserLocationList$1(TourGuideService.java:190)
	at java.util.concurrent.ThreadPoolExecutor.runWorker(ThreadPoolExecutor.java:1149)
	at java.util.concurrent.ThreadPoolExecutor$Worker.run(ThreadPoolExecutor.java:624)
	at java.lang.Thread.run(Thread.java:748)
Exception in thread "pool-5-thread-302" java.lang.NullPointerException
	at tourGuide.service.GpsUtilProxyServiceImpl.getUserLocation(GpsUtilProxyServiceImpl.java:24)
	at tourGuide.service.TourGuideService.trackUserLocation(TourGuideService.java:169)
	at tourGuide.service.TourGuideService.lambda$trackUserLocationList$1(TourGuideService.java:190)
	at java.util.concurrent.ThreadPoolExecutor.runWorker(ThreadPoolExecutor.java:1149)
	at java.util.concurrent.ThreadPoolExecutor$Worker.run(ThreadPoolExecutor.java:624)
	at java.lang.Thread.run(Thread.java:748)
Exception in thread "pool-5-thread-303" java.lang.NullPointerException
	at tourGuide.service.GpsUtilProxyServiceImpl.getUserLocation(GpsUtilProxyServiceImpl.java:24)
	at tourGuide.service.TourGuideService.trackUserLocation(TourGuideService.java:169)
	at tourGuide.service.TourGuideService.lambda$trackUserLocationList$1(TourGuideService.java:190)
	at java.util.concurrent.ThreadPoolExecutor.runWorker(ThreadPoolExecutor.java:1149)
	at java.util.concurrent.ThreadPoolExecutor$Worker.run(ThreadPoolExecutor.java:624)
	at java.lang.Thread.run(Thread.java:748)
Exception in thread "pool-5-thread-304" java.lang.NullPointerException
	at tourGuide.service.GpsUtilProxyServiceImpl.getUserLocation(GpsUtilProxyServiceImpl.java:24)
	at tourGuide.service.TourGuideService.trackUserLocation(TourGuideService.java:169)
	at tourGuide.service.TourGuideService.lambda$trackUserLocationList$1(TourGuideService.java:190)
	at java.util.concurrent.ThreadPoolExecutor.runWorker(ThreadPoolExecutor.java:1149)
	at java.util.concurrent.ThreadPoolExecutor$Worker.run(ThreadPoolExecutor.java:624)
	at java.lang.Thread.run(Thread.java:748)
Exception in thread "pool-5-thread-305" java.lang.NullPointerException
	at tourGuide.service.GpsUtilProxyServiceImpl.getUserLocation(GpsUtilProxyServiceImpl.java:24)
	at tourGuide.service.TourGuideService.trackUserLocation(TourGuideService.java:169)
	at tourGuide.service.TourGuideService.lambda$trackUserLocationList$1(TourGuideService.java:190)
	at java.util.concurrent.ThreadPoolExecutor.runWorker(ThreadPoolExecutor.java:1149)
	at java.util.concurrent.ThreadPoolExecutor$Worker.run(ThreadPoolExecutor.java:624)
	at java.lang.Thread.run(Thread.java:748)
Exception in thread "pool-5-thread-307" java.lang.NullPointerException
	at tourGuide.service.GpsUtilProxyServiceImpl.getUserLocation(GpsUtilProxyServiceImpl.java:24)
	at tourGuide.service.TourGuideService.trackUserLocation(TourGuideService.java:169)
	at tourGuide.service.TourGuideService.lambda$trackUserLocationList$1(TourGuideService.java:190)
	at java.util.concurrent.ThreadPoolExecutor.runWorker(ThreadPoolExecutor.java:1149)
	at java.util.concurrent.ThreadPoolExecutor$Worker.run(ThreadPoolExecutor.java:624)
	at java.lang.Thread.run(Thread.java:748)
Exception in thread "pool-5-thread-306" java.lang.NullPointerException
	at tourGuide.service.GpsUtilProxyServiceImpl.getUserLocation(GpsUtilProxyServiceImpl.java:24)
	at tourGuide.service.TourGuideService.trackUserLocation(TourGuideService.java:169)
	at tourGuide.service.TourGuideService.lambda$trackUserLocationList$1(TourGuideService.java:190)
	at java.util.concurrent.ThreadPoolExecutor.runWorker(ThreadPoolExecutor.java:1149)
	at java.util.concurrent.ThreadPoolExecutor$Worker.run(ThreadPoolExecutor.java:624)
	at java.lang.Thread.run(Thread.java:748)
Exception in thread "pool-5-thread-310" java.lang.NullPointerException
	at tourGuide.service.GpsUtilProxyServiceImpl.getUserLocation(GpsUtilProxyServiceImpl.java:24)
	at tourGuide.service.TourGuideService.trackUserLocation(TourGuideService.java:169)
	at tourGuide.service.TourGuideService.lambda$trackUserLocationList$1(TourGuideService.java:190)
	at java.util.concurrent.ThreadPoolExecutor.runWorker(ThreadPoolExecutor.java:1149)
	at java.util.concurrent.ThreadPoolExecutor$Worker.run(ThreadPoolExecutor.java:624)
	at java.lang.Thread.run(Thread.java:748)
Exception in thread "pool-5-thread-309" java.lang.NullPointerException
	at tourGuide.service.GpsUtilProxyServiceImpl.getUserLocation(GpsUtilProxyServiceImpl.java:24)
	at tourGuide.service.TourGuideService.trackUserLocation(TourGuideService.java:169)
	at tourGuide.service.TourGuideService.lambda$trackUserLocationList$1(TourGuideService.java:190)
	at java.util.concurrent.ThreadPoolExecutor.runWorker(ThreadPoolExecutor.java:1149)
	at java.util.concurrent.ThreadPoolExecutor$Worker.run(ThreadPoolExecutor.java:624)
	at java.lang.Thread.run(Thread.java:748)
Exception in thread "pool-5-thread-312" java.lang.NullPointerException
	at tourGuide.service.GpsUtilProxyServiceImpl.getUserLocation(GpsUtilProxyServiceImpl.java:24)
	at tourGuide.service.TourGuideService.trackUserLocation(TourGuideService.java:169)
	at tourGuide.service.TourGuideService.lambda$trackUserLocationList$1(TourGuideService.java:190)
	at java.util.concurrent.ThreadPoolExecutor.runWorker(ThreadPoolExecutor.java:1149)
	at java.util.concurrent.ThreadPoolExecutor$Worker.run(ThreadPoolExecutor.java:624)
	at java.lang.Thread.run(Thread.java:748)
Exception in thread "pool-4-thread-27" java.lang.NullPointerException
	at tourGuide.service.GpsUtilProxyServiceImpl.getUserLocation(GpsUtilProxyServiceImpl.java:24)
	at tourGuide.service.TourGuideService.trackUserLocation(TourGuideService.java:169)
	at tourGuide.service.TourGuideService.lambda$trackUserLocationList$1(TourGuideService.java:190)
	at java.util.concurrent.ThreadPoolExecutor.runWorker(ThreadPoolExecutor.java:1149)
	at java.util.concurrent.ThreadPoolExecutor$Worker.run(ThreadPoolExecutor.java:624)
	at java.lang.Thread.run(Thread.java:748)
Exception in thread "pool-5-thread-313" java.lang.NullPointerException
	at tourGuide.service.GpsUtilProxyServiceImpl.getUserLocation(GpsUtilProxyServiceImpl.java:24)
	at tourGuide.service.TourGuideService.trackUserLocation(TourGuideService.java:169)
	at tourGuide.service.TourGuideService.lambda$trackUserLocationList$1(TourGuideService.java:190)
	at java.util.concurrent.ThreadPoolExecutor.runWorker(ThreadPoolExecutor.java:1149)
	at java.util.concurrent.ThreadPoolExecutor$Worker.run(ThreadPoolExecutor.java:624)
	at java.lang.Thread.run(Thread.java:748)
Exception in thread "pool-5-thread-315" java.lang.NullPointerException
	at tourGuide.service.GpsUtilProxyServiceImpl.getUserLocation(GpsUtilProxyServiceImpl.java:24)
	at tourGuide.service.TourGuideService.trackUserLocation(TourGuideService.java:169)
	at tourGuide.service.TourGuideService.lambda$trackUserLocationList$1(TourGuideService.java:190)
	at java.util.concurrent.ThreadPoolExecutor.runWorker(ThreadPoolExecutor.java:1149)
	at java.util.concurrent.ThreadPoolExecutor$Worker.run(ThreadPoolExecutor.java:624)
	at java.lang.Thread.run(Thread.java:748)
Exception in thread "pool-5-thread-316" java.lang.NullPointerException
	at tourGuide.service.GpsUtilProxyServiceImpl.getUserLocation(GpsUtilProxyServiceImpl.java:24)
	at tourGuide.service.TourGuideService.trackUserLocation(TourGuideService.java:169)
	at tourGuide.service.TourGuideService.lambda$trackUserLocationList$1(TourGuideService.java:190)
	at java.util.concurrent.ThreadPoolExecutor.runWorker(ThreadPoolExecutor.java:1149)
	at java.util.concurrent.ThreadPoolExecutor$Worker.run(ThreadPoolExecutor.java:624)
	at java.lang.Thread.run(Thread.java:748)
Exception in thread "pool-5-thread-317" java.lang.NullPointerException
	at tourGuide.service.GpsUtilProxyServiceImpl.getUserLocation(GpsUtilProxyServiceImpl.java:24)
	at tourGuide.service.TourGuideService.trackUserLocation(TourGuideService.java:169)
	at tourGuide.service.TourGuideService.lambda$trackUserLocationList$1(TourGuideService.java:190)
	at java.util.concurrent.ThreadPoolExecutor.runWorker(ThreadPoolExecutor.java:1149)
	at java.util.concurrent.ThreadPoolExecutor$Worker.run(ThreadPoolExecutor.java:624)
	at java.lang.Thread.run(Thread.java:748)
Exception in thread "pool-5-thread-319" java.lang.NullPointerException
	at tourGuide.service.GpsUtilProxyServiceImpl.getUserLocation(GpsUtilProxyServiceImpl.java:24)
	at tourGuide.service.TourGuideService.trackUserLocation(TourGuideService.java:169)
	at tourGuide.service.TourGuideService.lambda$trackUserLocationList$1(TourGuideService.java:190)
	at java.util.concurrent.ThreadPoolExecutor.runWorker(ThreadPoolExecutor.java:1149)
	at java.util.concurrent.ThreadPoolExecutor$Worker.run(ThreadPoolExecutor.java:624)
	at java.lang.Thread.run(Thread.java:748)
Exception in thread "pool-5-thread-320" java.lang.NullPointerException
	at tourGuide.service.GpsUtilProxyServiceImpl.getUserLocation(GpsUtilProxyServiceImpl.java:24)
	at tourGuide.service.TourGuideService.trackUserLocation(TourGuideService.java:169)
	at tourGuide.service.TourGuideService.lambda$trackUserLocationList$1(TourGuideService.java:190)
	at java.util.concurrent.ThreadPoolExecutor.runWorker(ThreadPoolExecutor.java:1149)
	at java.util.concurrent.ThreadPoolExecutor$Worker.run(ThreadPoolExecutor.java:624)
	at java.lang.Thread.run(Thread.java:748)
Exception in thread "pool-4-thread-21" java.lang.NullPointerException
	at tourGuide.service.GpsUtilProxyServiceImpl.getUserLocation(GpsUtilProxyServiceImpl.java:24)
	at tourGuide.service.TourGuideService.trackUserLocation(TourGuideService.java:169)
	at tourGuide.service.TourGuideService.lambda$trackUserLocationList$1(TourGuideService.java:190)
	at java.util.concurrent.ThreadPoolExecutor.runWorker(ThreadPoolExecutor.java:1149)
	at java.util.concurrent.ThreadPoolExecutor$Worker.run(ThreadPoolExecutor.java:624)
	at java.lang.Thread.run(Thread.java:748)
Exception in thread "pool-5-thread-323" java.lang.NullPointerException
	at tourGuide.service.GpsUtilProxyServiceImpl.getUserLocation(GpsUtilProxyServiceImpl.java:24)
	at tourGuide.service.TourGuideService.trackUserLocation(TourGuideService.java:169)
	at tourGuide.service.TourGuideService.lambda$trackUserLocationList$1(TourGuideService.java:190)
	at java.util.concurrent.ThreadPoolExecutor.runWorker(ThreadPoolExecutor.java:1149)
	at java.util.concurrent.ThreadPoolExecutor$Worker.run(ThreadPoolExecutor.java:624)
	at java.lang.Thread.run(Thread.java:748)
Exception in thread "pool-5-thread-324" java.lang.NullPointerException
	at tourGuide.service.GpsUtilProxyServiceImpl.getUserLocation(GpsUtilProxyServiceImpl.java:24)
	at tourGuide.service.TourGuideService.trackUserLocation(TourGuideService.java:169)
	at tourGuide.service.TourGuideService.lambda$trackUserLocationList$1(TourGuideService.java:190)
	at java.util.concurrent.ThreadPoolExecutor.runWorker(ThreadPoolExecutor.java:1149)
	at java.util.concurrent.ThreadPoolExecutor$Worker.run(ThreadPoolExecutor.java:624)
	at java.lang.Thread.run(Thread.java:748)
Exception in thread "pool-5-thread-326" java.lang.NullPointerException
	at tourGuide.service.GpsUtilProxyServiceImpl.getUserLocation(GpsUtilProxyServiceImpl.java:24)
	at tourGuide.service.TourGuideService.trackUserLocation(TourGuideService.java:169)
	at tourGuide.service.TourGuideService.lambda$trackUserLocationList$1(TourGuideService.java:190)
	at java.util.concurrent.ThreadPoolExecutor.runWorker(ThreadPoolExecutor.java:1149)
	at java.util.concurrent.ThreadPoolExecutor$Worker.run(ThreadPoolExecutor.java:624)
	at java.lang.Thread.run(Thread.java:748)
Exception in thread "pool-5-thread-325" java.lang.NullPointerException
	at tourGuide.service.GpsUtilProxyServiceImpl.getUserLocation(GpsUtilProxyServiceImpl.java:24)
	at tourGuide.service.TourGuideService.trackUserLocation(TourGuideService.java:169)
	at tourGuide.service.TourGuideService.lambda$trackUserLocationList$1(TourGuideService.java:190)
	at java.util.concurrent.ThreadPoolExecutor.runWorker(ThreadPoolExecutor.java:1149)
	at java.util.concurrent.ThreadPoolExecutor$Worker.run(ThreadPoolExecutor.java:624)
	at java.lang.Thread.run(Thread.java:748)
Exception in thread "pool-5-thread-328" java.lang.NullPointerException
	at tourGuide.service.GpsUtilProxyServiceImpl.getUserLocation(GpsUtilProxyServiceImpl.java:24)
	at tourGuide.service.TourGuideService.trackUserLocation(TourGuideService.java:169)
	at tourGuide.service.TourGuideService.lambda$trackUserLocationList$1(TourGuideService.java:190)
	at java.util.concurrent.ThreadPoolExecutor.runWorker(ThreadPoolExecutor.java:1149)
	at java.util.concurrent.ThreadPoolExecutor$Worker.run(ThreadPoolExecutor.java:624)
	at java.lang.Thread.run(Thread.java:748)
Exception in thread "pool-5-thread-329" java.lang.NullPointerException
	at tourGuide.service.GpsUtilProxyServiceImpl.getUserLocation(GpsUtilProxyServiceImpl.java:24)
	at tourGuide.service.TourGuideService.trackUserLocation(TourGuideService.java:169)
	at tourGuide.service.TourGuideService.lambda$trackUserLocationList$1(TourGuideService.java:190)
	at java.util.concurrent.ThreadPoolExecutor.runWorker(ThreadPoolExecutor.java:1149)
	at java.util.concurrent.ThreadPoolExecutor$Worker.run(ThreadPoolExecutor.java:624)
	at java.lang.Thread.run(Thread.java:748)
Exception in thread "pool-5-thread-332" java.lang.NullPointerException
	at tourGuide.service.GpsUtilProxyServiceImpl.getUserLocation(GpsUtilProxyServiceImpl.java:24)
	at tourGuide.service.TourGuideService.trackUserLocation(TourGuideService.java:169)
	at tourGuide.service.TourGuideService.lambda$trackUserLocationList$1(TourGuideService.java:190)
	at java.util.concurrent.ThreadPoolExecutor.runWorker(ThreadPoolExecutor.java:1149)
	at java.util.concurrent.ThreadPoolExecutor$Worker.run(ThreadPoolExecutor.java:624)
	at java.lang.Thread.run(Thread.java:748)
Exception in thread "pool-5-thread-335" java.lang.NullPointerException
	at tourGuide.service.GpsUtilProxyServiceImpl.getUserLocation(GpsUtilProxyServiceImpl.java:24)
	at tourGuide.service.TourGuideService.trackUserLocation(TourGuideService.java:169)
	at tourGuide.service.TourGuideService.lambda$trackUserLocationList$1(TourGuideService.java:190)
	at java.util.concurrent.ThreadPoolExecutor.runWorker(ThreadPoolExecutor.java:1149)
	at java.util.concurrent.ThreadPoolExecutor$Worker.run(ThreadPoolExecutor.java:624)
	at java.lang.Thread.run(Thread.java:748)
Exception in thread "pool-5-thread-336" java.lang.NullPointerException
	at tourGuide.service.GpsUtilProxyServiceImpl.getUserLocation(GpsUtilProxyServiceImpl.java:24)
	at tourGuide.service.TourGuideService.trackUserLocation(TourGuideService.java:169)
	at tourGuide.service.TourGuideService.lambda$trackUserLocationList$1(TourGuideService.java:190)
	at java.util.concurrent.ThreadPoolExecutor.runWorker(ThreadPoolExecutor.java:1149)
	at java.util.concurrent.ThreadPoolExecutor$Worker.run(ThreadPoolExecutor.java:624)
	at java.lang.Thread.run(Thread.java:748)
Exception in thread "pool-5-thread-337" java.lang.NullPointerException
	at tourGuide.service.GpsUtilProxyServiceImpl.getUserLocation(GpsUtilProxyServiceImpl.java:24)
	at tourGuide.service.TourGuideService.trackUserLocation(TourGuideService.java:169)
	at tourGuide.service.TourGuideService.lambda$trackUserLocationList$1(TourGuideService.java:190)
	at java.util.concurrent.ThreadPoolExecutor.runWorker(ThreadPoolExecutor.java:1149)
	at java.util.concurrent.ThreadPoolExecutor$Worker.run(ThreadPoolExecutor.java:624)
	at java.lang.Thread.run(Thread.java:748)
Exception in thread "pool-5-thread-338" java.lang.NullPointerException
	at tourGuide.service.GpsUtilProxyServiceImpl.getUserLocation(GpsUtilProxyServiceImpl.java:24)
	at tourGuide.service.TourGuideService.trackUserLocation(TourGuideService.java:169)
	at tourGuide.service.TourGuideService.lambda$trackUserLocationList$1(TourGuideService.java:190)
	at java.util.concurrent.ThreadPoolExecutor.runWorker(ThreadPoolExecutor.java:1149)
	at java.util.concurrent.ThreadPoolExecutor$Worker.run(ThreadPoolExecutor.java:624)
	at java.lang.Thread.run(Thread.java:748)
Exception in thread "pool-5-thread-340" java.lang.NullPointerException
	at tourGuide.service.GpsUtilProxyServiceImpl.getUserLocation(GpsUtilProxyServiceImpl.java:24)
	at tourGuide.service.TourGuideService.trackUserLocation(TourGuideService.java:169)
	at tourGuide.service.TourGuideService.lambda$trackUserLocationList$1(TourGuideService.java:190)
	at java.util.concurrent.ThreadPoolExecutor.runWorker(ThreadPoolExecutor.java:1149)
	at java.util.concurrent.ThreadPoolExecutor$Worker.run(ThreadPoolExecutor.java:624)
	at java.lang.Thread.run(Thread.java:748)
Exception in thread "pool-5-thread-343" java.lang.NullPointerException
	at tourGuide.service.GpsUtilProxyServiceImpl.getUserLocation(GpsUtilProxyServiceImpl.java:24)
	at tourGuide.service.TourGuideService.trackUserLocation(TourGuideService.java:169)
	at tourGuide.service.TourGuideService.lambda$trackUserLocationList$1(TourGuideService.java:190)
	at java.util.concurrent.ThreadPoolExecutor.runWorker(ThreadPoolExecutor.java:1149)
	at java.util.concurrent.ThreadPoolExecutor$Worker.run(ThreadPoolExecutor.java:624)
	at java.lang.Thread.run(Thread.java:748)
Exception in thread "pool-5-thread-350" java.lang.NullPointerException
	at tourGuide.service.GpsUtilProxyServiceImpl.getUserLocation(GpsUtilProxyServiceImpl.java:24)
	at tourGuide.service.TourGuideService.trackUserLocation(TourGuideService.java:169)
	at tourGuide.service.TourGuideService.lambda$trackUserLocationList$1(TourGuideService.java:190)
	at java.util.concurrent.ThreadPoolExecutor.runWorker(ThreadPoolExecutor.java:1149)
	at java.util.concurrent.ThreadPoolExecutor$Worker.run(ThreadPoolExecutor.java:624)
	at java.lang.Thread.run(Thread.java:748)
Exception in thread "pool-5-thread-352" java.lang.NullPointerException
	at tourGuide.service.GpsUtilProxyServiceImpl.getUserLocation(GpsUtilProxyServiceImpl.java:24)
	at tourGuide.service.TourGuideService.trackUserLocation(TourGuideService.java:169)
	at tourGuide.service.TourGuideService.lambda$trackUserLocationList$1(TourGuideService.java:190)
	at java.util.concurrent.ThreadPoolExecutor.runWorker(ThreadPoolExecutor.java:1149)
	at java.util.concurrent.ThreadPoolExecutor$Worker.run(ThreadPoolExecutor.java:624)
	at java.lang.Thread.run(Thread.java:748)
Exception in thread "pool-4-thread-80" java.lang.NullPointerException
	at tourGuide.service.GpsUtilProxyServiceImpl.getUserLocation(GpsUtilProxyServiceImpl.java:24)
	at tourGuide.service.TourGuideService.trackUserLocation(TourGuideService.java:169)
	at tourGuide.service.TourGuideService.lambda$trackUserLocationList$1(TourGuideService.java:190)
	at java.util.concurrent.ThreadPoolExecutor.runWorker(ThreadPoolExecutor.java:1149)
	at java.util.concurrent.ThreadPoolExecutor$Worker.run(ThreadPoolExecutor.java:624)
	at java.lang.Thread.run(Thread.java:748)
Exception in thread "pool-4-thread-81" java.lang.NullPointerException
	at tourGuide.service.GpsUtilProxyServiceImpl.getUserLocation(GpsUtilProxyServiceImpl.java:24)
	at tourGuide.service.TourGuideService.trackUserLocation(TourGuideService.java:169)
	at tourGuide.service.TourGuideService.lambda$trackUserLocationList$1(TourGuideService.java:190)
	at java.util.concurrent.ThreadPoolExecutor.runWorker(ThreadPoolExecutor.java:1149)
	at java.util.concurrent.ThreadPoolExecutor$Worker.run(ThreadPoolExecutor.java:624)
	at java.lang.Thread.run(Thread.java:748)
Exception in thread "pool-4-thread-83" java.lang.NullPointerException
	at tourGuide.service.GpsUtilProxyServiceImpl.getUserLocation(GpsUtilProxyServiceImpl.java:24)
	at tourGuide.service.TourGuideService.trackUserLocation(TourGuideService.java:169)
	at tourGuide.service.TourGuideService.lambda$trackUserLocationList$1(TourGuideService.java:190)
	at java.util.concurrent.ThreadPoolExecutor.runWorker(ThreadPoolExecutor.java:1149)
	at java.util.concurrent.ThreadPoolExecutor$Worker.run(ThreadPoolExecutor.java:624)
	at java.lang.Thread.run(Thread.java:748)
Exception in thread "pool-4-thread-13" java.lang.NullPointerException
	at tourGuide.service.GpsUtilProxyServiceImpl.getUserLocation(GpsUtilProxyServiceImpl.java:24)
	at tourGuide.service.TourGuideService.trackUserLocation(TourGuideService.java:169)
	at tourGuide.service.TourGuideService.lambda$trackUserLocationList$1(TourGuideService.java:190)
	at java.util.concurrent.ThreadPoolExecutor.runWorker(ThreadPoolExecutor.java:1149)
	at java.util.concurrent.ThreadPoolExecutor$Worker.run(ThreadPoolExecutor.java:624)
	at java.lang.Thread.run(Thread.java:748)
Exception in thread "pool-5-thread-122" java.lang.NullPointerException
	at tourGuide.service.GpsUtilProxyServiceImpl.getUserLocation(GpsUtilProxyServiceImpl.java:24)
	at tourGuide.service.TourGuideService.trackUserLocation(TourGuideService.java:169)
	at tourGuide.service.TourGuideService.lambda$trackUserLocationList$1(TourGuideService.java:190)
	at java.util.concurrent.ThreadPoolExecutor.runWorker(ThreadPoolExecutor.java:1149)
	at java.util.concurrent.ThreadPoolExecutor$Worker.run(ThreadPoolExecutor.java:624)
	at java.lang.Thread.run(Thread.java:748)
Exception in thread "pool-4-thread-29" java.lang.NullPointerException
	at tourGuide.service.GpsUtilProxyServiceImpl.getUserLocation(GpsUtilProxyServiceImpl.java:24)
	at tourGuide.service.TourGuideService.trackUserLocation(TourGuideService.java:169)
	at tourGuide.service.TourGuideService.lambda$trackUserLocationList$1(TourGuideService.java:190)
	at java.util.concurrent.ThreadPoolExecutor.runWorker(ThreadPoolExecutor.java:1149)
	at java.util.concurrent.ThreadPoolExecutor$Worker.run(ThreadPoolExecutor.java:624)
	at java.lang.Thread.run(Thread.java:748)
Exception in thread "pool-5-thread-20" java.lang.NullPointerException
	at tourGuide.service.GpsUtilProxyServiceImpl.getUserLocation(GpsUtilProxyServiceImpl.java:24)
	at tourGuide.service.TourGuideService.trackUserLocation(TourGuideService.java:169)
	at tourGuide.service.TourGuideService.lambda$trackUserLocationList$1(TourGuideService.java:190)
	at java.util.concurrent.ThreadPoolExecutor.runWorker(ThreadPoolExecutor.java:1149)
	at java.util.concurrent.ThreadPoolExecutor$Worker.run(ThreadPoolExecutor.java:624)
	at java.lang.Thread.run(Thread.java:748)
Exception in thread "pool-5-thread-103" java.lang.NullPointerException
	at tourGuide.service.GpsUtilProxyServiceImpl.getUserLocation(GpsUtilProxyServiceImpl.java:24)
	at tourGuide.service.TourGuideService.trackUserLocation(TourGuideService.java:169)
	at tourGuide.service.TourGuideService.lambda$trackUserLocationList$1(TourGuideService.java:190)
	at java.util.concurrent.ThreadPoolExecutor.runWorker(ThreadPoolExecutor.java:1149)
	at java.util.concurrent.ThreadPoolExecutor$Worker.run(ThreadPoolExecutor.java:624)
	at java.lang.Thread.run(Thread.java:748)
Exception in thread "pool-5-thread-104" java.lang.NullPointerException
	at tourGuide.service.GpsUtilProxyServiceImpl.getUserLocation(GpsUtilProxyServiceImpl.java:24)
	at tourGuide.service.TourGuideService.trackUserLocation(TourGuideService.java:169)
	at tourGuide.service.TourGuideService.lambda$trackUserLocationList$1(TourGuideService.java:190)
	at java.util.concurrent.ThreadPoolExecutor.runWorker(ThreadPoolExecutor.java:1149)
	at java.util.concurrent.ThreadPoolExecutor$Worker.run(ThreadPoolExecutor.java:624)
	at java.lang.Thread.run(Thread.java:748)
Exception in thread "pool-5-thread-105" java.lang.NullPointerException
	at tourGuide.service.GpsUtilProxyServiceImpl.getUserLocation(GpsUtilProxyServiceImpl.java:24)
	at tourGuide.service.TourGuideService.trackUserLocation(TourGuideService.java:169)
	at tourGuide.service.TourGuideService.lambda$trackUserLocationList$1(TourGuideService.java:190)
	at java.util.concurrent.ThreadPoolExecutor.runWorker(ThreadPoolExecutor.java:1149)
	at java.util.concurrent.ThreadPoolExecutor$Worker.run(ThreadPoolExecutor.java:624)
	at java.lang.Thread.run(Thread.java:748)
Exception in thread "pool-4-thread-30" java.lang.NullPointerException
	at tourGuide.service.GpsUtilProxyServiceImpl.getUserLocation(GpsUtilProxyServiceImpl.java:24)
	at tourGuide.service.TourGuideService.trackUserLocation(TourGuideService.java:169)
	at tourGuide.service.TourGuideService.lambda$trackUserLocationList$1(TourGuideService.java:190)
	at java.util.concurrent.ThreadPoolExecutor.runWorker(ThreadPoolExecutor.java:1149)
	at java.util.concurrent.ThreadPoolExecutor$Worker.run(ThreadPoolExecutor.java:624)
	at java.lang.Thread.run(Thread.java:748)
Exception in thread "pool-5-thread-116" java.lang.NullPointerException
	at tourGuide.service.GpsUtilProxyServiceImpl.getUserLocation(GpsUtilProxyServiceImpl.java:24)
	at tourGuide.service.TourGuideService.trackUserLocation(TourGuideService.java:169)
	at tourGuide.service.TourGuideService.lambda$trackUserLocationList$1(TourGuideService.java:190)
	at java.util.concurrent.ThreadPoolExecutor.runWorker(ThreadPoolExecutor.java:1149)
	at java.util.concurrent.ThreadPoolExecutor$Worker.run(ThreadPoolExecutor.java:624)
	at java.lang.Thread.run(Thread.java:748)
Exception in thread "pool-5-thread-25" java.lang.NullPointerException
	at tourGuide.service.GpsUtilProxyServiceImpl.getUserLocation(GpsUtilProxyServiceImpl.java:24)
	at tourGuide.service.TourGuideService.trackUserLocation(TourGuideService.java:169)
	at tourGuide.service.TourGuideService.lambda$trackUserLocationList$1(TourGuideService.java:190)
	at java.util.concurrent.ThreadPoolExecutor.runWorker(ThreadPoolExecutor.java:1149)
	at java.util.concurrent.ThreadPoolExecutor$Worker.run(ThreadPoolExecutor.java:624)
	at java.lang.Thread.run(Thread.java:748)
Exception in thread "pool-5-thread-118" java.lang.NullPointerException
	at tourGuide.service.GpsUtilProxyServiceImpl.getUserLocation(GpsUtilProxyServiceImpl.java:24)
	at tourGuide.service.TourGuideService.trackUserLocation(TourGuideService.java:169)
	at tourGuide.service.TourGuideService.lambda$trackUserLocationList$1(TourGuideService.java:190)
	at java.util.concurrent.ThreadPoolExecutor.runWorker(ThreadPoolExecutor.java:1149)
	at java.util.concurrent.ThreadPoolExecutor$Worker.run(ThreadPoolExecutor.java:624)
	at java.lang.Thread.run(Thread.java:748)
Exception in thread "pool-5-thread-119" java.lang.NullPointerException
	at tourGuide.service.GpsUtilProxyServiceImpl.getUserLocation(GpsUtilProxyServiceImpl.java:24)
	at tourGuide.service.TourGuideService.trackUserLocation(TourGuideService.java:169)
	at tourGuide.service.TourGuideService.lambda$trackUserLocationList$1(TourGuideService.java:190)
	at java.util.concurrent.ThreadPoolExecutor.runWorker(ThreadPoolExecutor.java:1149)
	at java.util.concurrent.ThreadPoolExecutor$Worker.run(ThreadPoolExecutor.java:624)
	at java.lang.Thread.run(Thread.java:748)
Exception in thread "pool-5-thread-120" java.lang.NullPointerException
	at tourGuide.service.GpsUtilProxyServiceImpl.getUserLocation(GpsUtilProxyServiceImpl.java:24)
	at tourGuide.service.TourGuideService.trackUserLocation(TourGuideService.java:169)
	at tourGuide.service.TourGuideService.lambda$trackUserLocationList$1(TourGuideService.java:190)
	at java.util.concurrent.ThreadPoolExecutor.runWorker(ThreadPoolExecutor.java:1149)
	at java.util.concurrent.ThreadPoolExecutor$Worker.run(ThreadPoolExecutor.java:624)
	at java.lang.Thread.run(Thread.java:748)
Exception in thread "pool-5-thread-110" java.lang.NullPointerException
	at tourGuide.service.GpsUtilProxyServiceImpl.getUserLocation(GpsUtilProxyServiceImpl.java:24)
	at tourGuide.service.TourGuideService.trackUserLocation(TourGuideService.java:169)
	at tourGuide.service.TourGuideService.lambda$trackUserLocationList$1(TourGuideService.java:190)
	at java.util.concurrent.ThreadPoolExecutor.runWorker(ThreadPoolExecutor.java:1149)
	at java.util.concurrent.ThreadPoolExecutor$Worker.run(ThreadPoolExecutor.java:624)
	at java.lang.Thread.run(Thread.java:748)
Exception in thread "pool-4-thread-85" java.lang.NullPointerException
	at tourGuide.service.GpsUtilProxyServiceImpl.getUserLocation(GpsUtilProxyServiceImpl.java:24)
	at tourGuide.service.TourGuideService.trackUserLocation(TourGuideService.java:169)
	at tourGuide.service.TourGuideService.lambda$trackUserLocationList$1(TourGuideService.java:190)
	at java.util.concurrent.ThreadPoolExecutor.runWorker(ThreadPoolExecutor.java:1149)
	at java.util.concurrent.ThreadPoolExecutor$Worker.run(ThreadPoolExecutor.java:624)
	at java.lang.Thread.run(Thread.java:748)
Exception in thread "pool-5-thread-19" java.lang.NullPointerException
	at tourGuide.service.GpsUtilProxyServiceImpl.getUserLocation(GpsUtilProxyServiceImpl.java:24)
	at tourGuide.service.TourGuideService.trackUserLocation(TourGuideService.java:169)
	at tourGuide.service.TourGuideService.lambda$trackUserLocationList$1(TourGuideService.java:190)
	at java.util.concurrent.ThreadPoolExecutor.runWorker(ThreadPoolExecutor.java:1149)
	at java.util.concurrent.ThreadPoolExecutor$Worker.run(ThreadPoolExecutor.java:624)
	at java.lang.Thread.run(Thread.java:748)
Exception in thread "pool-5-thread-117" java.lang.NullPointerException
	at tourGuide.service.GpsUtilProxyServiceImpl.getUserLocation(GpsUtilProxyServiceImpl.java:24)
	at tourGuide.service.TourGuideService.trackUserLocation(TourGuideService.java:169)
	at tourGuide.service.TourGuideService.lambda$trackUserLocationList$1(TourGuideService.java:190)
	at java.util.concurrent.ThreadPoolExecutor.runWorker(ThreadPoolExecutor.java:1149)
	at java.util.concurrent.ThreadPoolExecutor$Worker.run(ThreadPoolExecutor.java:624)
	at java.lang.Thread.run(Thread.java:748)
Exception in thread "pool-5-thread-115" java.lang.NullPointerException
	at tourGuide.service.GpsUtilProxyServiceImpl.getUserLocation(GpsUtilProxyServiceImpl.java:24)
	at tourGuide.service.TourGuideService.trackUserLocation(TourGuideService.java:169)
	at tourGuide.service.TourGuideService.lambda$trackUserLocationList$1(TourGuideService.java:190)
	at java.util.concurrent.ThreadPoolExecutor.runWorker(ThreadPoolExecutor.java:1149)
	at java.util.concurrent.ThreadPoolExecutor$Worker.run(ThreadPoolExecutor.java:624)
	at java.lang.Thread.run(Thread.java:748)
Exception in thread "pool-4-thread-31" java.lang.NullPointerException
	at tourGuide.service.GpsUtilProxyServiceImpl.getUserLocation(GpsUtilProxyServiceImpl.java:24)
	at tourGuide.service.TourGuideService.trackUserLocation(TourGuideService.java:169)
	at tourGuide.service.TourGuideService.lambda$trackUserLocationList$1(TourGuideService.java:190)
	at java.util.concurrent.ThreadPoolExecutor.runWorker(ThreadPoolExecutor.java:1149)
	at java.util.concurrent.ThreadPoolExecutor$Worker.run(ThreadPoolExecutor.java:624)
	at java.lang.Thread.run(Thread.java:748)
Exception in thread "pool-5-thread-24" java.lang.NullPointerException
	at tourGuide.service.GpsUtilProxyServiceImpl.getUserLocation(GpsUtilProxyServiceImpl.java:24)
	at tourGuide.service.TourGuideService.trackUserLocation(TourGuideService.java:169)
	at tourGuide.service.TourGuideService.lambda$trackUserLocationList$1(TourGuideService.java:190)
	at java.util.concurrent.ThreadPoolExecutor.runWorker(ThreadPoolExecutor.java:1149)
	at java.util.concurrent.ThreadPoolExecutor$Worker.run(ThreadPoolExecutor.java:624)
	at java.lang.Thread.run(Thread.java:748)
Exception in thread "pool-5-thread-23" java.lang.NullPointerException
	at tourGuide.service.GpsUtilProxyServiceImpl.getUserLocation(GpsUtilProxyServiceImpl.java:24)
	at tourGuide.service.TourGuideService.trackUserLocation(TourGuideService.java:169)
	at tourGuide.service.TourGuideService.lambda$trackUserLocationList$1(TourGuideService.java:190)
	at java.util.concurrent.ThreadPoolExecutor.runWorker(ThreadPoolExecutor.java:1149)
	at java.util.concurrent.ThreadPoolExecutor$Worker.run(ThreadPoolExecutor.java:624)
	at java.lang.Thread.run(Thread.java:748)
Exception in thread "pool-5-thread-111" java.lang.NullPointerException
	at tourGuide.service.GpsUtilProxyServiceImpl.getUserLocation(GpsUtilProxyServiceImpl.java:24)
	at tourGuide.service.TourGuideService.trackUserLocation(TourGuideService.java:169)
	at tourGuide.service.TourGuideService.lambda$trackUserLocationList$1(TourGuideService.java:190)
	at java.util.concurrent.ThreadPoolExecutor.runWorker(ThreadPoolExecutor.java:1149)
	at java.util.concurrent.ThreadPoolExecutor$Worker.run(ThreadPoolExecutor.java:624)
	at java.lang.Thread.run(Thread.java:748)
Exception in thread "pool-5-thread-107" java.lang.NullPointerException
	at tourGuide.service.GpsUtilProxyServiceImpl.getUserLocation(GpsUtilProxyServiceImpl.java:24)
	at tourGuide.service.TourGuideService.trackUserLocation(TourGuideService.java:169)
	at tourGuide.service.TourGuideService.lambda$trackUserLocationList$1(TourGuideService.java:190)
	at java.util.concurrent.ThreadPoolExecutor.runWorker(ThreadPoolExecutor.java:1149)
	at java.util.concurrent.ThreadPoolExecutor$Worker.run(ThreadPoolExecutor.java:624)
	at java.lang.Thread.run(Thread.java:748)
Exception in thread "pool-5-thread-22" java.lang.NullPointerException
	at tourGuide.service.GpsUtilProxyServiceImpl.getUserLocation(GpsUtilProxyServiceImpl.java:24)
	at tourGuide.service.TourGuideService.trackUserLocation(TourGuideService.java:169)
	at tourGuide.service.TourGuideService.lambda$trackUserLocationList$1(TourGuideService.java:190)
	at java.util.concurrent.ThreadPoolExecutor.runWorker(ThreadPoolExecutor.java:1149)
	at java.util.concurrent.ThreadPoolExecutor$Worker.run(ThreadPoolExecutor.java:624)
	at java.lang.Thread.run(Thread.java:748)
Exception in thread "pool-5-thread-108" java.lang.NullPointerException
	at tourGuide.service.GpsUtilProxyServiceImpl.getUserLocation(GpsUtilProxyServiceImpl.java:24)
	at tourGuide.service.TourGuideService.trackUserLocation(TourGuideService.java:169)
	at tourGuide.service.TourGuideService.lambda$trackUserLocationList$1(TourGuideService.java:190)
	at java.util.concurrent.ThreadPoolExecutor.runWorker(ThreadPoolExecutor.java:1149)
	at java.util.concurrent.ThreadPoolExecutor$Worker.run(ThreadPoolExecutor.java:624)
	at java.lang.Thread.run(Thread.java:748)
Exception in thread "pool-5-thread-21" java.lang.NullPointerException
	at tourGuide.service.GpsUtilProxyServiceImpl.getUserLocation(GpsUtilProxyServiceImpl.java:24)
	at tourGuide.service.TourGuideService.trackUserLocation(TourGuideService.java:169)
	at tourGuide.service.TourGuideService.lambda$trackUserLocationList$1(TourGuideService.java:190)
	at java.util.concurrent.ThreadPoolExecutor.runWorker(ThreadPoolExecutor.java:1149)
	at java.util.concurrent.ThreadPoolExecutor$Worker.run(ThreadPoolExecutor.java:624)
	at java.lang.Thread.run(Thread.java:748)
Exception in thread "pool-5-thread-106" java.lang.NullPointerException
	at tourGuide.service.GpsUtilProxyServiceImpl.getUserLocation(GpsUtilProxyServiceImpl.java:24)
	at tourGuide.service.TourGuideService.trackUserLocation(TourGuideService.java:169)
	at tourGuide.service.TourGuideService.lambda$trackUserLocationList$1(TourGuideService.java:190)
	at java.util.concurrent.ThreadPoolExecutor.runWorker(ThreadPoolExecutor.java:1149)
	at java.util.concurrent.ThreadPoolExecutor$Worker.run(ThreadPoolExecutor.java:624)
	at java.lang.Thread.run(Thread.java:748)
Exception in thread "pool-4-thread-28" java.lang.NullPointerException
	at tourGuide.service.GpsUtilProxyServiceImpl.getUserLocation(GpsUtilProxyServiceImpl.java:24)
	at tourGuide.service.TourGuideService.trackUserLocation(TourGuideService.java:169)
	at tourGuide.service.TourGuideService.lambda$trackUserLocationList$1(TourGuideService.java:190)
	at java.util.concurrent.ThreadPoolExecutor.runWorker(ThreadPoolExecutor.java:1149)
	at java.util.concurrent.ThreadPoolExecutor$Worker.run(ThreadPoolExecutor.java:624)
	at java.lang.Thread.run(Thread.java:748)
Exception in thread "pool-4-thread-24" java.lang.NullPointerException
	at tourGuide.service.GpsUtilProxyServiceImpl.getUserLocation(GpsUtilProxyServiceImpl.java:24)
	at tourGuide.service.TourGuideService.trackUserLocation(TourGuideService.java:169)
	at tourGuide.service.TourGuideService.lambda$trackUserLocationList$1(TourGuideService.java:190)
	at java.util.concurrent.ThreadPoolExecutor.runWorker(ThreadPoolExecutor.java:1149)
	at java.util.concurrent.ThreadPoolExecutor$Worker.run(ThreadPoolExecutor.java:624)
	at java.lang.Thread.run(Thread.java:748)
Exception in thread "pool-5-thread-101" java.lang.NullPointerException
	at tourGuide.service.GpsUtilProxyServiceImpl.getUserLocation(GpsUtilProxyServiceImpl.java:24)
	at tourGuide.service.TourGuideService.trackUserLocation(TourGuideService.java:169)
	at tourGuide.service.TourGuideService.lambda$trackUserLocationList$1(TourGuideService.java:190)
	at java.util.concurrent.ThreadPoolExecutor.runWorker(ThreadPoolExecutor.java:1149)
	at java.util.concurrent.ThreadPoolExecutor$Worker.run(ThreadPoolExecutor.java:624)
	at java.lang.Thread.run(Thread.java:748)
Exception in thread "pool-5-thread-102" java.lang.NullPointerException
	at tourGuide.service.GpsUtilProxyServiceImpl.getUserLocation(GpsUtilProxyServiceImpl.java:24)
	at tourGuide.service.TourGuideService.trackUserLocation(TourGuideService.java:169)
	at tourGuide.service.TourGuideService.lambda$trackUserLocationList$1(TourGuideService.java:190)
	at java.util.concurrent.ThreadPoolExecutor.runWorker(ThreadPoolExecutor.java:1149)
	at java.util.concurrent.ThreadPoolExecutor$Worker.run(ThreadPoolExecutor.java:624)
	at java.lang.Thread.run(Thread.java:748)
Exception in thread "pool-4-thread-26" java.lang.NullPointerException
	at tourGuide.service.GpsUtilProxyServiceImpl.getUserLocation(GpsUtilProxyServiceImpl.java:24)
	at tourGuide.service.TourGuideService.trackUserLocation(TourGuideService.java:169)
	at tourGuide.service.TourGuideService.lambda$trackUserLocationList$1(TourGuideService.java:190)
	at java.util.concurrent.ThreadPoolExecutor.runWorker(ThreadPoolExecutor.java:1149)
	at java.util.concurrent.ThreadPoolExecutor$Worker.run(ThreadPoolExecutor.java:624)
	at java.lang.Thread.run(Thread.java:748)
Exception in thread "pool-4-thread-86" java.lang.NullPointerException
	at tourGuide.service.GpsUtilProxyServiceImpl.getUserLocation(GpsUtilProxyServiceImpl.java:24)
	at tourGuide.service.TourGuideService.trackUserLocation(TourGuideService.java:169)
	at tourGuide.service.TourGuideService.lambda$trackUserLocationList$1(TourGuideService.java:190)
	at java.util.concurrent.ThreadPoolExecutor.runWorker(ThreadPoolExecutor.java:1149)
	at java.util.concurrent.ThreadPoolExecutor$Worker.run(ThreadPoolExecutor.java:624)
	at java.lang.Thread.run(Thread.java:748)
Exception in thread "pool-5-thread-100" java.lang.NullPointerException
	at tourGuide.service.GpsUtilProxyServiceImpl.getUserLocation(GpsUtilProxyServiceImpl.java:24)
	at tourGuide.service.TourGuideService.trackUserLocation(TourGuideService.java:169)
	at tourGuide.service.TourGuideService.lambda$trackUserLocationList$1(TourGuideService.java:190)
	at java.util.concurrent.ThreadPoolExecutor.runWorker(ThreadPoolExecutor.java:1149)
	at java.util.concurrent.ThreadPoolExecutor$Worker.run(ThreadPoolExecutor.java:624)
	at java.lang.Thread.run(Thread.java:748)
Exception in thread "pool-5-thread-17" java.lang.NullPointerException
	at tourGuide.service.GpsUtilProxyServiceImpl.getUserLocation(GpsUtilProxyServiceImpl.java:24)
	at tourGuide.service.TourGuideService.trackUserLocation(TourGuideService.java:169)
	at tourGuide.service.TourGuideService.lambda$trackUserLocationList$1(TourGuideService.java:190)
	at java.util.concurrent.ThreadPoolExecutor.runWorker(ThreadPoolExecutor.java:1149)
	at java.util.concurrent.ThreadPoolExecutor$Worker.run(ThreadPoolExecutor.java:624)
	at java.lang.Thread.run(Thread.java:748)
Exception in thread "pool-5-thread-18" java.lang.NullPointerException
	at tourGuide.service.GpsUtilProxyServiceImpl.getUserLocation(GpsUtilProxyServiceImpl.java:24)
	at tourGuide.service.TourGuideService.trackUserLocation(TourGuideService.java:169)
	at tourGuide.service.TourGuideService.lambda$trackUserLocationList$1(TourGuideService.java:190)
	at java.util.concurrent.ThreadPoolExecutor.runWorker(ThreadPoolExecutor.java:1149)
	at java.util.concurrent.ThreadPoolExecutor$Worker.run(ThreadPoolExecutor.java:624)
	at java.lang.Thread.run(Thread.java:748)
Exception in thread "pool-4-thread-101" java.lang.NullPointerException
	at tourGuide.service.GpsUtilProxyServiceImpl.getUserLocation(GpsUtilProxyServiceImpl.java:24)
	at tourGuide.service.TourGuideService.trackUserLocation(TourGuideService.java:169)
	at tourGuide.service.TourGuideService.lambda$trackUserLocationList$1(TourGuideService.java:190)
	at java.util.concurrent.ThreadPoolExecutor.runWorker(ThreadPoolExecutor.java:1149)
	at java.util.concurrent.ThreadPoolExecutor$Worker.run(ThreadPoolExecutor.java:624)
	at java.lang.Thread.run(Thread.java:748)
Exception in thread "pool-5-thread-98" java.lang.NullPointerException
	at tourGuide.service.GpsUtilProxyServiceImpl.getUserLocation(GpsUtilProxyServiceImpl.java:24)
	at tourGuide.service.TourGuideService.trackUserLocation(TourGuideService.java:169)
	at tourGuide.service.TourGuideService.lambda$trackUserLocationList$1(TourGuideService.java:190)
	at java.util.concurrent.ThreadPoolExecutor.runWorker(ThreadPoolExecutor.java:1149)
	at java.util.concurrent.ThreadPoolExecutor$Worker.run(ThreadPoolExecutor.java:624)
	at java.lang.Thread.run(Thread.java:748)
Exception in thread "pool-5-thread-14" java.lang.NullPointerException
	at tourGuide.service.GpsUtilProxyServiceImpl.getUserLocation(GpsUtilProxyServiceImpl.java:24)
	at tourGuide.service.TourGuideService.trackUserLocation(TourGuideService.java:169)
	at tourGuide.service.TourGuideService.lambda$trackUserLocationList$1(TourGuideService.java:190)
	at java.util.concurrent.ThreadPoolExecutor.runWorker(ThreadPoolExecutor.java:1149)
	at java.util.concurrent.ThreadPoolExecutor$Worker.run(ThreadPoolExecutor.java:624)
	at java.lang.Thread.run(Thread.java:748)
Exception in thread "pool-4-thread-25" java.lang.NullPointerException
	at tourGuide.service.GpsUtilProxyServiceImpl.getUserLocation(GpsUtilProxyServiceImpl.java:24)
	at tourGuide.service.TourGuideService.trackUserLocation(TourGuideService.java:169)
	at tourGuide.service.TourGuideService.lambda$trackUserLocationList$1(TourGuideService.java:190)
	at java.util.concurrent.ThreadPoolExecutor.runWorker(ThreadPoolExecutor.java:1149)
	at java.util.concurrent.ThreadPoolExecutor$Worker.run(ThreadPoolExecutor.java:624)
	at java.lang.Thread.run(Thread.java:748)
Exception in thread "pool-4-thread-100" java.lang.NullPointerException
	at tourGuide.service.GpsUtilProxyServiceImpl.getUserLocation(GpsUtilProxyServiceImpl.java:24)
	at tourGuide.service.TourGuideService.trackUserLocation(TourGuideService.java:169)
	at tourGuide.service.TourGuideService.lambda$trackUserLocationList$1(TourGuideService.java:190)
	at java.util.concurrent.ThreadPoolExecutor.runWorker(ThreadPoolExecutor.java:1149)
	at java.util.concurrent.ThreadPoolExecutor$Worker.run(ThreadPoolExecutor.java:624)
	at java.lang.Thread.run(Thread.java:748)
Exception in thread "pool-5-thread-16" java.lang.NullPointerException
	at tourGuide.service.GpsUtilProxyServiceImpl.getUserLocation(GpsUtilProxyServiceImpl.java:24)
	at tourGuide.service.TourGuideService.trackUserLocation(TourGuideService.java:169)
	at tourGuide.service.TourGuideService.lambda$trackUserLocationList$1(TourGuideService.java:190)
	at java.util.concurrent.ThreadPoolExecutor.runWorker(ThreadPoolExecutor.java:1149)
	at java.util.concurrent.ThreadPoolExecutor$Worker.run(ThreadPoolExecutor.java:624)
	at java.lang.Thread.run(Thread.java:748)
Exception in thread "pool-5-thread-97" java.lang.NullPointerException
	at tourGuide.service.GpsUtilProxyServiceImpl.getUserLocation(GpsUtilProxyServiceImpl.java:24)
	at tourGuide.service.TourGuideService.trackUserLocation(TourGuideService.java:169)
	at tourGuide.service.TourGuideService.lambda$trackUserLocationList$1(TourGuideService.java:190)
	at java.util.concurrent.ThreadPoolExecutor.runWorker(ThreadPoolExecutor.java:1149)
	at java.util.concurrent.ThreadPoolExecutor$Worker.run(ThreadPoolExecutor.java:624)
	at java.lang.Thread.run(Thread.java:748)
Exception in thread "pool-5-thread-99" java.lang.NullPointerException
	at tourGuide.service.GpsUtilProxyServiceImpl.getUserLocation(GpsUtilProxyServiceImpl.java:24)
	at tourGuide.service.TourGuideService.trackUserLocation(TourGuideService.java:169)
	at tourGuide.service.TourGuideService.lambda$trackUserLocationList$1(TourGuideService.java:190)
	at java.util.concurrent.ThreadPoolExecutor.runWorker(ThreadPoolExecutor.java:1149)
	at java.util.concurrent.ThreadPoolExecutor$Worker.run(ThreadPoolExecutor.java:624)
	at java.lang.Thread.run(Thread.java:748)
Exception in thread "pool-5-thread-8" java.lang.NullPointerException
	at tourGuide.service.GpsUtilProxyServiceImpl.getUserLocation(GpsUtilProxyServiceImpl.java:24)
	at tourGuide.service.TourGuideService.trackUserLocation(TourGuideService.java:169)
	at tourGuide.service.TourGuideService.lambda$trackUserLocationList$1(TourGuideService.java:190)
	at java.util.concurrent.ThreadPoolExecutor.runWorker(ThreadPoolExecutor.java:1149)
	at java.util.concurrent.ThreadPoolExecutor$Worker.run(ThreadPoolExecutor.java:624)
	at java.lang.Thread.run(Thread.java:748)
Exception in thread "pool-5-thread-15" java.lang.NullPointerException
	at tourGuide.service.GpsUtilProxyServiceImpl.getUserLocation(GpsUtilProxyServiceImpl.java:24)
	at tourGuide.service.TourGuideService.trackUserLocation(TourGuideService.java:169)
	at tourGuide.service.TourGuideService.lambda$trackUserLocationList$1(TourGuideService.java:190)
	at java.util.concurrent.ThreadPoolExecutor.runWorker(ThreadPoolExecutor.java:1149)
	at java.util.concurrent.ThreadPoolExecutor$Worker.run(ThreadPoolExecutor.java:624)
	at java.lang.Thread.run(Thread.java:748)
Exception in thread "pool-4-thread-87" java.lang.NullPointerException
	at tourGuide.service.GpsUtilProxyServiceImpl.getUserLocation(GpsUtilProxyServiceImpl.java:24)
	at tourGuide.service.TourGuideService.trackUserLocation(TourGuideService.java:169)
	at tourGuide.service.TourGuideService.lambda$trackUserLocationList$1(TourGuideService.java:190)
	at java.util.concurrent.ThreadPoolExecutor.runWorker(ThreadPoolExecutor.java:1149)
	at java.util.concurrent.ThreadPoolExecutor$Worker.run(ThreadPoolExecutor.java:624)
	at java.lang.Thread.run(Thread.java:748)
Exception in thread "pool-4-thread-23" java.lang.NullPointerException
	at tourGuide.service.GpsUtilProxyServiceImpl.getUserLocation(GpsUtilProxyServiceImpl.java:24)
	at tourGuide.service.TourGuideService.trackUserLocation(TourGuideService.java:169)
	at tourGuide.service.TourGuideService.lambda$trackUserLocationList$1(TourGuideService.java:190)
	at java.util.concurrent.ThreadPoolExecutor.runWorker(ThreadPoolExecutor.java:1149)
	at java.util.concurrent.ThreadPoolExecutor$Worker.run(ThreadPoolExecutor.java:624)
	at java.lang.Thread.run(Thread.java:748)
Exception in thread "pool-4-thread-99" java.lang.NullPointerException
	at tourGuide.service.GpsUtilProxyServiceImpl.getUserLocation(GpsUtilProxyServiceImpl.java:24)
	at tourGuide.service.TourGuideService.trackUserLocation(TourGuideService.java:169)
	at tourGuide.service.TourGuideService.lambda$trackUserLocationList$1(TourGuideService.java:190)
	at java.util.concurrent.ThreadPoolExecutor.runWorker(ThreadPoolExecutor.java:1149)
	at java.util.concurrent.ThreadPoolExecutor$Worker.run(ThreadPoolExecutor.java:624)
	at java.lang.Thread.run(Thread.java:748)
Exception in thread "pool-5-thread-95" java.lang.NullPointerException
	at tourGuide.service.GpsUtilProxyServiceImpl.getUserLocation(GpsUtilProxyServiceImpl.java:24)
	at tourGuide.service.TourGuideService.trackUserLocation(TourGuideService.java:169)
	at tourGuide.service.TourGuideService.lambda$trackUserLocationList$1(TourGuideService.java:190)
	at java.util.concurrent.ThreadPoolExecutor.runWorker(ThreadPoolExecutor.java:1149)
	at java.util.concurrent.ThreadPoolExecutor$Worker.run(ThreadPoolExecutor.java:624)
	at java.lang.Thread.run(Thread.java:748)
Exception in thread "pool-5-thread-12" java.lang.NullPointerException
	at tourGuide.service.GpsUtilProxyServiceImpl.getUserLocation(GpsUtilProxyServiceImpl.java:24)
	at tourGuide.service.TourGuideService.trackUserLocation(TourGuideService.java:169)
	at tourGuide.service.TourGuideService.lambda$trackUserLocationList$1(TourGuideService.java:190)
	at java.util.concurrent.ThreadPoolExecutor.runWorker(ThreadPoolExecutor.java:1149)
	at java.util.concurrent.ThreadPoolExecutor$Worker.run(ThreadPoolExecutor.java:624)
	at java.lang.Thread.run(Thread.java:748)
Exception in thread "pool-4-thread-94" java.lang.NullPointerException
	at tourGuide.service.GpsUtilProxyServiceImpl.getUserLocation(GpsUtilProxyServiceImpl.java:24)
	at tourGuide.service.TourGuideService.trackUserLocation(TourGuideService.java:169)
	at tourGuide.service.TourGuideService.lambda$trackUserLocationList$1(TourGuideService.java:190)
	at java.util.concurrent.ThreadPoolExecutor.runWorker(ThreadPoolExecutor.java:1149)
	at java.util.concurrent.ThreadPoolExecutor$Worker.run(ThreadPoolExecutor.java:624)
	at java.lang.Thread.run(Thread.java:748)
Exception in thread "pool-4-thread-22" java.lang.NullPointerException
	at tourGuide.service.GpsUtilProxyServiceImpl.getUserLocation(GpsUtilProxyServiceImpl.java:24)
	at tourGuide.service.TourGuideService.trackUserLocation(TourGuideService.java:169)
	at tourGuide.service.TourGuideService.lambda$trackUserLocationList$1(TourGuideService.java:190)
	at java.util.concurrent.ThreadPoolExecutor.runWorker(ThreadPoolExecutor.java:1149)
	at java.util.concurrent.ThreadPoolExecutor$Worker.run(ThreadPoolExecutor.java:624)
	at java.lang.Thread.run(Thread.java:748)
Exception in thread "pool-5-thread-13" java.lang.NullPointerException
	at tourGuide.service.GpsUtilProxyServiceImpl.getUserLocation(GpsUtilProxyServiceImpl.java:24)
	at tourGuide.service.TourGuideService.trackUserLocation(TourGuideService.java:169)
	at tourGuide.service.TourGuideService.lambda$trackUserLocationList$1(TourGuideService.java:190)
	at java.util.concurrent.ThreadPoolExecutor.runWorker(ThreadPoolExecutor.java:1149)
	at java.util.concurrent.ThreadPoolExecutor$Worker.run(ThreadPoolExecutor.java:624)
	at java.lang.Thread.run(Thread.java:748)
Exception in thread "pool-4-thread-91" java.lang.NullPointerException
	at tourGuide.service.GpsUtilProxyServiceImpl.getUserLocation(GpsUtilProxyServiceImpl.java:24)
	at tourGuide.service.TourGuideService.trackUserLocation(TourGuideService.java:169)
	at tourGuide.service.TourGuideService.lambda$trackUserLocationList$1(TourGuideService.java:190)
	at java.util.concurrent.ThreadPoolExecutor.runWorker(ThreadPoolExecutor.java:1149)
	at java.util.concurrent.ThreadPoolExecutor$Worker.run(ThreadPoolExecutor.java:624)
	at java.lang.Thread.run(Thread.java:748)
Exception in thread "pool-5-thread-11" java.lang.NullPointerException
	at tourGuide.service.GpsUtilProxyServiceImpl.getUserLocation(GpsUtilProxyServiceImpl.java:24)
	at tourGuide.service.TourGuideService.trackUserLocation(TourGuideService.java:169)
	at tourGuide.service.TourGuideService.lambda$trackUserLocationList$1(TourGuideService.java:190)
	at java.util.concurrent.ThreadPoolExecutor.runWorker(ThreadPoolExecutor.java:1149)
	at java.util.concurrent.ThreadPoolExecutor$Worker.run(ThreadPoolExecutor.java:624)
	at java.lang.Thread.run(Thread.java:748)
Exception in thread "pool-4-thread-92" java.lang.NullPointerException
	at tourGuide.service.GpsUtilProxyServiceImpl.getUserLocation(GpsUtilProxyServiceImpl.java:24)
	at tourGuide.service.TourGuideService.trackUserLocation(TourGuideService.java:169)
	at tourGuide.service.TourGuideService.lambda$trackUserLocationList$1(TourGuideService.java:190)
	at java.util.concurrent.ThreadPoolExecutor.runWorker(ThreadPoolExecutor.java:1149)
	at java.util.concurrent.ThreadPoolExecutor$Worker.run(ThreadPoolExecutor.java:624)
	at java.lang.Thread.run(Thread.java:748)
Exception in thread "pool-4-thread-90" java.lang.NullPointerException
	at tourGuide.service.GpsUtilProxyServiceImpl.getUserLocation(GpsUtilProxyServiceImpl.java:24)
	at tourGuide.service.TourGuideService.trackUserLocation(TourGuideService.java:169)
	at tourGuide.service.TourGuideService.lambda$trackUserLocationList$1(TourGuideService.java:190)
	at java.util.concurrent.ThreadPoolExecutor.runWorker(ThreadPoolExecutor.java:1149)
	at java.util.concurrent.ThreadPoolExecutor$Worker.run(ThreadPoolExecutor.java:624)
	at java.lang.Thread.run(Thread.java:748)
Exception in thread "pool-4-thread-19" java.lang.NullPointerException
	at tourGuide.service.GpsUtilProxyServiceImpl.getUserLocation(GpsUtilProxyServiceImpl.java:24)
	at tourGuide.service.TourGuideService.trackUserLocation(TourGuideService.java:169)
	at tourGuide.service.TourGuideService.lambda$trackUserLocationList$1(TourGuideService.java:190)
	at java.util.concurrent.ThreadPoolExecutor.runWorker(ThreadPoolExecutor.java:1149)
	at java.util.concurrent.ThreadPoolExecutor$Worker.run(ThreadPoolExecutor.java:624)
	at java.lang.Thread.run(Thread.java:748)
Exception in thread "pool-5-thread-89" java.lang.NullPointerException
	at tourGuide.service.GpsUtilProxyServiceImpl.getUserLocation(GpsUtilProxyServiceImpl.java:24)
	at tourGuide.service.TourGuideService.trackUserLocation(TourGuideService.java:169)
	at tourGuide.service.TourGuideService.lambda$trackUserLocationList$1(TourGuideService.java:190)
	at java.util.concurrent.ThreadPoolExecutor.runWorker(ThreadPoolExecutor.java:1149)
	at java.util.concurrent.ThreadPoolExecutor$Worker.run(ThreadPoolExecutor.java:624)
	at java.lang.Thread.run(Thread.java:748)
Exception in thread "pool-5-thread-10" java.lang.NullPointerException
	at tourGuide.service.GpsUtilProxyServiceImpl.getUserLocation(GpsUtilProxyServiceImpl.java:24)
	at tourGuide.service.TourGuideService.trackUserLocation(TourGuideService.java:169)
	at tourGuide.service.TourGuideService.lambda$trackUserLocationList$1(TourGuideService.java:190)
	at java.util.concurrent.ThreadPoolExecutor.runWorker(ThreadPoolExecutor.java:1149)
	at java.util.concurrent.ThreadPoolExecutor$Worker.run(ThreadPoolExecutor.java:624)
	at java.lang.Thread.run(Thread.java:748)
Exception in thread "pool-4-thread-88" java.lang.NullPointerException
	at tourGuide.service.GpsUtilProxyServiceImpl.getUserLocation(GpsUtilProxyServiceImpl.java:24)
	at tourGuide.service.TourGuideService.trackUserLocation(TourGuideService.java:169)
	at tourGuide.service.TourGuideService.lambda$trackUserLocationList$1(TourGuideService.java:190)
	at java.util.concurrent.ThreadPoolExecutor.runWorker(ThreadPoolExecutor.java:1149)
	at java.util.concurrent.ThreadPoolExecutor$Worker.run(ThreadPoolExecutor.java:624)
	at java.lang.Thread.run(Thread.java:748)
Exception in thread "pool-4-thread-89" java.lang.NullPointerException
	at tourGuide.service.GpsUtilProxyServiceImpl.getUserLocation(GpsUtilProxyServiceImpl.java:24)
	at tourGuide.service.TourGuideService.trackUserLocation(TourGuideService.java:169)
	at tourGuide.service.TourGuideService.lambda$trackUserLocationList$1(TourGuideService.java:190)
	at java.util.concurrent.ThreadPoolExecutor.runWorker(ThreadPoolExecutor.java:1149)
	at java.util.concurrent.ThreadPoolExecutor$Worker.run(ThreadPoolExecutor.java:624)
	at java.lang.Thread.run(Thread.java:748)
Exception in thread "pool-5-thread-9" java.lang.NullPointerException
	at tourGuide.service.GpsUtilProxyServiceImpl.getUserLocation(GpsUtilProxyServiceImpl.java:24)
	at tourGuide.service.TourGuideService.trackUserLocation(TourGuideService.java:169)
	at tourGuide.service.TourGuideService.lambda$trackUserLocationList$1(TourGuideService.java:190)
	at java.util.concurrent.ThreadPoolExecutor.runWorker(ThreadPoolExecutor.java:1149)
	at java.util.concurrent.ThreadPoolExecutor$Worker.run(ThreadPoolExecutor.java:624)
	at java.lang.Thread.run(Thread.java:748)
Exception in thread "pool-5-thread-88" java.lang.NullPointerException
	at tourGuide.service.GpsUtilProxyServiceImpl.getUserLocation(GpsUtilProxyServiceImpl.java:24)
	at tourGuide.service.TourGuideService.trackUserLocation(TourGuideService.java:169)
	at tourGuide.service.TourGuideService.lambda$trackUserLocationList$1(TourGuideService.java:190)
	at java.util.concurrent.ThreadPoolExecutor.runWorker(ThreadPoolExecutor.java:1149)
	at java.util.concurrent.ThreadPoolExecutor$Worker.run(ThreadPoolExecutor.java:624)
	at java.lang.Thread.run(Thread.java:748)
Exception in thread "pool-5-thread-86" java.lang.NullPointerException
	at tourGuide.service.GpsUtilProxyServiceImpl.getUserLocation(GpsUtilProxyServiceImpl.java:24)
	at tourGuide.service.TourGuideService.trackUserLocation(TourGuideService.java:169)
	at tourGuide.service.TourGuideService.lambda$trackUserLocationList$1(TourGuideService.java:190)
	at java.util.concurrent.ThreadPoolExecutor.runWorker(ThreadPoolExecutor.java:1149)
	at java.util.concurrent.ThreadPoolExecutor$Worker.run(ThreadPoolExecutor.java:624)
	at java.lang.Thread.run(Thread.java:748)
Exception in thread "pool-5-thread-7" java.lang.NullPointerException
	at tourGuide.service.GpsUtilProxyServiceImpl.getUserLocation(GpsUtilProxyServiceImpl.java:24)
	at tourGuide.service.TourGuideService.trackUserLocation(TourGuideService.java:169)
	at tourGuide.service.TourGuideService.lambda$trackUserLocationList$1(TourGuideService.java:190)
	at java.util.concurrent.ThreadPoolExecutor.runWorker(ThreadPoolExecutor.java:1149)
	at java.util.concurrent.ThreadPoolExecutor$Worker.run(ThreadPoolExecutor.java:624)
	at java.lang.Thread.run(Thread.java:748)
Exception in thread "pool-5-thread-81" java.lang.NullPointerException
	at tourGuide.service.GpsUtilProxyServiceImpl.getUserLocation(GpsUtilProxyServiceImpl.java:24)
	at tourGuide.service.TourGuideService.trackUserLocation(TourGuideService.java:169)
	at tourGuide.service.TourGuideService.lambda$trackUserLocationList$1(TourGuideService.java:190)
	at java.util.concurrent.ThreadPoolExecutor.runWorker(ThreadPoolExecutor.java:1149)
	at java.util.concurrent.ThreadPoolExecutor$Worker.run(ThreadPoolExecutor.java:624)
	at java.lang.Thread.run(Thread.java:748)
Exception in thread "pool-5-thread-5" java.lang.NullPointerException
	at tourGuide.service.GpsUtilProxyServiceImpl.getUserLocation(GpsUtilProxyServiceImpl.java:24)
	at tourGuide.service.TourGuideService.trackUserLocation(TourGuideService.java:169)
	at tourGuide.service.TourGuideService.lambda$trackUserLocationList$1(TourGuideService.java:190)
	at java.util.concurrent.ThreadPoolExecutor.runWorker(ThreadPoolExecutor.java:1149)
	at java.util.concurrent.ThreadPoolExecutor$Worker.run(ThreadPoolExecutor.java:624)
	at java.lang.Thread.run(Thread.java:748)
Exception in thread "pool-5-thread-6" java.lang.NullPointerException
	at tourGuide.service.GpsUtilProxyServiceImpl.getUserLocation(GpsUtilProxyServiceImpl.java:24)
	at tourGuide.service.TourGuideService.trackUserLocation(TourGuideService.java:169)
	at tourGuide.service.TourGuideService.lambda$trackUserLocationList$1(TourGuideService.java:190)
	at java.util.concurrent.ThreadPoolExecutor.runWorker(ThreadPoolExecutor.java:1149)
	at java.util.concurrent.ThreadPoolExecutor$Worker.run(ThreadPoolExecutor.java:624)
	at java.lang.Thread.run(Thread.java:748)
Exception in thread "pool-5-thread-4" java.lang.NullPointerException
	at tourGuide.service.GpsUtilProxyServiceImpl.getUserLocation(GpsUtilProxyServiceImpl.java:24)
	at tourGuide.service.TourGuideService.trackUserLocation(TourGuideService.java:169)
	at tourGuide.service.TourGuideService.lambda$trackUserLocationList$1(TourGuideService.java:190)
	at java.util.concurrent.ThreadPoolExecutor.runWorker(ThreadPoolExecutor.java:1149)
	at java.util.concurrent.ThreadPoolExecutor$Worker.run(ThreadPoolExecutor.java:624)
	at java.lang.Thread.run(Thread.java:748)
Exception in thread "pool-5-thread-80" java.lang.NullPointerException
	at tourGuide.service.GpsUtilProxyServiceImpl.getUserLocation(GpsUtilProxyServiceImpl.java:24)
	at tourGuide.service.TourGuideService.trackUserLocation(TourGuideService.java:169)
	at tourGuide.service.TourGuideService.lambda$trackUserLocationList$1(TourGuideService.java:190)
	at java.util.concurrent.ThreadPoolExecutor.runWorker(ThreadPoolExecutor.java:1149)
	at java.util.concurrent.ThreadPoolExecutor$Worker.run(ThreadPoolExecutor.java:624)
	at java.lang.Thread.run(Thread.java:748)
Exception in thread "pool-5-thread-3" java.lang.NullPointerException
	at tourGuide.service.GpsUtilProxyServiceImpl.getUserLocation(GpsUtilProxyServiceImpl.java:24)
	at tourGuide.service.TourGuideService.trackUserLocation(TourGuideService.java:169)
	at tourGuide.service.TourGuideService.lambda$trackUserLocationList$1(TourGuideService.java:190)
	at java.util.concurrent.ThreadPoolExecutor.runWorker(ThreadPoolExecutor.java:1149)
	at java.util.concurrent.ThreadPoolExecutor$Worker.run(ThreadPoolExecutor.java:624)
	at java.lang.Thread.run(Thread.java:748)
Exception in thread "pool-5-thread-2" java.lang.NullPointerException
	at tourGuide.service.GpsUtilProxyServiceImpl.getUserLocation(GpsUtilProxyServiceImpl.java:24)
	at tourGuide.service.TourGuideService.trackUserLocation(TourGuideService.java:169)
	at tourGuide.service.TourGuideService.lambda$trackUserLocationList$1(TourGuideService.java:190)
	at java.util.concurrent.ThreadPoolExecutor.runWorker(ThreadPoolExecutor.java:1149)
	at java.util.concurrent.ThreadPoolExecutor$Worker.run(ThreadPoolExecutor.java:624)
	at java.lang.Thread.run(Thread.java:748)
Exception in thread "pool-5-thread-72" java.lang.NullPointerException
	at tourGuide.service.GpsUtilProxyServiceImpl.getUserLocation(GpsUtilProxyServiceImpl.java:24)
	at tourGuide.service.TourGuideService.trackUserLocation(TourGuideService.java:169)
	at tourGuide.service.TourGuideService.lambda$trackUserLocationList$1(TourGuideService.java:190)
	at java.util.concurrent.ThreadPoolExecutor.runWorker(ThreadPoolExecutor.java:1149)
	at java.util.concurrent.ThreadPoolExecutor$Worker.run(ThreadPoolExecutor.java:624)
	at java.lang.Thread.run(Thread.java:748)
Exception in thread "pool-5-thread-1" java.lang.NullPointerException
	at tourGuide.service.GpsUtilProxyServiceImpl.getUserLocation(GpsUtilProxyServiceImpl.java:24)
	at tourGuide.service.TourGuideService.trackUserLocation(TourGuideService.java:169)
	at tourGuide.service.TourGuideService.lambda$trackUserLocationList$1(TourGuideService.java:190)
	at java.util.concurrent.ThreadPoolExecutor.runWorker(ThreadPoolExecutor.java:1149)
	at java.util.concurrent.ThreadPoolExecutor$Worker.run(ThreadPoolExecutor.java:624)
	at java.lang.Thread.run(Thread.java:748)
Exception in thread "pool-5-thread-70" java.lang.NullPointerException
	at tourGuide.service.GpsUtilProxyServiceImpl.getUserLocation(GpsUtilProxyServiceImpl.java:24)
	at tourGuide.service.TourGuideService.trackUserLocation(TourGuideService.java:169)
	at tourGuide.service.TourGuideService.lambda$trackUserLocationList$1(TourGuideService.java:190)
	at java.util.concurrent.ThreadPoolExecutor.runWorker(ThreadPoolExecutor.java:1149)
	at java.util.concurrent.ThreadPoolExecutor$Worker.run(ThreadPoolExecutor.java:624)
	at java.lang.Thread.run(Thread.java:748)
Exception in thread "pool-5-thread-68" java.lang.NullPointerException
	at tourGuide.service.GpsUtilProxyServiceImpl.getUserLocation(GpsUtilProxyServiceImpl.java:24)
	at tourGuide.service.TourGuideService.trackUserLocation(TourGuideService.java:169)
	at tourGuide.service.TourGuideService.lambda$trackUserLocationList$1(TourGuideService.java:190)
	at java.util.concurrent.ThreadPoolExecutor.runWorker(ThreadPoolExecutor.java:1149)
	at java.util.concurrent.ThreadPoolExecutor$Worker.run(ThreadPoolExecutor.java:624)
	at java.lang.Thread.run(Thread.java:748)
Exception in thread "pool-5-thread-67" java.lang.NullPointerException
	at tourGuide.service.GpsUtilProxyServiceImpl.getUserLocation(GpsUtilProxyServiceImpl.java:24)
	at tourGuide.service.TourGuideService.trackUserLocation(TourGuideService.java:169)
	at tourGuide.service.TourGuideService.lambda$trackUserLocationList$1(TourGuideService.java:190)
	at java.util.concurrent.ThreadPoolExecutor.runWorker(ThreadPoolExecutor.java:1149)
	at java.util.concurrent.ThreadPoolExecutor$Worker.run(ThreadPoolExecutor.java:624)
	at java.lang.Thread.run(Thread.java:748)
Exception in thread "pool-4-thread-75" java.lang.NullPointerException
	at tourGuide.service.GpsUtilProxyServiceImpl.getUserLocation(GpsUtilProxyServiceImpl.java:24)
	at tourGuide.service.TourGuideService.trackUserLocation(TourGuideService.java:169)
	at tourGuide.service.TourGuideService.lambda$trackUserLocationList$1(TourGuideService.java:190)
	at java.util.concurrent.ThreadPoolExecutor.runWorker(ThreadPoolExecutor.java:1149)
	at java.util.concurrent.ThreadPoolExecutor$Worker.run(ThreadPoolExecutor.java:624)
	at java.lang.Thread.run(Thread.java:748)
Exception in thread "pool-4-thread-12" java.lang.NullPointerException
	at tourGuide.service.GpsUtilProxyServiceImpl.getUserLocation(GpsUtilProxyServiceImpl.java:24)
	at tourGuide.service.TourGuideService.trackUserLocation(TourGuideService.java:169)
	at tourGuide.service.TourGuideService.lambda$trackUserLocationList$1(TourGuideService.java:190)
	at java.util.concurrent.ThreadPoolExecutor.runWorker(ThreadPoolExecutor.java:1149)
	at java.util.concurrent.ThreadPoolExecutor$Worker.run(ThreadPoolExecutor.java:624)
	at java.lang.Thread.run(Thread.java:748)
Exception in thread "pool-4-thread-17" java.lang.NullPointerException
	at tourGuide.service.GpsUtilProxyServiceImpl.getUserLocation(GpsUtilProxyServiceImpl.java:24)
	at tourGuide.service.TourGuideService.trackUserLocation(TourGuideService.java:169)
	at tourGuide.service.TourGuideService.lambda$trackUserLocationList$1(TourGuideService.java:190)
	at java.util.concurrent.ThreadPoolExecutor.runWorker(ThreadPoolExecutor.java:1149)
	at java.util.concurrent.ThreadPoolExecutor$Worker.run(ThreadPoolExecutor.java:624)
	at java.lang.Thread.run(Thread.java:748)
Exception in thread "pool-4-thread-20" java.lang.NullPointerException
	at tourGuide.service.GpsUtilProxyServiceImpl.getUserLocation(GpsUtilProxyServiceImpl.java:24)
	at tourGuide.service.TourGuideService.trackUserLocation(TourGuideService.java:169)
	at tourGuide.service.TourGuideService.lambda$trackUserLocationList$1(TourGuideService.java:190)
	at java.util.concurrent.ThreadPoolExecutor.runWorker(ThreadPoolExecutor.java:1149)
	at java.util.concurrent.ThreadPoolExecutor$Worker.run(ThreadPoolExecutor.java:624)
	at java.lang.Thread.run(Thread.java:748)
Exception in thread "pool-4-thread-82" java.lang.NullPointerException
	at tourGuide.service.GpsUtilProxyServiceImpl.getUserLocation(GpsUtilProxyServiceImpl.java:24)
	at tourGuide.service.TourGuideService.trackUserLocation(TourGuideService.java:169)
	at tourGuide.service.TourGuideService.lambda$trackUserLocationList$1(TourGuideService.java:190)
	at java.util.concurrent.ThreadPoolExecutor.runWorker(ThreadPoolExecutor.java:1149)
	at java.util.concurrent.ThreadPoolExecutor$Worker.run(ThreadPoolExecutor.java:624)
	at java.lang.Thread.run(Thread.java:748)
Exception in thread "pool-4-thread-33" java.lang.NullPointerException
	at tourGuide.service.GpsUtilProxyServiceImpl.getUserLocation(GpsUtilProxyServiceImpl.java:24)
	at tourGuide.service.TourGuideService.trackUserLocation(TourGuideService.java:169)
	at tourGuide.service.TourGuideService.lambda$trackUserLocationList$1(TourGuideService.java:190)
	at java.util.concurrent.ThreadPoolExecutor.runWorker(ThreadPoolExecutor.java:1149)
	at java.util.concurrent.ThreadPoolExecutor$Worker.run(ThreadPoolExecutor.java:624)
	at java.lang.Thread.run(Thread.java:748)
Exception in thread "pool-4-thread-93" java.lang.NullPointerException
	at tourGuide.service.GpsUtilProxyServiceImpl.getUserLocation(GpsUtilProxyServiceImpl.java:24)
	at tourGuide.service.TourGuideService.trackUserLocation(TourGuideService.java:169)
	at tourGuide.service.TourGuideService.lambda$trackUserLocationList$1(TourGuideService.java:190)
	at java.util.concurrent.ThreadPoolExecutor.runWorker(ThreadPoolExecutor.java:1149)
	at java.util.concurrent.ThreadPoolExecutor$Worker.run(ThreadPoolExecutor.java:624)
	at java.lang.Thread.run(Thread.java:748)
Exception in thread "pool-4-thread-36" java.lang.NullPointerException
	at tourGuide.service.GpsUtilProxyServiceImpl.getUserLocation(GpsUtilProxyServiceImpl.java:24)
	at tourGuide.service.TourGuideService.trackUserLocation(TourGuideService.java:169)
	at tourGuide.service.TourGuideService.lambda$trackUserLocationList$1(TourGuideService.java:190)
	at java.util.concurrent.ThreadPoolExecutor.runWorker(ThreadPoolExecutor.java:1149)
	at java.util.concurrent.ThreadPoolExecutor$Worker.run(ThreadPoolExecutor.java:624)
	at java.lang.Thread.run(Thread.java:748)
Exception in thread "pool-4-thread-38" java.lang.NullPointerException
	at tourGuide.service.GpsUtilProxyServiceImpl.getUserLocation(GpsUtilProxyServiceImpl.java:24)
	at tourGuide.service.TourGuideService.trackUserLocation(TourGuideService.java:169)
	at tourGuide.service.TourGuideService.lambda$trackUserLocationList$1(TourGuideService.java:190)
	at java.util.concurrent.ThreadPoolExecutor.runWorker(ThreadPoolExecutor.java:1149)
	at java.util.concurrent.ThreadPoolExecutor$Worker.run(ThreadPoolExecutor.java:624)
	at java.lang.Thread.run(Thread.java:748)
Exception in thread "pool-4-thread-40" java.lang.NullPointerException
	at tourGuide.service.GpsUtilProxyServiceImpl.getUserLocation(GpsUtilProxyServiceImpl.java:24)
	at tourGuide.service.TourGuideService.trackUserLocation(TourGuideService.java:169)
	at tourGuide.service.TourGuideService.lambda$trackUserLocationList$1(TourGuideService.java:190)
	at java.util.concurrent.ThreadPoolExecutor.runWorker(ThreadPoolExecutor.java:1149)
	at java.util.concurrent.ThreadPoolExecutor$Worker.run(ThreadPoolExecutor.java:624)
	at java.lang.Thread.run(Thread.java:748)
Exception in thread "pool-4-thread-39" java.lang.NullPointerException
	at tourGuide.service.GpsUtilProxyServiceImpl.getUserLocation(GpsUtilProxyServiceImpl.java:24)
	at tourGuide.service.TourGuideService.trackUserLocation(TourGuideService.java:169)
	at tourGuide.service.TourGuideService.lambda$trackUserLocationList$1(TourGuideService.java:190)
	at java.util.concurrent.ThreadPoolExecutor.runWorker(ThreadPoolExecutor.java:1149)
	at java.util.concurrent.ThreadPoolExecutor$Worker.run(ThreadPoolExecutor.java:624)
	at java.lang.Thread.run(Thread.java:748)
Exception in thread "pool-4-thread-41" java.lang.NullPointerException
	at tourGuide.service.GpsUtilProxyServiceImpl.getUserLocation(GpsUtilProxyServiceImpl.java:24)
	at tourGuide.service.TourGuideService.trackUserLocation(TourGuideService.java:169)
	at tourGuide.service.TourGuideService.lambda$trackUserLocationList$1(TourGuideService.java:190)
	at java.util.concurrent.ThreadPoolExecutor.runWorker(ThreadPoolExecutor.java:1149)
	at java.util.concurrent.ThreadPoolExecutor$Worker.run(ThreadPoolExecutor.java:624)
	at java.lang.Thread.run(Thread.java:748)
Exception in thread "pool-4-thread-43" java.lang.NullPointerException
	at tourGuide.service.GpsUtilProxyServiceImpl.getUserLocation(GpsUtilProxyServiceImpl.java:24)
	at tourGuide.service.TourGuideService.trackUserLocation(TourGuideService.java:169)
	at tourGuide.service.TourGuideService.lambda$trackUserLocationList$1(TourGuideService.java:190)
	at java.util.concurrent.ThreadPoolExecutor.runWorker(ThreadPoolExecutor.java:1149)
	at java.util.concurrent.ThreadPoolExecutor$Worker.run(ThreadPoolExecutor.java:624)
	at java.lang.Thread.run(Thread.java:748)
Exception in thread "pool-4-thread-44" java.lang.NullPointerException
	at tourGuide.service.GpsUtilProxyServiceImpl.getUserLocation(GpsUtilProxyServiceImpl.java:24)
	at tourGuide.service.TourGuideService.trackUserLocation(TourGuideService.java:169)
	at tourGuide.service.TourGuideService.lambda$trackUserLocationList$1(TourGuideService.java:190)
	at java.util.concurrent.ThreadPoolExecutor.runWorker(ThreadPoolExecutor.java:1149)
	at java.util.concurrent.ThreadPoolExecutor$Worker.run(ThreadPoolExecutor.java:624)
	at java.lang.Thread.run(Thread.java:748)
Exception in thread "pool-4-thread-49" java.lang.NullPointerException
	at tourGuide.service.GpsUtilProxyServiceImpl.getUserLocation(GpsUtilProxyServiceImpl.java:24)
	at tourGuide.service.TourGuideService.trackUserLocation(TourGuideService.java:169)
	at tourGuide.service.TourGuideService.lambda$trackUserLocationList$1(TourGuideService.java:190)
	at java.util.concurrent.ThreadPoolExecutor.runWorker(ThreadPoolExecutor.java:1149)
	at java.util.concurrent.ThreadPoolExecutor$Worker.run(ThreadPoolExecutor.java:624)
	at java.lang.Thread.run(Thread.java:748)
Exception in thread "pool-4-thread-48" java.lang.NullPointerException
	at tourGuide.service.GpsUtilProxyServiceImpl.getUserLocation(GpsUtilProxyServiceImpl.java:24)
	at tourGuide.service.TourGuideService.trackUserLocation(TourGuideService.java:169)
	at tourGuide.service.TourGuideService.lambda$trackUserLocationList$1(TourGuideService.java:190)
	at java.util.concurrent.ThreadPoolExecutor.runWorker(ThreadPoolExecutor.java:1149)
	at java.util.concurrent.ThreadPoolExecutor$Worker.run(ThreadPoolExecutor.java:624)
	at java.lang.Thread.run(Thread.java:748)
Exception in thread "pool-4-thread-50" java.lang.NullPointerException
	at tourGuide.service.GpsUtilProxyServiceImpl.getUserLocation(GpsUtilProxyServiceImpl.java:24)
	at tourGuide.service.TourGuideService.trackUserLocation(TourGuideService.java:169)
	at tourGuide.service.TourGuideService.lambda$trackUserLocationList$1(TourGuideService.java:190)
	at java.util.concurrent.ThreadPoolExecutor.runWorker(ThreadPoolExecutor.java:1149)
	at java.util.concurrent.ThreadPoolExecutor$Worker.run(ThreadPoolExecutor.java:624)
	at java.lang.Thread.run(Thread.java:748)
Exception in thread "pool-4-thread-54" java.lang.NullPointerException
	at tourGuide.service.GpsUtilProxyServiceImpl.getUserLocation(GpsUtilProxyServiceImpl.java:24)
	at tourGuide.service.TourGuideService.trackUserLocation(TourGuideService.java:169)
	at tourGuide.service.TourGuideService.lambda$trackUserLocationList$1(TourGuideService.java:190)
	at java.util.concurrent.ThreadPoolExecutor.runWorker(ThreadPoolExecutor.java:1149)
	at java.util.concurrent.ThreadPoolExecutor$Worker.run(ThreadPoolExecutor.java:624)
	at java.lang.Thread.run(Thread.java:748)
Exception in thread "pool-4-thread-56" java.lang.NullPointerException
	at tourGuide.service.GpsUtilProxyServiceImpl.getUserLocation(GpsUtilProxyServiceImpl.java:24)
	at tourGuide.service.TourGuideService.trackUserLocation(TourGuideService.java:169)
	at tourGuide.service.TourGuideService.lambda$trackUserLocationList$1(TourGuideService.java:190)
	at java.util.concurrent.ThreadPoolExecutor.runWorker(ThreadPoolExecutor.java:1149)
	at java.util.concurrent.ThreadPoolExecutor$Worker.run(ThreadPoolExecutor.java:624)
	at java.lang.Thread.run(Thread.java:748)
Exception in thread "pool-4-thread-53" java.lang.NullPointerException
	at tourGuide.service.GpsUtilProxyServiceImpl.getUserLocation(GpsUtilProxyServiceImpl.java:24)
	at tourGuide.service.TourGuideService.trackUserLocation(TourGuideService.java:169)
	at tourGuide.service.TourGuideService.lambda$trackUserLocationList$1(TourGuideService.java:190)
	at java.util.concurrent.ThreadPoolExecutor.runWorker(ThreadPoolExecutor.java:1149)
	at java.util.concurrent.ThreadPoolExecutor$Worker.run(ThreadPoolExecutor.java:624)
	at java.lang.Thread.run(Thread.java:748)
Exception in thread "pool-4-thread-55" java.lang.NullPointerException
	at tourGuide.service.GpsUtilProxyServiceImpl.getUserLocation(GpsUtilProxyServiceImpl.java:24)
	at tourGuide.service.TourGuideService.trackUserLocation(TourGuideService.java:169)
	at tourGuide.service.TourGuideService.lambda$trackUserLocationList$1(TourGuideService.java:190)
	at java.util.concurrent.ThreadPoolExecutor.runWorker(ThreadPoolExecutor.java:1149)
	at java.util.concurrent.ThreadPoolExecutor$Worker.run(ThreadPoolExecutor.java:624)
	at java.lang.Thread.run(Thread.java:748)
Exception in thread "pool-4-thread-58" java.lang.NullPointerException
	at tourGuide.service.GpsUtilProxyServiceImpl.getUserLocation(GpsUtilProxyServiceImpl.java:24)
	at tourGuide.service.TourGuideService.trackUserLocation(TourGuideService.java:169)
	at tourGuide.service.TourGuideService.lambda$trackUserLocationList$1(TourGuideService.java:190)
	at java.util.concurrent.ThreadPoolExecutor.runWorker(ThreadPoolExecutor.java:1149)
	at java.util.concurrent.ThreadPoolExecutor$Worker.run(ThreadPoolExecutor.java:624)
	at java.lang.Thread.run(Thread.java:748)
Exception in thread "pool-4-thread-57" java.lang.NullPointerException
	at tourGuide.service.GpsUtilProxyServiceImpl.getUserLocation(GpsUtilProxyServiceImpl.java:24)
	at tourGuide.service.TourGuideService.trackUserLocation(TourGuideService.java:169)
	at tourGuide.service.TourGuideService.lambda$trackUserLocationList$1(TourGuideService.java:190)
	at java.util.concurrent.ThreadPoolExecutor.runWorker(ThreadPoolExecutor.java:1149)
	at java.util.concurrent.ThreadPoolExecutor$Worker.run(ThreadPoolExecutor.java:624)
	at java.lang.Thread.run(Thread.java:748)
Exception in thread "pool-4-thread-60" java.lang.NullPointerException
	at tourGuide.service.GpsUtilProxyServiceImpl.getUserLocation(GpsUtilProxyServiceImpl.java:24)
	at tourGuide.service.TourGuideService.trackUserLocation(TourGuideService.java:169)
	at tourGuide.service.TourGuideService.lambda$trackUserLocationList$1(TourGuideService.java:190)
	at java.util.concurrent.ThreadPoolExecutor.runWorker(ThreadPoolExecutor.java:1149)
	at java.util.concurrent.ThreadPoolExecutor$Worker.run(ThreadPoolExecutor.java:624)
	at java.lang.Thread.run(Thread.java:748)
Exception in thread "pool-4-thread-59" java.lang.NullPointerException
	at tourGuide.service.GpsUtilProxyServiceImpl.getUserLocation(GpsUtilProxyServiceImpl.java:24)
	at tourGuide.service.TourGuideService.trackUserLocation(TourGuideService.java:169)
	at tourGuide.service.TourGuideService.lambda$trackUserLocationList$1(TourGuideService.java:190)
	at java.util.concurrent.ThreadPoolExecutor.runWorker(ThreadPoolExecutor.java:1149)
	at java.util.concurrent.ThreadPoolExecutor$Worker.run(ThreadPoolExecutor.java:624)
	at java.lang.Thread.run(Thread.java:748)
Exception in thread "pool-4-thread-63" java.lang.NullPointerException
	at tourGuide.service.GpsUtilProxyServiceImpl.getUserLocation(GpsUtilProxyServiceImpl.java:24)
	at tourGuide.service.TourGuideService.trackUserLocation(TourGuideService.java:169)
	at tourGuide.service.TourGuideService.lambda$trackUserLocationList$1(TourGuideService.java:190)
	at java.util.concurrent.ThreadPoolExecutor.runWorker(ThreadPoolExecutor.java:1149)
	at java.util.concurrent.ThreadPoolExecutor$Worker.run(ThreadPoolExecutor.java:624)
	at java.lang.Thread.run(Thread.java:748)
Exception in thread "pool-5-thread-393" java.lang.NullPointerException
	at tourGuide.service.GpsUtilProxyServiceImpl.getUserLocation(GpsUtilProxyServiceImpl.java:24)
	at tourGuide.service.TourGuideService.trackUserLocation(TourGuideService.java:169)
	at tourGuide.service.TourGuideService.lambda$trackUserLocationList$1(TourGuideService.java:190)
	at java.util.concurrent.ThreadPoolExecutor.runWorker(ThreadPoolExecutor.java:1149)
	at java.util.concurrent.ThreadPoolExecutor$Worker.run(ThreadPoolExecutor.java:624)
	at java.lang.Thread.run(Thread.java:748)
Exception in thread "pool-5-thread-374" java.lang.NullPointerException
	at tourGuide.service.GpsUtilProxyServiceImpl.getUserLocation(GpsUtilProxyServiceImpl.java:24)
	at tourGuide.service.TourGuideService.trackUserLocation(TourGuideService.java:169)
	at tourGuide.service.TourGuideService.lambda$trackUserLocationList$1(TourGuideService.java:190)
	at java.util.concurrent.ThreadPoolExecutor.runWorker(ThreadPoolExecutor.java:1149)
	at java.util.concurrent.ThreadPoolExecutor$Worker.run(ThreadPoolExecutor.java:624)
	at java.lang.Thread.run(Thread.java:748)
Exception in thread "pool-5-thread-372" java.lang.NullPointerException
	at tourGuide.service.GpsUtilProxyServiceImpl.getUserLocation(GpsUtilProxyServiceImpl.java:24)
	at tourGuide.service.TourGuideService.trackUserLocation(TourGuideService.java:169)
	at tourGuide.service.TourGuideService.lambda$trackUserLocationList$1(TourGuideService.java:190)
	at java.util.concurrent.ThreadPoolExecutor.runWorker(ThreadPoolExecutor.java:1149)
	at java.util.concurrent.ThreadPoolExecutor$Worker.run(ThreadPoolExecutor.java:624)
	at java.lang.Thread.run(Thread.java:748)
Exception in thread "pool-5-thread-375" java.lang.NullPointerException
	at tourGuide.service.GpsUtilProxyServiceImpl.getUserLocation(GpsUtilProxyServiceImpl.java:24)
	at tourGuide.service.TourGuideService.trackUserLocation(TourGuideService.java:169)
	at tourGuide.service.TourGuideService.lambda$trackUserLocationList$1(TourGuideService.java:190)
	at java.util.concurrent.ThreadPoolExecutor.runWorker(ThreadPoolExecutor.java:1149)
	at java.util.concurrent.ThreadPoolExecutor$Worker.run(ThreadPoolExecutor.java:624)
	at java.lang.Thread.run(Thread.java:748)
Exception in thread "pool-5-thread-384" java.lang.NullPointerException
	at tourGuide.service.GpsUtilProxyServiceImpl.getUserLocation(GpsUtilProxyServiceImpl.java:24)
	at tourGuide.service.TourGuideService.trackUserLocation(TourGuideService.java:169)
	at tourGuide.service.TourGuideService.lambda$trackUserLocationList$1(TourGuideService.java:190)
	at java.util.concurrent.ThreadPoolExecutor.runWorker(ThreadPoolExecutor.java:1149)
	at java.util.concurrent.ThreadPoolExecutor$Worker.run(ThreadPoolExecutor.java:624)
	at java.lang.Thread.run(Thread.java:748)
Exception in thread "pool-5-thread-387" java.lang.NullPointerException
	at tourGuide.service.GpsUtilProxyServiceImpl.getUserLocation(GpsUtilProxyServiceImpl.java:24)
	at tourGuide.service.TourGuideService.trackUserLocation(TourGuideService.java:169)
	at tourGuide.service.TourGuideService.lambda$trackUserLocationList$1(TourGuideService.java:190)
	at java.util.concurrent.ThreadPoolExecutor.runWorker(ThreadPoolExecutor.java:1149)
	at java.util.concurrent.ThreadPoolExecutor$Worker.run(ThreadPoolExecutor.java:624)
	at java.lang.Thread.run(Thread.java:748)
Exception in thread "pool-5-thread-381" java.lang.NullPointerException
	at tourGuide.service.GpsUtilProxyServiceImpl.getUserLocation(GpsUtilProxyServiceImpl.java:24)
	at tourGuide.service.TourGuideService.trackUserLocation(TourGuideService.java:169)
	at tourGuide.service.TourGuideService.lambda$trackUserLocationList$1(TourGuideService.java:190)
	at java.util.concurrent.ThreadPoolExecutor.runWorker(ThreadPoolExecutor.java:1149)
	at java.util.concurrent.ThreadPoolExecutor$Worker.run(ThreadPoolExecutor.java:624)
	at java.lang.Thread.run(Thread.java:748)
Exception in thread "pool-5-thread-385" java.lang.NullPointerException
	at tourGuide.service.GpsUtilProxyServiceImpl.getUserLocation(GpsUtilProxyServiceImpl.java:24)
	at tourGuide.service.TourGuideService.trackUserLocation(TourGuideService.java:169)
	at tourGuide.service.TourGuideService.lambda$trackUserLocationList$1(TourGuideService.java:190)
	at java.util.concurrent.ThreadPoolExecutor.runWorker(ThreadPoolExecutor.java:1149)
	at java.util.concurrent.ThreadPoolExecutor$Worker.run(ThreadPoolExecutor.java:624)
	at java.lang.Thread.run(Thread.java:748)
Exception in thread "pool-5-thread-388" java.lang.NullPointerException
	at tourGuide.service.GpsUtilProxyServiceImpl.getUserLocation(GpsUtilProxyServiceImpl.java:24)
	at tourGuide.service.TourGuideService.trackUserLocation(TourGuideService.java:169)
	at tourGuide.service.TourGuideService.lambda$trackUserLocationList$1(TourGuideService.java:190)
	at java.util.concurrent.ThreadPoolExecutor.runWorker(ThreadPoolExecutor.java:1149)
	at java.util.concurrent.ThreadPoolExecutor$Worker.run(ThreadPoolExecutor.java:624)
	at java.lang.Thread.run(Thread.java:748)
Exception in thread "pool-5-thread-390" java.lang.NullPointerException
	at tourGuide.service.GpsUtilProxyServiceImpl.getUserLocation(GpsUtilProxyServiceImpl.java:24)
	at tourGuide.service.TourGuideService.trackUserLocation(TourGuideService.java:169)
	at tourGuide.service.TourGuideService.lambda$trackUserLocationList$1(TourGuideService.java:190)
	at java.util.concurrent.ThreadPoolExecutor.runWorker(ThreadPoolExecutor.java:1149)
	at java.util.concurrent.ThreadPoolExecutor$Worker.run(ThreadPoolExecutor.java:624)
	at java.lang.Thread.run(Thread.java:748)
Exception in thread "pool-5-thread-574" java.lang.NullPointerException
	at tourGuide.service.GpsUtilProxyServiceImpl.getUserLocation(GpsUtilProxyServiceImpl.java:24)
	at tourGuide.service.TourGuideService.trackUserLocation(TourGuideService.java:169)
	at tourGuide.service.TourGuideService.lambda$trackUserLocationList$1(TourGuideService.java:190)
	at java.util.concurrent.ThreadPoolExecutor.runWorker(ThreadPoolExecutor.java:1149)
	at java.util.concurrent.ThreadPoolExecutor$Worker.run(ThreadPoolExecutor.java:624)
	at java.lang.Thread.run(Thread.java:748)
Exception in thread "pool-5-thread-581" java.lang.NullPointerException
	at tourGuide.service.GpsUtilProxyServiceImpl.getUserLocation(GpsUtilProxyServiceImpl.java:24)
	at tourGuide.service.TourGuideService.trackUserLocation(TourGuideService.java:169)
	at tourGuide.service.TourGuideService.lambda$trackUserLocationList$1(TourGuideService.java:190)
	at java.util.concurrent.ThreadPoolExecutor.runWorker(ThreadPoolExecutor.java:1149)
	at java.util.concurrent.ThreadPoolExecutor$Worker.run(ThreadPoolExecutor.java:624)
	at java.lang.Thread.run(Thread.java:748)
Exception in thread "pool-5-thread-576" java.lang.NullPointerException
	at tourGuide.service.GpsUtilProxyServiceImpl.getUserLocation(GpsUtilProxyServiceImpl.java:24)
	at tourGuide.service.TourGuideService.trackUserLocation(TourGuideService.java:169)
	at tourGuide.service.TourGuideService.lambda$trackUserLocationList$1(TourGuideService.java:190)
	at java.util.concurrent.ThreadPoolExecutor.runWorker(ThreadPoolExecutor.java:1149)
	at java.util.concurrent.ThreadPoolExecutor$Worker.run(ThreadPoolExecutor.java:624)
	at java.lang.Thread.run(Thread.java:748)
Exception in thread "pool-5-thread-571" java.lang.NullPointerException
	at tourGuide.service.GpsUtilProxyServiceImpl.getUserLocation(GpsUtilProxyServiceImpl.java:24)
	at tourGuide.service.TourGuideService.trackUserLocation(TourGuideService.java:169)
	at tourGuide.service.TourGuideService.lambda$trackUserLocationList$1(TourGuideService.java:190)
	at java.util.concurrent.ThreadPoolExecutor.runWorker(ThreadPoolExecutor.java:1149)
	at java.util.concurrent.ThreadPoolExecutor$Worker.run(ThreadPoolExecutor.java:624)
	at java.lang.Thread.run(Thread.java:748)
Exception in thread "pool-5-thread-569" java.lang.NullPointerException
	at tourGuide.service.GpsUtilProxyServiceImpl.getUserLocation(GpsUtilProxyServiceImpl.java:24)
	at tourGuide.service.TourGuideService.trackUserLocation(TourGuideService.java:169)
	at tourGuide.service.TourGuideService.lambda$trackUserLocationList$1(TourGuideService.java:190)
	at java.util.concurrent.ThreadPoolExecutor.runWorker(ThreadPoolExecutor.java:1149)
	at java.util.concurrent.ThreadPoolExecutor$Worker.run(ThreadPoolExecutor.java:624)
	at java.lang.Thread.run(Thread.java:748)
Exception in thread "pool-5-thread-568" java.lang.NullPointerException
	at tourGuide.service.GpsUtilProxyServiceImpl.getUserLocation(GpsUtilProxyServiceImpl.java:24)
	at tourGuide.service.TourGuideService.trackUserLocation(TourGuideService.java:169)
	at tourGuide.service.TourGuideService.lambda$trackUserLocationList$1(TourGuideService.java:190)
	at java.util.concurrent.ThreadPoolExecutor.runWorker(ThreadPoolExecutor.java:1149)
	at java.util.concurrent.ThreadPoolExecutor$Worker.run(ThreadPoolExecutor.java:624)
	at java.lang.Thread.run(Thread.java:748)
Exception in thread "pool-5-thread-565" java.lang.NullPointerException
	at tourGuide.service.GpsUtilProxyServiceImpl.getUserLocation(GpsUtilProxyServiceImpl.java:24)
	at tourGuide.service.TourGuideService.trackUserLocation(TourGuideService.java:169)
	at tourGuide.service.TourGuideService.lambda$trackUserLocationList$1(TourGuideService.java:190)
	at java.util.concurrent.ThreadPoolExecutor.runWorker(ThreadPoolExecutor.java:1149)
	at java.util.concurrent.ThreadPoolExecutor$Worker.run(ThreadPoolExecutor.java:624)
	at java.lang.Thread.run(Thread.java:748)
Exception in thread "pool-5-thread-564" java.lang.NullPointerException
	at tourGuide.service.GpsUtilProxyServiceImpl.getUserLocation(GpsUtilProxyServiceImpl.java:24)
	at tourGuide.service.TourGuideService.trackUserLocation(TourGuideService.java:169)
	at tourGuide.service.TourGuideService.lambda$trackUserLocationList$1(TourGuideService.java:190)
	at java.util.concurrent.ThreadPoolExecutor.runWorker(ThreadPoolExecutor.java:1149)
	at java.util.concurrent.ThreadPoolExecutor$Worker.run(ThreadPoolExecutor.java:624)
	at java.lang.Thread.run(Thread.java:748)
Exception in thread "pool-5-thread-562" java.lang.NullPointerException
	at tourGuide.service.GpsUtilProxyServiceImpl.getUserLocation(GpsUtilProxyServiceImpl.java:24)
	at tourGuide.service.TourGuideService.trackUserLocation(TourGuideService.java:169)
	at tourGuide.service.TourGuideService.lambda$trackUserLocationList$1(TourGuideService.java:190)
	at java.util.concurrent.ThreadPoolExecutor.runWorker(ThreadPoolExecutor.java:1149)
	at java.util.concurrent.ThreadPoolExecutor$Worker.run(ThreadPoolExecutor.java:624)
	at java.lang.Thread.run(Thread.java:748)
Exception in thread "pool-5-thread-560" java.lang.NullPointerException
	at tourGuide.service.GpsUtilProxyServiceImpl.getUserLocation(GpsUtilProxyServiceImpl.java:24)
	at tourGuide.service.TourGuideService.trackUserLocation(TourGuideService.java:169)
	at tourGuide.service.TourGuideService.lambda$trackUserLocationList$1(TourGuideService.java:190)
	at java.util.concurrent.ThreadPoolExecutor.runWorker(ThreadPoolExecutor.java:1149)
	at java.util.concurrent.ThreadPoolExecutor$Worker.run(ThreadPoolExecutor.java:624)
	at java.lang.Thread.run(Thread.java:748)
Exception in thread "pool-5-thread-559" java.lang.NullPointerException
	at tourGuide.service.GpsUtilProxyServiceImpl.getUserLocation(GpsUtilProxyServiceImpl.java:24)
	at tourGuide.service.TourGuideService.trackUserLocation(TourGuideService.java:169)
	at tourGuide.service.TourGuideService.lambda$trackUserLocationList$1(TourGuideService.java:190)
	at java.util.concurrent.ThreadPoolExecutor.runWorker(ThreadPoolExecutor.java:1149)
	at java.util.concurrent.ThreadPoolExecutor$Worker.run(ThreadPoolExecutor.java:624)
	at java.lang.Thread.run(Thread.java:748)
Exception in thread "pool-5-thread-555" java.lang.NullPointerException
	at tourGuide.service.GpsUtilProxyServiceImpl.getUserLocation(GpsUtilProxyServiceImpl.java:24)
	at tourGuide.service.TourGuideService.trackUserLocation(TourGuideService.java:169)
	at tourGuide.service.TourGuideService.lambda$trackUserLocationList$1(TourGuideService.java:190)
	at java.util.concurrent.ThreadPoolExecutor.runWorker(ThreadPoolExecutor.java:1149)
	at java.util.concurrent.ThreadPoolExecutor$Worker.run(ThreadPoolExecutor.java:624)
	at java.lang.Thread.run(Thread.java:748)
Exception in thread "pool-5-thread-554" java.lang.NullPointerException
	at tourGuide.service.GpsUtilProxyServiceImpl.getUserLocation(GpsUtilProxyServiceImpl.java:24)
	at tourGuide.service.TourGuideService.trackUserLocation(TourGuideService.java:169)
	at tourGuide.service.TourGuideService.lambda$trackUserLocationList$1(TourGuideService.java:190)
	at java.util.concurrent.ThreadPoolExecutor.runWorker(ThreadPoolExecutor.java:1149)
	at java.util.concurrent.ThreadPoolExecutor$Worker.run(ThreadPoolExecutor.java:624)
	at java.lang.Thread.run(Thread.java:748)
Exception in thread "pool-5-thread-454" java.lang.NullPointerException
	at tourGuide.service.GpsUtilProxyServiceImpl.getUserLocation(GpsUtilProxyServiceImpl.java:24)
	at tourGuide.service.TourGuideService.trackUserLocation(TourGuideService.java:169)
	at tourGuide.service.TourGuideService.lambda$trackUserLocationList$1(TourGuideService.java:190)
	at java.util.concurrent.ThreadPoolExecutor.runWorker(ThreadPoolExecutor.java:1149)
	at java.util.concurrent.ThreadPoolExecutor$Worker.run(ThreadPoolExecutor.java:624)
	at java.lang.Thread.run(Thread.java:748)
Exception in thread "pool-5-thread-449" java.lang.NullPointerException
	at tourGuide.service.GpsUtilProxyServiceImpl.getUserLocation(GpsUtilProxyServiceImpl.java:24)
	at tourGuide.service.TourGuideService.trackUserLocation(TourGuideService.java:169)
	at tourGuide.service.TourGuideService.lambda$trackUserLocationList$1(TourGuideService.java:190)
	at java.util.concurrent.ThreadPoolExecutor.runWorker(ThreadPoolExecutor.java:1149)
	at java.util.concurrent.ThreadPoolExecutor$Worker.run(ThreadPoolExecutor.java:624)
	at java.lang.Thread.run(Thread.java:748)
Exception in thread "pool-5-thread-445" java.lang.NullPointerException
	at tourGuide.service.GpsUtilProxyServiceImpl.getUserLocation(GpsUtilProxyServiceImpl.java:24)
	at tourGuide.service.TourGuideService.trackUserLocation(TourGuideService.java:169)
	at tourGuide.service.TourGuideService.lambda$trackUserLocationList$1(TourGuideService.java:190)
	at java.util.concurrent.ThreadPoolExecutor.runWorker(ThreadPoolExecutor.java:1149)
	at java.util.concurrent.ThreadPoolExecutor$Worker.run(ThreadPoolExecutor.java:624)
	at java.lang.Thread.run(Thread.java:748)
Exception in thread "pool-5-thread-442" java.lang.NullPointerException
	at tourGuide.service.GpsUtilProxyServiceImpl.getUserLocation(GpsUtilProxyServiceImpl.java:24)
	at tourGuide.service.TourGuideService.trackUserLocation(TourGuideService.java:169)
	at tourGuide.service.TourGuideService.lambda$trackUserLocationList$1(TourGuideService.java:190)
	at java.util.concurrent.ThreadPoolExecutor.runWorker(ThreadPoolExecutor.java:1149)
	at java.util.concurrent.ThreadPoolExecutor$Worker.run(ThreadPoolExecutor.java:624)
	at java.lang.Thread.run(Thread.java:748)
Exception in thread "pool-5-thread-441" java.lang.NullPointerException
	at tourGuide.service.GpsUtilProxyServiceImpl.getUserLocation(GpsUtilProxyServiceImpl.java:24)
	at tourGuide.service.TourGuideService.trackUserLocation(TourGuideService.java:169)
	at tourGuide.service.TourGuideService.lambda$trackUserLocationList$1(TourGuideService.java:190)
	at java.util.concurrent.ThreadPoolExecutor.runWorker(ThreadPoolExecutor.java:1149)
	at java.util.concurrent.ThreadPoolExecutor$Worker.run(ThreadPoolExecutor.java:624)
	at java.lang.Thread.run(Thread.java:748)
Exception in thread "pool-5-thread-437" java.lang.NullPointerException
	at tourGuide.service.GpsUtilProxyServiceImpl.getUserLocation(GpsUtilProxyServiceImpl.java:24)
	at tourGuide.service.TourGuideService.trackUserLocation(TourGuideService.java:169)
	at tourGuide.service.TourGuideService.lambda$trackUserLocationList$1(TourGuideService.java:190)
	at java.util.concurrent.ThreadPoolExecutor.runWorker(ThreadPoolExecutor.java:1149)
	at java.util.concurrent.ThreadPoolExecutor$Worker.run(ThreadPoolExecutor.java:624)
	at java.lang.Thread.run(Thread.java:748)
Exception in thread "pool-5-thread-431" java.lang.NullPointerException
	at tourGuide.service.GpsUtilProxyServiceImpl.getUserLocation(GpsUtilProxyServiceImpl.java:24)
	at tourGuide.service.TourGuideService.trackUserLocation(TourGuideService.java:169)
	at tourGuide.service.TourGuideService.lambda$trackUserLocationList$1(TourGuideService.java:190)
	at java.util.concurrent.ThreadPoolExecutor.runWorker(ThreadPoolExecutor.java:1149)
	at java.util.concurrent.ThreadPoolExecutor$Worker.run(ThreadPoolExecutor.java:624)
	at java.lang.Thread.run(Thread.java:748)
Exception in thread "pool-5-thread-427" java.lang.NullPointerException
	at tourGuide.service.GpsUtilProxyServiceImpl.getUserLocation(GpsUtilProxyServiceImpl.java:24)
	at tourGuide.service.TourGuideService.trackUserLocation(TourGuideService.java:169)
	at tourGuide.service.TourGuideService.lambda$trackUserLocationList$1(TourGuideService.java:190)
	at java.util.concurrent.ThreadPoolExecutor.runWorker(ThreadPoolExecutor.java:1149)
	at java.util.concurrent.ThreadPoolExecutor$Worker.run(ThreadPoolExecutor.java:624)
	at java.lang.Thread.run(Thread.java:748)
Exception in thread "pool-5-thread-430" java.lang.NullPointerException
	at tourGuide.service.GpsUtilProxyServiceImpl.getUserLocation(GpsUtilProxyServiceImpl.java:24)
	at tourGuide.service.TourGuideService.trackUserLocation(TourGuideService.java:169)
	at tourGuide.service.TourGuideService.lambda$trackUserLocationList$1(TourGuideService.java:190)
	at java.util.concurrent.ThreadPoolExecutor.runWorker(ThreadPoolExecutor.java:1149)
	at java.util.concurrent.ThreadPoolExecutor$Worker.run(ThreadPoolExecutor.java:624)
	at java.lang.Thread.run(Thread.java:748)
Exception in thread "pool-5-thread-422" java.lang.NullPointerException
	at tourGuide.service.GpsUtilProxyServiceImpl.getUserLocation(GpsUtilProxyServiceImpl.java:24)
	at tourGuide.service.TourGuideService.trackUserLocation(TourGuideService.java:169)
	at tourGuide.service.TourGuideService.lambda$trackUserLocationList$1(TourGuideService.java:190)
	at java.util.concurrent.ThreadPoolExecutor.runWorker(ThreadPoolExecutor.java:1149)
	at java.util.concurrent.ThreadPoolExecutor$Worker.run(ThreadPoolExecutor.java:624)
	at java.lang.Thread.run(Thread.java:748)
Exception in thread "pool-5-thread-418" java.lang.NullPointerException
	at tourGuide.service.GpsUtilProxyServiceImpl.getUserLocation(GpsUtilProxyServiceImpl.java:24)
	at tourGuide.service.TourGuideService.trackUserLocation(TourGuideService.java:169)
	at tourGuide.service.TourGuideService.lambda$trackUserLocationList$1(TourGuideService.java:190)
	at java.util.concurrent.ThreadPoolExecutor.runWorker(ThreadPoolExecutor.java:1149)
	at java.util.concurrent.ThreadPoolExecutor$Worker.run(ThreadPoolExecutor.java:624)
	at java.lang.Thread.run(Thread.java:748)
Exception in thread "pool-5-thread-401" java.lang.NullPointerException
	at tourGuide.service.GpsUtilProxyServiceImpl.getUserLocation(GpsUtilProxyServiceImpl.java:24)
	at tourGuide.service.TourGuideService.trackUserLocation(TourGuideService.java:169)
	at tourGuide.service.TourGuideService.lambda$trackUserLocationList$1(TourGuideService.java:190)
	at java.util.concurrent.ThreadPoolExecutor.runWorker(ThreadPoolExecutor.java:1149)
	at java.util.concurrent.ThreadPoolExecutor$Worker.run(ThreadPoolExecutor.java:624)
	at java.lang.Thread.run(Thread.java:748)
Exception in thread "pool-5-thread-396" java.lang.NullPointerException
	at tourGuide.service.GpsUtilProxyServiceImpl.getUserLocation(GpsUtilProxyServiceImpl.java:24)
	at tourGuide.service.TourGuideService.trackUserLocation(TourGuideService.java:169)
	at tourGuide.service.TourGuideService.lambda$trackUserLocationList$1(TourGuideService.java:190)
	at java.util.concurrent.ThreadPoolExecutor.runWorker(ThreadPoolExecutor.java:1149)
	at java.util.concurrent.ThreadPoolExecutor$Worker.run(ThreadPoolExecutor.java:624)
	at java.lang.Thread.run(Thread.java:748)
Exception in thread "pool-5-thread-573" java.lang.NullPointerException
	at tourGuide.service.GpsUtilProxyServiceImpl.getUserLocation(GpsUtilProxyServiceImpl.java:24)
	at tourGuide.service.TourGuideService.trackUserLocation(TourGuideService.java:169)
	at tourGuide.service.TourGuideService.lambda$trackUserLocationList$1(TourGuideService.java:190)
	at java.util.concurrent.ThreadPoolExecutor.runWorker(ThreadPoolExecutor.java:1149)
	at java.util.concurrent.ThreadPoolExecutor$Worker.run(ThreadPoolExecutor.java:624)
	at java.lang.Thread.run(Thread.java:748)
Exception in thread "pool-5-thread-391" java.lang.NullPointerException
	at tourGuide.service.GpsUtilProxyServiceImpl.getUserLocation(GpsUtilProxyServiceImpl.java:24)
	at tourGuide.service.TourGuideService.trackUserLocation(TourGuideService.java:169)
	at tourGuide.service.TourGuideService.lambda$trackUserLocationList$1(TourGuideService.java:190)
	at java.util.concurrent.ThreadPoolExecutor.runWorker(ThreadPoolExecutor.java:1149)
	at java.util.concurrent.ThreadPoolExecutor$Worker.run(ThreadPoolExecutor.java:624)
	at java.lang.Thread.run(Thread.java:748)
Exception in thread "pool-5-thread-419" java.lang.NullPointerException
	at tourGuide.service.GpsUtilProxyServiceImpl.getUserLocation(GpsUtilProxyServiceImpl.java:24)
	at tourGuide.service.TourGuideService.trackUserLocation(TourGuideService.java:169)
	at tourGuide.service.TourGuideService.lambda$trackUserLocationList$1(TourGuideService.java:190)
	at java.util.concurrent.ThreadPoolExecutor.runWorker(ThreadPoolExecutor.java:1149)
	at java.util.concurrent.ThreadPoolExecutor$Worker.run(ThreadPoolExecutor.java:624)
	at java.lang.Thread.run(Thread.java:748)
Exception in thread "pool-5-thread-379" java.lang.NullPointerException
	at tourGuide.service.GpsUtilProxyServiceImpl.getUserLocation(GpsUtilProxyServiceImpl.java:24)
	at tourGuide.service.TourGuideService.trackUserLocation(TourGuideService.java:169)
	at tourGuide.service.TourGuideService.lambda$trackUserLocationList$1(TourGuideService.java:190)
	at java.util.concurrent.ThreadPoolExecutor.runWorker(ThreadPoolExecutor.java:1149)
	at java.util.concurrent.ThreadPoolExecutor$Worker.run(ThreadPoolExecutor.java:624)
	at java.lang.Thread.run(Thread.java:748)
Exception in thread "pool-5-thread-378" java.lang.NullPointerException
	at tourGuide.service.GpsUtilProxyServiceImpl.getUserLocation(GpsUtilProxyServiceImpl.java:24)
	at tourGuide.service.TourGuideService.trackUserLocation(TourGuideService.java:169)
	at tourGuide.service.TourGuideService.lambda$trackUserLocationList$1(TourGuideService.java:190)
	at java.util.concurrent.ThreadPoolExecutor.runWorker(ThreadPoolExecutor.java:1149)
	at java.util.concurrent.ThreadPoolExecutor$Worker.run(ThreadPoolExecutor.java:624)
	at java.lang.Thread.run(Thread.java:748)
Exception in thread "pool-5-thread-377" java.lang.NullPointerException
	at tourGuide.service.GpsUtilProxyServiceImpl.getUserLocation(GpsUtilProxyServiceImpl.java:24)
	at tourGuide.service.TourGuideService.trackUserLocation(TourGuideService.java:169)
	at tourGuide.service.TourGuideService.lambda$trackUserLocationList$1(TourGuideService.java:190)
	at java.util.concurrent.ThreadPoolExecutor.runWorker(ThreadPoolExecutor.java:1149)
	at java.util.concurrent.ThreadPoolExecutor$Worker.run(ThreadPoolExecutor.java:624)
	at java.lang.Thread.run(Thread.java:748)
Exception in thread "pool-5-thread-397" java.lang.NullPointerException
	at tourGuide.service.GpsUtilProxyServiceImpl.getUserLocation(GpsUtilProxyServiceImpl.java:24)
	at tourGuide.service.TourGuideService.trackUserLocation(TourGuideService.java:169)
	at tourGuide.service.TourGuideService.lambda$trackUserLocationList$1(TourGuideService.java:190)
	at java.util.concurrent.ThreadPoolExecutor.runWorker(ThreadPoolExecutor.java:1149)
	at java.util.concurrent.ThreadPoolExecutor$Worker.run(ThreadPoolExecutor.java:624)
	at java.lang.Thread.run(Thread.java:748)
Exception in thread "pool-4-thread-64" java.lang.NullPointerException
	at tourGuide.service.GpsUtilProxyServiceImpl.getUserLocation(GpsUtilProxyServiceImpl.java:24)
	at tourGuide.service.TourGuideService.trackUserLocation(TourGuideService.java:169)
	at tourGuide.service.TourGuideService.lambda$trackUserLocationList$1(TourGuideService.java:190)
	at java.util.concurrent.ThreadPoolExecutor.runWorker(ThreadPoolExecutor.java:1149)
	at java.util.concurrent.ThreadPoolExecutor$Worker.run(ThreadPoolExecutor.java:624)
	at java.lang.Thread.run(Thread.java:748)
Exception in thread "pool-4-thread-66" java.lang.NullPointerException
	at tourGuide.service.GpsUtilProxyServiceImpl.getUserLocation(GpsUtilProxyServiceImpl.java:24)
	at tourGuide.service.TourGuideService.trackUserLocation(TourGuideService.java:169)
	at tourGuide.service.TourGuideService.lambda$trackUserLocationList$1(TourGuideService.java:190)
	at java.util.concurrent.ThreadPoolExecutor.runWorker(ThreadPoolExecutor.java:1149)
	at java.util.concurrent.ThreadPoolExecutor$Worker.run(ThreadPoolExecutor.java:624)
	at java.lang.Thread.run(Thread.java:748)
Exception in thread "pool-5-thread-394" java.lang.NullPointerException
	at tourGuide.service.GpsUtilProxyServiceImpl.getUserLocation(GpsUtilProxyServiceImpl.java:24)
	at tourGuide.service.TourGuideService.trackUserLocation(TourGuideService.java:169)
	at tourGuide.service.TourGuideService.lambda$trackUserLocationList$1(TourGuideService.java:190)
	at java.util.concurrent.ThreadPoolExecutor.runWorker(ThreadPoolExecutor.java:1149)
	at java.util.concurrent.ThreadPoolExecutor$Worker.run(ThreadPoolExecutor.java:624)
	at java.lang.Thread.run(Thread.java:748)
Exception in thread "pool-4-thread-65" java.lang.NullPointerException
	at tourGuide.service.GpsUtilProxyServiceImpl.getUserLocation(GpsUtilProxyServiceImpl.java:24)
	at tourGuide.service.TourGuideService.trackUserLocation(TourGuideService.java:169)
	at tourGuide.service.TourGuideService.lambda$trackUserLocationList$1(TourGuideService.java:190)
	at java.util.concurrent.ThreadPoolExecutor.runWorker(ThreadPoolExecutor.java:1149)
	at java.util.concurrent.ThreadPoolExecutor$Worker.run(ThreadPoolExecutor.java:624)
	at java.lang.Thread.run(Thread.java:748)
Exception in thread "pool-5-thread-369" java.lang.NullPointerException
	at tourGuide.service.GpsUtilProxyServiceImpl.getUserLocation(GpsUtilProxyServiceImpl.java:24)
	at tourGuide.service.TourGuideService.trackUserLocation(TourGuideService.java:169)
	at tourGuide.service.TourGuideService.lambda$trackUserLocationList$1(TourGuideService.java:190)
	at java.util.concurrent.ThreadPoolExecutor.runWorker(ThreadPoolExecutor.java:1149)
	at java.util.concurrent.ThreadPoolExecutor$Worker.run(ThreadPoolExecutor.java:624)
	at java.lang.Thread.run(Thread.java:748)
Exception in thread "pool-5-thread-404" java.lang.NullPointerException
	at tourGuide.service.GpsUtilProxyServiceImpl.getUserLocation(GpsUtilProxyServiceImpl.java:24)
	at tourGuide.service.TourGuideService.trackUserLocation(TourGuideService.java:169)
	at tourGuide.service.TourGuideService.lambda$trackUserLocationList$1(TourGuideService.java:190)
	at java.util.concurrent.ThreadPoolExecutor.runWorker(ThreadPoolExecutor.java:1149)
	at java.util.concurrent.ThreadPoolExecutor$Worker.run(ThreadPoolExecutor.java:624)
	at java.lang.Thread.run(Thread.java:748)
Exception in thread "pool-5-thread-409" java.lang.NullPointerException
	at tourGuide.service.GpsUtilProxyServiceImpl.getUserLocation(GpsUtilProxyServiceImpl.java:24)
	at tourGuide.service.TourGuideService.trackUserLocation(TourGuideService.java:169)
	at tourGuide.service.TourGuideService.lambda$trackUserLocationList$1(TourGuideService.java:190)
	at java.util.concurrent.ThreadPoolExecutor.runWorker(ThreadPoolExecutor.java:1149)
	at java.util.concurrent.ThreadPoolExecutor$Worker.run(ThreadPoolExecutor.java:624)
	at java.lang.Thread.run(Thread.java:748)
Exception in thread "pool-5-thread-413" java.lang.NullPointerException
	at tourGuide.service.GpsUtilProxyServiceImpl.getUserLocation(GpsUtilProxyServiceImpl.java:24)
	at tourGuide.service.TourGuideService.trackUserLocation(TourGuideService.java:169)
	at tourGuide.service.TourGuideService.lambda$trackUserLocationList$1(TourGuideService.java:190)
	at java.util.concurrent.ThreadPoolExecutor.runWorker(ThreadPoolExecutor.java:1149)
	at java.util.concurrent.ThreadPoolExecutor$Worker.run(ThreadPoolExecutor.java:624)
	at java.lang.Thread.run(Thread.java:748)
Exception in thread "pool-5-thread-428" java.lang.NullPointerException
	at tourGuide.service.GpsUtilProxyServiceImpl.getUserLocation(GpsUtilProxyServiceImpl.java:24)
	at tourGuide.service.TourGuideService.trackUserLocation(TourGuideService.java:169)
	at tourGuide.service.TourGuideService.lambda$trackUserLocationList$1(TourGuideService.java:190)
	at java.util.concurrent.ThreadPoolExecutor.runWorker(ThreadPoolExecutor.java:1149)
	at java.util.concurrent.ThreadPoolExecutor$Worker.run(ThreadPoolExecutor.java:624)
	at java.lang.Thread.run(Thread.java:748)
Exception in thread "pool-5-thread-434" java.lang.NullPointerException
	at tourGuide.service.GpsUtilProxyServiceImpl.getUserLocation(GpsUtilProxyServiceImpl.java:24)
	at tourGuide.service.TourGuideService.trackUserLocation(TourGuideService.java:169)
	at tourGuide.service.TourGuideService.lambda$trackUserLocationList$1(TourGuideService.java:190)
	at java.util.concurrent.ThreadPoolExecutor.runWorker(ThreadPoolExecutor.java:1149)
	at java.util.concurrent.ThreadPoolExecutor$Worker.run(ThreadPoolExecutor.java:624)
	at java.lang.Thread.run(Thread.java:748)
Exception in thread "pool-5-thread-440" java.lang.NullPointerException
	at tourGuide.service.GpsUtilProxyServiceImpl.getUserLocation(GpsUtilProxyServiceImpl.java:24)
	at tourGuide.service.TourGuideService.trackUserLocation(TourGuideService.java:169)
	at tourGuide.service.TourGuideService.lambda$trackUserLocationList$1(TourGuideService.java:190)
	at java.util.concurrent.ThreadPoolExecutor.runWorker(ThreadPoolExecutor.java:1149)
	at java.util.concurrent.ThreadPoolExecutor$Worker.run(ThreadPoolExecutor.java:624)
	at java.lang.Thread.run(Thread.java:748)
Exception in thread "pool-5-thread-444" java.lang.NullPointerException
	at tourGuide.service.GpsUtilProxyServiceImpl.getUserLocation(GpsUtilProxyServiceImpl.java:24)
	at tourGuide.service.TourGuideService.trackUserLocation(TourGuideService.java:169)
	at tourGuide.service.TourGuideService.lambda$trackUserLocationList$1(TourGuideService.java:190)
	at java.util.concurrent.ThreadPoolExecutor.runWorker(ThreadPoolExecutor.java:1149)
	at java.util.concurrent.ThreadPoolExecutor$Worker.run(ThreadPoolExecutor.java:624)
	at java.lang.Thread.run(Thread.java:748)
Exception in thread "pool-5-thread-447" java.lang.NullPointerException
	at tourGuide.service.GpsUtilProxyServiceImpl.getUserLocation(GpsUtilProxyServiceImpl.java:24)
	at tourGuide.service.TourGuideService.trackUserLocation(TourGuideService.java:169)
	at tourGuide.service.TourGuideService.lambda$trackUserLocationList$1(TourGuideService.java:190)
	at java.util.concurrent.ThreadPoolExecutor.runWorker(ThreadPoolExecutor.java:1149)
	at java.util.concurrent.ThreadPoolExecutor$Worker.run(ThreadPoolExecutor.java:624)
	at java.lang.Thread.run(Thread.java:748)
Exception in thread "pool-4-thread-15" java.lang.NullPointerException
	at tourGuide.service.GpsUtilProxyServiceImpl.getUserLocation(GpsUtilProxyServiceImpl.java:24)
	at tourGuide.service.TourGuideService.trackUserLocation(TourGuideService.java:169)
	at tourGuide.service.TourGuideService.lambda$trackUserLocationList$1(TourGuideService.java:190)
	at java.util.concurrent.ThreadPoolExecutor.runWorker(ThreadPoolExecutor.java:1149)
	at java.util.concurrent.ThreadPoolExecutor$Worker.run(ThreadPoolExecutor.java:624)
	at java.lang.Thread.run(Thread.java:748)
Exception in thread "pool-4-thread-14" java.lang.NullPointerException
	at tourGuide.service.GpsUtilProxyServiceImpl.getUserLocation(GpsUtilProxyServiceImpl.java:24)
	at tourGuide.service.TourGuideService.trackUserLocation(TourGuideService.java:169)
	at tourGuide.service.TourGuideService.lambda$trackUserLocationList$1(TourGuideService.java:190)
	at java.util.concurrent.ThreadPoolExecutor.runWorker(ThreadPoolExecutor.java:1149)
	at java.util.concurrent.ThreadPoolExecutor$Worker.run(ThreadPoolExecutor.java:624)
	at java.lang.Thread.run(Thread.java:748)
Exception in thread "pool-4-thread-16" java.lang.NullPointerException
	at tourGuide.service.GpsUtilProxyServiceImpl.getUserLocation(GpsUtilProxyServiceImpl.java:24)
	at tourGuide.service.TourGuideService.trackUserLocation(TourGuideService.java:169)
	at tourGuide.service.TourGuideService.lambda$trackUserLocationList$1(TourGuideService.java:190)
	at java.util.concurrent.ThreadPoolExecutor.runWorker(ThreadPoolExecutor.java:1149)
	at java.util.concurrent.ThreadPoolExecutor$Worker.run(ThreadPoolExecutor.java:624)
	at java.lang.Thread.run(Thread.java:748)
Exception in thread "pool-4-thread-18" java.lang.NullPointerException
	at tourGuide.service.GpsUtilProxyServiceImpl.getUserLocation(GpsUtilProxyServiceImpl.java:24)
	at tourGuide.service.TourGuideService.trackUserLocation(TourGuideService.java:169)
	at tourGuide.service.TourGuideService.lambda$trackUserLocationList$1(TourGuideService.java:190)
	at java.util.concurrent.ThreadPoolExecutor.runWorker(ThreadPoolExecutor.java:1149)
	at java.util.concurrent.ThreadPoolExecutor$Worker.run(ThreadPoolExecutor.java:624)
	at java.lang.Thread.run(Thread.java:748)
Exception in thread "pool-5-thread-1335" java.lang.NullPointerException
	at tourGuide.service.GpsUtilProxyServiceImpl.getUserLocation(GpsUtilProxyServiceImpl.java:24)
	at tourGuide.service.TourGuideService.trackUserLocation(TourGuideService.java:169)
	at tourGuide.service.TourGuideService.lambda$trackUserLocationList$1(TourGuideService.java:190)
	at java.util.concurrent.ThreadPoolExecutor.runWorker(ThreadPoolExecutor.java:1149)
	at java.util.concurrent.ThreadPoolExecutor$Worker.run(ThreadPoolExecutor.java:624)
	at java.lang.Thread.run(Thread.java:748)
Exception in thread "pool-5-thread-1333" java.lang.NullPointerException
	at tourGuide.service.GpsUtilProxyServiceImpl.getUserLocation(GpsUtilProxyServiceImpl.java:24)
	at tourGuide.service.TourGuideService.trackUserLocation(TourGuideService.java:169)
	at tourGuide.service.TourGuideService.lambda$trackUserLocationList$1(TourGuideService.java:190)
	at java.util.concurrent.ThreadPoolExecutor.runWorker(ThreadPoolExecutor.java:1149)
	at java.util.concurrent.ThreadPoolExecutor$Worker.run(ThreadPoolExecutor.java:624)
	at java.lang.Thread.run(Thread.java:748)
Exception in thread "pool-5-thread-1334" java.lang.NullPointerException
	at tourGuide.service.GpsUtilProxyServiceImpl.getUserLocation(GpsUtilProxyServiceImpl.java:24)
	at tourGuide.service.TourGuideService.trackUserLocation(TourGuideService.java:169)
	at tourGuide.service.TourGuideService.lambda$trackUserLocationList$1(TourGuideService.java:190)
	at java.util.concurrent.ThreadPoolExecutor.runWorker(ThreadPoolExecutor.java:1149)
	at java.util.concurrent.ThreadPoolExecutor$Worker.run(ThreadPoolExecutor.java:624)
	at java.lang.Thread.run(Thread.java:748)
Exception in thread "pool-5-thread-1332" java.lang.NullPointerException
	at tourGuide.service.GpsUtilProxyServiceImpl.getUserLocation(GpsUtilProxyServiceImpl.java:24)
	at tourGuide.service.TourGuideService.trackUserLocation(TourGuideService.java:169)
	at tourGuide.service.TourGuideService.lambda$trackUserLocationList$1(TourGuideService.java:190)
	at java.util.concurrent.ThreadPoolExecutor.runWorker(ThreadPoolExecutor.java:1149)
	at java.util.concurrent.ThreadPoolExecutor$Worker.run(ThreadPoolExecutor.java:624)
	at java.lang.Thread.run(Thread.java:748)
Exception in thread "pool-5-thread-1331" java.lang.NullPointerException
	at tourGuide.service.GpsUtilProxyServiceImpl.getUserLocation(GpsUtilProxyServiceImpl.java:24)
	at tourGuide.service.TourGuideService.trackUserLocation(TourGuideService.java:169)
	at tourGuide.service.TourGuideService.lambda$trackUserLocationList$1(TourGuideService.java:190)
	at java.util.concurrent.ThreadPoolExecutor.runWorker(ThreadPoolExecutor.java:1149)
	at java.util.concurrent.ThreadPoolExecutor$Worker.run(ThreadPoolExecutor.java:624)
	at java.lang.Thread.run(Thread.java:748)
Exception in thread "pool-5-thread-1330" java.lang.NullPointerException
	at tourGuide.service.GpsUtilProxyServiceImpl.getUserLocation(GpsUtilProxyServiceImpl.java:24)
	at tourGuide.service.TourGuideService.trackUserLocation(TourGuideService.java:169)
	at tourGuide.service.TourGuideService.lambda$trackUserLocationList$1(TourGuideService.java:190)
	at java.util.concurrent.ThreadPoolExecutor.runWorker(ThreadPoolExecutor.java:1149)
	at java.util.concurrent.ThreadPoolExecutor$Worker.run(ThreadPoolExecutor.java:624)
	at java.lang.Thread.run(Thread.java:748)
Exception in thread "pool-5-thread-1329" java.lang.NullPointerException
	at tourGuide.service.GpsUtilProxyServiceImpl.getUserLocation(GpsUtilProxyServiceImpl.java:24)
	at tourGuide.service.TourGuideService.trackUserLocation(TourGuideService.java:169)
	at tourGuide.service.TourGuideService.lambda$trackUserLocationList$1(TourGuideService.java:190)
	at java.util.concurrent.ThreadPoolExecutor.runWorker(ThreadPoolExecutor.java:1149)
	at java.util.concurrent.ThreadPoolExecutor$Worker.run(ThreadPoolExecutor.java:624)
	at java.lang.Thread.run(Thread.java:748)
Exception in thread "pool-5-thread-1328" java.lang.NullPointerException
	at tourGuide.service.GpsUtilProxyServiceImpl.getUserLocation(GpsUtilProxyServiceImpl.java:24)
	at tourGuide.service.TourGuideService.trackUserLocation(TourGuideService.java:169)
	at tourGuide.service.TourGuideService.lambda$trackUserLocationList$1(TourGuideService.java:190)
	at java.util.concurrent.ThreadPoolExecutor.runWorker(ThreadPoolExecutor.java:1149)
	at java.util.concurrent.ThreadPoolExecutor$Worker.run(ThreadPoolExecutor.java:624)
	at java.lang.Thread.run(Thread.java:748)
Exception in thread "pool-5-thread-1327" java.lang.NullPointerException
	at tourGuide.service.GpsUtilProxyServiceImpl.getUserLocation(GpsUtilProxyServiceImpl.java:24)
	at tourGuide.service.TourGuideService.trackUserLocation(TourGuideService.java:169)
	at tourGuide.service.TourGuideService.lambda$trackUserLocationList$1(TourGuideService.java:190)
	at java.util.concurrent.ThreadPoolExecutor.runWorker(ThreadPoolExecutor.java:1149)
	at java.util.concurrent.ThreadPoolExecutor$Worker.run(ThreadPoolExecutor.java:624)
	at java.lang.Thread.run(Thread.java:748)
Exception in thread "pool-5-thread-1326" java.lang.NullPointerException
	at tourGuide.service.GpsUtilProxyServiceImpl.getUserLocation(GpsUtilProxyServiceImpl.java:24)
	at tourGuide.service.TourGuideService.trackUserLocation(TourGuideService.java:169)
	at tourGuide.service.TourGuideService.lambda$trackUserLocationList$1(TourGuideService.java:190)
	at java.util.concurrent.ThreadPoolExecutor.runWorker(ThreadPoolExecutor.java:1149)
	at java.util.concurrent.ThreadPoolExecutor$Worker.run(ThreadPoolExecutor.java:624)
	at java.lang.Thread.run(Thread.java:748)
Exception in thread "pool-5-thread-1325" java.lang.NullPointerException
	at tourGuide.service.GpsUtilProxyServiceImpl.getUserLocation(GpsUtilProxyServiceImpl.java:24)
	at tourGuide.service.TourGuideService.trackUserLocation(TourGuideService.java:169)
	at tourGuide.service.TourGuideService.lambda$trackUserLocationList$1(TourGuideService.java:190)
	at java.util.concurrent.ThreadPoolExecutor.runWorker(ThreadPoolExecutor.java:1149)
	at java.util.concurrent.ThreadPoolExecutor$Worker.run(ThreadPoolExecutor.java:624)
	at java.lang.Thread.run(Thread.java:748)
Exception in thread "pool-5-thread-1324" java.lang.NullPointerException
	at tourGuide.service.GpsUtilProxyServiceImpl.getUserLocation(GpsUtilProxyServiceImpl.java:24)
	at tourGuide.service.TourGuideService.trackUserLocation(TourGuideService.java:169)
	at tourGuide.service.TourGuideService.lambda$trackUserLocationList$1(TourGuideService.java:190)
	at java.util.concurrent.ThreadPoolExecutor.runWorker(ThreadPoolExecutor.java:1149)
	at java.util.concurrent.ThreadPoolExecutor$Worker.run(ThreadPoolExecutor.java:624)
	at java.lang.Thread.run(Thread.java:748)
Exception in thread "pool-5-thread-1322" java.lang.NullPointerException
	at tourGuide.service.GpsUtilProxyServiceImpl.getUserLocation(GpsUtilProxyServiceImpl.java:24)
	at tourGuide.service.TourGuideService.trackUserLocation(TourGuideService.java:169)
	at tourGuide.service.TourGuideService.lambda$trackUserLocationList$1(TourGuideService.java:190)
	at java.util.concurrent.ThreadPoolExecutor.runWorker(ThreadPoolExecutor.java:1149)
	at java.util.concurrent.ThreadPoolExecutor$Worker.run(ThreadPoolExecutor.java:624)
	at java.lang.Thread.run(Thread.java:748)
Exception in thread "pool-5-thread-1323" java.lang.NullPointerException
	at tourGuide.service.GpsUtilProxyServiceImpl.getUserLocation(GpsUtilProxyServiceImpl.java:24)
	at tourGuide.service.TourGuideService.trackUserLocation(TourGuideService.java:169)
	at tourGuide.service.TourGuideService.lambda$trackUserLocationList$1(TourGuideService.java:190)
	at java.util.concurrent.ThreadPoolExecutor.runWorker(ThreadPoolExecutor.java:1149)
	at java.util.concurrent.ThreadPoolExecutor$Worker.run(ThreadPoolExecutor.java:624)
	at java.lang.Thread.run(Thread.java:748)
Exception in thread "pool-5-thread-1321" java.lang.NullPointerException
	at tourGuide.service.GpsUtilProxyServiceImpl.getUserLocation(GpsUtilProxyServiceImpl.java:24)
	at tourGuide.service.TourGuideService.trackUserLocation(TourGuideService.java:169)
	at tourGuide.service.TourGuideService.lambda$trackUserLocationList$1(TourGuideService.java:190)
	at java.util.concurrent.ThreadPoolExecutor.runWorker(ThreadPoolExecutor.java:1149)
	at java.util.concurrent.ThreadPoolExecutor$Worker.run(ThreadPoolExecutor.java:624)
	at java.lang.Thread.run(Thread.java:748)
Exception in thread "pool-5-thread-1320" java.lang.NullPointerException
	at tourGuide.service.GpsUtilProxyServiceImpl.getUserLocation(GpsUtilProxyServiceImpl.java:24)
	at tourGuide.service.TourGuideService.trackUserLocation(TourGuideService.java:169)
	at tourGuide.service.TourGuideService.lambda$trackUserLocationList$1(TourGuideService.java:190)
	at java.util.concurrent.ThreadPoolExecutor.runWorker(ThreadPoolExecutor.java:1149)
	at java.util.concurrent.ThreadPoolExecutor$Worker.run(ThreadPoolExecutor.java:624)
	at java.lang.Thread.run(Thread.java:748)
Exception in thread "pool-5-thread-1318" java.lang.NullPointerException
	at tourGuide.service.GpsUtilProxyServiceImpl.getUserLocation(GpsUtilProxyServiceImpl.java:24)
	at tourGuide.service.TourGuideService.trackUserLocation(TourGuideService.java:169)
	at tourGuide.service.TourGuideService.lambda$trackUserLocationList$1(TourGuideService.java:190)
	at java.util.concurrent.ThreadPoolExecutor.runWorker(ThreadPoolExecutor.java:1149)
	at java.util.concurrent.ThreadPoolExecutor$Worker.run(ThreadPoolExecutor.java:624)
	at java.lang.Thread.run(Thread.java:748)
Exception in thread "pool-5-thread-1319" java.lang.NullPointerException
	at tourGuide.service.GpsUtilProxyServiceImpl.getUserLocation(GpsUtilProxyServiceImpl.java:24)
	at tourGuide.service.TourGuideService.trackUserLocation(TourGuideService.java:169)
	at tourGuide.service.TourGuideService.lambda$trackUserLocationList$1(TourGuideService.java:190)
	at java.util.concurrent.ThreadPoolExecutor.runWorker(ThreadPoolExecutor.java:1149)
	at java.util.concurrent.ThreadPoolExecutor$Worker.run(ThreadPoolExecutor.java:624)
	at java.lang.Thread.run(Thread.java:748)
Exception in thread "pool-5-thread-1317" java.lang.NullPointerException
	at tourGuide.service.GpsUtilProxyServiceImpl.getUserLocation(GpsUtilProxyServiceImpl.java:24)
	at tourGuide.service.TourGuideService.trackUserLocation(TourGuideService.java:169)
	at tourGuide.service.TourGuideService.lambda$trackUserLocationList$1(TourGuideService.java:190)
	at java.util.concurrent.ThreadPoolExecutor.runWorker(ThreadPoolExecutor.java:1149)
	at java.util.concurrent.ThreadPoolExecutor$Worker.run(ThreadPoolExecutor.java:624)
	at java.lang.Thread.run(Thread.java:748)
Exception in thread "pool-5-thread-1315" java.lang.NullPointerException
	at tourGuide.service.GpsUtilProxyServiceImpl.getUserLocation(GpsUtilProxyServiceImpl.java:24)
	at tourGuide.service.TourGuideService.trackUserLocation(TourGuideService.java:169)
	at tourGuide.service.TourGuideService.lambda$trackUserLocationList$1(TourGuideService.java:190)
	at java.util.concurrent.ThreadPoolExecutor.runWorker(ThreadPoolExecutor.java:1149)
	at java.util.concurrent.ThreadPoolExecutor$Worker.run(ThreadPoolExecutor.java:624)
	at java.lang.Thread.run(Thread.java:748)
Exception in thread "pool-5-thread-1316" java.lang.NullPointerException
	at tourGuide.service.GpsUtilProxyServiceImpl.getUserLocation(GpsUtilProxyServiceImpl.java:24)
	at tourGuide.service.TourGuideService.trackUserLocation(TourGuideService.java:169)
	at tourGuide.service.TourGuideService.lambda$trackUserLocationList$1(TourGuideService.java:190)
	at java.util.concurrent.ThreadPoolExecutor.runWorker(ThreadPoolExecutor.java:1149)
	at java.util.concurrent.ThreadPoolExecutor$Worker.run(ThreadPoolExecutor.java:624)
	at java.lang.Thread.run(Thread.java:748)
Exception in thread "pool-5-thread-1314" java.lang.NullPointerException
	at tourGuide.service.GpsUtilProxyServiceImpl.getUserLocation(GpsUtilProxyServiceImpl.java:24)
	at tourGuide.service.TourGuideService.trackUserLocation(TourGuideService.java:169)
	at tourGuide.service.TourGuideService.lambda$trackUserLocationList$1(TourGuideService.java:190)
	at java.util.concurrent.ThreadPoolExecutor.runWorker(ThreadPoolExecutor.java:1149)
	at java.util.concurrent.ThreadPoolExecutor$Worker.run(ThreadPoolExecutor.java:624)
	at java.lang.Thread.run(Thread.java:748)
Exception in thread "pool-5-thread-1313" java.lang.NullPointerException
	at tourGuide.service.GpsUtilProxyServiceImpl.getUserLocation(GpsUtilProxyServiceImpl.java:24)
	at tourGuide.service.TourGuideService.trackUserLocation(TourGuideService.java:169)
	at tourGuide.service.TourGuideService.lambda$trackUserLocationList$1(TourGuideService.java:190)
	at java.util.concurrent.ThreadPoolExecutor.runWorker(ThreadPoolExecutor.java:1149)
	at java.util.concurrent.ThreadPoolExecutor$Worker.run(ThreadPoolExecutor.java:624)
	at java.lang.Thread.run(Thread.java:748)
Exception in thread "pool-5-thread-1312" java.lang.NullPointerException
	at tourGuide.service.GpsUtilProxyServiceImpl.getUserLocation(GpsUtilProxyServiceImpl.java:24)
	at tourGuide.service.TourGuideService.trackUserLocation(TourGuideService.java:169)
	at tourGuide.service.TourGuideService.lambda$trackUserLocationList$1(TourGuideService.java:190)
	at java.util.concurrent.ThreadPoolExecutor.runWorker(ThreadPoolExecutor.java:1149)
	at java.util.concurrent.ThreadPoolExecutor$Worker.run(ThreadPoolExecutor.java:624)
	at java.lang.Thread.run(Thread.java:748)
Exception in thread "pool-5-thread-1310" java.lang.NullPointerException
	at tourGuide.service.GpsUtilProxyServiceImpl.getUserLocation(GpsUtilProxyServiceImpl.java:24)
	at tourGuide.service.TourGuideService.trackUserLocation(TourGuideService.java:169)
	at tourGuide.service.TourGuideService.lambda$trackUserLocationList$1(TourGuideService.java:190)
	at java.util.concurrent.ThreadPoolExecutor.runWorker(ThreadPoolExecutor.java:1149)
	at java.util.concurrent.ThreadPoolExecutor$Worker.run(ThreadPoolExecutor.java:624)
	at java.lang.Thread.run(Thread.java:748)
Exception in thread "pool-5-thread-1311" java.lang.NullPointerException
	at tourGuide.service.GpsUtilProxyServiceImpl.getUserLocation(GpsUtilProxyServiceImpl.java:24)
	at tourGuide.service.TourGuideService.trackUserLocation(TourGuideService.java:169)
	at tourGuide.service.TourGuideService.lambda$trackUserLocationList$1(TourGuideService.java:190)
	at java.util.concurrent.ThreadPoolExecutor.runWorker(ThreadPoolExecutor.java:1149)
	at java.util.concurrent.ThreadPoolExecutor$Worker.run(ThreadPoolExecutor.java:624)
	at java.lang.Thread.run(Thread.java:748)
Exception in thread "pool-5-thread-1307" java.lang.NullPointerException
	at tourGuide.service.GpsUtilProxyServiceImpl.getUserLocation(GpsUtilProxyServiceImpl.java:24)
	at tourGuide.service.TourGuideService.trackUserLocation(TourGuideService.java:169)
	at tourGuide.service.TourGuideService.lambda$trackUserLocationList$1(TourGuideService.java:190)
	at java.util.concurrent.ThreadPoolExecutor.runWorker(ThreadPoolExecutor.java:1149)
	at java.util.concurrent.ThreadPoolExecutor$Worker.run(ThreadPoolExecutor.java:624)
	at java.lang.Thread.run(Thread.java:748)
Exception in thread "pool-5-thread-1309" java.lang.NullPointerException
	at tourGuide.service.GpsUtilProxyServiceImpl.getUserLocation(GpsUtilProxyServiceImpl.java:24)
	at tourGuide.service.TourGuideService.trackUserLocation(TourGuideService.java:169)
	at tourGuide.service.TourGuideService.lambda$trackUserLocationList$1(TourGuideService.java:190)
	at java.util.concurrent.ThreadPoolExecutor.runWorker(ThreadPoolExecutor.java:1149)
	at java.util.concurrent.ThreadPoolExecutor$Worker.run(ThreadPoolExecutor.java:624)
	at java.lang.Thread.run(Thread.java:748)
Exception in thread "pool-5-thread-1308" java.lang.NullPointerException
	at tourGuide.service.GpsUtilProxyServiceImpl.getUserLocation(GpsUtilProxyServiceImpl.java:24)
	at tourGuide.service.TourGuideService.trackUserLocation(TourGuideService.java:169)
	at tourGuide.service.TourGuideService.lambda$trackUserLocationList$1(TourGuideService.java:190)
	at java.util.concurrent.ThreadPoolExecutor.runWorker(ThreadPoolExecutor.java:1149)
	at java.util.concurrent.ThreadPoolExecutor$Worker.run(ThreadPoolExecutor.java:624)
	at java.lang.Thread.run(Thread.java:748)
Exception in thread "pool-5-thread-1305" java.lang.NullPointerException
	at tourGuide.service.GpsUtilProxyServiceImpl.getUserLocation(GpsUtilProxyServiceImpl.java:24)
	at tourGuide.service.TourGuideService.trackUserLocation(TourGuideService.java:169)
	at tourGuide.service.TourGuideService.lambda$trackUserLocationList$1(TourGuideService.java:190)
	at java.util.concurrent.ThreadPoolExecutor.runWorker(ThreadPoolExecutor.java:1149)
	at java.util.concurrent.ThreadPoolExecutor$Worker.run(ThreadPoolExecutor.java:624)
	at java.lang.Thread.run(Thread.java:748)
Exception in thread "pool-5-thread-1304" java.lang.NullPointerException
	at tourGuide.service.GpsUtilProxyServiceImpl.getUserLocation(GpsUtilProxyServiceImpl.java:24)
	at tourGuide.service.TourGuideService.trackUserLocation(TourGuideService.java:169)
	at tourGuide.service.TourGuideService.lambda$trackUserLocationList$1(TourGuideService.java:190)
	at java.util.concurrent.ThreadPoolExecutor.runWorker(ThreadPoolExecutor.java:1149)
	at java.util.concurrent.ThreadPoolExecutor$Worker.run(ThreadPoolExecutor.java:624)
	at java.lang.Thread.run(Thread.java:748)
Exception in thread "pool-5-thread-1303" java.lang.NullPointerException
	at tourGuide.service.GpsUtilProxyServiceImpl.getUserLocation(GpsUtilProxyServiceImpl.java:24)
	at tourGuide.service.TourGuideService.trackUserLocation(TourGuideService.java:169)
	at tourGuide.service.TourGuideService.lambda$trackUserLocationList$1(TourGuideService.java:190)
	at java.util.concurrent.ThreadPoolExecutor.runWorker(ThreadPoolExecutor.java:1149)
	at java.util.concurrent.ThreadPoolExecutor$Worker.run(ThreadPoolExecutor.java:624)
	at java.lang.Thread.run(Thread.java:748)
Exception in thread "pool-5-thread-1301" java.lang.NullPointerException
	at tourGuide.service.GpsUtilProxyServiceImpl.getUserLocation(GpsUtilProxyServiceImpl.java:24)
	at tourGuide.service.TourGuideService.trackUserLocation(TourGuideService.java:169)
	at tourGuide.service.TourGuideService.lambda$trackUserLocationList$1(TourGuideService.java:190)
	at java.util.concurrent.ThreadPoolExecutor.runWorker(ThreadPoolExecutor.java:1149)
	at java.util.concurrent.ThreadPoolExecutor$Worker.run(ThreadPoolExecutor.java:624)
	at java.lang.Thread.run(Thread.java:748)
Exception in thread "pool-5-thread-1302" java.lang.NullPointerException
	at tourGuide.service.GpsUtilProxyServiceImpl.getUserLocation(GpsUtilProxyServiceImpl.java:24)
	at tourGuide.service.TourGuideService.trackUserLocation(TourGuideService.java:169)
	at tourGuide.service.TourGuideService.lambda$trackUserLocationList$1(TourGuideService.java:190)
	at java.util.concurrent.ThreadPoolExecutor.runWorker(ThreadPoolExecutor.java:1149)
	at java.util.concurrent.ThreadPoolExecutor$Worker.run(ThreadPoolExecutor.java:624)
	at java.lang.Thread.run(Thread.java:748)
Exception in thread "pool-5-thread-1300" java.lang.NullPointerException
	at tourGuide.service.GpsUtilProxyServiceImpl.getUserLocation(GpsUtilProxyServiceImpl.java:24)
	at tourGuide.service.TourGuideService.trackUserLocation(TourGuideService.java:169)
	at tourGuide.service.TourGuideService.lambda$trackUserLocationList$1(TourGuideService.java:190)
	at java.util.concurrent.ThreadPoolExecutor.runWorker(ThreadPoolExecutor.java:1149)
	at java.util.concurrent.ThreadPoolExecutor$Worker.run(ThreadPoolExecutor.java:624)
	at java.lang.Thread.run(Thread.java:748)
Exception in thread "pool-5-thread-1298" java.lang.NullPointerException
	at tourGuide.service.GpsUtilProxyServiceImpl.getUserLocation(GpsUtilProxyServiceImpl.java:24)
	at tourGuide.service.TourGuideService.trackUserLocation(TourGuideService.java:169)
	at tourGuide.service.TourGuideService.lambda$trackUserLocationList$1(TourGuideService.java:190)
	at java.util.concurrent.ThreadPoolExecutor.runWorker(ThreadPoolExecutor.java:1149)
	at java.util.concurrent.ThreadPoolExecutor$Worker.run(ThreadPoolExecutor.java:624)
	at java.lang.Thread.run(Thread.java:748)
Exception in thread "pool-5-thread-1299" java.lang.NullPointerException
	at tourGuide.service.GpsUtilProxyServiceImpl.getUserLocation(GpsUtilProxyServiceImpl.java:24)
	at tourGuide.service.TourGuideService.trackUserLocation(TourGuideService.java:169)
	at tourGuide.service.TourGuideService.lambda$trackUserLocationList$1(TourGuideService.java:190)
	at java.util.concurrent.ThreadPoolExecutor.runWorker(ThreadPoolExecutor.java:1149)
	at java.util.concurrent.ThreadPoolExecutor$Worker.run(ThreadPoolExecutor.java:624)
	at java.lang.Thread.run(Thread.java:748)
Exception in thread "pool-5-thread-1297" java.lang.NullPointerException
	at tourGuide.service.GpsUtilProxyServiceImpl.getUserLocation(GpsUtilProxyServiceImpl.java:24)
	at tourGuide.service.TourGuideService.trackUserLocation(TourGuideService.java:169)
	at tourGuide.service.TourGuideService.lambda$trackUserLocationList$1(TourGuideService.java:190)
	at java.util.concurrent.ThreadPoolExecutor.runWorker(ThreadPoolExecutor.java:1149)
	at java.util.concurrent.ThreadPoolExecutor$Worker.run(ThreadPoolExecutor.java:624)
	at java.lang.Thread.run(Thread.java:748)
Exception in thread "pool-5-thread-1296" java.lang.NullPointerException
	at tourGuide.service.GpsUtilProxyServiceImpl.getUserLocation(GpsUtilProxyServiceImpl.java:24)
	at tourGuide.service.TourGuideService.trackUserLocation(TourGuideService.java:169)
	at tourGuide.service.TourGuideService.lambda$trackUserLocationList$1(TourGuideService.java:190)
	at java.util.concurrent.ThreadPoolExecutor.runWorker(ThreadPoolExecutor.java:1149)
	at java.util.concurrent.ThreadPoolExecutor$Worker.run(ThreadPoolExecutor.java:624)
	at java.lang.Thread.run(Thread.java:748)
Exception in thread "pool-5-thread-1295" java.lang.NullPointerException
	at tourGuide.service.GpsUtilProxyServiceImpl.getUserLocation(GpsUtilProxyServiceImpl.java:24)
	at tourGuide.service.TourGuideService.trackUserLocation(TourGuideService.java:169)
	at tourGuide.service.TourGuideService.lambda$trackUserLocationList$1(TourGuideService.java:190)
	at java.util.concurrent.ThreadPoolExecutor.runWorker(ThreadPoolExecutor.java:1149)
	at java.util.concurrent.ThreadPoolExecutor$Worker.run(ThreadPoolExecutor.java:624)
	at java.lang.Thread.run(Thread.java:748)
Exception in thread "pool-5-thread-1294" java.lang.NullPointerException
	at tourGuide.service.GpsUtilProxyServiceImpl.getUserLocation(GpsUtilProxyServiceImpl.java:24)
	at tourGuide.service.TourGuideService.trackUserLocation(TourGuideService.java:169)
	at tourGuide.service.TourGuideService.lambda$trackUserLocationList$1(TourGuideService.java:190)
	at java.util.concurrent.ThreadPoolExecutor.runWorker(ThreadPoolExecutor.java:1149)
	at java.util.concurrent.ThreadPoolExecutor$Worker.run(ThreadPoolExecutor.java:624)
	at java.lang.Thread.run(Thread.java:748)
Exception in thread "pool-5-thread-1293" java.lang.NullPointerException
	at tourGuide.service.GpsUtilProxyServiceImpl.getUserLocation(GpsUtilProxyServiceImpl.java:24)
	at tourGuide.service.TourGuideService.trackUserLocation(TourGuideService.java:169)
	at tourGuide.service.TourGuideService.lambda$trackUserLocationList$1(TourGuideService.java:190)
	at java.util.concurrent.ThreadPoolExecutor.runWorker(ThreadPoolExecutor.java:1149)
	at java.util.concurrent.ThreadPoolExecutor$Worker.run(ThreadPoolExecutor.java:624)
	at java.lang.Thread.run(Thread.java:748)
Exception in thread "pool-5-thread-1292" java.lang.NullPointerException
	at tourGuide.service.GpsUtilProxyServiceImpl.getUserLocation(GpsUtilProxyServiceImpl.java:24)
	at tourGuide.service.TourGuideService.trackUserLocation(TourGuideService.java:169)
	at tourGuide.service.TourGuideService.lambda$trackUserLocationList$1(TourGuideService.java:190)
	at java.util.concurrent.ThreadPoolExecutor.runWorker(ThreadPoolExecutor.java:1149)
	at java.util.concurrent.ThreadPoolExecutor$Worker.run(ThreadPoolExecutor.java:624)
	at java.lang.Thread.run(Thread.java:748)
Exception in thread "pool-5-thread-1290" java.lang.NullPointerException
	at tourGuide.service.GpsUtilProxyServiceImpl.getUserLocation(GpsUtilProxyServiceImpl.java:24)
	at tourGuide.service.TourGuideService.trackUserLocation(TourGuideService.java:169)
	at tourGuide.service.TourGuideService.lambda$trackUserLocationList$1(TourGuideService.java:190)
	at java.util.concurrent.ThreadPoolExecutor.runWorker(ThreadPoolExecutor.java:1149)
	at java.util.concurrent.ThreadPoolExecutor$Worker.run(ThreadPoolExecutor.java:624)
	at java.lang.Thread.run(Thread.java:748)
Exception in thread "pool-5-thread-1291" java.lang.NullPointerException
	at tourGuide.service.GpsUtilProxyServiceImpl.getUserLocation(GpsUtilProxyServiceImpl.java:24)
	at tourGuide.service.TourGuideService.trackUserLocation(TourGuideService.java:169)
	at tourGuide.service.TourGuideService.lambda$trackUserLocationList$1(TourGuideService.java:190)
	at java.util.concurrent.ThreadPoolExecutor.runWorker(ThreadPoolExecutor.java:1149)
	at java.util.concurrent.ThreadPoolExecutor$Worker.run(ThreadPoolExecutor.java:624)
	at java.lang.Thread.run(Thread.java:748)
Exception in thread "pool-5-thread-1288" java.lang.NullPointerException
	at tourGuide.service.GpsUtilProxyServiceImpl.getUserLocation(GpsUtilProxyServiceImpl.java:24)
	at tourGuide.service.TourGuideService.trackUserLocation(TourGuideService.java:169)
	at tourGuide.service.TourGuideService.lambda$trackUserLocationList$1(TourGuideService.java:190)
	at java.util.concurrent.ThreadPoolExecutor.runWorker(ThreadPoolExecutor.java:1149)
	at java.util.concurrent.ThreadPoolExecutor$Worker.run(ThreadPoolExecutor.java:624)
	at java.lang.Thread.run(Thread.java:748)
Exception in thread "pool-5-thread-1286" java.lang.NullPointerException
	at tourGuide.service.GpsUtilProxyServiceImpl.getUserLocation(GpsUtilProxyServiceImpl.java:24)
	at tourGuide.service.TourGuideService.trackUserLocation(TourGuideService.java:169)
	at tourGuide.service.TourGuideService.lambda$trackUserLocationList$1(TourGuideService.java:190)
	at java.util.concurrent.ThreadPoolExecutor.runWorker(ThreadPoolExecutor.java:1149)
	at java.util.concurrent.ThreadPoolExecutor$Worker.run(ThreadPoolExecutor.java:624)
	at java.lang.Thread.run(Thread.java:748)
Exception in thread "pool-5-thread-1287" java.lang.NullPointerException
	at tourGuide.service.GpsUtilProxyServiceImpl.getUserLocation(GpsUtilProxyServiceImpl.java:24)
	at tourGuide.service.TourGuideService.trackUserLocation(TourGuideService.java:169)
	at tourGuide.service.TourGuideService.lambda$trackUserLocationList$1(TourGuideService.java:190)
	at java.util.concurrent.ThreadPoolExecutor.runWorker(ThreadPoolExecutor.java:1149)
	at java.util.concurrent.ThreadPoolExecutor$Worker.run(ThreadPoolExecutor.java:624)
	at java.lang.Thread.run(Thread.java:748)
Exception in thread "pool-5-thread-1283" java.lang.NullPointerException
	at tourGuide.service.GpsUtilProxyServiceImpl.getUserLocation(GpsUtilProxyServiceImpl.java:24)
	at tourGuide.service.TourGuideService.trackUserLocation(TourGuideService.java:169)
	at tourGuide.service.TourGuideService.lambda$trackUserLocationList$1(TourGuideService.java:190)
	at java.util.concurrent.ThreadPoolExecutor.runWorker(ThreadPoolExecutor.java:1149)
	at java.util.concurrent.ThreadPoolExecutor$Worker.run(ThreadPoolExecutor.java:624)
	at java.lang.Thread.run(Thread.java:748)
Exception in thread "pool-5-thread-1285" java.lang.NullPointerException
	at tourGuide.service.GpsUtilProxyServiceImpl.getUserLocation(GpsUtilProxyServiceImpl.java:24)
	at tourGuide.service.TourGuideService.trackUserLocation(TourGuideService.java:169)
	at tourGuide.service.TourGuideService.lambda$trackUserLocationList$1(TourGuideService.java:190)
	at java.util.concurrent.ThreadPoolExecutor.runWorker(ThreadPoolExecutor.java:1149)
	at java.util.concurrent.ThreadPoolExecutor$Worker.run(ThreadPoolExecutor.java:624)
	at java.lang.Thread.run(Thread.java:748)
Exception in thread "pool-5-thread-1284" java.lang.NullPointerException
	at tourGuide.service.GpsUtilProxyServiceImpl.getUserLocation(GpsUtilProxyServiceImpl.java:24)
	at tourGuide.service.TourGuideService.trackUserLocation(TourGuideService.java:169)
	at tourGuide.service.TourGuideService.lambda$trackUserLocationList$1(TourGuideService.java:190)
	at java.util.concurrent.ThreadPoolExecutor.runWorker(ThreadPoolExecutor.java:1149)
	at java.util.concurrent.ThreadPoolExecutor$Worker.run(ThreadPoolExecutor.java:624)
	at java.lang.Thread.run(Thread.java:748)
Exception in thread "pool-5-thread-1282" java.lang.NullPointerException
	at tourGuide.service.GpsUtilProxyServiceImpl.getUserLocation(GpsUtilProxyServiceImpl.java:24)
	at tourGuide.service.TourGuideService.trackUserLocation(TourGuideService.java:169)
	at tourGuide.service.TourGuideService.lambda$trackUserLocationList$1(TourGuideService.java:190)
	at java.util.concurrent.ThreadPoolExecutor.runWorker(ThreadPoolExecutor.java:1149)
	at java.util.concurrent.ThreadPoolExecutor$Worker.run(ThreadPoolExecutor.java:624)
	at java.lang.Thread.run(Thread.java:748)
Exception in thread "pool-5-thread-1281" java.lang.NullPointerException
	at tourGuide.service.GpsUtilProxyServiceImpl.getUserLocation(GpsUtilProxyServiceImpl.java:24)
	at tourGuide.service.TourGuideService.trackUserLocation(TourGuideService.java:169)
	at tourGuide.service.TourGuideService.lambda$trackUserLocationList$1(TourGuideService.java:190)
	at java.util.concurrent.ThreadPoolExecutor.runWorker(ThreadPoolExecutor.java:1149)
	at java.util.concurrent.ThreadPoolExecutor$Worker.run(ThreadPoolExecutor.java:624)
	at java.lang.Thread.run(Thread.java:748)
Exception in thread "pool-5-thread-1279" java.lang.NullPointerException
	at tourGuide.service.GpsUtilProxyServiceImpl.getUserLocation(GpsUtilProxyServiceImpl.java:24)
	at tourGuide.service.TourGuideService.trackUserLocation(TourGuideService.java:169)
	at tourGuide.service.TourGuideService.lambda$trackUserLocationList$1(TourGuideService.java:190)
	at java.util.concurrent.ThreadPoolExecutor.runWorker(ThreadPoolExecutor.java:1149)
	at java.util.concurrent.ThreadPoolExecutor$Worker.run(ThreadPoolExecutor.java:624)
	at java.lang.Thread.run(Thread.java:748)
Exception in thread "pool-5-thread-1280" java.lang.NullPointerException
	at tourGuide.service.GpsUtilProxyServiceImpl.getUserLocation(GpsUtilProxyServiceImpl.java:24)
	at tourGuide.service.TourGuideService.trackUserLocation(TourGuideService.java:169)
	at tourGuide.service.TourGuideService.lambda$trackUserLocationList$1(TourGuideService.java:190)
	at java.util.concurrent.ThreadPoolExecutor.runWorker(ThreadPoolExecutor.java:1149)
	at java.util.concurrent.ThreadPoolExecutor$Worker.run(ThreadPoolExecutor.java:624)
	at java.lang.Thread.run(Thread.java:748)
Exception in thread "pool-5-thread-1277" java.lang.NullPointerException
	at tourGuide.service.GpsUtilProxyServiceImpl.getUserLocation(GpsUtilProxyServiceImpl.java:24)
	at tourGuide.service.TourGuideService.trackUserLocation(TourGuideService.java:169)
	at tourGuide.service.TourGuideService.lambda$trackUserLocationList$1(TourGuideService.java:190)
	at java.util.concurrent.ThreadPoolExecutor.runWorker(ThreadPoolExecutor.java:1149)
	at java.util.concurrent.ThreadPoolExecutor$Worker.run(ThreadPoolExecutor.java:624)
	at java.lang.Thread.run(Thread.java:748)
Exception in thread "pool-5-thread-1275" java.lang.NullPointerException
	at tourGuide.service.GpsUtilProxyServiceImpl.getUserLocation(GpsUtilProxyServiceImpl.java:24)
	at tourGuide.service.TourGuideService.trackUserLocation(TourGuideService.java:169)
	at tourGuide.service.TourGuideService.lambda$trackUserLocationList$1(TourGuideService.java:190)
	at java.util.concurrent.ThreadPoolExecutor.runWorker(ThreadPoolExecutor.java:1149)
	at java.util.concurrent.ThreadPoolExecutor$Worker.run(ThreadPoolExecutor.java:624)
	at java.lang.Thread.run(Thread.java:748)
Exception in thread "pool-5-thread-1276" java.lang.NullPointerException
	at tourGuide.service.GpsUtilProxyServiceImpl.getUserLocation(GpsUtilProxyServiceImpl.java:24)
	at tourGuide.service.TourGuideService.trackUserLocation(TourGuideService.java:169)
	at tourGuide.service.TourGuideService.lambda$trackUserLocationList$1(TourGuideService.java:190)
	at java.util.concurrent.ThreadPoolExecutor.runWorker(ThreadPoolExecutor.java:1149)
	at java.util.concurrent.ThreadPoolExecutor$Worker.run(ThreadPoolExecutor.java:624)
	at java.lang.Thread.run(Thread.java:748)
Exception in thread "pool-4-thread-512" java.lang.NullPointerException
	at tourGuide.service.GpsUtilProxyServiceImpl.getUserLocation(GpsUtilProxyServiceImpl.java:24)
	at tourGuide.service.TourGuideService.trackUserLocation(TourGuideService.java:169)
	at tourGuide.service.TourGuideService.lambda$trackUserLocationList$1(TourGuideService.java:190)
	at java.util.concurrent.ThreadPoolExecutor.runWorker(ThreadPoolExecutor.java:1149)
	at java.util.concurrent.ThreadPoolExecutor$Worker.run(ThreadPoolExecutor.java:624)
	at java.lang.Thread.run(Thread.java:748)
Exception in thread "pool-4-thread-510" java.lang.NullPointerException
	at tourGuide.service.GpsUtilProxyServiceImpl.getUserLocation(GpsUtilProxyServiceImpl.java:24)
	at tourGuide.service.TourGuideService.trackUserLocation(TourGuideService.java:169)
	at tourGuide.service.TourGuideService.lambda$trackUserLocationList$1(TourGuideService.java:190)
	at java.util.concurrent.ThreadPoolExecutor.runWorker(ThreadPoolExecutor.java:1149)
	at java.util.concurrent.ThreadPoolExecutor$Worker.run(ThreadPoolExecutor.java:624)
	at java.lang.Thread.run(Thread.java:748)
Exception in thread "pool-4-thread-511" java.lang.NullPointerException
	at tourGuide.service.GpsUtilProxyServiceImpl.getUserLocation(GpsUtilProxyServiceImpl.java:24)
	at tourGuide.service.TourGuideService.trackUserLocation(TourGuideService.java:169)
	at tourGuide.service.TourGuideService.lambda$trackUserLocationList$1(TourGuideService.java:190)
	at java.util.concurrent.ThreadPoolExecutor.runWorker(ThreadPoolExecutor.java:1149)
	at java.util.concurrent.ThreadPoolExecutor$Worker.run(ThreadPoolExecutor.java:624)
	at java.lang.Thread.run(Thread.java:748)
Exception in thread "pool-5-thread-1273" java.lang.NullPointerException
	at tourGuide.service.GpsUtilProxyServiceImpl.getUserLocation(GpsUtilProxyServiceImpl.java:24)
	at tourGuide.service.TourGuideService.trackUserLocation(TourGuideService.java:169)
	at tourGuide.service.TourGuideService.lambda$trackUserLocationList$1(TourGuideService.java:190)
	at java.util.concurrent.ThreadPoolExecutor.runWorker(ThreadPoolExecutor.java:1149)
	at java.util.concurrent.ThreadPoolExecutor$Worker.run(ThreadPoolExecutor.java:624)
	at java.lang.Thread.run(Thread.java:748)
Exception in thread "pool-5-thread-1274" java.lang.NullPointerException
	at tourGuide.service.GpsUtilProxyServiceImpl.getUserLocation(GpsUtilProxyServiceImpl.java:24)
	at tourGuide.service.TourGuideService.trackUserLocation(TourGuideService.java:169)
	at tourGuide.service.TourGuideService.lambda$trackUserLocationList$1(TourGuideService.java:190)
	at java.util.concurrent.ThreadPoolExecutor.runWorker(ThreadPoolExecutor.java:1149)
	at java.util.concurrent.ThreadPoolExecutor$Worker.run(ThreadPoolExecutor.java:624)
	at java.lang.Thread.run(Thread.java:748)
Exception in thread "pool-5-thread-1271" java.lang.NullPointerException
	at tourGuide.service.GpsUtilProxyServiceImpl.getUserLocation(GpsUtilProxyServiceImpl.java:24)
	at tourGuide.service.TourGuideService.trackUserLocation(TourGuideService.java:169)
	at tourGuide.service.TourGuideService.lambda$trackUserLocationList$1(TourGuideService.java:190)
	at java.util.concurrent.ThreadPoolExecutor.runWorker(ThreadPoolExecutor.java:1149)
	at java.util.concurrent.ThreadPoolExecutor$Worker.run(ThreadPoolExecutor.java:624)
	at java.lang.Thread.run(Thread.java:748)
Exception in thread "pool-5-thread-1270" java.lang.NullPointerException
	at tourGuide.service.GpsUtilProxyServiceImpl.getUserLocation(GpsUtilProxyServiceImpl.java:24)
	at tourGuide.service.TourGuideService.trackUserLocation(TourGuideService.java:169)
	at tourGuide.service.TourGuideService.lambda$trackUserLocationList$1(TourGuideService.java:190)
	at java.util.concurrent.ThreadPoolExecutor.runWorker(ThreadPoolExecutor.java:1149)
	at java.util.concurrent.ThreadPoolExecutor$Worker.run(ThreadPoolExecutor.java:624)
	at java.lang.Thread.run(Thread.java:748)
Exception in thread "pool-5-thread-1272" java.lang.NullPointerException
	at tourGuide.service.GpsUtilProxyServiceImpl.getUserLocation(GpsUtilProxyServiceImpl.java:24)
	at tourGuide.service.TourGuideService.trackUserLocation(TourGuideService.java:169)
	at tourGuide.service.TourGuideService.lambda$trackUserLocationList$1(TourGuideService.java:190)
	at java.util.concurrent.ThreadPoolExecutor.runWorker(ThreadPoolExecutor.java:1149)
	at java.util.concurrent.ThreadPoolExecutor$Worker.run(ThreadPoolExecutor.java:624)
	at java.lang.Thread.run(Thread.java:748)
Exception in thread "pool-4-thread-509" java.lang.NullPointerException
	at tourGuide.service.GpsUtilProxyServiceImpl.getUserLocation(GpsUtilProxyServiceImpl.java:24)
	at tourGuide.service.TourGuideService.trackUserLocation(TourGuideService.java:169)
	at tourGuide.service.TourGuideService.lambda$trackUserLocationList$1(TourGuideService.java:190)
	at java.util.concurrent.ThreadPoolExecutor.runWorker(ThreadPoolExecutor.java:1149)
	at java.util.concurrent.ThreadPoolExecutor$Worker.run(ThreadPoolExecutor.java:624)
	at java.lang.Thread.run(Thread.java:748)
Exception in thread "pool-4-thread-508" java.lang.NullPointerException
	at tourGuide.service.GpsUtilProxyServiceImpl.getUserLocation(GpsUtilProxyServiceImpl.java:24)
	at tourGuide.service.TourGuideService.trackUserLocation(TourGuideService.java:169)
	at tourGuide.service.TourGuideService.lambda$trackUserLocationList$1(TourGuideService.java:190)
	at java.util.concurrent.ThreadPoolExecutor.runWorker(ThreadPoolExecutor.java:1149)
	at java.util.concurrent.ThreadPoolExecutor$Worker.run(ThreadPoolExecutor.java:624)
	at java.lang.Thread.run(Thread.java:748)
Exception in thread "pool-4-thread-507" java.lang.NullPointerException
	at tourGuide.service.GpsUtilProxyServiceImpl.getUserLocation(GpsUtilProxyServiceImpl.java:24)
	at tourGuide.service.TourGuideService.trackUserLocation(TourGuideService.java:169)
	at tourGuide.service.TourGuideService.lambda$trackUserLocationList$1(TourGuideService.java:190)
	at java.util.concurrent.ThreadPoolExecutor.runWorker(ThreadPoolExecutor.java:1149)
	at java.util.concurrent.ThreadPoolExecutor$Worker.run(ThreadPoolExecutor.java:624)
	at java.lang.Thread.run(Thread.java:748)
Exception in thread "pool-4-thread-506" java.lang.NullPointerException
	at tourGuide.service.GpsUtilProxyServiceImpl.getUserLocation(GpsUtilProxyServiceImpl.java:24)
	at tourGuide.service.TourGuideService.trackUserLocation(TourGuideService.java:169)
	at tourGuide.service.TourGuideService.lambda$trackUserLocationList$1(TourGuideService.java:190)
	at java.util.concurrent.ThreadPoolExecutor.runWorker(ThreadPoolExecutor.java:1149)
	at java.util.concurrent.ThreadPoolExecutor$Worker.run(ThreadPoolExecutor.java:624)
	at java.lang.Thread.run(Thread.java:748)
Exception in thread "pool-4-thread-502" java.lang.NullPointerException
	at tourGuide.service.GpsUtilProxyServiceImpl.getUserLocation(GpsUtilProxyServiceImpl.java:24)
	at tourGuide.service.TourGuideService.trackUserLocation(TourGuideService.java:169)
	at tourGuide.service.TourGuideService.lambda$trackUserLocationList$1(TourGuideService.java:190)
	at java.util.concurrent.ThreadPoolExecutor.runWorker(ThreadPoolExecutor.java:1149)
	at java.util.concurrent.ThreadPoolExecutor$Worker.run(ThreadPoolExecutor.java:624)
	at java.lang.Thread.run(Thread.java:748)
Exception in thread "pool-4-thread-503" java.lang.NullPointerException
	at tourGuide.service.GpsUtilProxyServiceImpl.getUserLocation(GpsUtilProxyServiceImpl.java:24)
	at tourGuide.service.TourGuideService.trackUserLocation(TourGuideService.java:169)
	at tourGuide.service.TourGuideService.lambda$trackUserLocationList$1(TourGuideService.java:190)
	at java.util.concurrent.ThreadPoolExecutor.runWorker(ThreadPoolExecutor.java:1149)
	at java.util.concurrent.ThreadPoolExecutor$Worker.run(ThreadPoolExecutor.java:624)
	at java.lang.Thread.run(Thread.java:748)
Exception in thread "pool-4-thread-501" java.lang.NullPointerException
	at tourGuide.service.GpsUtilProxyServiceImpl.getUserLocation(GpsUtilProxyServiceImpl.java:24)
	at tourGuide.service.TourGuideService.trackUserLocation(TourGuideService.java:169)
	at tourGuide.service.TourGuideService.lambda$trackUserLocationList$1(TourGuideService.java:190)
	at java.util.concurrent.ThreadPoolExecutor.runWorker(ThreadPoolExecutor.java:1149)
	at java.util.concurrent.ThreadPoolExecutor$Worker.run(ThreadPoolExecutor.java:624)
	at java.lang.Thread.run(Thread.java:748)
Exception in thread "pool-4-thread-499" java.lang.NullPointerException
	at tourGuide.service.GpsUtilProxyServiceImpl.getUserLocation(GpsUtilProxyServiceImpl.java:24)
	at tourGuide.service.TourGuideService.trackUserLocation(TourGuideService.java:169)
	at tourGuide.service.TourGuideService.lambda$trackUserLocationList$1(TourGuideService.java:190)
	at java.util.concurrent.ThreadPoolExecutor.runWorker(ThreadPoolExecutor.java:1149)
	at java.util.concurrent.ThreadPoolExecutor$Worker.run(ThreadPoolExecutor.java:624)
	at java.lang.Thread.run(Thread.java:748)
Exception in thread "pool-4-thread-498" java.lang.NullPointerException
	at tourGuide.service.GpsUtilProxyServiceImpl.getUserLocation(GpsUtilProxyServiceImpl.java:24)
	at tourGuide.service.TourGuideService.trackUserLocation(TourGuideService.java:169)
	at tourGuide.service.TourGuideService.lambda$trackUserLocationList$1(TourGuideService.java:190)
	at java.util.concurrent.ThreadPoolExecutor.runWorker(ThreadPoolExecutor.java:1149)
	at java.util.concurrent.ThreadPoolExecutor$Worker.run(ThreadPoolExecutor.java:624)
	at java.lang.Thread.run(Thread.java:748)
Exception in thread "pool-4-thread-497" java.lang.NullPointerException
	at tourGuide.service.GpsUtilProxyServiceImpl.getUserLocation(GpsUtilProxyServiceImpl.java:24)
	at tourGuide.service.TourGuideService.trackUserLocation(TourGuideService.java:169)
	at tourGuide.service.TourGuideService.lambda$trackUserLocationList$1(TourGuideService.java:190)
	at java.util.concurrent.ThreadPoolExecutor.runWorker(ThreadPoolExecutor.java:1149)
	at java.util.concurrent.ThreadPoolExecutor$Worker.run(ThreadPoolExecutor.java:624)
	at java.lang.Thread.run(Thread.java:748)
Exception in thread "pool-4-thread-496" java.lang.NullPointerException
	at tourGuide.service.GpsUtilProxyServiceImpl.getUserLocation(GpsUtilProxyServiceImpl.java:24)
	at tourGuide.service.TourGuideService.trackUserLocation(TourGuideService.java:169)
	at tourGuide.service.TourGuideService.lambda$trackUserLocationList$1(TourGuideService.java:190)
	at java.util.concurrent.ThreadPoolExecutor.runWorker(ThreadPoolExecutor.java:1149)
	at java.util.concurrent.ThreadPoolExecutor$Worker.run(ThreadPoolExecutor.java:624)
	at java.lang.Thread.run(Thread.java:748)
Exception in thread "pool-4-thread-495" java.lang.NullPointerException
	at tourGuide.service.GpsUtilProxyServiceImpl.getUserLocation(GpsUtilProxyServiceImpl.java:24)
	at tourGuide.service.TourGuideService.trackUserLocation(TourGuideService.java:169)
	at tourGuide.service.TourGuideService.lambda$trackUserLocationList$1(TourGuideService.java:190)
	at java.util.concurrent.ThreadPoolExecutor.runWorker(ThreadPoolExecutor.java:1149)
	at java.util.concurrent.ThreadPoolExecutor$Worker.run(ThreadPoolExecutor.java:624)
	at java.lang.Thread.run(Thread.java:748)
Exception in thread "pool-4-thread-493" java.lang.NullPointerException
	at tourGuide.service.GpsUtilProxyServiceImpl.getUserLocation(GpsUtilProxyServiceImpl.java:24)
	at tourGuide.service.TourGuideService.trackUserLocation(TourGuideService.java:169)
	at tourGuide.service.TourGuideService.lambda$trackUserLocationList$1(TourGuideService.java:190)
	at java.util.concurrent.ThreadPoolExecutor.runWorker(ThreadPoolExecutor.java:1149)
	at java.util.concurrent.ThreadPoolExecutor$Worker.run(ThreadPoolExecutor.java:624)
	at java.lang.Thread.run(Thread.java:748)
Exception in thread "pool-4-thread-492" java.lang.NullPointerException
	at tourGuide.service.GpsUtilProxyServiceImpl.getUserLocation(GpsUtilProxyServiceImpl.java:24)
	at tourGuide.service.TourGuideService.trackUserLocation(TourGuideService.java:169)
	at tourGuide.service.TourGuideService.lambda$trackUserLocationList$1(TourGuideService.java:190)
	at java.util.concurrent.ThreadPoolExecutor.runWorker(ThreadPoolExecutor.java:1149)
	at java.util.concurrent.ThreadPoolExecutor$Worker.run(ThreadPoolExecutor.java:624)
	at java.lang.Thread.run(Thread.java:748)
Exception in thread "pool-4-thread-491" java.lang.NullPointerException
	at tourGuide.service.GpsUtilProxyServiceImpl.getUserLocation(GpsUtilProxyServiceImpl.java:24)
	at tourGuide.service.TourGuideService.trackUserLocation(TourGuideService.java:169)
	at tourGuide.service.TourGuideService.lambda$trackUserLocationList$1(TourGuideService.java:190)
	at java.util.concurrent.ThreadPoolExecutor.runWorker(ThreadPoolExecutor.java:1149)
	at java.util.concurrent.ThreadPoolExecutor$Worker.run(ThreadPoolExecutor.java:624)
	at java.lang.Thread.run(Thread.java:748)
Exception in thread "pool-4-thread-490" java.lang.NullPointerException
	at tourGuide.service.GpsUtilProxyServiceImpl.getUserLocation(GpsUtilProxyServiceImpl.java:24)
	at tourGuide.service.TourGuideService.trackUserLocation(TourGuideService.java:169)
	at tourGuide.service.TourGuideService.lambda$trackUserLocationList$1(TourGuideService.java:190)
	at java.util.concurrent.ThreadPoolExecutor.runWorker(ThreadPoolExecutor.java:1149)
	at java.util.concurrent.ThreadPoolExecutor$Worker.run(ThreadPoolExecutor.java:624)
	at java.lang.Thread.run(Thread.java:748)
Exception in thread "pool-4-thread-489" java.lang.NullPointerException
	at tourGuide.service.GpsUtilProxyServiceImpl.getUserLocation(GpsUtilProxyServiceImpl.java:24)
	at tourGuide.service.TourGuideService.trackUserLocation(TourGuideService.java:169)
	at tourGuide.service.TourGuideService.lambda$trackUserLocationList$1(TourGuideService.java:190)
	at java.util.concurrent.ThreadPoolExecutor.runWorker(ThreadPoolExecutor.java:1149)
	at java.util.concurrent.ThreadPoolExecutor$Worker.run(ThreadPoolExecutor.java:624)
	at java.lang.Thread.run(Thread.java:748)
Exception in thread "pool-4-thread-488" java.lang.NullPointerException
	at tourGuide.service.GpsUtilProxyServiceImpl.getUserLocation(GpsUtilProxyServiceImpl.java:24)
	at tourGuide.service.TourGuideService.trackUserLocation(TourGuideService.java:169)
	at tourGuide.service.TourGuideService.lambda$trackUserLocationList$1(TourGuideService.java:190)
	at java.util.concurrent.ThreadPoolExecutor.runWorker(ThreadPoolExecutor.java:1149)
	at java.util.concurrent.ThreadPoolExecutor$Worker.run(ThreadPoolExecutor.java:624)
	at java.lang.Thread.run(Thread.java:748)
Exception in thread "pool-4-thread-487" java.lang.NullPointerException
	at tourGuide.service.GpsUtilProxyServiceImpl.getUserLocation(GpsUtilProxyServiceImpl.java:24)
	at tourGuide.service.TourGuideService.trackUserLocation(TourGuideService.java:169)
	at tourGuide.service.TourGuideService.lambda$trackUserLocationList$1(TourGuideService.java:190)
	at java.util.concurrent.ThreadPoolExecutor.runWorker(ThreadPoolExecutor.java:1149)
	at java.util.concurrent.ThreadPoolExecutor$Worker.run(ThreadPoolExecutor.java:624)
	at java.lang.Thread.run(Thread.java:748)
Exception in thread "pool-4-thread-486" java.lang.NullPointerException
	at tourGuide.service.GpsUtilProxyServiceImpl.getUserLocation(GpsUtilProxyServiceImpl.java:24)
	at tourGuide.service.TourGuideService.trackUserLocation(TourGuideService.java:169)
	at tourGuide.service.TourGuideService.lambda$trackUserLocationList$1(TourGuideService.java:190)
	at java.util.concurrent.ThreadPoolExecutor.runWorker(ThreadPoolExecutor.java:1149)
	at java.util.concurrent.ThreadPoolExecutor$Worker.run(ThreadPoolExecutor.java:624)
	at java.lang.Thread.run(Thread.java:748)
Exception in thread "pool-4-thread-485" java.lang.NullPointerException
	at tourGuide.service.GpsUtilProxyServiceImpl.getUserLocation(GpsUtilProxyServiceImpl.java:24)
	at tourGuide.service.TourGuideService.trackUserLocation(TourGuideService.java:169)
	at tourGuide.service.TourGuideService.lambda$trackUserLocationList$1(TourGuideService.java:190)
	at java.util.concurrent.ThreadPoolExecutor.runWorker(ThreadPoolExecutor.java:1149)
	at java.util.concurrent.ThreadPoolExecutor$Worker.run(ThreadPoolExecutor.java:624)
	at java.lang.Thread.run(Thread.java:748)
Exception in thread "pool-4-thread-483" java.lang.NullPointerException
	at tourGuide.service.GpsUtilProxyServiceImpl.getUserLocation(GpsUtilProxyServiceImpl.java:24)
	at tourGuide.service.TourGuideService.trackUserLocation(TourGuideService.java:169)
	at tourGuide.service.TourGuideService.lambda$trackUserLocationList$1(TourGuideService.java:190)
	at java.util.concurrent.ThreadPoolExecutor.runWorker(ThreadPoolExecutor.java:1149)
	at java.util.concurrent.ThreadPoolExecutor$Worker.run(ThreadPoolExecutor.java:624)
	at java.lang.Thread.run(Thread.java:748)
Exception in thread "pool-4-thread-480" java.lang.NullPointerException
	at tourGuide.service.GpsUtilProxyServiceImpl.getUserLocation(GpsUtilProxyServiceImpl.java:24)
	at tourGuide.service.TourGuideService.trackUserLocation(TourGuideService.java:169)
	at tourGuide.service.TourGuideService.lambda$trackUserLocationList$1(TourGuideService.java:190)
	at java.util.concurrent.ThreadPoolExecutor.runWorker(ThreadPoolExecutor.java:1149)
	at java.util.concurrent.ThreadPoolExecutor$Worker.run(ThreadPoolExecutor.java:624)
	at java.lang.Thread.run(Thread.java:748)
Exception in thread "pool-4-thread-478" java.lang.NullPointerException
	at tourGuide.service.GpsUtilProxyServiceImpl.getUserLocation(GpsUtilProxyServiceImpl.java:24)
	at tourGuide.service.TourGuideService.trackUserLocation(TourGuideService.java:169)
	at tourGuide.service.TourGuideService.lambda$trackUserLocationList$1(TourGuideService.java:190)
	at java.util.concurrent.ThreadPoolExecutor.runWorker(ThreadPoolExecutor.java:1149)
	at java.util.concurrent.ThreadPoolExecutor$Worker.run(ThreadPoolExecutor.java:624)
	at java.lang.Thread.run(Thread.java:748)
Exception in thread "pool-4-thread-476" java.lang.NullPointerException
	at tourGuide.service.GpsUtilProxyServiceImpl.getUserLocation(GpsUtilProxyServiceImpl.java:24)
	at tourGuide.service.TourGuideService.trackUserLocation(TourGuideService.java:169)
	at tourGuide.service.TourGuideService.lambda$trackUserLocationList$1(TourGuideService.java:190)
	at java.util.concurrent.ThreadPoolExecutor.runWorker(ThreadPoolExecutor.java:1149)
	at java.util.concurrent.ThreadPoolExecutor$Worker.run(ThreadPoolExecutor.java:624)
	at java.lang.Thread.run(Thread.java:748)
Exception in thread "pool-4-thread-474" java.lang.NullPointerException
	at tourGuide.service.GpsUtilProxyServiceImpl.getUserLocation(GpsUtilProxyServiceImpl.java:24)
	at tourGuide.service.TourGuideService.trackUserLocation(TourGuideService.java:169)
	at tourGuide.service.TourGuideService.lambda$trackUserLocationList$1(TourGuideService.java:190)
	at java.util.concurrent.ThreadPoolExecutor.runWorker(ThreadPoolExecutor.java:1149)
	at java.util.concurrent.ThreadPoolExecutor$Worker.run(ThreadPoolExecutor.java:624)
	at java.lang.Thread.run(Thread.java:748)
Exception in thread "pool-4-thread-473" java.lang.NullPointerException
	at tourGuide.service.GpsUtilProxyServiceImpl.getUserLocation(GpsUtilProxyServiceImpl.java:24)
	at tourGuide.service.TourGuideService.trackUserLocation(TourGuideService.java:169)
	at tourGuide.service.TourGuideService.lambda$trackUserLocationList$1(TourGuideService.java:190)
	at java.util.concurrent.ThreadPoolExecutor.runWorker(ThreadPoolExecutor.java:1149)
	at java.util.concurrent.ThreadPoolExecutor$Worker.run(ThreadPoolExecutor.java:624)
	at java.lang.Thread.run(Thread.java:748)
Exception in thread "pool-4-thread-471" java.lang.NullPointerException
	at tourGuide.service.GpsUtilProxyServiceImpl.getUserLocation(GpsUtilProxyServiceImpl.java:24)
	at tourGuide.service.TourGuideService.trackUserLocation(TourGuideService.java:169)
	at tourGuide.service.TourGuideService.lambda$trackUserLocationList$1(TourGuideService.java:190)
	at java.util.concurrent.ThreadPoolExecutor.runWorker(ThreadPoolExecutor.java:1149)
	at java.util.concurrent.ThreadPoolExecutor$Worker.run(ThreadPoolExecutor.java:624)
	at java.lang.Thread.run(Thread.java:748)
Exception in thread "pool-4-thread-469" java.lang.NullPointerException
	at tourGuide.service.GpsUtilProxyServiceImpl.getUserLocation(GpsUtilProxyServiceImpl.java:24)
	at tourGuide.service.TourGuideService.trackUserLocation(TourGuideService.java:169)
	at tourGuide.service.TourGuideService.lambda$trackUserLocationList$1(TourGuideService.java:190)
	at java.util.concurrent.ThreadPoolExecutor.runWorker(ThreadPoolExecutor.java:1149)
	at java.util.concurrent.ThreadPoolExecutor$Worker.run(ThreadPoolExecutor.java:624)
	at java.lang.Thread.run(Thread.java:748)
Exception in thread "pool-4-thread-468" java.lang.NullPointerException
	at tourGuide.service.GpsUtilProxyServiceImpl.getUserLocation(GpsUtilProxyServiceImpl.java:24)
	at tourGuide.service.TourGuideService.trackUserLocation(TourGuideService.java:169)
	at tourGuide.service.TourGuideService.lambda$trackUserLocationList$1(TourGuideService.java:190)
	at java.util.concurrent.ThreadPoolExecutor.runWorker(ThreadPoolExecutor.java:1149)
	at java.util.concurrent.ThreadPoolExecutor$Worker.run(ThreadPoolExecutor.java:624)
	at java.lang.Thread.run(Thread.java:748)
Exception in thread "pool-4-thread-466" java.lang.NullPointerException
	at tourGuide.service.GpsUtilProxyServiceImpl.getUserLocation(GpsUtilProxyServiceImpl.java:24)
	at tourGuide.service.TourGuideService.trackUserLocation(TourGuideService.java:169)
	at tourGuide.service.TourGuideService.lambda$trackUserLocationList$1(TourGuideService.java:190)
	at java.util.concurrent.ThreadPoolExecutor.runWorker(ThreadPoolExecutor.java:1149)
	at java.util.concurrent.ThreadPoolExecutor$Worker.run(ThreadPoolExecutor.java:624)
	at java.lang.Thread.run(Thread.java:748)
Exception in thread "pool-4-thread-464" java.lang.NullPointerException
	at tourGuide.service.GpsUtilProxyServiceImpl.getUserLocation(GpsUtilProxyServiceImpl.java:24)
	at tourGuide.service.TourGuideService.trackUserLocation(TourGuideService.java:169)
	at tourGuide.service.TourGuideService.lambda$trackUserLocationList$1(TourGuideService.java:190)
	at java.util.concurrent.ThreadPoolExecutor.runWorker(ThreadPoolExecutor.java:1149)
	at java.util.concurrent.ThreadPoolExecutor$Worker.run(ThreadPoolExecutor.java:624)
	at java.lang.Thread.run(Thread.java:748)
Exception in thread "pool-4-thread-462" java.lang.NullPointerException
	at tourGuide.service.GpsUtilProxyServiceImpl.getUserLocation(GpsUtilProxyServiceImpl.java:24)
	at tourGuide.service.TourGuideService.trackUserLocation(TourGuideService.java:169)
	at tourGuide.service.TourGuideService.lambda$trackUserLocationList$1(TourGuideService.java:190)
	at java.util.concurrent.ThreadPoolExecutor.runWorker(ThreadPoolExecutor.java:1149)
	at java.util.concurrent.ThreadPoolExecutor$Worker.run(ThreadPoolExecutor.java:624)
	at java.lang.Thread.run(Thread.java:748)
Exception in thread "pool-4-thread-459" java.lang.NullPointerException
	at tourGuide.service.GpsUtilProxyServiceImpl.getUserLocation(GpsUtilProxyServiceImpl.java:24)
	at tourGuide.service.TourGuideService.trackUserLocation(TourGuideService.java:169)
	at tourGuide.service.TourGuideService.lambda$trackUserLocationList$1(TourGuideService.java:190)
	at java.util.concurrent.ThreadPoolExecutor.runWorker(ThreadPoolExecutor.java:1149)
	at java.util.concurrent.ThreadPoolExecutor$Worker.run(ThreadPoolExecutor.java:624)
	at java.lang.Thread.run(Thread.java:748)
Exception in thread "pool-4-thread-458" java.lang.NullPointerException
	at tourGuide.service.GpsUtilProxyServiceImpl.getUserLocation(GpsUtilProxyServiceImpl.java:24)
	at tourGuide.service.TourGuideService.trackUserLocation(TourGuideService.java:169)
	at tourGuide.service.TourGuideService.lambda$trackUserLocationList$1(TourGuideService.java:190)
	at java.util.concurrent.ThreadPoolExecutor.runWorker(ThreadPoolExecutor.java:1149)
	at java.util.concurrent.ThreadPoolExecutor$Worker.run(ThreadPoolExecutor.java:624)
	at java.lang.Thread.run(Thread.java:748)
Exception in thread "pool-4-thread-456" java.lang.NullPointerException
	at tourGuide.service.GpsUtilProxyServiceImpl.getUserLocation(GpsUtilProxyServiceImpl.java:24)
	at tourGuide.service.TourGuideService.trackUserLocation(TourGuideService.java:169)
	at tourGuide.service.TourGuideService.lambda$trackUserLocationList$1(TourGuideService.java:190)
	at java.util.concurrent.ThreadPoolExecutor.runWorker(ThreadPoolExecutor.java:1149)
	at java.util.concurrent.ThreadPoolExecutor$Worker.run(ThreadPoolExecutor.java:624)
	at java.lang.Thread.run(Thread.java:748)
Exception in thread "pool-4-thread-454" java.lang.NullPointerException
	at tourGuide.service.GpsUtilProxyServiceImpl.getUserLocation(GpsUtilProxyServiceImpl.java:24)
	at tourGuide.service.TourGuideService.trackUserLocation(TourGuideService.java:169)
	at tourGuide.service.TourGuideService.lambda$trackUserLocationList$1(TourGuideService.java:190)
	at java.util.concurrent.ThreadPoolExecutor.runWorker(ThreadPoolExecutor.java:1149)
	at java.util.concurrent.ThreadPoolExecutor$Worker.run(ThreadPoolExecutor.java:624)
	at java.lang.Thread.run(Thread.java:748)
Exception in thread "pool-4-thread-452" java.lang.NullPointerException
	at tourGuide.service.GpsUtilProxyServiceImpl.getUserLocation(GpsUtilProxyServiceImpl.java:24)
	at tourGuide.service.TourGuideService.trackUserLocation(TourGuideService.java:169)
	at tourGuide.service.TourGuideService.lambda$trackUserLocationList$1(TourGuideService.java:190)
	at java.util.concurrent.ThreadPoolExecutor.runWorker(ThreadPoolExecutor.java:1149)
	at java.util.concurrent.ThreadPoolExecutor$Worker.run(ThreadPoolExecutor.java:624)
	at java.lang.Thread.run(Thread.java:748)
Exception in thread "pool-4-thread-449" java.lang.NullPointerException
	at tourGuide.service.GpsUtilProxyServiceImpl.getUserLocation(GpsUtilProxyServiceImpl.java:24)
	at tourGuide.service.TourGuideService.trackUserLocation(TourGuideService.java:169)
	at tourGuide.service.TourGuideService.lambda$trackUserLocationList$1(TourGuideService.java:190)
	at java.util.concurrent.ThreadPoolExecutor.runWorker(ThreadPoolExecutor.java:1149)
	at java.util.concurrent.ThreadPoolExecutor$Worker.run(ThreadPoolExecutor.java:624)
	at java.lang.Thread.run(Thread.java:748)
Exception in thread "pool-4-thread-447" java.lang.NullPointerException
	at tourGuide.service.GpsUtilProxyServiceImpl.getUserLocation(GpsUtilProxyServiceImpl.java:24)
	at tourGuide.service.TourGuideService.trackUserLocation(TourGuideService.java:169)
	at tourGuide.service.TourGuideService.lambda$trackUserLocationList$1(TourGuideService.java:190)
	at java.util.concurrent.ThreadPoolExecutor.runWorker(ThreadPoolExecutor.java:1149)
	at java.util.concurrent.ThreadPoolExecutor$Worker.run(ThreadPoolExecutor.java:624)
	at java.lang.Thread.run(Thread.java:748)
Exception in thread "pool-4-thread-445" java.lang.NullPointerException
	at tourGuide.service.GpsUtilProxyServiceImpl.getUserLocation(GpsUtilProxyServiceImpl.java:24)
	at tourGuide.service.TourGuideService.trackUserLocation(TourGuideService.java:169)
	at tourGuide.service.TourGuideService.lambda$trackUserLocationList$1(TourGuideService.java:190)
	at java.util.concurrent.ThreadPoolExecutor.runWorker(ThreadPoolExecutor.java:1149)
	at java.util.concurrent.ThreadPoolExecutor$Worker.run(ThreadPoolExecutor.java:624)
	at java.lang.Thread.run(Thread.java:748)
Exception in thread "pool-4-thread-442" java.lang.NullPointerException
	at tourGuide.service.GpsUtilProxyServiceImpl.getUserLocation(GpsUtilProxyServiceImpl.java:24)
	at tourGuide.service.TourGuideService.trackUserLocation(TourGuideService.java:169)
	at tourGuide.service.TourGuideService.lambda$trackUserLocationList$1(TourGuideService.java:190)
	at java.util.concurrent.ThreadPoolExecutor.runWorker(ThreadPoolExecutor.java:1149)
	at java.util.concurrent.ThreadPoolExecutor$Worker.run(ThreadPoolExecutor.java:624)
	at java.lang.Thread.run(Thread.java:748)
Exception in thread "pool-4-thread-439" java.lang.NullPointerException
	at tourGuide.service.GpsUtilProxyServiceImpl.getUserLocation(GpsUtilProxyServiceImpl.java:24)
	at tourGuide.service.TourGuideService.trackUserLocation(TourGuideService.java:169)
	at tourGuide.service.TourGuideService.lambda$trackUserLocationList$1(TourGuideService.java:190)
	at java.util.concurrent.ThreadPoolExecutor.runWorker(ThreadPoolExecutor.java:1149)
	at java.util.concurrent.ThreadPoolExecutor$Worker.run(ThreadPoolExecutor.java:624)
	at java.lang.Thread.run(Thread.java:748)
Exception in thread "pool-4-thread-432" java.lang.NullPointerException
	at tourGuide.service.GpsUtilProxyServiceImpl.getUserLocation(GpsUtilProxyServiceImpl.java:24)
	at tourGuide.service.TourGuideService.trackUserLocation(TourGuideService.java:169)
	at tourGuide.service.TourGuideService.lambda$trackUserLocationList$1(TourGuideService.java:190)
	at java.util.concurrent.ThreadPoolExecutor.runWorker(ThreadPoolExecutor.java:1149)
	at java.util.concurrent.ThreadPoolExecutor$Worker.run(ThreadPoolExecutor.java:624)
	at java.lang.Thread.run(Thread.java:748)
Exception in thread "pool-4-thread-436" java.lang.NullPointerException
	at tourGuide.service.GpsUtilProxyServiceImpl.getUserLocation(GpsUtilProxyServiceImpl.java:24)
	at tourGuide.service.TourGuideService.trackUserLocation(TourGuideService.java:169)
	at tourGuide.service.TourGuideService.lambda$trackUserLocationList$1(TourGuideService.java:190)
	at java.util.concurrent.ThreadPoolExecutor.runWorker(ThreadPoolExecutor.java:1149)
	at java.util.concurrent.ThreadPoolExecutor$Worker.run(ThreadPoolExecutor.java:624)
	at java.lang.Thread.run(Thread.java:748)
Exception in thread "pool-4-thread-431" java.lang.NullPointerException
	at tourGuide.service.GpsUtilProxyServiceImpl.getUserLocation(GpsUtilProxyServiceImpl.java:24)
	at tourGuide.service.TourGuideService.trackUserLocation(TourGuideService.java:169)
	at tourGuide.service.TourGuideService.lambda$trackUserLocationList$1(TourGuideService.java:190)
	at java.util.concurrent.ThreadPoolExecutor.runWorker(ThreadPoolExecutor.java:1149)
	at java.util.concurrent.ThreadPoolExecutor$Worker.run(ThreadPoolExecutor.java:624)
	at java.lang.Thread.run(Thread.java:748)
Exception in thread "pool-4-thread-430" java.lang.NullPointerException
	at tourGuide.service.GpsUtilProxyServiceImpl.getUserLocation(GpsUtilProxyServiceImpl.java:24)
	at tourGuide.service.TourGuideService.trackUserLocation(TourGuideService.java:169)
	at tourGuide.service.TourGuideService.lambda$trackUserLocationList$1(TourGuideService.java:190)
	at java.util.concurrent.ThreadPoolExecutor.runWorker(ThreadPoolExecutor.java:1149)
	at java.util.concurrent.ThreadPoolExecutor$Worker.run(ThreadPoolExecutor.java:624)
	at java.lang.Thread.run(Thread.java:748)
Exception in thread "pool-4-thread-429" java.lang.NullPointerException
	at tourGuide.service.GpsUtilProxyServiceImpl.getUserLocation(GpsUtilProxyServiceImpl.java:24)
	at tourGuide.service.TourGuideService.trackUserLocation(TourGuideService.java:169)
	at tourGuide.service.TourGuideService.lambda$trackUserLocationList$1(TourGuideService.java:190)
	at java.util.concurrent.ThreadPoolExecutor.runWorker(ThreadPoolExecutor.java:1149)
	at java.util.concurrent.ThreadPoolExecutor$Worker.run(ThreadPoolExecutor.java:624)
	at java.lang.Thread.run(Thread.java:748)
Exception in thread "pool-4-thread-426" java.lang.NullPointerException
	at tourGuide.service.GpsUtilProxyServiceImpl.getUserLocation(GpsUtilProxyServiceImpl.java:24)
	at tourGuide.service.TourGuideService.trackUserLocation(TourGuideService.java:169)
	at tourGuide.service.TourGuideService.lambda$trackUserLocationList$1(TourGuideService.java:190)
	at java.util.concurrent.ThreadPoolExecutor.runWorker(ThreadPoolExecutor.java:1149)
	at java.util.concurrent.ThreadPoolExecutor$Worker.run(ThreadPoolExecutor.java:624)
	at java.lang.Thread.run(Thread.java:748)
Exception in thread "pool-4-thread-425" java.lang.NullPointerException
	at tourGuide.service.GpsUtilProxyServiceImpl.getUserLocation(GpsUtilProxyServiceImpl.java:24)
	at tourGuide.service.TourGuideService.trackUserLocation(TourGuideService.java:169)
	at tourGuide.service.TourGuideService.lambda$trackUserLocationList$1(TourGuideService.java:190)
	at java.util.concurrent.ThreadPoolExecutor.runWorker(ThreadPoolExecutor.java:1149)
	at java.util.concurrent.ThreadPoolExecutor$Worker.run(ThreadPoolExecutor.java:624)
	at java.lang.Thread.run(Thread.java:748)
Exception in thread "pool-4-thread-424" java.lang.NullPointerException
	at tourGuide.service.GpsUtilProxyServiceImpl.getUserLocation(GpsUtilProxyServiceImpl.java:24)
	at tourGuide.service.TourGuideService.trackUserLocation(TourGuideService.java:169)
	at tourGuide.service.TourGuideService.lambda$trackUserLocationList$1(TourGuideService.java:190)
	at java.util.concurrent.ThreadPoolExecutor.runWorker(ThreadPoolExecutor.java:1149)
	at java.util.concurrent.ThreadPoolExecutor$Worker.run(ThreadPoolExecutor.java:624)
	at java.lang.Thread.run(Thread.java:748)
Exception in thread "pool-4-thread-423" java.lang.NullPointerException
	at tourGuide.service.GpsUtilProxyServiceImpl.getUserLocation(GpsUtilProxyServiceImpl.java:24)
	at tourGuide.service.TourGuideService.trackUserLocation(TourGuideService.java:169)
	at tourGuide.service.TourGuideService.lambda$trackUserLocationList$1(TourGuideService.java:190)
	at java.util.concurrent.ThreadPoolExecutor.runWorker(ThreadPoolExecutor.java:1149)
	at java.util.concurrent.ThreadPoolExecutor$Worker.run(ThreadPoolExecutor.java:624)
	at java.lang.Thread.run(Thread.java:748)
Exception in thread "pool-4-thread-422" java.lang.NullPointerException
	at tourGuide.service.GpsUtilProxyServiceImpl.getUserLocation(GpsUtilProxyServiceImpl.java:24)
	at tourGuide.service.TourGuideService.trackUserLocation(TourGuideService.java:169)
	at tourGuide.service.TourGuideService.lambda$trackUserLocationList$1(TourGuideService.java:190)
	at java.util.concurrent.ThreadPoolExecutor.runWorker(ThreadPoolExecutor.java:1149)
	at java.util.concurrent.ThreadPoolExecutor$Worker.run(ThreadPoolExecutor.java:624)
	at java.lang.Thread.run(Thread.java:748)
Exception in thread "pool-4-thread-421" java.lang.NullPointerException
	at tourGuide.service.GpsUtilProxyServiceImpl.getUserLocation(GpsUtilProxyServiceImpl.java:24)
	at tourGuide.service.TourGuideService.trackUserLocation(TourGuideService.java:169)
	at tourGuide.service.TourGuideService.lambda$trackUserLocationList$1(TourGuideService.java:190)
	at java.util.concurrent.ThreadPoolExecutor.runWorker(ThreadPoolExecutor.java:1149)
	at java.util.concurrent.ThreadPoolExecutor$Worker.run(ThreadPoolExecutor.java:624)
	at java.lang.Thread.run(Thread.java:748)
Exception in thread "pool-4-thread-420" java.lang.NullPointerException
	at tourGuide.service.GpsUtilProxyServiceImpl.getUserLocation(GpsUtilProxyServiceImpl.java:24)
	at tourGuide.service.TourGuideService.trackUserLocation(TourGuideService.java:169)
	at tourGuide.service.TourGuideService.lambda$trackUserLocationList$1(TourGuideService.java:190)
	at java.util.concurrent.ThreadPoolExecutor.runWorker(ThreadPoolExecutor.java:1149)
	at java.util.concurrent.ThreadPoolExecutor$Worker.run(ThreadPoolExecutor.java:624)
	at java.lang.Thread.run(Thread.java:748)
Exception in thread "pool-4-thread-419" java.lang.NullPointerException
	at tourGuide.service.GpsUtilProxyServiceImpl.getUserLocation(GpsUtilProxyServiceImpl.java:24)
	at tourGuide.service.TourGuideService.trackUserLocation(TourGuideService.java:169)
	at tourGuide.service.TourGuideService.lambda$trackUserLocationList$1(TourGuideService.java:190)
	at java.util.concurrent.ThreadPoolExecutor.runWorker(ThreadPoolExecutor.java:1149)
	at java.util.concurrent.ThreadPoolExecutor$Worker.run(ThreadPoolExecutor.java:624)
	at java.lang.Thread.run(Thread.java:748)
Exception in thread "pool-4-thread-417" java.lang.NullPointerException
	at tourGuide.service.GpsUtilProxyServiceImpl.getUserLocation(GpsUtilProxyServiceImpl.java:24)
	at tourGuide.service.TourGuideService.trackUserLocation(TourGuideService.java:169)
	at tourGuide.service.TourGuideService.lambda$trackUserLocationList$1(TourGuideService.java:190)
	at java.util.concurrent.ThreadPoolExecutor.runWorker(ThreadPoolExecutor.java:1149)
	at java.util.concurrent.ThreadPoolExecutor$Worker.run(ThreadPoolExecutor.java:624)
	at java.lang.Thread.run(Thread.java:748)
Exception in thread "pool-4-thread-416" java.lang.NullPointerException
	at tourGuide.service.GpsUtilProxyServiceImpl.getUserLocation(GpsUtilProxyServiceImpl.java:24)
	at tourGuide.service.TourGuideService.trackUserLocation(TourGuideService.java:169)
	at tourGuide.service.TourGuideService.lambda$trackUserLocationList$1(TourGuideService.java:190)
	at java.util.concurrent.ThreadPoolExecutor.runWorker(ThreadPoolExecutor.java:1149)
	at java.util.concurrent.ThreadPoolExecutor$Worker.run(ThreadPoolExecutor.java:624)
	at java.lang.Thread.run(Thread.java:748)
Exception in thread "pool-4-thread-415" java.lang.NullPointerException
	at tourGuide.service.GpsUtilProxyServiceImpl.getUserLocation(GpsUtilProxyServiceImpl.java:24)
	at tourGuide.service.TourGuideService.trackUserLocation(TourGuideService.java:169)
	at tourGuide.service.TourGuideService.lambda$trackUserLocationList$1(TourGuideService.java:190)
	at java.util.concurrent.ThreadPoolExecutor.runWorker(ThreadPoolExecutor.java:1149)
	at java.util.concurrent.ThreadPoolExecutor$Worker.run(ThreadPoolExecutor.java:624)
	at java.lang.Thread.run(Thread.java:748)
Exception in thread "pool-4-thread-414" java.lang.NullPointerException
	at tourGuide.service.GpsUtilProxyServiceImpl.getUserLocation(GpsUtilProxyServiceImpl.java:24)
	at tourGuide.service.TourGuideService.trackUserLocation(TourGuideService.java:169)
	at tourGuide.service.TourGuideService.lambda$trackUserLocationList$1(TourGuideService.java:190)
	at java.util.concurrent.ThreadPoolExecutor.runWorker(ThreadPoolExecutor.java:1149)
	at java.util.concurrent.ThreadPoolExecutor$Worker.run(ThreadPoolExecutor.java:624)
	at java.lang.Thread.run(Thread.java:748)
Exception in thread "pool-4-thread-413" java.lang.NullPointerException
	at tourGuide.service.GpsUtilProxyServiceImpl.getUserLocation(GpsUtilProxyServiceImpl.java:24)
	at tourGuide.service.TourGuideService.trackUserLocation(TourGuideService.java:169)
	at tourGuide.service.TourGuideService.lambda$trackUserLocationList$1(TourGuideService.java:190)
	at java.util.concurrent.ThreadPoolExecutor.runWorker(ThreadPoolExecutor.java:1149)
	at java.util.concurrent.ThreadPoolExecutor$Worker.run(ThreadPoolExecutor.java:624)
	at java.lang.Thread.run(Thread.java:748)
Exception in thread "pool-4-thread-412" java.lang.NullPointerException
	at tourGuide.service.GpsUtilProxyServiceImpl.getUserLocation(GpsUtilProxyServiceImpl.java:24)
	at tourGuide.service.TourGuideService.trackUserLocation(TourGuideService.java:169)
	at tourGuide.service.TourGuideService.lambda$trackUserLocationList$1(TourGuideService.java:190)
	at java.util.concurrent.ThreadPoolExecutor.runWorker(ThreadPoolExecutor.java:1149)
	at java.util.concurrent.ThreadPoolExecutor$Worker.run(ThreadPoolExecutor.java:624)
	at java.lang.Thread.run(Thread.java:748)
Exception in thread "pool-4-thread-411" java.lang.NullPointerException
	at tourGuide.service.GpsUtilProxyServiceImpl.getUserLocation(GpsUtilProxyServiceImpl.java:24)
	at tourGuide.service.TourGuideService.trackUserLocation(TourGuideService.java:169)
	at tourGuide.service.TourGuideService.lambda$trackUserLocationList$1(TourGuideService.java:190)
	at java.util.concurrent.ThreadPoolExecutor.runWorker(ThreadPoolExecutor.java:1149)
	at java.util.concurrent.ThreadPoolExecutor$Worker.run(ThreadPoolExecutor.java:624)
	at java.lang.Thread.run(Thread.java:748)
Exception in thread "pool-4-thread-409" java.lang.NullPointerException
	at tourGuide.service.GpsUtilProxyServiceImpl.getUserLocation(GpsUtilProxyServiceImpl.java:24)
	at tourGuide.service.TourGuideService.trackUserLocation(TourGuideService.java:169)
	at tourGuide.service.TourGuideService.lambda$trackUserLocationList$1(TourGuideService.java:190)
	at java.util.concurrent.ThreadPoolExecutor.runWorker(ThreadPoolExecutor.java:1149)
	at java.util.concurrent.ThreadPoolExecutor$Worker.run(ThreadPoolExecutor.java:624)
	at java.lang.Thread.run(Thread.java:748)
Exception in thread "pool-4-thread-408" java.lang.NullPointerException
	at tourGuide.service.GpsUtilProxyServiceImpl.getUserLocation(GpsUtilProxyServiceImpl.java:24)
	at tourGuide.service.TourGuideService.trackUserLocation(TourGuideService.java:169)
	at tourGuide.service.TourGuideService.lambda$trackUserLocationList$1(TourGuideService.java:190)
	at java.util.concurrent.ThreadPoolExecutor.runWorker(ThreadPoolExecutor.java:1149)
	at java.util.concurrent.ThreadPoolExecutor$Worker.run(ThreadPoolExecutor.java:624)
	at java.lang.Thread.run(Thread.java:748)
Exception in thread "pool-4-thread-407" java.lang.NullPointerException
	at tourGuide.service.GpsUtilProxyServiceImpl.getUserLocation(GpsUtilProxyServiceImpl.java:24)
	at tourGuide.service.TourGuideService.trackUserLocation(TourGuideService.java:169)
	at tourGuide.service.TourGuideService.lambda$trackUserLocationList$1(TourGuideService.java:190)
	at java.util.concurrent.ThreadPoolExecutor.runWorker(ThreadPoolExecutor.java:1149)
	at java.util.concurrent.ThreadPoolExecutor$Worker.run(ThreadPoolExecutor.java:624)
	at java.lang.Thread.run(Thread.java:748)
Exception in thread "pool-4-thread-406" java.lang.NullPointerException
	at tourGuide.service.GpsUtilProxyServiceImpl.getUserLocation(GpsUtilProxyServiceImpl.java:24)
	at tourGuide.service.TourGuideService.trackUserLocation(TourGuideService.java:169)
	at tourGuide.service.TourGuideService.lambda$trackUserLocationList$1(TourGuideService.java:190)
	at java.util.concurrent.ThreadPoolExecutor.runWorker(ThreadPoolExecutor.java:1149)
	at java.util.concurrent.ThreadPoolExecutor$Worker.run(ThreadPoolExecutor.java:624)
	at java.lang.Thread.run(Thread.java:748)
Exception in thread "pool-4-thread-404" java.lang.NullPointerException
	at tourGuide.service.GpsUtilProxyServiceImpl.getUserLocation(GpsUtilProxyServiceImpl.java:24)
	at tourGuide.service.TourGuideService.trackUserLocation(TourGuideService.java:169)
	at tourGuide.service.TourGuideService.lambda$trackUserLocationList$1(TourGuideService.java:190)
	at java.util.concurrent.ThreadPoolExecutor.runWorker(ThreadPoolExecutor.java:1149)
	at java.util.concurrent.ThreadPoolExecutor$Worker.run(ThreadPoolExecutor.java:624)
	at java.lang.Thread.run(Thread.java:748)
Exception in thread "pool-4-thread-403" java.lang.NullPointerException
	at tourGuide.service.GpsUtilProxyServiceImpl.getUserLocation(GpsUtilProxyServiceImpl.java:24)
	at tourGuide.service.TourGuideService.trackUserLocation(TourGuideService.java:169)
	at tourGuide.service.TourGuideService.lambda$trackUserLocationList$1(TourGuideService.java:190)
	at java.util.concurrent.ThreadPoolExecutor.runWorker(ThreadPoolExecutor.java:1149)
	at java.util.concurrent.ThreadPoolExecutor$Worker.run(ThreadPoolExecutor.java:624)
	at java.lang.Thread.run(Thread.java:748)
Exception in thread "pool-4-thread-402" java.lang.NullPointerException
	at tourGuide.service.GpsUtilProxyServiceImpl.getUserLocation(GpsUtilProxyServiceImpl.java:24)
	at tourGuide.service.TourGuideService.trackUserLocation(TourGuideService.java:169)
	at tourGuide.service.TourGuideService.lambda$trackUserLocationList$1(TourGuideService.java:190)
	at java.util.concurrent.ThreadPoolExecutor.runWorker(ThreadPoolExecutor.java:1149)
	at java.util.concurrent.ThreadPoolExecutor$Worker.run(ThreadPoolExecutor.java:624)
	at java.lang.Thread.run(Thread.java:748)
Exception in thread "pool-4-thread-401" java.lang.NullPointerException
	at tourGuide.service.GpsUtilProxyServiceImpl.getUserLocation(GpsUtilProxyServiceImpl.java:24)
	at tourGuide.service.TourGuideService.trackUserLocation(TourGuideService.java:169)
	at tourGuide.service.TourGuideService.lambda$trackUserLocationList$1(TourGuideService.java:190)
	at java.util.concurrent.ThreadPoolExecutor.runWorker(ThreadPoolExecutor.java:1149)
	at java.util.concurrent.ThreadPoolExecutor$Worker.run(ThreadPoolExecutor.java:624)
	at java.lang.Thread.run(Thread.java:748)
Exception in thread "pool-4-thread-400" java.lang.NullPointerException
	at tourGuide.service.GpsUtilProxyServiceImpl.getUserLocation(GpsUtilProxyServiceImpl.java:24)
	at tourGuide.service.TourGuideService.trackUserLocation(TourGuideService.java:169)
	at tourGuide.service.TourGuideService.lambda$trackUserLocationList$1(TourGuideService.java:190)
	at java.util.concurrent.ThreadPoolExecutor.runWorker(ThreadPoolExecutor.java:1149)
	at java.util.concurrent.ThreadPoolExecutor$Worker.run(ThreadPoolExecutor.java:624)
	at java.lang.Thread.run(Thread.java:748)
Exception in thread "pool-4-thread-397" java.lang.NullPointerException
	at tourGuide.service.GpsUtilProxyServiceImpl.getUserLocation(GpsUtilProxyServiceImpl.java:24)
	at tourGuide.service.TourGuideService.trackUserLocation(TourGuideService.java:169)
	at tourGuide.service.TourGuideService.lambda$trackUserLocationList$1(TourGuideService.java:190)
	at java.util.concurrent.ThreadPoolExecutor.runWorker(ThreadPoolExecutor.java:1149)
	at java.util.concurrent.ThreadPoolExecutor$Worker.run(ThreadPoolExecutor.java:624)
	at java.lang.Thread.run(Thread.java:748)
Exception in thread "pool-4-thread-396" java.lang.NullPointerException
	at tourGuide.service.GpsUtilProxyServiceImpl.getUserLocation(GpsUtilProxyServiceImpl.java:24)
	at tourGuide.service.TourGuideService.trackUserLocation(TourGuideService.java:169)
	at tourGuide.service.TourGuideService.lambda$trackUserLocationList$1(TourGuideService.java:190)
	at java.util.concurrent.ThreadPoolExecutor.runWorker(ThreadPoolExecutor.java:1149)
	at java.util.concurrent.ThreadPoolExecutor$Worker.run(ThreadPoolExecutor.java:624)
	at java.lang.Thread.run(Thread.java:748)
Exception in thread "pool-4-thread-395" java.lang.NullPointerException
	at tourGuide.service.GpsUtilProxyServiceImpl.getUserLocation(GpsUtilProxyServiceImpl.java:24)
	at tourGuide.service.TourGuideService.trackUserLocation(TourGuideService.java:169)
	at tourGuide.service.TourGuideService.lambda$trackUserLocationList$1(TourGuideService.java:190)
	at java.util.concurrent.ThreadPoolExecutor.runWorker(ThreadPoolExecutor.java:1149)
	at java.util.concurrent.ThreadPoolExecutor$Worker.run(ThreadPoolExecutor.java:624)
	at java.lang.Thread.run(Thread.java:748)
Exception in thread "pool-4-thread-394" java.lang.NullPointerException
	at tourGuide.service.GpsUtilProxyServiceImpl.getUserLocation(GpsUtilProxyServiceImpl.java:24)
	at tourGuide.service.TourGuideService.trackUserLocation(TourGuideService.java:169)
	at tourGuide.service.TourGuideService.lambda$trackUserLocationList$1(TourGuideService.java:190)
	at java.util.concurrent.ThreadPoolExecutor.runWorker(ThreadPoolExecutor.java:1149)
	at java.util.concurrent.ThreadPoolExecutor$Worker.run(ThreadPoolExecutor.java:624)
	at java.lang.Thread.run(Thread.java:748)
Exception in thread "pool-4-thread-393" java.lang.NullPointerException
	at tourGuide.service.GpsUtilProxyServiceImpl.getUserLocation(GpsUtilProxyServiceImpl.java:24)
	at tourGuide.service.TourGuideService.trackUserLocation(TourGuideService.java:169)
	at tourGuide.service.TourGuideService.lambda$trackUserLocationList$1(TourGuideService.java:190)
	at java.util.concurrent.ThreadPoolExecutor.runWorker(ThreadPoolExecutor.java:1149)
	at java.util.concurrent.ThreadPoolExecutor$Worker.run(ThreadPoolExecutor.java:624)
	at java.lang.Thread.run(Thread.java:748)
Exception in thread "pool-4-thread-392" java.lang.NullPointerException
	at tourGuide.service.GpsUtilProxyServiceImpl.getUserLocation(GpsUtilProxyServiceImpl.java:24)
	at tourGuide.service.TourGuideService.trackUserLocation(TourGuideService.java:169)
	at tourGuide.service.TourGuideService.lambda$trackUserLocationList$1(TourGuideService.java:190)
	at java.util.concurrent.ThreadPoolExecutor.runWorker(ThreadPoolExecutor.java:1149)
	at java.util.concurrent.ThreadPoolExecutor$Worker.run(ThreadPoolExecutor.java:624)
	at java.lang.Thread.run(Thread.java:748)
Exception in thread "pool-4-thread-390" java.lang.NullPointerException
	at tourGuide.service.GpsUtilProxyServiceImpl.getUserLocation(GpsUtilProxyServiceImpl.java:24)
	at tourGuide.service.TourGuideService.trackUserLocation(TourGuideService.java:169)
	at tourGuide.service.TourGuideService.lambda$trackUserLocationList$1(TourGuideService.java:190)
	at java.util.concurrent.ThreadPoolExecutor.runWorker(ThreadPoolExecutor.java:1149)
	at java.util.concurrent.ThreadPoolExecutor$Worker.run(ThreadPoolExecutor.java:624)
	at java.lang.Thread.run(Thread.java:748)
Exception in thread "pool-4-thread-389" java.lang.NullPointerException
	at tourGuide.service.GpsUtilProxyServiceImpl.getUserLocation(GpsUtilProxyServiceImpl.java:24)
	at tourGuide.service.TourGuideService.trackUserLocation(TourGuideService.java:169)
	at tourGuide.service.TourGuideService.lambda$trackUserLocationList$1(TourGuideService.java:190)
	at java.util.concurrent.ThreadPoolExecutor.runWorker(ThreadPoolExecutor.java:1149)
	at java.util.concurrent.ThreadPoolExecutor$Worker.run(ThreadPoolExecutor.java:624)
	at java.lang.Thread.run(Thread.java:748)
Exception in thread "pool-4-thread-388" java.lang.NullPointerException
	at tourGuide.service.GpsUtilProxyServiceImpl.getUserLocation(GpsUtilProxyServiceImpl.java:24)
	at tourGuide.service.TourGuideService.trackUserLocation(TourGuideService.java:169)
	at tourGuide.service.TourGuideService.lambda$trackUserLocationList$1(TourGuideService.java:190)
	at java.util.concurrent.ThreadPoolExecutor.runWorker(ThreadPoolExecutor.java:1149)
	at java.util.concurrent.ThreadPoolExecutor$Worker.run(ThreadPoolExecutor.java:624)
	at java.lang.Thread.run(Thread.java:748)
Exception in thread "pool-4-thread-387" java.lang.NullPointerException
	at tourGuide.service.GpsUtilProxyServiceImpl.getUserLocation(GpsUtilProxyServiceImpl.java:24)
	at tourGuide.service.TourGuideService.trackUserLocation(TourGuideService.java:169)
	at tourGuide.service.TourGuideService.lambda$trackUserLocationList$1(TourGuideService.java:190)
	at java.util.concurrent.ThreadPoolExecutor.runWorker(ThreadPoolExecutor.java:1149)
	at java.util.concurrent.ThreadPoolExecutor$Worker.run(ThreadPoolExecutor.java:624)
	at java.lang.Thread.run(Thread.java:748)
Exception in thread "pool-4-thread-386" java.lang.NullPointerException
	at tourGuide.service.GpsUtilProxyServiceImpl.getUserLocation(GpsUtilProxyServiceImpl.java:24)
	at tourGuide.service.TourGuideService.trackUserLocation(TourGuideService.java:169)
	at tourGuide.service.TourGuideService.lambda$trackUserLocationList$1(TourGuideService.java:190)
	at java.util.concurrent.ThreadPoolExecutor.runWorker(ThreadPoolExecutor.java:1149)
	at java.util.concurrent.ThreadPoolExecutor$Worker.run(ThreadPoolExecutor.java:624)
	at java.lang.Thread.run(Thread.java:748)
Exception in thread "pool-4-thread-384" java.lang.NullPointerException
	at tourGuide.service.GpsUtilProxyServiceImpl.getUserLocation(GpsUtilProxyServiceImpl.java:24)
	at tourGuide.service.TourGuideService.trackUserLocation(TourGuideService.java:169)
	at tourGuide.service.TourGuideService.lambda$trackUserLocationList$1(TourGuideService.java:190)
	at java.util.concurrent.ThreadPoolExecutor.runWorker(ThreadPoolExecutor.java:1149)
	at java.util.concurrent.ThreadPoolExecutor$Worker.run(ThreadPoolExecutor.java:624)
	at java.lang.Thread.run(Thread.java:748)
Exception in thread "pool-4-thread-385" java.lang.NullPointerException
	at tourGuide.service.GpsUtilProxyServiceImpl.getUserLocation(GpsUtilProxyServiceImpl.java:24)
	at tourGuide.service.TourGuideService.trackUserLocation(TourGuideService.java:169)
	at tourGuide.service.TourGuideService.lambda$trackUserLocationList$1(TourGuideService.java:190)
	at java.util.concurrent.ThreadPoolExecutor.runWorker(ThreadPoolExecutor.java:1149)
	at java.util.concurrent.ThreadPoolExecutor$Worker.run(ThreadPoolExecutor.java:624)
	at java.lang.Thread.run(Thread.java:748)
Exception in thread "pool-4-thread-383" java.lang.NullPointerException
	at tourGuide.service.GpsUtilProxyServiceImpl.getUserLocation(GpsUtilProxyServiceImpl.java:24)
	at tourGuide.service.TourGuideService.trackUserLocation(TourGuideService.java:169)
	at tourGuide.service.TourGuideService.lambda$trackUserLocationList$1(TourGuideService.java:190)
	at java.util.concurrent.ThreadPoolExecutor.runWorker(ThreadPoolExecutor.java:1149)
	at java.util.concurrent.ThreadPoolExecutor$Worker.run(ThreadPoolExecutor.java:624)
	at java.lang.Thread.run(Thread.java:748)
Exception in thread "pool-4-thread-380" java.lang.NullPointerException
	at tourGuide.service.GpsUtilProxyServiceImpl.getUserLocation(GpsUtilProxyServiceImpl.java:24)
	at tourGuide.service.TourGuideService.trackUserLocation(TourGuideService.java:169)
	at tourGuide.service.TourGuideService.lambda$trackUserLocationList$1(TourGuideService.java:190)
	at java.util.concurrent.ThreadPoolExecutor.runWorker(ThreadPoolExecutor.java:1149)
	at java.util.concurrent.ThreadPoolExecutor$Worker.run(ThreadPoolExecutor.java:624)
	at java.lang.Thread.run(Thread.java:748)
Exception in thread "pool-4-thread-378" java.lang.NullPointerException
	at tourGuide.service.GpsUtilProxyServiceImpl.getUserLocation(GpsUtilProxyServiceImpl.java:24)
	at tourGuide.service.TourGuideService.trackUserLocation(TourGuideService.java:169)
	at tourGuide.service.TourGuideService.lambda$trackUserLocationList$1(TourGuideService.java:190)
	at java.util.concurrent.ThreadPoolExecutor.runWorker(ThreadPoolExecutor.java:1149)
	at java.util.concurrent.ThreadPoolExecutor$Worker.run(ThreadPoolExecutor.java:624)
	at java.lang.Thread.run(Thread.java:748)
Exception in thread "pool-4-thread-381" java.lang.NullPointerException
	at tourGuide.service.GpsUtilProxyServiceImpl.getUserLocation(GpsUtilProxyServiceImpl.java:24)
	at tourGuide.service.TourGuideService.trackUserLocation(TourGuideService.java:169)
	at tourGuide.service.TourGuideService.lambda$trackUserLocationList$1(TourGuideService.java:190)
	at java.util.concurrent.ThreadPoolExecutor.runWorker(ThreadPoolExecutor.java:1149)
	at java.util.concurrent.ThreadPoolExecutor$Worker.run(ThreadPoolExecutor.java:624)
	at java.lang.Thread.run(Thread.java:748)
Exception in thread "pool-4-thread-377" java.lang.NullPointerException
	at tourGuide.service.GpsUtilProxyServiceImpl.getUserLocation(GpsUtilProxyServiceImpl.java:24)
	at tourGuide.service.TourGuideService.trackUserLocation(TourGuideService.java:169)
	at tourGuide.service.TourGuideService.lambda$trackUserLocationList$1(TourGuideService.java:190)
	at java.util.concurrent.ThreadPoolExecutor.runWorker(ThreadPoolExecutor.java:1149)
	at java.util.concurrent.ThreadPoolExecutor$Worker.run(ThreadPoolExecutor.java:624)
	at java.lang.Thread.run(Thread.java:748)
Exception in thread "pool-4-thread-376" java.lang.NullPointerException
	at tourGuide.service.GpsUtilProxyServiceImpl.getUserLocation(GpsUtilProxyServiceImpl.java:24)
	at tourGuide.service.TourGuideService.trackUserLocation(TourGuideService.java:169)
	at tourGuide.service.TourGuideService.lambda$trackUserLocationList$1(TourGuideService.java:190)
	at java.util.concurrent.ThreadPoolExecutor.runWorker(ThreadPoolExecutor.java:1149)
	at java.util.concurrent.ThreadPoolExecutor$Worker.run(ThreadPoolExecutor.java:624)
	at java.lang.Thread.run(Thread.java:748)
Exception in thread "pool-4-thread-375" java.lang.NullPointerException
	at tourGuide.service.GpsUtilProxyServiceImpl.getUserLocation(GpsUtilProxyServiceImpl.java:24)
	at tourGuide.service.TourGuideService.trackUserLocation(TourGuideService.java:169)
	at tourGuide.service.TourGuideService.lambda$trackUserLocationList$1(TourGuideService.java:190)
	at java.util.concurrent.ThreadPoolExecutor.runWorker(ThreadPoolExecutor.java:1149)
	at java.util.concurrent.ThreadPoolExecutor$Worker.run(ThreadPoolExecutor.java:624)
	at java.lang.Thread.run(Thread.java:748)
Exception in thread "pool-4-thread-374" java.lang.NullPointerException
	at tourGuide.service.GpsUtilProxyServiceImpl.getUserLocation(GpsUtilProxyServiceImpl.java:24)
	at tourGuide.service.TourGuideService.trackUserLocation(TourGuideService.java:169)
	at tourGuide.service.TourGuideService.lambda$trackUserLocationList$1(TourGuideService.java:190)
	at java.util.concurrent.ThreadPoolExecutor.runWorker(ThreadPoolExecutor.java:1149)
	at java.util.concurrent.ThreadPoolExecutor$Worker.run(ThreadPoolExecutor.java:624)
	at java.lang.Thread.run(Thread.java:748)
Exception in thread "pool-4-thread-372" java.lang.NullPointerException
	at tourGuide.service.GpsUtilProxyServiceImpl.getUserLocation(GpsUtilProxyServiceImpl.java:24)
	at tourGuide.service.TourGuideService.trackUserLocation(TourGuideService.java:169)
	at tourGuide.service.TourGuideService.lambda$trackUserLocationList$1(TourGuideService.java:190)
	at java.util.concurrent.ThreadPoolExecutor.runWorker(ThreadPoolExecutor.java:1149)
	at java.util.concurrent.ThreadPoolExecutor$Worker.run(ThreadPoolExecutor.java:624)
	at java.lang.Thread.run(Thread.java:748)
Exception in thread "pool-4-thread-371" java.lang.NullPointerException
	at tourGuide.service.GpsUtilProxyServiceImpl.getUserLocation(GpsUtilProxyServiceImpl.java:24)
	at tourGuide.service.TourGuideService.trackUserLocation(TourGuideService.java:169)
	at tourGuide.service.TourGuideService.lambda$trackUserLocationList$1(TourGuideService.java:190)
	at java.util.concurrent.ThreadPoolExecutor.runWorker(ThreadPoolExecutor.java:1149)
	at java.util.concurrent.ThreadPoolExecutor$Worker.run(ThreadPoolExecutor.java:624)
	at java.lang.Thread.run(Thread.java:748)
Exception in thread "pool-4-thread-368" java.lang.NullPointerException
	at tourGuide.service.GpsUtilProxyServiceImpl.getUserLocation(GpsUtilProxyServiceImpl.java:24)
	at tourGuide.service.TourGuideService.trackUserLocation(TourGuideService.java:169)
	at tourGuide.service.TourGuideService.lambda$trackUserLocationList$1(TourGuideService.java:190)
	at java.util.concurrent.ThreadPoolExecutor.runWorker(ThreadPoolExecutor.java:1149)
	at java.util.concurrent.ThreadPoolExecutor$Worker.run(ThreadPoolExecutor.java:624)
	at java.lang.Thread.run(Thread.java:748)
Exception in thread "pool-4-thread-367" java.lang.NullPointerException
	at tourGuide.service.GpsUtilProxyServiceImpl.getUserLocation(GpsUtilProxyServiceImpl.java:24)
	at tourGuide.service.TourGuideService.trackUserLocation(TourGuideService.java:169)
	at tourGuide.service.TourGuideService.lambda$trackUserLocationList$1(TourGuideService.java:190)
	at java.util.concurrent.ThreadPoolExecutor.runWorker(ThreadPoolExecutor.java:1149)
	at java.util.concurrent.ThreadPoolExecutor$Worker.run(ThreadPoolExecutor.java:624)
	at java.lang.Thread.run(Thread.java:748)
Exception in thread "pool-4-thread-366" java.lang.NullPointerException
	at tourGuide.service.GpsUtilProxyServiceImpl.getUserLocation(GpsUtilProxyServiceImpl.java:24)
	at tourGuide.service.TourGuideService.trackUserLocation(TourGuideService.java:169)
	at tourGuide.service.TourGuideService.lambda$trackUserLocationList$1(TourGuideService.java:190)
	at java.util.concurrent.ThreadPoolExecutor.runWorker(ThreadPoolExecutor.java:1149)
	at java.util.concurrent.ThreadPoolExecutor$Worker.run(ThreadPoolExecutor.java:624)
	at java.lang.Thread.run(Thread.java:748)
Exception in thread "pool-4-thread-364" java.lang.NullPointerException
	at tourGuide.service.GpsUtilProxyServiceImpl.getUserLocation(GpsUtilProxyServiceImpl.java:24)
	at tourGuide.service.TourGuideService.trackUserLocation(TourGuideService.java:169)
	at tourGuide.service.TourGuideService.lambda$trackUserLocationList$1(TourGuideService.java:190)
	at java.util.concurrent.ThreadPoolExecutor.runWorker(ThreadPoolExecutor.java:1149)
	at java.util.concurrent.ThreadPoolExecutor$Worker.run(ThreadPoolExecutor.java:624)
	at java.lang.Thread.run(Thread.java:748)
Exception in thread "pool-4-thread-362" java.lang.NullPointerException
	at tourGuide.service.GpsUtilProxyServiceImpl.getUserLocation(GpsUtilProxyServiceImpl.java:24)
	at tourGuide.service.TourGuideService.trackUserLocation(TourGuideService.java:169)
	at tourGuide.service.TourGuideService.lambda$trackUserLocationList$1(TourGuideService.java:190)
	at java.util.concurrent.ThreadPoolExecutor.runWorker(ThreadPoolExecutor.java:1149)
	at java.util.concurrent.ThreadPoolExecutor$Worker.run(ThreadPoolExecutor.java:624)
	at java.lang.Thread.run(Thread.java:748)
Exception in thread "pool-4-thread-363" java.lang.NullPointerException
	at tourGuide.service.GpsUtilProxyServiceImpl.getUserLocation(GpsUtilProxyServiceImpl.java:24)
	at tourGuide.service.TourGuideService.trackUserLocation(TourGuideService.java:169)
	at tourGuide.service.TourGuideService.lambda$trackUserLocationList$1(TourGuideService.java:190)
	at java.util.concurrent.ThreadPoolExecutor.runWorker(ThreadPoolExecutor.java:1149)
	at java.util.concurrent.ThreadPoolExecutor$Worker.run(ThreadPoolExecutor.java:624)
	at java.lang.Thread.run(Thread.java:748)
Exception in thread "pool-4-thread-360" java.lang.NullPointerException
	at tourGuide.service.GpsUtilProxyServiceImpl.getUserLocation(GpsUtilProxyServiceImpl.java:24)
	at tourGuide.service.TourGuideService.trackUserLocation(TourGuideService.java:169)
	at tourGuide.service.TourGuideService.lambda$trackUserLocationList$1(TourGuideService.java:190)
	at java.util.concurrent.ThreadPoolExecutor.runWorker(ThreadPoolExecutor.java:1149)
	at java.util.concurrent.ThreadPoolExecutor$Worker.run(ThreadPoolExecutor.java:624)
	at java.lang.Thread.run(Thread.java:748)
Exception in thread "pool-4-thread-357" java.lang.NullPointerException
	at tourGuide.service.GpsUtilProxyServiceImpl.getUserLocation(GpsUtilProxyServiceImpl.java:24)
	at tourGuide.service.TourGuideService.trackUserLocation(TourGuideService.java:169)
	at tourGuide.service.TourGuideService.lambda$trackUserLocationList$1(TourGuideService.java:190)
	at java.util.concurrent.ThreadPoolExecutor.runWorker(ThreadPoolExecutor.java:1149)
	at java.util.concurrent.ThreadPoolExecutor$Worker.run(ThreadPoolExecutor.java:624)
	at java.lang.Thread.run(Thread.java:748)
Exception in thread "pool-4-thread-361" java.lang.NullPointerException
	at tourGuide.service.GpsUtilProxyServiceImpl.getUserLocation(GpsUtilProxyServiceImpl.java:24)
	at tourGuide.service.TourGuideService.trackUserLocation(TourGuideService.java:169)
	at tourGuide.service.TourGuideService.lambda$trackUserLocationList$1(TourGuideService.java:190)
	at java.util.concurrent.ThreadPoolExecutor.runWorker(ThreadPoolExecutor.java:1149)
	at java.util.concurrent.ThreadPoolExecutor$Worker.run(ThreadPoolExecutor.java:624)
	at java.lang.Thread.run(Thread.java:748)
Exception in thread "pool-4-thread-355" java.lang.NullPointerException
	at tourGuide.service.GpsUtilProxyServiceImpl.getUserLocation(GpsUtilProxyServiceImpl.java:24)
	at tourGuide.service.TourGuideService.trackUserLocation(TourGuideService.java:169)
	at tourGuide.service.TourGuideService.lambda$trackUserLocationList$1(TourGuideService.java:190)
	at java.util.concurrent.ThreadPoolExecutor.runWorker(ThreadPoolExecutor.java:1149)
	at java.util.concurrent.ThreadPoolExecutor$Worker.run(ThreadPoolExecutor.java:624)
	at java.lang.Thread.run(Thread.java:748)
Exception in thread "pool-4-thread-354" java.lang.NullPointerException
	at tourGuide.service.GpsUtilProxyServiceImpl.getUserLocation(GpsUtilProxyServiceImpl.java:24)
	at tourGuide.service.TourGuideService.trackUserLocation(TourGuideService.java:169)
	at tourGuide.service.TourGuideService.lambda$trackUserLocationList$1(TourGuideService.java:190)
	at java.util.concurrent.ThreadPoolExecutor.runWorker(ThreadPoolExecutor.java:1149)
	at java.util.concurrent.ThreadPoolExecutor$Worker.run(ThreadPoolExecutor.java:624)
	at java.lang.Thread.run(Thread.java:748)
Exception in thread "pool-4-thread-353" java.lang.NullPointerException
	at tourGuide.service.GpsUtilProxyServiceImpl.getUserLocation(GpsUtilProxyServiceImpl.java:24)
	at tourGuide.service.TourGuideService.trackUserLocation(TourGuideService.java:169)
	at tourGuide.service.TourGuideService.lambda$trackUserLocationList$1(TourGuideService.java:190)
	at java.util.concurrent.ThreadPoolExecutor.runWorker(ThreadPoolExecutor.java:1149)
	at java.util.concurrent.ThreadPoolExecutor$Worker.run(ThreadPoolExecutor.java:624)
	at java.lang.Thread.run(Thread.java:748)
Exception in thread "pool-4-thread-350" java.lang.NullPointerException
	at tourGuide.service.GpsUtilProxyServiceImpl.getUserLocation(GpsUtilProxyServiceImpl.java:24)
	at tourGuide.service.TourGuideService.trackUserLocation(TourGuideService.java:169)
	at tourGuide.service.TourGuideService.lambda$trackUserLocationList$1(TourGuideService.java:190)
	at java.util.concurrent.ThreadPoolExecutor.runWorker(ThreadPoolExecutor.java:1149)
	at java.util.concurrent.ThreadPoolExecutor$Worker.run(ThreadPoolExecutor.java:624)
	at java.lang.Thread.run(Thread.java:748)
Exception in thread "pool-4-thread-349" java.lang.NullPointerException
	at tourGuide.service.GpsUtilProxyServiceImpl.getUserLocation(GpsUtilProxyServiceImpl.java:24)
	at tourGuide.service.TourGuideService.trackUserLocation(TourGuideService.java:169)
	at tourGuide.service.TourGuideService.lambda$trackUserLocationList$1(TourGuideService.java:190)
	at java.util.concurrent.ThreadPoolExecutor.runWorker(ThreadPoolExecutor.java:1149)
	at java.util.concurrent.ThreadPoolExecutor$Worker.run(ThreadPoolExecutor.java:624)
	at java.lang.Thread.run(Thread.java:748)
Exception in thread "pool-4-thread-348" java.lang.NullPointerException
	at tourGuide.service.GpsUtilProxyServiceImpl.getUserLocation(GpsUtilProxyServiceImpl.java:24)
	at tourGuide.service.TourGuideService.trackUserLocation(TourGuideService.java:169)
	at tourGuide.service.TourGuideService.lambda$trackUserLocationList$1(TourGuideService.java:190)
	at java.util.concurrent.ThreadPoolExecutor.runWorker(ThreadPoolExecutor.java:1149)
	at java.util.concurrent.ThreadPoolExecutor$Worker.run(ThreadPoolExecutor.java:624)
	at java.lang.Thread.run(Thread.java:748)
Exception in thread "pool-4-thread-347" java.lang.NullPointerException
	at tourGuide.service.GpsUtilProxyServiceImpl.getUserLocation(GpsUtilProxyServiceImpl.java:24)
	at tourGuide.service.TourGuideService.trackUserLocation(TourGuideService.java:169)
	at tourGuide.service.TourGuideService.lambda$trackUserLocationList$1(TourGuideService.java:190)
	at java.util.concurrent.ThreadPoolExecutor.runWorker(ThreadPoolExecutor.java:1149)
	at java.util.concurrent.ThreadPoolExecutor$Worker.run(ThreadPoolExecutor.java:624)
	at java.lang.Thread.run(Thread.java:748)
Exception in thread "pool-4-thread-346" java.lang.NullPointerException
	at tourGuide.service.GpsUtilProxyServiceImpl.getUserLocation(GpsUtilProxyServiceImpl.java:24)
	at tourGuide.service.TourGuideService.trackUserLocation(TourGuideService.java:169)
	at tourGuide.service.TourGuideService.lambda$trackUserLocationList$1(TourGuideService.java:190)
	at java.util.concurrent.ThreadPoolExecutor.runWorker(ThreadPoolExecutor.java:1149)
	at java.util.concurrent.ThreadPoolExecutor$Worker.run(ThreadPoolExecutor.java:624)
	at java.lang.Thread.run(Thread.java:748)
Exception in thread "pool-4-thread-345" java.lang.NullPointerException
	at tourGuide.service.GpsUtilProxyServiceImpl.getUserLocation(GpsUtilProxyServiceImpl.java:24)
	at tourGuide.service.TourGuideService.trackUserLocation(TourGuideService.java:169)
	at tourGuide.service.TourGuideService.lambda$trackUserLocationList$1(TourGuideService.java:190)
	at java.util.concurrent.ThreadPoolExecutor.runWorker(ThreadPoolExecutor.java:1149)
	at java.util.concurrent.ThreadPoolExecutor$Worker.run(ThreadPoolExecutor.java:624)
	at java.lang.Thread.run(Thread.java:748)
Exception in thread "pool-4-thread-344" java.lang.NullPointerException
	at tourGuide.service.GpsUtilProxyServiceImpl.getUserLocation(GpsUtilProxyServiceImpl.java:24)
	at tourGuide.service.TourGuideService.trackUserLocation(TourGuideService.java:169)
	at tourGuide.service.TourGuideService.lambda$trackUserLocationList$1(TourGuideService.java:190)
	at java.util.concurrent.ThreadPoolExecutor.runWorker(ThreadPoolExecutor.java:1149)
	at java.util.concurrent.ThreadPoolExecutor$Worker.run(ThreadPoolExecutor.java:624)
	at java.lang.Thread.run(Thread.java:748)
Exception in thread "pool-4-thread-343" java.lang.NullPointerException
	at tourGuide.service.GpsUtilProxyServiceImpl.getUserLocation(GpsUtilProxyServiceImpl.java:24)
	at tourGuide.service.TourGuideService.trackUserLocation(TourGuideService.java:169)
	at tourGuide.service.TourGuideService.lambda$trackUserLocationList$1(TourGuideService.java:190)
	at java.util.concurrent.ThreadPoolExecutor.runWorker(ThreadPoolExecutor.java:1149)
	at java.util.concurrent.ThreadPoolExecutor$Worker.run(ThreadPoolExecutor.java:624)
	at java.lang.Thread.run(Thread.java:748)
Exception in thread "pool-4-thread-340" java.lang.NullPointerException
	at tourGuide.service.GpsUtilProxyServiceImpl.getUserLocation(GpsUtilProxyServiceImpl.java:24)
	at tourGuide.service.TourGuideService.trackUserLocation(TourGuideService.java:169)
	at tourGuide.service.TourGuideService.lambda$trackUserLocationList$1(TourGuideService.java:190)
	at java.util.concurrent.ThreadPoolExecutor.runWorker(ThreadPoolExecutor.java:1149)
	at java.util.concurrent.ThreadPoolExecutor$Worker.run(ThreadPoolExecutor.java:624)
	at java.lang.Thread.run(Thread.java:748)
Exception in thread "pool-4-thread-341" java.lang.NullPointerException
	at tourGuide.service.GpsUtilProxyServiceImpl.getUserLocation(GpsUtilProxyServiceImpl.java:24)
	at tourGuide.service.TourGuideService.trackUserLocation(TourGuideService.java:169)
	at tourGuide.service.TourGuideService.lambda$trackUserLocationList$1(TourGuideService.java:190)
	at java.util.concurrent.ThreadPoolExecutor.runWorker(ThreadPoolExecutor.java:1149)
	at java.util.concurrent.ThreadPoolExecutor$Worker.run(ThreadPoolExecutor.java:624)
	at java.lang.Thread.run(Thread.java:748)
Exception in thread "pool-4-thread-339" java.lang.NullPointerException
	at tourGuide.service.GpsUtilProxyServiceImpl.getUserLocation(GpsUtilProxyServiceImpl.java:24)
	at tourGuide.service.TourGuideService.trackUserLocation(TourGuideService.java:169)
	at tourGuide.service.TourGuideService.lambda$trackUserLocationList$1(TourGuideService.java:190)
	at java.util.concurrent.ThreadPoolExecutor.runWorker(ThreadPoolExecutor.java:1149)
	at java.util.concurrent.ThreadPoolExecutor$Worker.run(ThreadPoolExecutor.java:624)
	at java.lang.Thread.run(Thread.java:748)
Exception in thread "pool-4-thread-338" java.lang.NullPointerException
	at tourGuide.service.GpsUtilProxyServiceImpl.getUserLocation(GpsUtilProxyServiceImpl.java:24)
	at tourGuide.service.TourGuideService.trackUserLocation(TourGuideService.java:169)
	at tourGuide.service.TourGuideService.lambda$trackUserLocationList$1(TourGuideService.java:190)
	at java.util.concurrent.ThreadPoolExecutor.runWorker(ThreadPoolExecutor.java:1149)
	at java.util.concurrent.ThreadPoolExecutor$Worker.run(ThreadPoolExecutor.java:624)
	at java.lang.Thread.run(Thread.java:748)
Exception in thread "pool-4-thread-336" java.lang.NullPointerException
	at tourGuide.service.GpsUtilProxyServiceImpl.getUserLocation(GpsUtilProxyServiceImpl.java:24)
	at tourGuide.service.TourGuideService.trackUserLocation(TourGuideService.java:169)
	at tourGuide.service.TourGuideService.lambda$trackUserLocationList$1(TourGuideService.java:190)
	at java.util.concurrent.ThreadPoolExecutor.runWorker(ThreadPoolExecutor.java:1149)
	at java.util.concurrent.ThreadPoolExecutor$Worker.run(ThreadPoolExecutor.java:624)
	at java.lang.Thread.run(Thread.java:748)
Exception in thread "pool-4-thread-337" java.lang.NullPointerException
	at tourGuide.service.GpsUtilProxyServiceImpl.getUserLocation(GpsUtilProxyServiceImpl.java:24)
	at tourGuide.service.TourGuideService.trackUserLocation(TourGuideService.java:169)
	at tourGuide.service.TourGuideService.lambda$trackUserLocationList$1(TourGuideService.java:190)
	at java.util.concurrent.ThreadPoolExecutor.runWorker(ThreadPoolExecutor.java:1149)
	at java.util.concurrent.ThreadPoolExecutor$Worker.run(ThreadPoolExecutor.java:624)
	at java.lang.Thread.run(Thread.java:748)
Exception in thread "pool-4-thread-334" java.lang.NullPointerException
	at tourGuide.service.GpsUtilProxyServiceImpl.getUserLocation(GpsUtilProxyServiceImpl.java:24)
	at tourGuide.service.TourGuideService.trackUserLocation(TourGuideService.java:169)
	at tourGuide.service.TourGuideService.lambda$trackUserLocationList$1(TourGuideService.java:190)
	at java.util.concurrent.ThreadPoolExecutor.runWorker(ThreadPoolExecutor.java:1149)
	at java.util.concurrent.ThreadPoolExecutor$Worker.run(ThreadPoolExecutor.java:624)
	at java.lang.Thread.run(Thread.java:748)
Exception in thread "pool-4-thread-333" java.lang.NullPointerException
	at tourGuide.service.GpsUtilProxyServiceImpl.getUserLocation(GpsUtilProxyServiceImpl.java:24)
	at tourGuide.service.TourGuideService.trackUserLocation(TourGuideService.java:169)
	at tourGuide.service.TourGuideService.lambda$trackUserLocationList$1(TourGuideService.java:190)
	at java.util.concurrent.ThreadPoolExecutor.runWorker(ThreadPoolExecutor.java:1149)
	at java.util.concurrent.ThreadPoolExecutor$Worker.run(ThreadPoolExecutor.java:624)
	at java.lang.Thread.run(Thread.java:748)
Exception in thread "pool-4-thread-332" java.lang.NullPointerException
	at tourGuide.service.GpsUtilProxyServiceImpl.getUserLocation(GpsUtilProxyServiceImpl.java:24)
	at tourGuide.service.TourGuideService.trackUserLocation(TourGuideService.java:169)
	at tourGuide.service.TourGuideService.lambda$trackUserLocationList$1(TourGuideService.java:190)
	at java.util.concurrent.ThreadPoolExecutor.runWorker(ThreadPoolExecutor.java:1149)
	at java.util.concurrent.ThreadPoolExecutor$Worker.run(ThreadPoolExecutor.java:624)
	at java.lang.Thread.run(Thread.java:748)
Exception in thread "pool-4-thread-331" java.lang.NullPointerException
	at tourGuide.service.GpsUtilProxyServiceImpl.getUserLocation(GpsUtilProxyServiceImpl.java:24)
	at tourGuide.service.TourGuideService.trackUserLocation(TourGuideService.java:169)
	at tourGuide.service.TourGuideService.lambda$trackUserLocationList$1(TourGuideService.java:190)
	at java.util.concurrent.ThreadPoolExecutor.runWorker(ThreadPoolExecutor.java:1149)
	at java.util.concurrent.ThreadPoolExecutor$Worker.run(ThreadPoolExecutor.java:624)
	at java.lang.Thread.run(Thread.java:748)
Exception in thread "pool-4-thread-329" java.lang.NullPointerException
	at tourGuide.service.GpsUtilProxyServiceImpl.getUserLocation(GpsUtilProxyServiceImpl.java:24)
	at tourGuide.service.TourGuideService.trackUserLocation(TourGuideService.java:169)
	at tourGuide.service.TourGuideService.lambda$trackUserLocationList$1(TourGuideService.java:190)
	at java.util.concurrent.ThreadPoolExecutor.runWorker(ThreadPoolExecutor.java:1149)
	at java.util.concurrent.ThreadPoolExecutor$Worker.run(ThreadPoolExecutor.java:624)
	at java.lang.Thread.run(Thread.java:748)
Exception in thread "pool-4-thread-326" java.lang.NullPointerException
	at tourGuide.service.GpsUtilProxyServiceImpl.getUserLocation(GpsUtilProxyServiceImpl.java:24)
	at tourGuide.service.TourGuideService.trackUserLocation(TourGuideService.java:169)
	at tourGuide.service.TourGuideService.lambda$trackUserLocationList$1(TourGuideService.java:190)
	at java.util.concurrent.ThreadPoolExecutor.runWorker(ThreadPoolExecutor.java:1149)
	at java.util.concurrent.ThreadPoolExecutor$Worker.run(ThreadPoolExecutor.java:624)
	at java.lang.Thread.run(Thread.java:748)
Exception in thread "pool-4-thread-325" java.lang.NullPointerException
	at tourGuide.service.GpsUtilProxyServiceImpl.getUserLocation(GpsUtilProxyServiceImpl.java:24)
	at tourGuide.service.TourGuideService.trackUserLocation(TourGuideService.java:169)
	at tourGuide.service.TourGuideService.lambda$trackUserLocationList$1(TourGuideService.java:190)
	at java.util.concurrent.ThreadPoolExecutor.runWorker(ThreadPoolExecutor.java:1149)
	at java.util.concurrent.ThreadPoolExecutor$Worker.run(ThreadPoolExecutor.java:624)
	at java.lang.Thread.run(Thread.java:748)
Exception in thread "pool-4-thread-327" java.lang.NullPointerException
	at tourGuide.service.GpsUtilProxyServiceImpl.getUserLocation(GpsUtilProxyServiceImpl.java:24)
	at tourGuide.service.TourGuideService.trackUserLocation(TourGuideService.java:169)
	at tourGuide.service.TourGuideService.lambda$trackUserLocationList$1(TourGuideService.java:190)
	at java.util.concurrent.ThreadPoolExecutor.runWorker(ThreadPoolExecutor.java:1149)
	at java.util.concurrent.ThreadPoolExecutor$Worker.run(ThreadPoolExecutor.java:624)
	at java.lang.Thread.run(Thread.java:748)
Exception in thread "pool-4-thread-323" java.lang.NullPointerException
	at tourGuide.service.GpsUtilProxyServiceImpl.getUserLocation(GpsUtilProxyServiceImpl.java:24)
	at tourGuide.service.TourGuideService.trackUserLocation(TourGuideService.java:169)
	at tourGuide.service.TourGuideService.lambda$trackUserLocationList$1(TourGuideService.java:190)
	at java.util.concurrent.ThreadPoolExecutor.runWorker(ThreadPoolExecutor.java:1149)
	at java.util.concurrent.ThreadPoolExecutor$Worker.run(ThreadPoolExecutor.java:624)
	at java.lang.Thread.run(Thread.java:748)
Exception in thread "pool-4-thread-321" java.lang.NullPointerException
	at tourGuide.service.GpsUtilProxyServiceImpl.getUserLocation(GpsUtilProxyServiceImpl.java:24)
	at tourGuide.service.TourGuideService.trackUserLocation(TourGuideService.java:169)
	at tourGuide.service.TourGuideService.lambda$trackUserLocationList$1(TourGuideService.java:190)
	at java.util.concurrent.ThreadPoolExecutor.runWorker(ThreadPoolExecutor.java:1149)
	at java.util.concurrent.ThreadPoolExecutor$Worker.run(ThreadPoolExecutor.java:624)
	at java.lang.Thread.run(Thread.java:748)
Exception in thread "pool-4-thread-320" java.lang.NullPointerException
	at tourGuide.service.GpsUtilProxyServiceImpl.getUserLocation(GpsUtilProxyServiceImpl.java:24)
	at tourGuide.service.TourGuideService.trackUserLocation(TourGuideService.java:169)
	at tourGuide.service.TourGuideService.lambda$trackUserLocationList$1(TourGuideService.java:190)
	at java.util.concurrent.ThreadPoolExecutor.runWorker(ThreadPoolExecutor.java:1149)
	at java.util.concurrent.ThreadPoolExecutor$Worker.run(ThreadPoolExecutor.java:624)
	at java.lang.Thread.run(Thread.java:748)
Exception in thread "pool-4-thread-319" java.lang.NullPointerException
	at tourGuide.service.GpsUtilProxyServiceImpl.getUserLocation(GpsUtilProxyServiceImpl.java:24)
	at tourGuide.service.TourGuideService.trackUserLocation(TourGuideService.java:169)
	at tourGuide.service.TourGuideService.lambda$trackUserLocationList$1(TourGuideService.java:190)
	at java.util.concurrent.ThreadPoolExecutor.runWorker(ThreadPoolExecutor.java:1149)
	at java.util.concurrent.ThreadPoolExecutor$Worker.run(ThreadPoolExecutor.java:624)
	at java.lang.Thread.run(Thread.java:748)
Exception in thread "pool-4-thread-316" java.lang.NullPointerException
	at tourGuide.service.GpsUtilProxyServiceImpl.getUserLocation(GpsUtilProxyServiceImpl.java:24)
	at tourGuide.service.TourGuideService.trackUserLocation(TourGuideService.java:169)
	at tourGuide.service.TourGuideService.lambda$trackUserLocationList$1(TourGuideService.java:190)
	at java.util.concurrent.ThreadPoolExecutor.runWorker(ThreadPoolExecutor.java:1149)
	at java.util.concurrent.ThreadPoolExecutor$Worker.run(ThreadPoolExecutor.java:624)
	at java.lang.Thread.run(Thread.java:748)
Exception in thread "pool-4-thread-314" java.lang.NullPointerException
	at tourGuide.service.GpsUtilProxyServiceImpl.getUserLocation(GpsUtilProxyServiceImpl.java:24)
	at tourGuide.service.TourGuideService.trackUserLocation(TourGuideService.java:169)
	at tourGuide.service.TourGuideService.lambda$trackUserLocationList$1(TourGuideService.java:190)
	at java.util.concurrent.ThreadPoolExecutor.runWorker(ThreadPoolExecutor.java:1149)
	at java.util.concurrent.ThreadPoolExecutor$Worker.run(ThreadPoolExecutor.java:624)
	at java.lang.Thread.run(Thread.java:748)
Exception in thread "pool-4-thread-309" java.lang.NullPointerException
	at tourGuide.service.GpsUtilProxyServiceImpl.getUserLocation(GpsUtilProxyServiceImpl.java:24)
	at tourGuide.service.TourGuideService.trackUserLocation(TourGuideService.java:169)
	at tourGuide.service.TourGuideService.lambda$trackUserLocationList$1(TourGuideService.java:190)
	at java.util.concurrent.ThreadPoolExecutor.runWorker(ThreadPoolExecutor.java:1149)
	at java.util.concurrent.ThreadPoolExecutor$Worker.run(ThreadPoolExecutor.java:624)
	at java.lang.Thread.run(Thread.java:748)
Exception in thread "pool-4-thread-311" java.lang.NullPointerException
	at tourGuide.service.GpsUtilProxyServiceImpl.getUserLocation(GpsUtilProxyServiceImpl.java:24)
	at tourGuide.service.TourGuideService.trackUserLocation(TourGuideService.java:169)
	at tourGuide.service.TourGuideService.lambda$trackUserLocationList$1(TourGuideService.java:190)
	at java.util.concurrent.ThreadPoolExecutor.runWorker(ThreadPoolExecutor.java:1149)
	at java.util.concurrent.ThreadPoolExecutor$Worker.run(ThreadPoolExecutor.java:624)
	at java.lang.Thread.run(Thread.java:748)
Exception in thread "pool-4-thread-308" java.lang.NullPointerException
	at tourGuide.service.GpsUtilProxyServiceImpl.getUserLocation(GpsUtilProxyServiceImpl.java:24)
	at tourGuide.service.TourGuideService.trackUserLocation(TourGuideService.java:169)
	at tourGuide.service.TourGuideService.lambda$trackUserLocationList$1(TourGuideService.java:190)
	at java.util.concurrent.ThreadPoolExecutor.runWorker(ThreadPoolExecutor.java:1149)
	at java.util.concurrent.ThreadPoolExecutor$Worker.run(ThreadPoolExecutor.java:624)
	at java.lang.Thread.run(Thread.java:748)
Exception in thread "pool-4-thread-307" java.lang.NullPointerException
	at tourGuide.service.GpsUtilProxyServiceImpl.getUserLocation(GpsUtilProxyServiceImpl.java:24)
	at tourGuide.service.TourGuideService.trackUserLocation(TourGuideService.java:169)
	at tourGuide.service.TourGuideService.lambda$trackUserLocationList$1(TourGuideService.java:190)
	at java.util.concurrent.ThreadPoolExecutor.runWorker(ThreadPoolExecutor.java:1149)
	at java.util.concurrent.ThreadPoolExecutor$Worker.run(ThreadPoolExecutor.java:624)
	at java.lang.Thread.run(Thread.java:748)
Exception in thread "pool-4-thread-306" java.lang.NullPointerException
	at tourGuide.service.GpsUtilProxyServiceImpl.getUserLocation(GpsUtilProxyServiceImpl.java:24)
	at tourGuide.service.TourGuideService.trackUserLocation(TourGuideService.java:169)
	at tourGuide.service.TourGuideService.lambda$trackUserLocationList$1(TourGuideService.java:190)
	at java.util.concurrent.ThreadPoolExecutor.runWorker(ThreadPoolExecutor.java:1149)
	at java.util.concurrent.ThreadPoolExecutor$Worker.run(ThreadPoolExecutor.java:624)
	at java.lang.Thread.run(Thread.java:748)
Exception in thread "pool-4-thread-305" java.lang.NullPointerException
	at tourGuide.service.GpsUtilProxyServiceImpl.getUserLocation(GpsUtilProxyServiceImpl.java:24)
	at tourGuide.service.TourGuideService.trackUserLocation(TourGuideService.java:169)
	at tourGuide.service.TourGuideService.lambda$trackUserLocationList$1(TourGuideService.java:190)
	at java.util.concurrent.ThreadPoolExecutor.runWorker(ThreadPoolExecutor.java:1149)
	at java.util.concurrent.ThreadPoolExecutor$Worker.run(ThreadPoolExecutor.java:624)
	at java.lang.Thread.run(Thread.java:748)
Exception in thread "pool-4-thread-303" java.lang.NullPointerException
	at tourGuide.service.GpsUtilProxyServiceImpl.getUserLocation(GpsUtilProxyServiceImpl.java:24)
	at tourGuide.service.TourGuideService.trackUserLocation(TourGuideService.java:169)
	at tourGuide.service.TourGuideService.lambda$trackUserLocationList$1(TourGuideService.java:190)
	at java.util.concurrent.ThreadPoolExecutor.runWorker(ThreadPoolExecutor.java:1149)
	at java.util.concurrent.ThreadPoolExecutor$Worker.run(ThreadPoolExecutor.java:624)
	at java.lang.Thread.run(Thread.java:748)
Exception in thread "pool-4-thread-304" java.lang.NullPointerException
	at tourGuide.service.GpsUtilProxyServiceImpl.getUserLocation(GpsUtilProxyServiceImpl.java:24)
	at tourGuide.service.TourGuideService.trackUserLocation(TourGuideService.java:169)
	at tourGuide.service.TourGuideService.lambda$trackUserLocationList$1(TourGuideService.java:190)
	at java.util.concurrent.ThreadPoolExecutor.runWorker(ThreadPoolExecutor.java:1149)
	at java.util.concurrent.ThreadPoolExecutor$Worker.run(ThreadPoolExecutor.java:624)
	at java.lang.Thread.run(Thread.java:748)
Exception in thread "pool-4-thread-301" java.lang.NullPointerException
	at tourGuide.service.GpsUtilProxyServiceImpl.getUserLocation(GpsUtilProxyServiceImpl.java:24)
	at tourGuide.service.TourGuideService.trackUserLocation(TourGuideService.java:169)
	at tourGuide.service.TourGuideService.lambda$trackUserLocationList$1(TourGuideService.java:190)
	at java.util.concurrent.ThreadPoolExecutor.runWorker(ThreadPoolExecutor.java:1149)
	at java.util.concurrent.ThreadPoolExecutor$Worker.run(ThreadPoolExecutor.java:624)
	at java.lang.Thread.run(Thread.java:748)
Exception in thread "pool-4-thread-300" java.lang.NullPointerException
	at tourGuide.service.GpsUtilProxyServiceImpl.getUserLocation(GpsUtilProxyServiceImpl.java:24)
	at tourGuide.service.TourGuideService.trackUserLocation(TourGuideService.java:169)
	at tourGuide.service.TourGuideService.lambda$trackUserLocationList$1(TourGuideService.java:190)
	at java.util.concurrent.ThreadPoolExecutor.runWorker(ThreadPoolExecutor.java:1149)
	at java.util.concurrent.ThreadPoolExecutor$Worker.run(ThreadPoolExecutor.java:624)
	at java.lang.Thread.run(Thread.java:748)
Exception in thread "pool-4-thread-297" java.lang.NullPointerException
	at tourGuide.service.GpsUtilProxyServiceImpl.getUserLocation(GpsUtilProxyServiceImpl.java:24)
	at tourGuide.service.TourGuideService.trackUserLocation(TourGuideService.java:169)
	at tourGuide.service.TourGuideService.lambda$trackUserLocationList$1(TourGuideService.java:190)
	at java.util.concurrent.ThreadPoolExecutor.runWorker(ThreadPoolExecutor.java:1149)
	at java.util.concurrent.ThreadPoolExecutor$Worker.run(ThreadPoolExecutor.java:624)
	at java.lang.Thread.run(Thread.java:748)
Exception in thread "pool-4-thread-294" java.lang.NullPointerException
	at tourGuide.service.GpsUtilProxyServiceImpl.getUserLocation(GpsUtilProxyServiceImpl.java:24)
	at tourGuide.service.TourGuideService.trackUserLocation(TourGuideService.java:169)
	at tourGuide.service.TourGuideService.lambda$trackUserLocationList$1(TourGuideService.java:190)
	at java.util.concurrent.ThreadPoolExecutor.runWorker(ThreadPoolExecutor.java:1149)
	at java.util.concurrent.ThreadPoolExecutor$Worker.run(ThreadPoolExecutor.java:624)
	at java.lang.Thread.run(Thread.java:748)
Exception in thread "pool-4-thread-295" java.lang.NullPointerException
	at tourGuide.service.GpsUtilProxyServiceImpl.getUserLocation(GpsUtilProxyServiceImpl.java:24)
	at tourGuide.service.TourGuideService.trackUserLocation(TourGuideService.java:169)
	at tourGuide.service.TourGuideService.lambda$trackUserLocationList$1(TourGuideService.java:190)
	at java.util.concurrent.ThreadPoolExecutor.runWorker(ThreadPoolExecutor.java:1149)
	at java.util.concurrent.ThreadPoolExecutor$Worker.run(ThreadPoolExecutor.java:624)
	at java.lang.Thread.run(Thread.java:748)
Exception in thread "pool-4-thread-292" java.lang.NullPointerException
	at tourGuide.service.GpsUtilProxyServiceImpl.getUserLocation(GpsUtilProxyServiceImpl.java:24)
	at tourGuide.service.TourGuideService.trackUserLocation(TourGuideService.java:169)
	at tourGuide.service.TourGuideService.lambda$trackUserLocationList$1(TourGuideService.java:190)
	at java.util.concurrent.ThreadPoolExecutor.runWorker(ThreadPoolExecutor.java:1149)
	at java.util.concurrent.ThreadPoolExecutor$Worker.run(ThreadPoolExecutor.java:624)
	at java.lang.Thread.run(Thread.java:748)
Exception in thread "pool-4-thread-293" java.lang.NullPointerException
	at tourGuide.service.GpsUtilProxyServiceImpl.getUserLocation(GpsUtilProxyServiceImpl.java:24)
	at tourGuide.service.TourGuideService.trackUserLocation(TourGuideService.java:169)
	at tourGuide.service.TourGuideService.lambda$trackUserLocationList$1(TourGuideService.java:190)
	at java.util.concurrent.ThreadPoolExecutor.runWorker(ThreadPoolExecutor.java:1149)
	at java.util.concurrent.ThreadPoolExecutor$Worker.run(ThreadPoolExecutor.java:624)
	at java.lang.Thread.run(Thread.java:748)
Exception in thread "pool-4-thread-291" java.lang.NullPointerException
	at tourGuide.service.GpsUtilProxyServiceImpl.getUserLocation(GpsUtilProxyServiceImpl.java:24)
	at tourGuide.service.TourGuideService.trackUserLocation(TourGuideService.java:169)
	at tourGuide.service.TourGuideService.lambda$trackUserLocationList$1(TourGuideService.java:190)
	at java.util.concurrent.ThreadPoolExecutor.runWorker(ThreadPoolExecutor.java:1149)
	at java.util.concurrent.ThreadPoolExecutor$Worker.run(ThreadPoolExecutor.java:624)
	at java.lang.Thread.run(Thread.java:748)
Exception in thread "pool-4-thread-290" java.lang.NullPointerException
	at tourGuide.service.GpsUtilProxyServiceImpl.getUserLocation(GpsUtilProxyServiceImpl.java:24)
	at tourGuide.service.TourGuideService.trackUserLocation(TourGuideService.java:169)
	at tourGuide.service.TourGuideService.lambda$trackUserLocationList$1(TourGuideService.java:190)
	at java.util.concurrent.ThreadPoolExecutor.runWorker(ThreadPoolExecutor.java:1149)
	at java.util.concurrent.ThreadPoolExecutor$Worker.run(ThreadPoolExecutor.java:624)
	at java.lang.Thread.run(Thread.java:748)
Exception in thread "pool-4-thread-289" java.lang.NullPointerException
	at tourGuide.service.GpsUtilProxyServiceImpl.getUserLocation(GpsUtilProxyServiceImpl.java:24)
	at tourGuide.service.TourGuideService.trackUserLocation(TourGuideService.java:169)
	at tourGuide.service.TourGuideService.lambda$trackUserLocationList$1(TourGuideService.java:190)
	at java.util.concurrent.ThreadPoolExecutor.runWorker(ThreadPoolExecutor.java:1149)
	at java.util.concurrent.ThreadPoolExecutor$Worker.run(ThreadPoolExecutor.java:624)
	at java.lang.Thread.run(Thread.java:748)
Exception in thread "pool-4-thread-287" java.lang.NullPointerException
	at tourGuide.service.GpsUtilProxyServiceImpl.getUserLocation(GpsUtilProxyServiceImpl.java:24)
	at tourGuide.service.TourGuideService.trackUserLocation(TourGuideService.java:169)
	at tourGuide.service.TourGuideService.lambda$trackUserLocationList$1(TourGuideService.java:190)
	at java.util.concurrent.ThreadPoolExecutor.runWorker(ThreadPoolExecutor.java:1149)
	at java.util.concurrent.ThreadPoolExecutor$Worker.run(ThreadPoolExecutor.java:624)
	at java.lang.Thread.run(Thread.java:748)
Exception in thread "pool-4-thread-286" java.lang.NullPointerException
	at tourGuide.service.GpsUtilProxyServiceImpl.getUserLocation(GpsUtilProxyServiceImpl.java:24)
	at tourGuide.service.TourGuideService.trackUserLocation(TourGuideService.java:169)
	at tourGuide.service.TourGuideService.lambda$trackUserLocationList$1(TourGuideService.java:190)
	at java.util.concurrent.ThreadPoolExecutor.runWorker(ThreadPoolExecutor.java:1149)
	at java.util.concurrent.ThreadPoolExecutor$Worker.run(ThreadPoolExecutor.java:624)
	at java.lang.Thread.run(Thread.java:748)
Exception in thread "pool-4-thread-282" java.lang.NullPointerException
	at tourGuide.service.GpsUtilProxyServiceImpl.getUserLocation(GpsUtilProxyServiceImpl.java:24)
	at tourGuide.service.TourGuideService.trackUserLocation(TourGuideService.java:169)
	at tourGuide.service.TourGuideService.lambda$trackUserLocationList$1(TourGuideService.java:190)
	at java.util.concurrent.ThreadPoolExecutor.runWorker(ThreadPoolExecutor.java:1149)
	at java.util.concurrent.ThreadPoolExecutor$Worker.run(ThreadPoolExecutor.java:624)
	at java.lang.Thread.run(Thread.java:748)
Exception in thread "pool-4-thread-280" java.lang.NullPointerException
	at tourGuide.service.GpsUtilProxyServiceImpl.getUserLocation(GpsUtilProxyServiceImpl.java:24)
	at tourGuide.service.TourGuideService.trackUserLocation(TourGuideService.java:169)
	at tourGuide.service.TourGuideService.lambda$trackUserLocationList$1(TourGuideService.java:190)
	at java.util.concurrent.ThreadPoolExecutor.runWorker(ThreadPoolExecutor.java:1149)
	at java.util.concurrent.ThreadPoolExecutor$Worker.run(ThreadPoolExecutor.java:624)
	at java.lang.Thread.run(Thread.java:748)
Exception in thread "pool-4-thread-278" java.lang.NullPointerException
	at tourGuide.service.GpsUtilProxyServiceImpl.getUserLocation(GpsUtilProxyServiceImpl.java:24)
	at tourGuide.service.TourGuideService.trackUserLocation(TourGuideService.java:169)
	at tourGuide.service.TourGuideService.lambda$trackUserLocationList$1(TourGuideService.java:190)
	at java.util.concurrent.ThreadPoolExecutor.runWorker(ThreadPoolExecutor.java:1149)
	at java.util.concurrent.ThreadPoolExecutor$Worker.run(ThreadPoolExecutor.java:624)
	at java.lang.Thread.run(Thread.java:748)
Exception in thread "pool-4-thread-279" java.lang.NullPointerException
	at tourGuide.service.GpsUtilProxyServiceImpl.getUserLocation(GpsUtilProxyServiceImpl.java:24)
	at tourGuide.service.TourGuideService.trackUserLocation(TourGuideService.java:169)
	at tourGuide.service.TourGuideService.lambda$trackUserLocationList$1(TourGuideService.java:190)
	at java.util.concurrent.ThreadPoolExecutor.runWorker(ThreadPoolExecutor.java:1149)
	at java.util.concurrent.ThreadPoolExecutor$Worker.run(ThreadPoolExecutor.java:624)
	at java.lang.Thread.run(Thread.java:748)
Exception in thread "pool-4-thread-275" java.lang.NullPointerException
	at tourGuide.service.GpsUtilProxyServiceImpl.getUserLocation(GpsUtilProxyServiceImpl.java:24)
	at tourGuide.service.TourGuideService.trackUserLocation(TourGuideService.java:169)
	at tourGuide.service.TourGuideService.lambda$trackUserLocationList$1(TourGuideService.java:190)
	at java.util.concurrent.ThreadPoolExecutor.runWorker(ThreadPoolExecutor.java:1149)
	at java.util.concurrent.ThreadPoolExecutor$Worker.run(ThreadPoolExecutor.java:624)
	at java.lang.Thread.run(Thread.java:748)
Exception in thread "pool-4-thread-270" java.lang.NullPointerException
	at tourGuide.service.GpsUtilProxyServiceImpl.getUserLocation(GpsUtilProxyServiceImpl.java:24)
	at tourGuide.service.TourGuideService.trackUserLocation(TourGuideService.java:169)
	at tourGuide.service.TourGuideService.lambda$trackUserLocationList$1(TourGuideService.java:190)
	at java.util.concurrent.ThreadPoolExecutor.runWorker(ThreadPoolExecutor.java:1149)
	at java.util.concurrent.ThreadPoolExecutor$Worker.run(ThreadPoolExecutor.java:624)
	at java.lang.Thread.run(Thread.java:748)
Exception in thread "pool-4-thread-272" java.lang.NullPointerException
	at tourGuide.service.GpsUtilProxyServiceImpl.getUserLocation(GpsUtilProxyServiceImpl.java:24)
	at tourGuide.service.TourGuideService.trackUserLocation(TourGuideService.java:169)
	at tourGuide.service.TourGuideService.lambda$trackUserLocationList$1(TourGuideService.java:190)
	at java.util.concurrent.ThreadPoolExecutor.runWorker(ThreadPoolExecutor.java:1149)
	at java.util.concurrent.ThreadPoolExecutor$Worker.run(ThreadPoolExecutor.java:624)
	at java.lang.Thread.run(Thread.java:748)
Exception in thread "pool-4-thread-244" java.lang.NullPointerException
	at tourGuide.service.GpsUtilProxyServiceImpl.getUserLocation(GpsUtilProxyServiceImpl.java:24)
	at tourGuide.service.TourGuideService.trackUserLocation(TourGuideService.java:169)
	at tourGuide.service.TourGuideService.lambda$trackUserLocationList$1(TourGuideService.java:190)
	at java.util.concurrent.ThreadPoolExecutor.runWorker(ThreadPoolExecutor.java:1149)
	at java.util.concurrent.ThreadPoolExecutor$Worker.run(ThreadPoolExecutor.java:624)
	at java.lang.Thread.run(Thread.java:748)
Exception in thread "pool-4-thread-245" java.lang.NullPointerException
	at tourGuide.service.GpsUtilProxyServiceImpl.getUserLocation(GpsUtilProxyServiceImpl.java:24)
	at tourGuide.service.TourGuideService.trackUserLocation(TourGuideService.java:169)
	at tourGuide.service.TourGuideService.lambda$trackUserLocationList$1(TourGuideService.java:190)
	at java.util.concurrent.ThreadPoolExecutor.runWorker(ThreadPoolExecutor.java:1149)
	at java.util.concurrent.ThreadPoolExecutor$Worker.run(ThreadPoolExecutor.java:624)
	at java.lang.Thread.run(Thread.java:748)
Exception in thread "pool-4-thread-246" java.lang.NullPointerException
	at tourGuide.service.GpsUtilProxyServiceImpl.getUserLocation(GpsUtilProxyServiceImpl.java:24)
	at tourGuide.service.TourGuideService.trackUserLocation(TourGuideService.java:169)
	at tourGuide.service.TourGuideService.lambda$trackUserLocationList$1(TourGuideService.java:190)
	at java.util.concurrent.ThreadPoolExecutor.runWorker(ThreadPoolExecutor.java:1149)
	at java.util.concurrent.ThreadPoolExecutor$Worker.run(ThreadPoolExecutor.java:624)
	at java.lang.Thread.run(Thread.java:748)
Exception in thread "pool-4-thread-248" java.lang.NullPointerException
	at tourGuide.service.GpsUtilProxyServiceImpl.getUserLocation(GpsUtilProxyServiceImpl.java:24)
	at tourGuide.service.TourGuideService.trackUserLocation(TourGuideService.java:169)
	at tourGuide.service.TourGuideService.lambda$trackUserLocationList$1(TourGuideService.java:190)
	at java.util.concurrent.ThreadPoolExecutor.runWorker(ThreadPoolExecutor.java:1149)
	at java.util.concurrent.ThreadPoolExecutor$Worker.run(ThreadPoolExecutor.java:624)
	at java.lang.Thread.run(Thread.java:748)
Exception in thread "pool-4-thread-249" java.lang.NullPointerException
	at tourGuide.service.GpsUtilProxyServiceImpl.getUserLocation(GpsUtilProxyServiceImpl.java:24)
	at tourGuide.service.TourGuideService.trackUserLocation(TourGuideService.java:169)
	at tourGuide.service.TourGuideService.lambda$trackUserLocationList$1(TourGuideService.java:190)
	at java.util.concurrent.ThreadPoolExecutor.runWorker(ThreadPoolExecutor.java:1149)
	at java.util.concurrent.ThreadPoolExecutor$Worker.run(ThreadPoolExecutor.java:624)
	at java.lang.Thread.run(Thread.java:748)
Exception in thread "pool-4-thread-235" java.lang.NullPointerException
	at tourGuide.service.GpsUtilProxyServiceImpl.getUserLocation(GpsUtilProxyServiceImpl.java:24)
	at tourGuide.service.TourGuideService.trackUserLocation(TourGuideService.java:169)
	at tourGuide.service.TourGuideService.lambda$trackUserLocationList$1(TourGuideService.java:190)
	at java.util.concurrent.ThreadPoolExecutor.runWorker(ThreadPoolExecutor.java:1149)
	at java.util.concurrent.ThreadPoolExecutor$Worker.run(ThreadPoolExecutor.java:624)
	at java.lang.Thread.run(Thread.java:748)
Exception in thread "pool-4-thread-251" java.lang.NullPointerException
	at tourGuide.service.GpsUtilProxyServiceImpl.getUserLocation(GpsUtilProxyServiceImpl.java:24)
	at tourGuide.service.TourGuideService.trackUserLocation(TourGuideService.java:169)
	at tourGuide.service.TourGuideService.lambda$trackUserLocationList$1(TourGuideService.java:190)
	at java.util.concurrent.ThreadPoolExecutor.runWorker(ThreadPoolExecutor.java:1149)
	at java.util.concurrent.ThreadPoolExecutor$Worker.run(ThreadPoolExecutor.java:624)
	at java.lang.Thread.run(Thread.java:748)
Exception in thread "pool-4-thread-253" java.lang.NullPointerException
	at tourGuide.service.GpsUtilProxyServiceImpl.getUserLocation(GpsUtilProxyServiceImpl.java:24)
	at tourGuide.service.TourGuideService.trackUserLocation(TourGuideService.java:169)
	at tourGuide.service.TourGuideService.lambda$trackUserLocationList$1(TourGuideService.java:190)
	at java.util.concurrent.ThreadPoolExecutor.runWorker(ThreadPoolExecutor.java:1149)
	at java.util.concurrent.ThreadPoolExecutor$Worker.run(ThreadPoolExecutor.java:624)
	at java.lang.Thread.run(Thread.java:748)
Exception in thread "pool-4-thread-233" java.lang.NullPointerException
	at tourGuide.service.GpsUtilProxyServiceImpl.getUserLocation(GpsUtilProxyServiceImpl.java:24)
	at tourGuide.service.TourGuideService.trackUserLocation(TourGuideService.java:169)
	at tourGuide.service.TourGuideService.lambda$trackUserLocationList$1(TourGuideService.java:190)
	at java.util.concurrent.ThreadPoolExecutor.runWorker(ThreadPoolExecutor.java:1149)
	at java.util.concurrent.ThreadPoolExecutor$Worker.run(ThreadPoolExecutor.java:624)
	at java.lang.Thread.run(Thread.java:748)
Exception in thread "pool-4-thread-254" java.lang.NullPointerException
	at tourGuide.service.GpsUtilProxyServiceImpl.getUserLocation(GpsUtilProxyServiceImpl.java:24)
	at tourGuide.service.TourGuideService.trackUserLocation(TourGuideService.java:169)
	at tourGuide.service.TourGuideService.lambda$trackUserLocationList$1(TourGuideService.java:190)
	at java.util.concurrent.ThreadPoolExecutor.runWorker(ThreadPoolExecutor.java:1149)
	at java.util.concurrent.ThreadPoolExecutor$Worker.run(ThreadPoolExecutor.java:624)
	at java.lang.Thread.run(Thread.java:748)
Exception in thread "pool-4-thread-255" java.lang.NullPointerException
	at tourGuide.service.GpsUtilProxyServiceImpl.getUserLocation(GpsUtilProxyServiceImpl.java:24)
	at tourGuide.service.TourGuideService.trackUserLocation(TourGuideService.java:169)
	at tourGuide.service.TourGuideService.lambda$trackUserLocationList$1(TourGuideService.java:190)
	at java.util.concurrent.ThreadPoolExecutor.runWorker(ThreadPoolExecutor.java:1149)
	at java.util.concurrent.ThreadPoolExecutor$Worker.run(ThreadPoolExecutor.java:624)
	at java.lang.Thread.run(Thread.java:748)
Exception in thread "pool-4-thread-231" java.lang.NullPointerException
	at tourGuide.service.GpsUtilProxyServiceImpl.getUserLocation(GpsUtilProxyServiceImpl.java:24)
	at tourGuide.service.TourGuideService.trackUserLocation(TourGuideService.java:169)
	at tourGuide.service.TourGuideService.lambda$trackUserLocationList$1(TourGuideService.java:190)
	at java.util.concurrent.ThreadPoolExecutor.runWorker(ThreadPoolExecutor.java:1149)
	at java.util.concurrent.ThreadPoolExecutor$Worker.run(ThreadPoolExecutor.java:624)
	at java.lang.Thread.run(Thread.java:748)
Exception in thread "pool-4-thread-256" java.lang.NullPointerException
	at tourGuide.service.GpsUtilProxyServiceImpl.getUserLocation(GpsUtilProxyServiceImpl.java:24)
	at tourGuide.service.TourGuideService.trackUserLocation(TourGuideService.java:169)
	at tourGuide.service.TourGuideService.lambda$trackUserLocationList$1(TourGuideService.java:190)
	at java.util.concurrent.ThreadPoolExecutor.runWorker(ThreadPoolExecutor.java:1149)
	at java.util.concurrent.ThreadPoolExecutor$Worker.run(ThreadPoolExecutor.java:624)
	at java.lang.Thread.run(Thread.java:748)
Exception in thread "pool-4-thread-267" java.lang.NullPointerException
	at tourGuide.service.GpsUtilProxyServiceImpl.getUserLocation(GpsUtilProxyServiceImpl.java:24)
	at tourGuide.service.TourGuideService.trackUserLocation(TourGuideService.java:169)
	at tourGuide.service.TourGuideService.lambda$trackUserLocationList$1(TourGuideService.java:190)
	at java.util.concurrent.ThreadPoolExecutor.runWorker(ThreadPoolExecutor.java:1149)
	at java.util.concurrent.ThreadPoolExecutor$Worker.run(ThreadPoolExecutor.java:624)
	at java.lang.Thread.run(Thread.java:748)
Exception in thread "pool-4-thread-227" java.lang.NullPointerException
	at tourGuide.service.GpsUtilProxyServiceImpl.getUserLocation(GpsUtilProxyServiceImpl.java:24)
	at tourGuide.service.TourGuideService.trackUserLocation(TourGuideService.java:169)
	at tourGuide.service.TourGuideService.lambda$trackUserLocationList$1(TourGuideService.java:190)
	at java.util.concurrent.ThreadPoolExecutor.runWorker(ThreadPoolExecutor.java:1149)
	at java.util.concurrent.ThreadPoolExecutor$Worker.run(ThreadPoolExecutor.java:624)
	at java.lang.Thread.run(Thread.java:748)
Exception in thread "pool-4-thread-257" java.lang.NullPointerException
	at tourGuide.service.GpsUtilProxyServiceImpl.getUserLocation(GpsUtilProxyServiceImpl.java:24)
	at tourGuide.service.TourGuideService.trackUserLocation(TourGuideService.java:169)
	at tourGuide.service.TourGuideService.lambda$trackUserLocationList$1(TourGuideService.java:190)
	at java.util.concurrent.ThreadPoolExecutor.runWorker(ThreadPoolExecutor.java:1149)
	at java.util.concurrent.ThreadPoolExecutor$Worker.run(ThreadPoolExecutor.java:624)
	at java.lang.Thread.run(Thread.java:748)
Exception in thread "pool-4-thread-258" java.lang.NullPointerException
	at tourGuide.service.GpsUtilProxyServiceImpl.getUserLocation(GpsUtilProxyServiceImpl.java:24)
	at tourGuide.service.TourGuideService.trackUserLocation(TourGuideService.java:169)
	at tourGuide.service.TourGuideService.lambda$trackUserLocationList$1(TourGuideService.java:190)
	at java.util.concurrent.ThreadPoolExecutor.runWorker(ThreadPoolExecutor.java:1149)
	at java.util.concurrent.ThreadPoolExecutor$Worker.run(ThreadPoolExecutor.java:624)
	at java.lang.Thread.run(Thread.java:748)
Exception in thread "pool-4-thread-259" java.lang.NullPointerException
	at tourGuide.service.GpsUtilProxyServiceImpl.getUserLocation(GpsUtilProxyServiceImpl.java:24)
	at tourGuide.service.TourGuideService.trackUserLocation(TourGuideService.java:169)
	at tourGuide.service.TourGuideService.lambda$trackUserLocationList$1(TourGuideService.java:190)
	at java.util.concurrent.ThreadPoolExecutor.runWorker(ThreadPoolExecutor.java:1149)
	at java.util.concurrent.ThreadPoolExecutor$Worker.run(ThreadPoolExecutor.java:624)
	at java.lang.Thread.run(Thread.java:748)
Exception in thread "pool-4-thread-260" java.lang.NullPointerException
	at tourGuide.service.GpsUtilProxyServiceImpl.getUserLocation(GpsUtilProxyServiceImpl.java:24)
	at tourGuide.service.TourGuideService.trackUserLocation(TourGuideService.java:169)
	at tourGuide.service.TourGuideService.lambda$trackUserLocationList$1(TourGuideService.java:190)
	at java.util.concurrent.ThreadPoolExecutor.runWorker(ThreadPoolExecutor.java:1149)
	at java.util.concurrent.ThreadPoolExecutor$Worker.run(ThreadPoolExecutor.java:624)
	at java.lang.Thread.run(Thread.java:748)
Exception in thread "pool-4-thread-261" java.lang.NullPointerException
	at tourGuide.service.GpsUtilProxyServiceImpl.getUserLocation(GpsUtilProxyServiceImpl.java:24)
	at tourGuide.service.TourGuideService.trackUserLocation(TourGuideService.java:169)
	at tourGuide.service.TourGuideService.lambda$trackUserLocationList$1(TourGuideService.java:190)
	at java.util.concurrent.ThreadPoolExecutor.runWorker(ThreadPoolExecutor.java:1149)
	at java.util.concurrent.ThreadPoolExecutor$Worker.run(ThreadPoolExecutor.java:624)
	at java.lang.Thread.run(Thread.java:748)
Exception in thread "pool-4-thread-218" java.lang.NullPointerException
	at tourGuide.service.GpsUtilProxyServiceImpl.getUserLocation(GpsUtilProxyServiceImpl.java:24)
	at tourGuide.service.TourGuideService.trackUserLocation(TourGuideService.java:169)
	at tourGuide.service.TourGuideService.lambda$trackUserLocationList$1(TourGuideService.java:190)
	at java.util.concurrent.ThreadPoolExecutor.runWorker(ThreadPoolExecutor.java:1149)
	at java.util.concurrent.ThreadPoolExecutor$Worker.run(ThreadPoolExecutor.java:624)
	at java.lang.Thread.run(Thread.java:748)
Exception in thread "pool-4-thread-217" java.lang.NullPointerException
	at tourGuide.service.GpsUtilProxyServiceImpl.getUserLocation(GpsUtilProxyServiceImpl.java:24)
	at tourGuide.service.TourGuideService.trackUserLocation(TourGuideService.java:169)
	at tourGuide.service.TourGuideService.lambda$trackUserLocationList$1(TourGuideService.java:190)
	at java.util.concurrent.ThreadPoolExecutor.runWorker(ThreadPoolExecutor.java:1149)
	at java.util.concurrent.ThreadPoolExecutor$Worker.run(ThreadPoolExecutor.java:624)
	at java.lang.Thread.run(Thread.java:748)
Exception in thread "pool-4-thread-263" java.lang.NullPointerException
	at tourGuide.service.GpsUtilProxyServiceImpl.getUserLocation(GpsUtilProxyServiceImpl.java:24)
	at tourGuide.service.TourGuideService.trackUserLocation(TourGuideService.java:169)
	at tourGuide.service.TourGuideService.lambda$trackUserLocationList$1(TourGuideService.java:190)
	at java.util.concurrent.ThreadPoolExecutor.runWorker(ThreadPoolExecutor.java:1149)
	at java.util.concurrent.ThreadPoolExecutor$Worker.run(ThreadPoolExecutor.java:624)
	at java.lang.Thread.run(Thread.java:748)
Exception in thread "pool-4-thread-262" java.lang.NullPointerException
	at tourGuide.service.GpsUtilProxyServiceImpl.getUserLocation(GpsUtilProxyServiceImpl.java:24)
	at tourGuide.service.TourGuideService.trackUserLocation(TourGuideService.java:169)
	at tourGuide.service.TourGuideService.lambda$trackUserLocationList$1(TourGuideService.java:190)
	at java.util.concurrent.ThreadPoolExecutor.runWorker(ThreadPoolExecutor.java:1149)
	at java.util.concurrent.ThreadPoolExecutor$Worker.run(ThreadPoolExecutor.java:624)
	at java.lang.Thread.run(Thread.java:748)
Exception in thread "pool-4-thread-265" java.lang.NullPointerException
	at tourGuide.service.GpsUtilProxyServiceImpl.getUserLocation(GpsUtilProxyServiceImpl.java:24)
	at tourGuide.service.TourGuideService.trackUserLocation(TourGuideService.java:169)
	at tourGuide.service.TourGuideService.lambda$trackUserLocationList$1(TourGuideService.java:190)
	at java.util.concurrent.ThreadPoolExecutor.runWorker(ThreadPoolExecutor.java:1149)
	at java.util.concurrent.ThreadPoolExecutor$Worker.run(ThreadPoolExecutor.java:624)
	at java.lang.Thread.run(Thread.java:748)
Exception in thread "pool-4-thread-264" java.lang.NullPointerException
	at tourGuide.service.GpsUtilProxyServiceImpl.getUserLocation(GpsUtilProxyServiceImpl.java:24)
	at tourGuide.service.TourGuideService.trackUserLocation(TourGuideService.java:169)
	at tourGuide.service.TourGuideService.lambda$trackUserLocationList$1(TourGuideService.java:190)
	at java.util.concurrent.ThreadPoolExecutor.runWorker(ThreadPoolExecutor.java:1149)
	at java.util.concurrent.ThreadPoolExecutor$Worker.run(ThreadPoolExecutor.java:624)
	at java.lang.Thread.run(Thread.java:748)
Exception in thread "pool-4-thread-266" java.lang.NullPointerException
	at tourGuide.service.GpsUtilProxyServiceImpl.getUserLocation(GpsUtilProxyServiceImpl.java:24)
	at tourGuide.service.TourGuideService.trackUserLocation(TourGuideService.java:169)
	at tourGuide.service.TourGuideService.lambda$trackUserLocationList$1(TourGuideService.java:190)
	at java.util.concurrent.ThreadPoolExecutor.runWorker(ThreadPoolExecutor.java:1149)
	at java.util.concurrent.ThreadPoolExecutor$Worker.run(ThreadPoolExecutor.java:624)
	at java.lang.Thread.run(Thread.java:748)
Exception in thread "pool-4-thread-211" java.lang.NullPointerException
	at tourGuide.service.GpsUtilProxyServiceImpl.getUserLocation(GpsUtilProxyServiceImpl.java:24)
	at tourGuide.service.TourGuideService.trackUserLocation(TourGuideService.java:169)
	at tourGuide.service.TourGuideService.lambda$trackUserLocationList$1(TourGuideService.java:190)
	at java.util.concurrent.ThreadPoolExecutor.runWorker(ThreadPoolExecutor.java:1149)
	at java.util.concurrent.ThreadPoolExecutor$Worker.run(ThreadPoolExecutor.java:624)
	at java.lang.Thread.run(Thread.java:748)
Exception in thread "pool-4-thread-215" java.lang.NullPointerException
	at tourGuide.service.GpsUtilProxyServiceImpl.getUserLocation(GpsUtilProxyServiceImpl.java:24)
	at tourGuide.service.TourGuideService.trackUserLocation(TourGuideService.java:169)
	at tourGuide.service.TourGuideService.lambda$trackUserLocationList$1(TourGuideService.java:190)
	at java.util.concurrent.ThreadPoolExecutor.runWorker(ThreadPoolExecutor.java:1149)
	at java.util.concurrent.ThreadPoolExecutor$Worker.run(ThreadPoolExecutor.java:624)
	at java.lang.Thread.run(Thread.java:748)
Exception in thread "pool-4-thread-213" java.lang.NullPointerException
	at tourGuide.service.GpsUtilProxyServiceImpl.getUserLocation(GpsUtilProxyServiceImpl.java:24)
	at tourGuide.service.TourGuideService.trackUserLocation(TourGuideService.java:169)
	at tourGuide.service.TourGuideService.lambda$trackUserLocationList$1(TourGuideService.java:190)
	at java.util.concurrent.ThreadPoolExecutor.runWorker(ThreadPoolExecutor.java:1149)
	at java.util.concurrent.ThreadPoolExecutor$Worker.run(ThreadPoolExecutor.java:624)
	at java.lang.Thread.run(Thread.java:748)
Exception in thread "pool-4-thread-216" java.lang.NullPointerException
	at tourGuide.service.GpsUtilProxyServiceImpl.getUserLocation(GpsUtilProxyServiceImpl.java:24)
	at tourGuide.service.TourGuideService.trackUserLocation(TourGuideService.java:169)
	at tourGuide.service.TourGuideService.lambda$trackUserLocationList$1(TourGuideService.java:190)
	at java.util.concurrent.ThreadPoolExecutor.runWorker(ThreadPoolExecutor.java:1149)
	at java.util.concurrent.ThreadPoolExecutor$Worker.run(ThreadPoolExecutor.java:624)
	at java.lang.Thread.run(Thread.java:748)
Exception in thread "pool-4-thread-219" java.lang.NullPointerException
	at tourGuide.service.GpsUtilProxyServiceImpl.getUserLocation(GpsUtilProxyServiceImpl.java:24)
	at tourGuide.service.TourGuideService.trackUserLocation(TourGuideService.java:169)
	at tourGuide.service.TourGuideService.lambda$trackUserLocationList$1(TourGuideService.java:190)
	at java.util.concurrent.ThreadPoolExecutor.runWorker(ThreadPoolExecutor.java:1149)
	at java.util.concurrent.ThreadPoolExecutor$Worker.run(ThreadPoolExecutor.java:624)
	at java.lang.Thread.run(Thread.java:748)
Exception in thread "pool-4-thread-223" java.lang.NullPointerException
	at tourGuide.service.GpsUtilProxyServiceImpl.getUserLocation(GpsUtilProxyServiceImpl.java:24)
	at tourGuide.service.TourGuideService.trackUserLocation(TourGuideService.java:169)
	at tourGuide.service.TourGuideService.lambda$trackUserLocationList$1(TourGuideService.java:190)
	at java.util.concurrent.ThreadPoolExecutor.runWorker(ThreadPoolExecutor.java:1149)
	at java.util.concurrent.ThreadPoolExecutor$Worker.run(ThreadPoolExecutor.java:624)
	at java.lang.Thread.run(Thread.java:748)
Exception in thread "pool-4-thread-205" java.lang.NullPointerException
	at tourGuide.service.GpsUtilProxyServiceImpl.getUserLocation(GpsUtilProxyServiceImpl.java:24)
	at tourGuide.service.TourGuideService.trackUserLocation(TourGuideService.java:169)
	at tourGuide.service.TourGuideService.lambda$trackUserLocationList$1(TourGuideService.java:190)
	at java.util.concurrent.ThreadPoolExecutor.runWorker(ThreadPoolExecutor.java:1149)
	at java.util.concurrent.ThreadPoolExecutor$Worker.run(ThreadPoolExecutor.java:624)
	at java.lang.Thread.run(Thread.java:748)
Exception in thread "pool-4-thread-221" java.lang.NullPointerException
	at tourGuide.service.GpsUtilProxyServiceImpl.getUserLocation(GpsUtilProxyServiceImpl.java:24)
	at tourGuide.service.TourGuideService.trackUserLocation(TourGuideService.java:169)
	at tourGuide.service.TourGuideService.lambda$trackUserLocationList$1(TourGuideService.java:190)
	at java.util.concurrent.ThreadPoolExecutor.runWorker(ThreadPoolExecutor.java:1149)
	at java.util.concurrent.ThreadPoolExecutor$Worker.run(ThreadPoolExecutor.java:624)
	at java.lang.Thread.run(Thread.java:748)
Exception in thread "pool-4-thread-229" java.lang.NullPointerException
	at tourGuide.service.GpsUtilProxyServiceImpl.getUserLocation(GpsUtilProxyServiceImpl.java:24)
	at tourGuide.service.TourGuideService.trackUserLocation(TourGuideService.java:169)
	at tourGuide.service.TourGuideService.lambda$trackUserLocationList$1(TourGuideService.java:190)
	at java.util.concurrent.ThreadPoolExecutor.runWorker(ThreadPoolExecutor.java:1149)
	at java.util.concurrent.ThreadPoolExecutor$Worker.run(ThreadPoolExecutor.java:624)
	at java.lang.Thread.run(Thread.java:748)
Exception in thread "pool-4-thread-236" java.lang.NullPointerException
	at tourGuide.service.GpsUtilProxyServiceImpl.getUserLocation(GpsUtilProxyServiceImpl.java:24)
	at tourGuide.service.TourGuideService.trackUserLocation(TourGuideService.java:169)
	at tourGuide.service.TourGuideService.lambda$trackUserLocationList$1(TourGuideService.java:190)
	at java.util.concurrent.ThreadPoolExecutor.runWorker(ThreadPoolExecutor.java:1149)
	at java.util.concurrent.ThreadPoolExecutor$Worker.run(ThreadPoolExecutor.java:624)
	at java.lang.Thread.run(Thread.java:748)
Exception in thread "pool-4-thread-237" java.lang.NullPointerException
	at tourGuide.service.GpsUtilProxyServiceImpl.getUserLocation(GpsUtilProxyServiceImpl.java:24)
	at tourGuide.service.TourGuideService.trackUserLocation(TourGuideService.java:169)
	at tourGuide.service.TourGuideService.lambda$trackUserLocationList$1(TourGuideService.java:190)
	at java.util.concurrent.ThreadPoolExecutor.runWorker(ThreadPoolExecutor.java:1149)
	at java.util.concurrent.ThreadPoolExecutor$Worker.run(ThreadPoolExecutor.java:624)
	at java.lang.Thread.run(Thread.java:748)
Exception in thread "pool-4-thread-240" java.lang.NullPointerException
	at tourGuide.service.GpsUtilProxyServiceImpl.getUserLocation(GpsUtilProxyServiceImpl.java:24)
	at tourGuide.service.TourGuideService.trackUserLocation(TourGuideService.java:169)
	at tourGuide.service.TourGuideService.lambda$trackUserLocationList$1(TourGuideService.java:190)
	at java.util.concurrent.ThreadPoolExecutor.runWorker(ThreadPoolExecutor.java:1149)
	at java.util.concurrent.ThreadPoolExecutor$Worker.run(ThreadPoolExecutor.java:624)
	at java.lang.Thread.run(Thread.java:748)
Exception in thread "pool-4-thread-242" java.lang.NullPointerException
	at tourGuide.service.GpsUtilProxyServiceImpl.getUserLocation(GpsUtilProxyServiceImpl.java:24)
	at tourGuide.service.TourGuideService.trackUserLocation(TourGuideService.java:169)
	at tourGuide.service.TourGuideService.lambda$trackUserLocationList$1(TourGuideService.java:190)
	at java.util.concurrent.ThreadPoolExecutor.runWorker(ThreadPoolExecutor.java:1149)
	at java.util.concurrent.ThreadPoolExecutor$Worker.run(ThreadPoolExecutor.java:624)
	at java.lang.Thread.run(Thread.java:748)
Exception in thread "pool-4-thread-196" java.lang.NullPointerException
	at tourGuide.service.GpsUtilProxyServiceImpl.getUserLocation(GpsUtilProxyServiceImpl.java:24)
	at tourGuide.service.TourGuideService.trackUserLocation(TourGuideService.java:169)
	at tourGuide.service.TourGuideService.lambda$trackUserLocationList$1(TourGuideService.java:190)
	at java.util.concurrent.ThreadPoolExecutor.runWorker(ThreadPoolExecutor.java:1149)
	at java.util.concurrent.ThreadPoolExecutor$Worker.run(ThreadPoolExecutor.java:624)
	at java.lang.Thread.run(Thread.java:748)
Exception in thread "pool-4-thread-197" java.lang.NullPointerException
	at tourGuide.service.GpsUtilProxyServiceImpl.getUserLocation(GpsUtilProxyServiceImpl.java:24)
	at tourGuide.service.TourGuideService.trackUserLocation(TourGuideService.java:169)
	at tourGuide.service.TourGuideService.lambda$trackUserLocationList$1(TourGuideService.java:190)
	at java.util.concurrent.ThreadPoolExecutor.runWorker(ThreadPoolExecutor.java:1149)
	at java.util.concurrent.ThreadPoolExecutor$Worker.run(ThreadPoolExecutor.java:624)
	at java.lang.Thread.run(Thread.java:748)
Exception in thread "pool-4-thread-113" java.lang.NullPointerException
	at tourGuide.service.GpsUtilProxyServiceImpl.getUserLocation(GpsUtilProxyServiceImpl.java:24)
	at tourGuide.service.TourGuideService.trackUserLocation(TourGuideService.java:169)
	at tourGuide.service.TourGuideService.lambda$trackUserLocationList$1(TourGuideService.java:190)
	at java.util.concurrent.ThreadPoolExecutor.runWorker(ThreadPoolExecutor.java:1149)
	at java.util.concurrent.ThreadPoolExecutor$Worker.run(ThreadPoolExecutor.java:624)
	at java.lang.Thread.run(Thread.java:748)
Exception in thread "pool-4-thread-201" java.lang.NullPointerException
	at tourGuide.service.GpsUtilProxyServiceImpl.getUserLocation(GpsUtilProxyServiceImpl.java:24)
	at tourGuide.service.TourGuideService.trackUserLocation(TourGuideService.java:169)
	at tourGuide.service.TourGuideService.lambda$trackUserLocationList$1(TourGuideService.java:190)
	at java.util.concurrent.ThreadPoolExecutor.runWorker(ThreadPoolExecutor.java:1149)
	at java.util.concurrent.ThreadPoolExecutor$Worker.run(ThreadPoolExecutor.java:624)
	at java.lang.Thread.run(Thread.java:748)
Exception in thread "pool-4-thread-200" java.lang.NullPointerException
	at tourGuide.service.GpsUtilProxyServiceImpl.getUserLocation(GpsUtilProxyServiceImpl.java:24)
	at tourGuide.service.TourGuideService.trackUserLocation(TourGuideService.java:169)
	at tourGuide.service.TourGuideService.lambda$trackUserLocationList$1(TourGuideService.java:190)
	at java.util.concurrent.ThreadPoolExecutor.runWorker(ThreadPoolExecutor.java:1149)
	at java.util.concurrent.ThreadPoolExecutor$Worker.run(ThreadPoolExecutor.java:624)
	at java.lang.Thread.run(Thread.java:748)
Exception in thread "pool-4-thread-204" java.lang.NullPointerException
	at tourGuide.service.GpsUtilProxyServiceImpl.getUserLocation(GpsUtilProxyServiceImpl.java:24)
	at tourGuide.service.TourGuideService.trackUserLocation(TourGuideService.java:169)
	at tourGuide.service.TourGuideService.lambda$trackUserLocationList$1(TourGuideService.java:190)
	at java.util.concurrent.ThreadPoolExecutor.runWorker(ThreadPoolExecutor.java:1149)
	at java.util.concurrent.ThreadPoolExecutor$Worker.run(ThreadPoolExecutor.java:624)
	at java.lang.Thread.run(Thread.java:748)
Exception in thread "pool-4-thread-207" java.lang.NullPointerException
	at tourGuide.service.GpsUtilProxyServiceImpl.getUserLocation(GpsUtilProxyServiceImpl.java:24)
	at tourGuide.service.TourGuideService.trackUserLocation(TourGuideService.java:169)
	at tourGuide.service.TourGuideService.lambda$trackUserLocationList$1(TourGuideService.java:190)
	at java.util.concurrent.ThreadPoolExecutor.runWorker(ThreadPoolExecutor.java:1149)
	at java.util.concurrent.ThreadPoolExecutor$Worker.run(ThreadPoolExecutor.java:624)
	at java.lang.Thread.run(Thread.java:748)
Exception in thread "pool-4-thread-214" java.lang.NullPointerException
	at tourGuide.service.GpsUtilProxyServiceImpl.getUserLocation(GpsUtilProxyServiceImpl.java:24)
	at tourGuide.service.TourGuideService.trackUserLocation(TourGuideService.java:169)
	at tourGuide.service.TourGuideService.lambda$trackUserLocationList$1(TourGuideService.java:190)
	at java.util.concurrent.ThreadPoolExecutor.runWorker(ThreadPoolExecutor.java:1149)
	at java.util.concurrent.ThreadPoolExecutor$Worker.run(ThreadPoolExecutor.java:624)
	at java.lang.Thread.run(Thread.java:748)
Exception in thread "pool-4-thread-212" java.lang.NullPointerException
	at tourGuide.service.GpsUtilProxyServiceImpl.getUserLocation(GpsUtilProxyServiceImpl.java:24)
	at tourGuide.service.TourGuideService.trackUserLocation(TourGuideService.java:169)
	at tourGuide.service.TourGuideService.lambda$trackUserLocationList$1(TourGuideService.java:190)
	at java.util.concurrent.ThreadPoolExecutor.runWorker(ThreadPoolExecutor.java:1149)
	at java.util.concurrent.ThreadPoolExecutor$Worker.run(ThreadPoolExecutor.java:624)
	at java.lang.Thread.run(Thread.java:748)
Exception in thread "pool-4-thread-222" java.lang.NullPointerException
	at tourGuide.service.GpsUtilProxyServiceImpl.getUserLocation(GpsUtilProxyServiceImpl.java:24)
	at tourGuide.service.TourGuideService.trackUserLocation(TourGuideService.java:169)
	at tourGuide.service.TourGuideService.lambda$trackUserLocationList$1(TourGuideService.java:190)
	at java.util.concurrent.ThreadPoolExecutor.runWorker(ThreadPoolExecutor.java:1149)
	at java.util.concurrent.ThreadPoolExecutor$Worker.run(ThreadPoolExecutor.java:624)
	at java.lang.Thread.run(Thread.java:748)
Exception in thread "pool-4-thread-224" java.lang.NullPointerException
	at tourGuide.service.GpsUtilProxyServiceImpl.getUserLocation(GpsUtilProxyServiceImpl.java:24)
	at tourGuide.service.TourGuideService.trackUserLocation(TourGuideService.java:169)
	at tourGuide.service.TourGuideService.lambda$trackUserLocationList$1(TourGuideService.java:190)
	at java.util.concurrent.ThreadPoolExecutor.runWorker(ThreadPoolExecutor.java:1149)
	at java.util.concurrent.ThreadPoolExecutor$Worker.run(ThreadPoolExecutor.java:624)
	at java.lang.Thread.run(Thread.java:748)
Exception in thread "pool-4-thread-225" java.lang.NullPointerException
	at tourGuide.service.GpsUtilProxyServiceImpl.getUserLocation(GpsUtilProxyServiceImpl.java:24)
	at tourGuide.service.TourGuideService.trackUserLocation(TourGuideService.java:169)
	at tourGuide.service.TourGuideService.lambda$trackUserLocationList$1(TourGuideService.java:190)
	at java.util.concurrent.ThreadPoolExecutor.runWorker(ThreadPoolExecutor.java:1149)
	at java.util.concurrent.ThreadPoolExecutor$Worker.run(ThreadPoolExecutor.java:624)
	at java.lang.Thread.run(Thread.java:748)
Exception in thread "pool-4-thread-226" java.lang.NullPointerException
	at tourGuide.service.GpsUtilProxyServiceImpl.getUserLocation(GpsUtilProxyServiceImpl.java:24)
	at tourGuide.service.TourGuideService.trackUserLocation(TourGuideService.java:169)
	at tourGuide.service.TourGuideService.lambda$trackUserLocationList$1(TourGuideService.java:190)
	at java.util.concurrent.ThreadPoolExecutor.runWorker(ThreadPoolExecutor.java:1149)
	at java.util.concurrent.ThreadPoolExecutor$Worker.run(ThreadPoolExecutor.java:624)
	at java.lang.Thread.run(Thread.java:748)
Exception in thread "pool-4-thread-228" java.lang.NullPointerException
	at tourGuide.service.GpsUtilProxyServiceImpl.getUserLocation(GpsUtilProxyServiceImpl.java:24)
	at tourGuide.service.TourGuideService.trackUserLocation(TourGuideService.java:169)
	at tourGuide.service.TourGuideService.lambda$trackUserLocationList$1(TourGuideService.java:190)
	at java.util.concurrent.ThreadPoolExecutor.runWorker(ThreadPoolExecutor.java:1149)
	at java.util.concurrent.ThreadPoolExecutor$Worker.run(ThreadPoolExecutor.java:624)
	at java.lang.Thread.run(Thread.java:748)
Exception in thread "pool-4-thread-398" java.lang.NullPointerException
	at tourGuide.service.GpsUtilProxyServiceImpl.getUserLocation(GpsUtilProxyServiceImpl.java:24)
	at tourGuide.service.TourGuideService.trackUserLocation(TourGuideService.java:169)
	at tourGuide.service.TourGuideService.lambda$trackUserLocationList$1(TourGuideService.java:190)
	at java.util.concurrent.ThreadPoolExecutor.runWorker(ThreadPoolExecutor.java:1149)
	at java.util.concurrent.ThreadPoolExecutor$Worker.run(ThreadPoolExecutor.java:624)
	at java.lang.Thread.run(Thread.java:748)
Exception in thread "pool-4-thread-234" java.lang.NullPointerException
	at tourGuide.service.GpsUtilProxyServiceImpl.getUserLocation(GpsUtilProxyServiceImpl.java:24)
	at tourGuide.service.TourGuideService.trackUserLocation(TourGuideService.java:169)
	at tourGuide.service.TourGuideService.lambda$trackUserLocationList$1(TourGuideService.java:190)
	at java.util.concurrent.ThreadPoolExecutor.runWorker(ThreadPoolExecutor.java:1149)
	at java.util.concurrent.ThreadPoolExecutor$Worker.run(ThreadPoolExecutor.java:624)
	at java.lang.Thread.run(Thread.java:748)
Exception in thread "pool-4-thread-238" java.lang.NullPointerException
	at tourGuide.service.GpsUtilProxyServiceImpl.getUserLocation(GpsUtilProxyServiceImpl.java:24)
	at tourGuide.service.TourGuideService.trackUserLocation(TourGuideService.java:169)
	at tourGuide.service.TourGuideService.lambda$trackUserLocationList$1(TourGuideService.java:190)
	at java.util.concurrent.ThreadPoolExecutor.runWorker(ThreadPoolExecutor.java:1149)
	at java.util.concurrent.ThreadPoolExecutor$Worker.run(ThreadPoolExecutor.java:624)
	at java.lang.Thread.run(Thread.java:748)
Exception in thread "pool-4-thread-232" java.lang.NullPointerException
	at tourGuide.service.GpsUtilProxyServiceImpl.getUserLocation(GpsUtilProxyServiceImpl.java:24)
	at tourGuide.service.TourGuideService.trackUserLocation(TourGuideService.java:169)
	at tourGuide.service.TourGuideService.lambda$trackUserLocationList$1(TourGuideService.java:190)
	at java.util.concurrent.ThreadPoolExecutor.runWorker(ThreadPoolExecutor.java:1149)
	at java.util.concurrent.ThreadPoolExecutor$Worker.run(ThreadPoolExecutor.java:624)
	at java.lang.Thread.run(Thread.java:748)
Exception in thread "pool-4-thread-239" java.lang.NullPointerException
	at tourGuide.service.GpsUtilProxyServiceImpl.getUserLocation(GpsUtilProxyServiceImpl.java:24)
	at tourGuide.service.TourGuideService.trackUserLocation(TourGuideService.java:169)
	at tourGuide.service.TourGuideService.lambda$trackUserLocationList$1(TourGuideService.java:190)
	at java.util.concurrent.ThreadPoolExecutor.runWorker(ThreadPoolExecutor.java:1149)
	at java.util.concurrent.ThreadPoolExecutor$Worker.run(ThreadPoolExecutor.java:624)
	at java.lang.Thread.run(Thread.java:748)
Exception in thread "pool-4-thread-241" java.lang.NullPointerException
	at tourGuide.service.GpsUtilProxyServiceImpl.getUserLocation(GpsUtilProxyServiceImpl.java:24)
	at tourGuide.service.TourGuideService.trackUserLocation(TourGuideService.java:169)
	at tourGuide.service.TourGuideService.lambda$trackUserLocationList$1(TourGuideService.java:190)
	at java.util.concurrent.ThreadPoolExecutor.runWorker(ThreadPoolExecutor.java:1149)
	at java.util.concurrent.ThreadPoolExecutor$Worker.run(ThreadPoolExecutor.java:624)
	at java.lang.Thread.run(Thread.java:748)
Exception in thread "pool-4-thread-351" java.lang.NullPointerException
	at tourGuide.service.GpsUtilProxyServiceImpl.getUserLocation(GpsUtilProxyServiceImpl.java:24)
	at tourGuide.service.TourGuideService.trackUserLocation(TourGuideService.java:169)
	at tourGuide.service.TourGuideService.lambda$trackUserLocationList$1(TourGuideService.java:190)
	at java.util.concurrent.ThreadPoolExecutor.runWorker(ThreadPoolExecutor.java:1149)
	at java.util.concurrent.ThreadPoolExecutor$Worker.run(ThreadPoolExecutor.java:624)
	at java.lang.Thread.run(Thread.java:748)
Exception in thread "pool-4-thread-352" java.lang.NullPointerException
	at tourGuide.service.GpsUtilProxyServiceImpl.getUserLocation(GpsUtilProxyServiceImpl.java:24)
	at tourGuide.service.TourGuideService.trackUserLocation(TourGuideService.java:169)
	at tourGuide.service.TourGuideService.lambda$trackUserLocationList$1(TourGuideService.java:190)
	at java.util.concurrent.ThreadPoolExecutor.runWorker(ThreadPoolExecutor.java:1149)
	at java.util.concurrent.ThreadPoolExecutor$Worker.run(ThreadPoolExecutor.java:624)
	at java.lang.Thread.run(Thread.java:748)
Exception in thread "pool-4-thread-505" java.lang.NullPointerException
	at tourGuide.service.GpsUtilProxyServiceImpl.getUserLocation(GpsUtilProxyServiceImpl.java:24)
	at tourGuide.service.TourGuideService.trackUserLocation(TourGuideService.java:169)
	at tourGuide.service.TourGuideService.lambda$trackUserLocationList$1(TourGuideService.java:190)
	at java.util.concurrent.ThreadPoolExecutor.runWorker(ThreadPoolExecutor.java:1149)
	at java.util.concurrent.ThreadPoolExecutor$Worker.run(ThreadPoolExecutor.java:624)
	at java.lang.Thread.run(Thread.java:748)
Exception in thread "pool-5-thread-1268" java.lang.NullPointerException
	at tourGuide.service.GpsUtilProxyServiceImpl.getUserLocation(GpsUtilProxyServiceImpl.java:24)
	at tourGuide.service.TourGuideService.trackUserLocation(TourGuideService.java:169)
	at tourGuide.service.TourGuideService.lambda$trackUserLocationList$1(TourGuideService.java:190)
	at java.util.concurrent.ThreadPoolExecutor.runWorker(ThreadPoolExecutor.java:1149)
	at java.util.concurrent.ThreadPoolExecutor$Worker.run(ThreadPoolExecutor.java:624)
	at java.lang.Thread.run(Thread.java:748)
Exception in thread "pool-4-thread-230" java.lang.NullPointerException
	at tourGuide.service.GpsUtilProxyServiceImpl.getUserLocation(GpsUtilProxyServiceImpl.java:24)
	at tourGuide.service.TourGuideService.trackUserLocation(TourGuideService.java:169)
	at tourGuide.service.TourGuideService.lambda$trackUserLocationList$1(TourGuideService.java:190)
	at java.util.concurrent.ThreadPoolExecutor.runWorker(ThreadPoolExecutor.java:1149)
	at java.util.concurrent.ThreadPoolExecutor$Worker.run(ThreadPoolExecutor.java:624)
	at java.lang.Thread.run(Thread.java:748)
Exception in thread "pool-4-thread-220" java.lang.NullPointerException
	at tourGuide.service.GpsUtilProxyServiceImpl.getUserLocation(GpsUtilProxyServiceImpl.java:24)
	at tourGuide.service.TourGuideService.trackUserLocation(TourGuideService.java:169)
	at tourGuide.service.TourGuideService.lambda$trackUserLocationList$1(TourGuideService.java:190)
	at java.util.concurrent.ThreadPoolExecutor.runWorker(ThreadPoolExecutor.java:1149)
	at java.util.concurrent.ThreadPoolExecutor$Worker.run(ThreadPoolExecutor.java:624)
	at java.lang.Thread.run(Thread.java:748)
Exception in thread "pool-5-thread-1306" java.lang.NullPointerException
	at tourGuide.service.GpsUtilProxyServiceImpl.getUserLocation(GpsUtilProxyServiceImpl.java:24)
	at tourGuide.service.TourGuideService.trackUserLocation(TourGuideService.java:169)
	at tourGuide.service.TourGuideService.lambda$trackUserLocationList$1(TourGuideService.java:190)
	at java.util.concurrent.ThreadPoolExecutor.runWorker(ThreadPoolExecutor.java:1149)
	at java.util.concurrent.ThreadPoolExecutor$Worker.run(ThreadPoolExecutor.java:624)
	at java.lang.Thread.run(Thread.java:748)
Exception in thread "pool-4-thread-312" java.lang.NullPointerException
	at tourGuide.service.GpsUtilProxyServiceImpl.getUserLocation(GpsUtilProxyServiceImpl.java:24)
	at tourGuide.service.TourGuideService.trackUserLocation(TourGuideService.java:169)
	at tourGuide.service.TourGuideService.lambda$trackUserLocationList$1(TourGuideService.java:190)
	at java.util.concurrent.ThreadPoolExecutor.runWorker(ThreadPoolExecutor.java:1149)
	at java.util.concurrent.ThreadPoolExecutor$Worker.run(ThreadPoolExecutor.java:624)
	at java.lang.Thread.run(Thread.java:748)
Exception in thread "pool-5-thread-1289" java.lang.NullPointerException
	at tourGuide.service.GpsUtilProxyServiceImpl.getUserLocation(GpsUtilProxyServiceImpl.java:24)
	at tourGuide.service.TourGuideService.trackUserLocation(TourGuideService.java:169)
	at tourGuide.service.TourGuideService.lambda$trackUserLocationList$1(TourGuideService.java:190)
	at java.util.concurrent.ThreadPoolExecutor.runWorker(ThreadPoolExecutor.java:1149)
	at java.util.concurrent.ThreadPoolExecutor$Worker.run(ThreadPoolExecutor.java:624)
	at java.lang.Thread.run(Thread.java:748)
Exception in thread "pool-5-thread-1269" java.lang.NullPointerException
	at tourGuide.service.GpsUtilProxyServiceImpl.getUserLocation(GpsUtilProxyServiceImpl.java:24)
	at tourGuide.service.TourGuideService.trackUserLocation(TourGuideService.java:169)
	at tourGuide.service.TourGuideService.lambda$trackUserLocationList$1(TourGuideService.java:190)
	at java.util.concurrent.ThreadPoolExecutor.runWorker(ThreadPoolExecutor.java:1149)
	at java.util.concurrent.ThreadPoolExecutor$Worker.run(ThreadPoolExecutor.java:624)
	at java.lang.Thread.run(Thread.java:748)
Exception in thread "pool-4-thread-330" java.lang.NullPointerException
	at tourGuide.service.GpsUtilProxyServiceImpl.getUserLocation(GpsUtilProxyServiceImpl.java:24)
	at tourGuide.service.TourGuideService.trackUserLocation(TourGuideService.java:169)
	at tourGuide.service.TourGuideService.lambda$trackUserLocationList$1(TourGuideService.java:190)
	at java.util.concurrent.ThreadPoolExecutor.runWorker(ThreadPoolExecutor.java:1149)
	at java.util.concurrent.ThreadPoolExecutor$Worker.run(ThreadPoolExecutor.java:624)
	at java.lang.Thread.run(Thread.java:748)
Exception in thread "pool-5-thread-1266" java.lang.NullPointerException
	at tourGuide.service.GpsUtilProxyServiceImpl.getUserLocation(GpsUtilProxyServiceImpl.java:24)
	at tourGuide.service.TourGuideService.trackUserLocation(TourGuideService.java:169)
	at tourGuide.service.TourGuideService.lambda$trackUserLocationList$1(TourGuideService.java:190)
	at java.util.concurrent.ThreadPoolExecutor.runWorker(ThreadPoolExecutor.java:1149)
	at java.util.concurrent.ThreadPoolExecutor$Worker.run(ThreadPoolExecutor.java:624)
	at java.lang.Thread.run(Thread.java:748)
Exception in thread "pool-4-thread-243" java.lang.NullPointerException
	at tourGuide.service.GpsUtilProxyServiceImpl.getUserLocation(GpsUtilProxyServiceImpl.java:24)
	at tourGuide.service.TourGuideService.trackUserLocation(TourGuideService.java:169)
	at tourGuide.service.TourGuideService.lambda$trackUserLocationList$1(TourGuideService.java:190)
	at java.util.concurrent.ThreadPoolExecutor.runWorker(ThreadPoolExecutor.java:1149)
	at java.util.concurrent.ThreadPoolExecutor$Worker.run(ThreadPoolExecutor.java:624)
	at java.lang.Thread.run(Thread.java:748)
Exception in thread "pool-4-thread-247" java.lang.NullPointerException
	at tourGuide.service.GpsUtilProxyServiceImpl.getUserLocation(GpsUtilProxyServiceImpl.java:24)
	at tourGuide.service.TourGuideService.trackUserLocation(TourGuideService.java:169)
	at tourGuide.service.TourGuideService.lambda$trackUserLocationList$1(TourGuideService.java:190)
	at java.util.concurrent.ThreadPoolExecutor.runWorker(ThreadPoolExecutor.java:1149)
	at java.util.concurrent.ThreadPoolExecutor$Worker.run(ThreadPoolExecutor.java:624)
	at java.lang.Thread.run(Thread.java:748)
Exception in thread "pool-5-thread-1267" java.lang.NullPointerException
	at tourGuide.service.GpsUtilProxyServiceImpl.getUserLocation(GpsUtilProxyServiceImpl.java:24)
	at tourGuide.service.TourGuideService.trackUserLocation(TourGuideService.java:169)
	at tourGuide.service.TourGuideService.lambda$trackUserLocationList$1(TourGuideService.java:190)
	at java.util.concurrent.ThreadPoolExecutor.runWorker(ThreadPoolExecutor.java:1149)
	at java.util.concurrent.ThreadPoolExecutor$Worker.run(ThreadPoolExecutor.java:624)
	at java.lang.Thread.run(Thread.java:748)
Exception in thread "pool-4-thread-250" java.lang.NullPointerException
	at tourGuide.service.GpsUtilProxyServiceImpl.getUserLocation(GpsUtilProxyServiceImpl.java:24)
	at tourGuide.service.TourGuideService.trackUserLocation(TourGuideService.java:169)
	at tourGuide.service.TourGuideService.lambda$trackUserLocationList$1(TourGuideService.java:190)
	at java.util.concurrent.ThreadPoolExecutor.runWorker(ThreadPoolExecutor.java:1149)
	at java.util.concurrent.ThreadPoolExecutor$Worker.run(ThreadPoolExecutor.java:624)
	at java.lang.Thread.run(Thread.java:748)
Exception in thread "pool-5-thread-1264" java.lang.NullPointerException
	at tourGuide.service.GpsUtilProxyServiceImpl.getUserLocation(GpsUtilProxyServiceImpl.java:24)
	at tourGuide.service.TourGuideService.trackUserLocation(TourGuideService.java:169)
	at tourGuide.service.TourGuideService.lambda$trackUserLocationList$1(TourGuideService.java:190)
	at java.util.concurrent.ThreadPoolExecutor.runWorker(ThreadPoolExecutor.java:1149)
	at java.util.concurrent.ThreadPoolExecutor$Worker.run(ThreadPoolExecutor.java:624)
	at java.lang.Thread.run(Thread.java:748)
Exception in thread "pool-4-thread-252" java.lang.NullPointerException
	at tourGuide.service.GpsUtilProxyServiceImpl.getUserLocation(GpsUtilProxyServiceImpl.java:24)
	at tourGuide.service.TourGuideService.trackUserLocation(TourGuideService.java:169)
	at tourGuide.service.TourGuideService.lambda$trackUserLocationList$1(TourGuideService.java:190)
	at java.util.concurrent.ThreadPoolExecutor.runWorker(ThreadPoolExecutor.java:1149)
	at java.util.concurrent.ThreadPoolExecutor$Worker.run(ThreadPoolExecutor.java:624)
	at java.lang.Thread.run(Thread.java:748)
Exception in thread "pool-4-thread-268" java.lang.NullPointerException
	at tourGuide.service.GpsUtilProxyServiceImpl.getUserLocation(GpsUtilProxyServiceImpl.java:24)
	at tourGuide.service.TourGuideService.trackUserLocation(TourGuideService.java:169)
	at tourGuide.service.TourGuideService.lambda$trackUserLocationList$1(TourGuideService.java:190)
	at java.util.concurrent.ThreadPoolExecutor.runWorker(ThreadPoolExecutor.java:1149)
	at java.util.concurrent.ThreadPoolExecutor$Worker.run(ThreadPoolExecutor.java:624)
	at java.lang.Thread.run(Thread.java:748)
Exception in thread "pool-5-thread-1263" java.lang.NullPointerException
	at tourGuide.service.GpsUtilProxyServiceImpl.getUserLocation(GpsUtilProxyServiceImpl.java:24)
	at tourGuide.service.TourGuideService.trackUserLocation(TourGuideService.java:169)
	at tourGuide.service.TourGuideService.lambda$trackUserLocationList$1(TourGuideService.java:190)
	at java.util.concurrent.ThreadPoolExecutor.runWorker(ThreadPoolExecutor.java:1149)
	at java.util.concurrent.ThreadPoolExecutor$Worker.run(ThreadPoolExecutor.java:624)
	at java.lang.Thread.run(Thread.java:748)
Exception in thread "pool-5-thread-1265" java.lang.NullPointerException
	at tourGuide.service.GpsUtilProxyServiceImpl.getUserLocation(GpsUtilProxyServiceImpl.java:24)
	at tourGuide.service.TourGuideService.trackUserLocation(TourGuideService.java:169)
	at tourGuide.service.TourGuideService.lambda$trackUserLocationList$1(TourGuideService.java:190)
	at java.util.concurrent.ThreadPoolExecutor.runWorker(ThreadPoolExecutor.java:1149)
	at java.util.concurrent.ThreadPoolExecutor$Worker.run(ThreadPoolExecutor.java:624)
	at java.lang.Thread.run(Thread.java:748)
Exception in thread "pool-4-thread-271" java.lang.NullPointerException
	at tourGuide.service.GpsUtilProxyServiceImpl.getUserLocation(GpsUtilProxyServiceImpl.java:24)
	at tourGuide.service.TourGuideService.trackUserLocation(TourGuideService.java:169)
	at tourGuide.service.TourGuideService.lambda$trackUserLocationList$1(TourGuideService.java:190)
	at java.util.concurrent.ThreadPoolExecutor.runWorker(ThreadPoolExecutor.java:1149)
	at java.util.concurrent.ThreadPoolExecutor$Worker.run(ThreadPoolExecutor.java:624)
	at java.lang.Thread.run(Thread.java:748)
Exception in thread "pool-5-thread-1260" java.lang.NullPointerException
	at tourGuide.service.GpsUtilProxyServiceImpl.getUserLocation(GpsUtilProxyServiceImpl.java:24)
	at tourGuide.service.TourGuideService.trackUserLocation(TourGuideService.java:169)
	at tourGuide.service.TourGuideService.lambda$trackUserLocationList$1(TourGuideService.java:190)
	at java.util.concurrent.ThreadPoolExecutor.runWorker(ThreadPoolExecutor.java:1149)
	at java.util.concurrent.ThreadPoolExecutor$Worker.run(ThreadPoolExecutor.java:624)
	at java.lang.Thread.run(Thread.java:748)
Exception in thread "pool-4-thread-269" java.lang.NullPointerException
	at tourGuide.service.GpsUtilProxyServiceImpl.getUserLocation(GpsUtilProxyServiceImpl.java:24)
	at tourGuide.service.TourGuideService.trackUserLocation(TourGuideService.java:169)
	at tourGuide.service.TourGuideService.lambda$trackUserLocationList$1(TourGuideService.java:190)
	at java.util.concurrent.ThreadPoolExecutor.runWorker(ThreadPoolExecutor.java:1149)
	at java.util.concurrent.ThreadPoolExecutor$Worker.run(ThreadPoolExecutor.java:624)
	at java.lang.Thread.run(Thread.java:748)
Exception in thread "pool-4-thread-274" java.lang.NullPointerException
	at tourGuide.service.GpsUtilProxyServiceImpl.getUserLocation(GpsUtilProxyServiceImpl.java:24)
	at tourGuide.service.TourGuideService.trackUserLocation(TourGuideService.java:169)
	at tourGuide.service.TourGuideService.lambda$trackUserLocationList$1(TourGuideService.java:190)
	at java.util.concurrent.ThreadPoolExecutor.runWorker(ThreadPoolExecutor.java:1149)
	at java.util.concurrent.ThreadPoolExecutor$Worker.run(ThreadPoolExecutor.java:624)
	at java.lang.Thread.run(Thread.java:748)
Exception in thread "pool-4-thread-273" java.lang.NullPointerException
	at tourGuide.service.GpsUtilProxyServiceImpl.getUserLocation(GpsUtilProxyServiceImpl.java:24)
	at tourGuide.service.TourGuideService.trackUserLocation(TourGuideService.java:169)
	at tourGuide.service.TourGuideService.lambda$trackUserLocationList$1(TourGuideService.java:190)
	at java.util.concurrent.ThreadPoolExecutor.runWorker(ThreadPoolExecutor.java:1149)
	at java.util.concurrent.ThreadPoolExecutor$Worker.run(ThreadPoolExecutor.java:624)
	at java.lang.Thread.run(Thread.java:748)
Exception in thread "pool-5-thread-1262" java.lang.NullPointerException
	at tourGuide.service.GpsUtilProxyServiceImpl.getUserLocation(GpsUtilProxyServiceImpl.java:24)
	at tourGuide.service.TourGuideService.trackUserLocation(TourGuideService.java:169)
	at tourGuide.service.TourGuideService.lambda$trackUserLocationList$1(TourGuideService.java:190)
	at java.util.concurrent.ThreadPoolExecutor.runWorker(ThreadPoolExecutor.java:1149)
	at java.util.concurrent.ThreadPoolExecutor$Worker.run(ThreadPoolExecutor.java:624)
	at java.lang.Thread.run(Thread.java:748)
Exception in thread "pool-4-thread-276" java.lang.NullPointerException
	at tourGuide.service.GpsUtilProxyServiceImpl.getUserLocation(GpsUtilProxyServiceImpl.java:24)
	at tourGuide.service.TourGuideService.trackUserLocation(TourGuideService.java:169)
	at tourGuide.service.TourGuideService.lambda$trackUserLocationList$1(TourGuideService.java:190)
	at java.util.concurrent.ThreadPoolExecutor.runWorker(ThreadPoolExecutor.java:1149)
	at java.util.concurrent.ThreadPoolExecutor$Worker.run(ThreadPoolExecutor.java:624)
	at java.lang.Thread.run(Thread.java:748)
Exception in thread "pool-4-thread-277" java.lang.NullPointerException
	at tourGuide.service.GpsUtilProxyServiceImpl.getUserLocation(GpsUtilProxyServiceImpl.java:24)
	at tourGuide.service.TourGuideService.trackUserLocation(TourGuideService.java:169)
	at tourGuide.service.TourGuideService.lambda$trackUserLocationList$1(TourGuideService.java:190)
	at java.util.concurrent.ThreadPoolExecutor.runWorker(ThreadPoolExecutor.java:1149)
	at java.util.concurrent.ThreadPoolExecutor$Worker.run(ThreadPoolExecutor.java:624)
	at java.lang.Thread.run(Thread.java:748)
Exception in thread "pool-5-thread-1261" java.lang.NullPointerException
	at tourGuide.service.GpsUtilProxyServiceImpl.getUserLocation(GpsUtilProxyServiceImpl.java:24)
	at tourGuide.service.TourGuideService.trackUserLocation(TourGuideService.java:169)
	at tourGuide.service.TourGuideService.lambda$trackUserLocationList$1(TourGuideService.java:190)
	at java.util.concurrent.ThreadPoolExecutor.runWorker(ThreadPoolExecutor.java:1149)
	at java.util.concurrent.ThreadPoolExecutor$Worker.run(ThreadPoolExecutor.java:624)
	at java.lang.Thread.run(Thread.java:748)
Exception in thread "pool-4-thread-281" java.lang.NullPointerException
	at tourGuide.service.GpsUtilProxyServiceImpl.getUserLocation(GpsUtilProxyServiceImpl.java:24)
	at tourGuide.service.TourGuideService.trackUserLocation(TourGuideService.java:169)
	at tourGuide.service.TourGuideService.lambda$trackUserLocationList$1(TourGuideService.java:190)
	at java.util.concurrent.ThreadPoolExecutor.runWorker(ThreadPoolExecutor.java:1149)
	at java.util.concurrent.ThreadPoolExecutor$Worker.run(ThreadPoolExecutor.java:624)
	at java.lang.Thread.run(Thread.java:748)
Exception in thread "pool-4-thread-283" java.lang.NullPointerException
	at tourGuide.service.GpsUtilProxyServiceImpl.getUserLocation(GpsUtilProxyServiceImpl.java:24)
	at tourGuide.service.TourGuideService.trackUserLocation(TourGuideService.java:169)
	at tourGuide.service.TourGuideService.lambda$trackUserLocationList$1(TourGuideService.java:190)
	at java.util.concurrent.ThreadPoolExecutor.runWorker(ThreadPoolExecutor.java:1149)
	at java.util.concurrent.ThreadPoolExecutor$Worker.run(ThreadPoolExecutor.java:624)
	at java.lang.Thread.run(Thread.java:748)
Exception in thread "pool-5-thread-1259" java.lang.NullPointerException
	at tourGuide.service.GpsUtilProxyServiceImpl.getUserLocation(GpsUtilProxyServiceImpl.java:24)
	at tourGuide.service.TourGuideService.trackUserLocation(TourGuideService.java:169)
	at tourGuide.service.TourGuideService.lambda$trackUserLocationList$1(TourGuideService.java:190)
	at java.util.concurrent.ThreadPoolExecutor.runWorker(ThreadPoolExecutor.java:1149)
	at java.util.concurrent.ThreadPoolExecutor$Worker.run(ThreadPoolExecutor.java:624)
	at java.lang.Thread.run(Thread.java:748)
Exception in thread "pool-5-thread-1255" java.lang.NullPointerException
	at tourGuide.service.GpsUtilProxyServiceImpl.getUserLocation(GpsUtilProxyServiceImpl.java:24)
	at tourGuide.service.TourGuideService.trackUserLocation(TourGuideService.java:169)
	at tourGuide.service.TourGuideService.lambda$trackUserLocationList$1(TourGuideService.java:190)
	at java.util.concurrent.ThreadPoolExecutor.runWorker(ThreadPoolExecutor.java:1149)
	at java.util.concurrent.ThreadPoolExecutor$Worker.run(ThreadPoolExecutor.java:624)
	at java.lang.Thread.run(Thread.java:748)
Exception in thread "pool-5-thread-1258" java.lang.NullPointerException
	at tourGuide.service.GpsUtilProxyServiceImpl.getUserLocation(GpsUtilProxyServiceImpl.java:24)
	at tourGuide.service.TourGuideService.trackUserLocation(TourGuideService.java:169)
	at tourGuide.service.TourGuideService.lambda$trackUserLocationList$1(TourGuideService.java:190)
	at java.util.concurrent.ThreadPoolExecutor.runWorker(ThreadPoolExecutor.java:1149)
	at java.util.concurrent.ThreadPoolExecutor$Worker.run(ThreadPoolExecutor.java:624)
	at java.lang.Thread.run(Thread.java:748)
Exception in thread "pool-4-thread-285" java.lang.NullPointerException
	at tourGuide.service.GpsUtilProxyServiceImpl.getUserLocation(GpsUtilProxyServiceImpl.java:24)
	at tourGuide.service.TourGuideService.trackUserLocation(TourGuideService.java:169)
	at tourGuide.service.TourGuideService.lambda$trackUserLocationList$1(TourGuideService.java:190)
	at java.util.concurrent.ThreadPoolExecutor.runWorker(ThreadPoolExecutor.java:1149)
	at java.util.concurrent.ThreadPoolExecutor$Worker.run(ThreadPoolExecutor.java:624)
	at java.lang.Thread.run(Thread.java:748)
Exception in thread "pool-4-thread-284" java.lang.NullPointerException
	at tourGuide.service.GpsUtilProxyServiceImpl.getUserLocation(GpsUtilProxyServiceImpl.java:24)
	at tourGuide.service.TourGuideService.trackUserLocation(TourGuideService.java:169)
	at tourGuide.service.TourGuideService.lambda$trackUserLocationList$1(TourGuideService.java:190)
	at java.util.concurrent.ThreadPoolExecutor.runWorker(ThreadPoolExecutor.java:1149)
	at java.util.concurrent.ThreadPoolExecutor$Worker.run(ThreadPoolExecutor.java:624)
	at java.lang.Thread.run(Thread.java:748)
Exception in thread "pool-4-thread-288" java.lang.NullPointerException
	at tourGuide.service.GpsUtilProxyServiceImpl.getUserLocation(GpsUtilProxyServiceImpl.java:24)
	at tourGuide.service.TourGuideService.trackUserLocation(TourGuideService.java:169)
	at tourGuide.service.TourGuideService.lambda$trackUserLocationList$1(TourGuideService.java:190)
	at java.util.concurrent.ThreadPoolExecutor.runWorker(ThreadPoolExecutor.java:1149)
	at java.util.concurrent.ThreadPoolExecutor$Worker.run(ThreadPoolExecutor.java:624)
	at java.lang.Thread.run(Thread.java:748)
Exception in thread "pool-5-thread-1257" java.lang.NullPointerException
	at tourGuide.service.GpsUtilProxyServiceImpl.getUserLocation(GpsUtilProxyServiceImpl.java:24)
	at tourGuide.service.TourGuideService.trackUserLocation(TourGuideService.java:169)
	at tourGuide.service.TourGuideService.lambda$trackUserLocationList$1(TourGuideService.java:190)
	at java.util.concurrent.ThreadPoolExecutor.runWorker(ThreadPoolExecutor.java:1149)
	at java.util.concurrent.ThreadPoolExecutor$Worker.run(ThreadPoolExecutor.java:624)
	at java.lang.Thread.run(Thread.java:748)
Exception in thread "pool-4-thread-296" java.lang.NullPointerException
	at tourGuide.service.GpsUtilProxyServiceImpl.getUserLocation(GpsUtilProxyServiceImpl.java:24)
	at tourGuide.service.TourGuideService.trackUserLocation(TourGuideService.java:169)
	at tourGuide.service.TourGuideService.lambda$trackUserLocationList$1(TourGuideService.java:190)
	at java.util.concurrent.ThreadPoolExecutor.runWorker(ThreadPoolExecutor.java:1149)
	at java.util.concurrent.ThreadPoolExecutor$Worker.run(ThreadPoolExecutor.java:624)
	at java.lang.Thread.run(Thread.java:748)
Exception in thread "pool-5-thread-1256" java.lang.NullPointerException
	at tourGuide.service.GpsUtilProxyServiceImpl.getUserLocation(GpsUtilProxyServiceImpl.java:24)
	at tourGuide.service.TourGuideService.trackUserLocation(TourGuideService.java:169)
	at tourGuide.service.TourGuideService.lambda$trackUserLocationList$1(TourGuideService.java:190)
	at java.util.concurrent.ThreadPoolExecutor.runWorker(ThreadPoolExecutor.java:1149)
	at java.util.concurrent.ThreadPoolExecutor$Worker.run(ThreadPoolExecutor.java:624)
	at java.lang.Thread.run(Thread.java:748)
Exception in thread "pool-4-thread-298" java.lang.NullPointerException
	at tourGuide.service.GpsUtilProxyServiceImpl.getUserLocation(GpsUtilProxyServiceImpl.java:24)
	at tourGuide.service.TourGuideService.trackUserLocation(TourGuideService.java:169)
	at tourGuide.service.TourGuideService.lambda$trackUserLocationList$1(TourGuideService.java:190)
	at java.util.concurrent.ThreadPoolExecutor.runWorker(ThreadPoolExecutor.java:1149)
	at java.util.concurrent.ThreadPoolExecutor$Worker.run(ThreadPoolExecutor.java:624)
	at java.lang.Thread.run(Thread.java:748)
Exception in thread "pool-4-thread-299" java.lang.NullPointerException
	at tourGuide.service.GpsUtilProxyServiceImpl.getUserLocation(GpsUtilProxyServiceImpl.java:24)
	at tourGuide.service.TourGuideService.trackUserLocation(TourGuideService.java:169)
	at tourGuide.service.TourGuideService.lambda$trackUserLocationList$1(TourGuideService.java:190)
	at java.util.concurrent.ThreadPoolExecutor.runWorker(ThreadPoolExecutor.java:1149)
	at java.util.concurrent.ThreadPoolExecutor$Worker.run(ThreadPoolExecutor.java:624)
	at java.lang.Thread.run(Thread.java:748)
Exception in thread "pool-5-thread-1254" java.lang.NullPointerException
	at tourGuide.service.GpsUtilProxyServiceImpl.getUserLocation(GpsUtilProxyServiceImpl.java:24)
	at tourGuide.service.TourGuideService.trackUserLocation(TourGuideService.java:169)
	at tourGuide.service.TourGuideService.lambda$trackUserLocationList$1(TourGuideService.java:190)
	at java.util.concurrent.ThreadPoolExecutor.runWorker(ThreadPoolExecutor.java:1149)
	at java.util.concurrent.ThreadPoolExecutor$Worker.run(ThreadPoolExecutor.java:624)
	at java.lang.Thread.run(Thread.java:748)
Exception in thread "pool-4-thread-302" java.lang.NullPointerException
	at tourGuide.service.GpsUtilProxyServiceImpl.getUserLocation(GpsUtilProxyServiceImpl.java:24)
	at tourGuide.service.TourGuideService.trackUserLocation(TourGuideService.java:169)
	at tourGuide.service.TourGuideService.lambda$trackUserLocationList$1(TourGuideService.java:190)
	at java.util.concurrent.ThreadPoolExecutor.runWorker(ThreadPoolExecutor.java:1149)
	at java.util.concurrent.ThreadPoolExecutor$Worker.run(ThreadPoolExecutor.java:624)
	at java.lang.Thread.run(Thread.java:748)
Exception in thread "pool-5-thread-1253" java.lang.NullPointerException
	at tourGuide.service.GpsUtilProxyServiceImpl.getUserLocation(GpsUtilProxyServiceImpl.java:24)
	at tourGuide.service.TourGuideService.trackUserLocation(TourGuideService.java:169)
	at tourGuide.service.TourGuideService.lambda$trackUserLocationList$1(TourGuideService.java:190)
	at java.util.concurrent.ThreadPoolExecutor.runWorker(ThreadPoolExecutor.java:1149)
	at java.util.concurrent.ThreadPoolExecutor$Worker.run(ThreadPoolExecutor.java:624)
	at java.lang.Thread.run(Thread.java:748)
Exception in thread "pool-4-thread-317" java.lang.NullPointerException
	at tourGuide.service.GpsUtilProxyServiceImpl.getUserLocation(GpsUtilProxyServiceImpl.java:24)
	at tourGuide.service.TourGuideService.trackUserLocation(TourGuideService.java:169)
	at tourGuide.service.TourGuideService.lambda$trackUserLocationList$1(TourGuideService.java:190)
	at java.util.concurrent.ThreadPoolExecutor.runWorker(ThreadPoolExecutor.java:1149)
	at java.util.concurrent.ThreadPoolExecutor$Worker.run(ThreadPoolExecutor.java:624)
	at java.lang.Thread.run(Thread.java:748)
Exception in thread "pool-4-thread-310" java.lang.NullPointerException
	at tourGuide.service.GpsUtilProxyServiceImpl.getUserLocation(GpsUtilProxyServiceImpl.java:24)
	at tourGuide.service.TourGuideService.trackUserLocation(TourGuideService.java:169)
	at tourGuide.service.TourGuideService.lambda$trackUserLocationList$1(TourGuideService.java:190)
	at java.util.concurrent.ThreadPoolExecutor.runWorker(ThreadPoolExecutor.java:1149)
	at java.util.concurrent.ThreadPoolExecutor$Worker.run(ThreadPoolExecutor.java:624)
	at java.lang.Thread.run(Thread.java:748)
Exception in thread "pool-5-thread-1251" java.lang.NullPointerException
	at tourGuide.service.GpsUtilProxyServiceImpl.getUserLocation(GpsUtilProxyServiceImpl.java:24)
	at tourGuide.service.TourGuideService.trackUserLocation(TourGuideService.java:169)
	at tourGuide.service.TourGuideService.lambda$trackUserLocationList$1(TourGuideService.java:190)
	at java.util.concurrent.ThreadPoolExecutor.runWorker(ThreadPoolExecutor.java:1149)
	at java.util.concurrent.ThreadPoolExecutor$Worker.run(ThreadPoolExecutor.java:624)
	at java.lang.Thread.run(Thread.java:748)
Exception in thread "pool-5-thread-1249" java.lang.NullPointerException
	at tourGuide.service.GpsUtilProxyServiceImpl.getUserLocation(GpsUtilProxyServiceImpl.java:24)
	at tourGuide.service.TourGuideService.trackUserLocation(TourGuideService.java:169)
	at tourGuide.service.TourGuideService.lambda$trackUserLocationList$1(TourGuideService.java:190)
	at java.util.concurrent.ThreadPoolExecutor.runWorker(ThreadPoolExecutor.java:1149)
	at java.util.concurrent.ThreadPoolExecutor$Worker.run(ThreadPoolExecutor.java:624)
	at java.lang.Thread.run(Thread.java:748)
Exception in thread "pool-5-thread-1252" java.lang.NullPointerException
	at tourGuide.service.GpsUtilProxyServiceImpl.getUserLocation(GpsUtilProxyServiceImpl.java:24)
	at tourGuide.service.TourGuideService.trackUserLocation(TourGuideService.java:169)
	at tourGuide.service.TourGuideService.lambda$trackUserLocationList$1(TourGuideService.java:190)
	at java.util.concurrent.ThreadPoolExecutor.runWorker(ThreadPoolExecutor.java:1149)
	at java.util.concurrent.ThreadPoolExecutor$Worker.run(ThreadPoolExecutor.java:624)
	at java.lang.Thread.run(Thread.java:748)
Exception in thread "pool-4-thread-313" java.lang.NullPointerException
	at tourGuide.service.GpsUtilProxyServiceImpl.getUserLocation(GpsUtilProxyServiceImpl.java:24)
	at tourGuide.service.TourGuideService.trackUserLocation(TourGuideService.java:169)
	at tourGuide.service.TourGuideService.lambda$trackUserLocationList$1(TourGuideService.java:190)
	at java.util.concurrent.ThreadPoolExecutor.runWorker(ThreadPoolExecutor.java:1149)
	at java.util.concurrent.ThreadPoolExecutor$Worker.run(ThreadPoolExecutor.java:624)
	at java.lang.Thread.run(Thread.java:748)
Exception in thread "pool-4-thread-315" java.lang.NullPointerException
	at tourGuide.service.GpsUtilProxyServiceImpl.getUserLocation(GpsUtilProxyServiceImpl.java:24)
	at tourGuide.service.TourGuideService.trackUserLocation(TourGuideService.java:169)
	at tourGuide.service.TourGuideService.lambda$trackUserLocationList$1(TourGuideService.java:190)
	at java.util.concurrent.ThreadPoolExecutor.runWorker(ThreadPoolExecutor.java:1149)
	at java.util.concurrent.ThreadPoolExecutor$Worker.run(ThreadPoolExecutor.java:624)
	at java.lang.Thread.run(Thread.java:748)
Exception in thread "pool-4-thread-318" java.lang.NullPointerException
	at tourGuide.service.GpsUtilProxyServiceImpl.getUserLocation(GpsUtilProxyServiceImpl.java:24)
	at tourGuide.service.TourGuideService.trackUserLocation(TourGuideService.java:169)
	at tourGuide.service.TourGuideService.lambda$trackUserLocationList$1(TourGuideService.java:190)
	at java.util.concurrent.ThreadPoolExecutor.runWorker(ThreadPoolExecutor.java:1149)
	at java.util.concurrent.ThreadPoolExecutor$Worker.run(ThreadPoolExecutor.java:624)
	at java.lang.Thread.run(Thread.java:748)
Exception in thread "pool-5-thread-1250" java.lang.NullPointerException
	at tourGuide.service.GpsUtilProxyServiceImpl.getUserLocation(GpsUtilProxyServiceImpl.java:24)
	at tourGuide.service.TourGuideService.trackUserLocation(TourGuideService.java:169)
	at tourGuide.service.TourGuideService.lambda$trackUserLocationList$1(TourGuideService.java:190)
	at java.util.concurrent.ThreadPoolExecutor.runWorker(ThreadPoolExecutor.java:1149)
	at java.util.concurrent.ThreadPoolExecutor$Worker.run(ThreadPoolExecutor.java:624)
	at java.lang.Thread.run(Thread.java:748)
Exception in thread "pool-4-thread-322" java.lang.NullPointerException
	at tourGuide.service.GpsUtilProxyServiceImpl.getUserLocation(GpsUtilProxyServiceImpl.java:24)
	at tourGuide.service.TourGuideService.trackUserLocation(TourGuideService.java:169)
	at tourGuide.service.TourGuideService.lambda$trackUserLocationList$1(TourGuideService.java:190)
	at java.util.concurrent.ThreadPoolExecutor.runWorker(ThreadPoolExecutor.java:1149)
	at java.util.concurrent.ThreadPoolExecutor$Worker.run(ThreadPoolExecutor.java:624)
	at java.lang.Thread.run(Thread.java:748)
Exception in thread "pool-4-thread-324" java.lang.NullPointerException
	at tourGuide.service.GpsUtilProxyServiceImpl.getUserLocation(GpsUtilProxyServiceImpl.java:24)
	at tourGuide.service.TourGuideService.trackUserLocation(TourGuideService.java:169)
	at tourGuide.service.TourGuideService.lambda$trackUserLocationList$1(TourGuideService.java:190)
	at java.util.concurrent.ThreadPoolExecutor.runWorker(ThreadPoolExecutor.java:1149)
	at java.util.concurrent.ThreadPoolExecutor$Worker.run(ThreadPoolExecutor.java:624)
	at java.lang.Thread.run(Thread.java:748)
Exception in thread "pool-4-thread-328" java.lang.NullPointerException
	at tourGuide.service.GpsUtilProxyServiceImpl.getUserLocation(GpsUtilProxyServiceImpl.java:24)
	at tourGuide.service.TourGuideService.trackUserLocation(TourGuideService.java:169)
	at tourGuide.service.TourGuideService.lambda$trackUserLocationList$1(TourGuideService.java:190)
	at java.util.concurrent.ThreadPoolExecutor.runWorker(ThreadPoolExecutor.java:1149)
	at java.util.concurrent.ThreadPoolExecutor$Worker.run(ThreadPoolExecutor.java:624)
	at java.lang.Thread.run(Thread.java:748)
Exception in thread "pool-4-thread-335" java.lang.NullPointerException
	at tourGuide.service.GpsUtilProxyServiceImpl.getUserLocation(GpsUtilProxyServiceImpl.java:24)
	at tourGuide.service.TourGuideService.trackUserLocation(TourGuideService.java:169)
	at tourGuide.service.TourGuideService.lambda$trackUserLocationList$1(TourGuideService.java:190)
	at java.util.concurrent.ThreadPoolExecutor.runWorker(ThreadPoolExecutor.java:1149)
	at java.util.concurrent.ThreadPoolExecutor$Worker.run(ThreadPoolExecutor.java:624)
	at java.lang.Thread.run(Thread.java:748)
Exception in thread "pool-5-thread-1248" java.lang.NullPointerException
	at tourGuide.service.GpsUtilProxyServiceImpl.getUserLocation(GpsUtilProxyServiceImpl.java:24)
	at tourGuide.service.TourGuideService.trackUserLocation(TourGuideService.java:169)
	at tourGuide.service.TourGuideService.lambda$trackUserLocationList$1(TourGuideService.java:190)
	at java.util.concurrent.ThreadPoolExecutor.runWorker(ThreadPoolExecutor.java:1149)
	at java.util.concurrent.ThreadPoolExecutor$Worker.run(ThreadPoolExecutor.java:624)
	at java.lang.Thread.run(Thread.java:748)
Exception in thread "pool-5-thread-1240" java.lang.NullPointerException
	at tourGuide.service.GpsUtilProxyServiceImpl.getUserLocation(GpsUtilProxyServiceImpl.java:24)
	at tourGuide.service.TourGuideService.trackUserLocation(TourGuideService.java:169)
	at tourGuide.service.TourGuideService.lambda$trackUserLocationList$1(TourGuideService.java:190)
	at java.util.concurrent.ThreadPoolExecutor.runWorker(ThreadPoolExecutor.java:1149)
	at java.util.concurrent.ThreadPoolExecutor$Worker.run(ThreadPoolExecutor.java:624)
	at java.lang.Thread.run(Thread.java:748)
Exception in thread "pool-4-thread-356" java.lang.NullPointerException
	at tourGuide.service.GpsUtilProxyServiceImpl.getUserLocation(GpsUtilProxyServiceImpl.java:24)
	at tourGuide.service.TourGuideService.trackUserLocation(TourGuideService.java:169)
	at tourGuide.service.TourGuideService.lambda$trackUserLocationList$1(TourGuideService.java:190)
	at java.util.concurrent.ThreadPoolExecutor.runWorker(ThreadPoolExecutor.java:1149)
	at java.util.concurrent.ThreadPoolExecutor$Worker.run(ThreadPoolExecutor.java:624)
	at java.lang.Thread.run(Thread.java:748)
Exception in thread "pool-4-thread-358" java.lang.NullPointerException
	at tourGuide.service.GpsUtilProxyServiceImpl.getUserLocation(GpsUtilProxyServiceImpl.java:24)
	at tourGuide.service.TourGuideService.trackUserLocation(TourGuideService.java:169)
	at tourGuide.service.TourGuideService.lambda$trackUserLocationList$1(TourGuideService.java:190)
	at java.util.concurrent.ThreadPoolExecutor.runWorker(ThreadPoolExecutor.java:1149)
	at java.util.concurrent.ThreadPoolExecutor$Worker.run(ThreadPoolExecutor.java:624)
	at java.lang.Thread.run(Thread.java:748)
Exception in thread "pool-5-thread-1247" java.lang.NullPointerException
	at tourGuide.service.GpsUtilProxyServiceImpl.getUserLocation(GpsUtilProxyServiceImpl.java:24)
	at tourGuide.service.TourGuideService.trackUserLocation(TourGuideService.java:169)
	at tourGuide.service.TourGuideService.lambda$trackUserLocationList$1(TourGuideService.java:190)
	at java.util.concurrent.ThreadPoolExecutor.runWorker(ThreadPoolExecutor.java:1149)
	at java.util.concurrent.ThreadPoolExecutor$Worker.run(ThreadPoolExecutor.java:624)
	at java.lang.Thread.run(Thread.java:748)
Exception in thread "pool-5-thread-1245" java.lang.NullPointerException
	at tourGuide.service.GpsUtilProxyServiceImpl.getUserLocation(GpsUtilProxyServiceImpl.java:24)
	at tourGuide.service.TourGuideService.trackUserLocation(TourGuideService.java:169)
	at tourGuide.service.TourGuideService.lambda$trackUserLocationList$1(TourGuideService.java:190)
	at java.util.concurrent.ThreadPoolExecutor.runWorker(ThreadPoolExecutor.java:1149)
	at java.util.concurrent.ThreadPoolExecutor$Worker.run(ThreadPoolExecutor.java:624)
	at java.lang.Thread.run(Thread.java:748)
Exception in thread "pool-4-thread-359" java.lang.NullPointerException
	at tourGuide.service.GpsUtilProxyServiceImpl.getUserLocation(GpsUtilProxyServiceImpl.java:24)
	at tourGuide.service.TourGuideService.trackUserLocation(TourGuideService.java:169)
	at tourGuide.service.TourGuideService.lambda$trackUserLocationList$1(TourGuideService.java:190)
	at java.util.concurrent.ThreadPoolExecutor.runWorker(ThreadPoolExecutor.java:1149)
	at java.util.concurrent.ThreadPoolExecutor$Worker.run(ThreadPoolExecutor.java:624)
	at java.lang.Thread.run(Thread.java:748)
Exception in thread "pool-4-thread-365" java.lang.NullPointerException
	at tourGuide.service.GpsUtilProxyServiceImpl.getUserLocation(GpsUtilProxyServiceImpl.java:24)
	at tourGuide.service.TourGuideService.trackUserLocation(TourGuideService.java:169)
	at tourGuide.service.TourGuideService.lambda$trackUserLocationList$1(TourGuideService.java:190)
	at java.util.concurrent.ThreadPoolExecutor.runWorker(ThreadPoolExecutor.java:1149)
	at java.util.concurrent.ThreadPoolExecutor$Worker.run(ThreadPoolExecutor.java:624)
	at java.lang.Thread.run(Thread.java:748)
Exception in thread "pool-5-thread-1246" java.lang.NullPointerException
	at tourGuide.service.GpsUtilProxyServiceImpl.getUserLocation(GpsUtilProxyServiceImpl.java:24)
	at tourGuide.service.TourGuideService.trackUserLocation(TourGuideService.java:169)
	at tourGuide.service.TourGuideService.lambda$trackUserLocationList$1(TourGuideService.java:190)
	at java.util.concurrent.ThreadPoolExecutor.runWorker(ThreadPoolExecutor.java:1149)
	at java.util.concurrent.ThreadPoolExecutor$Worker.run(ThreadPoolExecutor.java:624)
	at java.lang.Thread.run(Thread.java:748)
Exception in thread "pool-4-thread-370" java.lang.NullPointerException
	at tourGuide.service.GpsUtilProxyServiceImpl.getUserLocation(GpsUtilProxyServiceImpl.java:24)
	at tourGuide.service.TourGuideService.trackUserLocation(TourGuideService.java:169)
	at tourGuide.service.TourGuideService.lambda$trackUserLocationList$1(TourGuideService.java:190)
	at java.util.concurrent.ThreadPoolExecutor.runWorker(ThreadPoolExecutor.java:1149)
	at java.util.concurrent.ThreadPoolExecutor$Worker.run(ThreadPoolExecutor.java:624)
	at java.lang.Thread.run(Thread.java:748)
Exception in thread "pool-4-thread-373" java.lang.NullPointerException
	at tourGuide.service.GpsUtilProxyServiceImpl.getUserLocation(GpsUtilProxyServiceImpl.java:24)
	at tourGuide.service.TourGuideService.trackUserLocation(TourGuideService.java:169)
	at tourGuide.service.TourGuideService.lambda$trackUserLocationList$1(TourGuideService.java:190)
	at java.util.concurrent.ThreadPoolExecutor.runWorker(ThreadPoolExecutor.java:1149)
	at java.util.concurrent.ThreadPoolExecutor$Worker.run(ThreadPoolExecutor.java:624)
	at java.lang.Thread.run(Thread.java:748)
Exception in thread "pool-4-thread-379" java.lang.NullPointerException
	at tourGuide.service.GpsUtilProxyServiceImpl.getUserLocation(GpsUtilProxyServiceImpl.java:24)
	at tourGuide.service.TourGuideService.trackUserLocation(TourGuideService.java:169)
	at tourGuide.service.TourGuideService.lambda$trackUserLocationList$1(TourGuideService.java:190)
	at java.util.concurrent.ThreadPoolExecutor.runWorker(ThreadPoolExecutor.java:1149)
	at java.util.concurrent.ThreadPoolExecutor$Worker.run(ThreadPoolExecutor.java:624)
	at java.lang.Thread.run(Thread.java:748)
Exception in thread "pool-5-thread-1244" java.lang.NullPointerException
	at tourGuide.service.GpsUtilProxyServiceImpl.getUserLocation(GpsUtilProxyServiceImpl.java:24)
	at tourGuide.service.TourGuideService.trackUserLocation(TourGuideService.java:169)
	at tourGuide.service.TourGuideService.lambda$trackUserLocationList$1(TourGuideService.java:190)
	at java.util.concurrent.ThreadPoolExecutor.runWorker(ThreadPoolExecutor.java:1149)
	at java.util.concurrent.ThreadPoolExecutor$Worker.run(ThreadPoolExecutor.java:624)
	at java.lang.Thread.run(Thread.java:748)
Exception in thread "pool-5-thread-1243" java.lang.NullPointerException
	at tourGuide.service.GpsUtilProxyServiceImpl.getUserLocation(GpsUtilProxyServiceImpl.java:24)
	at tourGuide.service.TourGuideService.trackUserLocation(TourGuideService.java:169)
	at tourGuide.service.TourGuideService.lambda$trackUserLocationList$1(TourGuideService.java:190)
	at java.util.concurrent.ThreadPoolExecutor.runWorker(ThreadPoolExecutor.java:1149)
	at java.util.concurrent.ThreadPoolExecutor$Worker.run(ThreadPoolExecutor.java:624)
	at java.lang.Thread.run(Thread.java:748)
Exception in thread "pool-4-thread-382" java.lang.NullPointerException
	at tourGuide.service.GpsUtilProxyServiceImpl.getUserLocation(GpsUtilProxyServiceImpl.java:24)
	at tourGuide.service.TourGuideService.trackUserLocation(TourGuideService.java:169)
	at tourGuide.service.TourGuideService.lambda$trackUserLocationList$1(TourGuideService.java:190)
	at java.util.concurrent.ThreadPoolExecutor.runWorker(ThreadPoolExecutor.java:1149)
	at java.util.concurrent.ThreadPoolExecutor$Worker.run(ThreadPoolExecutor.java:624)
	at java.lang.Thread.run(Thread.java:748)
Exception in thread "pool-4-thread-399" java.lang.NullPointerException
	at tourGuide.service.GpsUtilProxyServiceImpl.getUserLocation(GpsUtilProxyServiceImpl.java:24)
	at tourGuide.service.TourGuideService.trackUserLocation(TourGuideService.java:169)
	at tourGuide.service.TourGuideService.lambda$trackUserLocationList$1(TourGuideService.java:190)
	at java.util.concurrent.ThreadPoolExecutor.runWorker(ThreadPoolExecutor.java:1149)
	at java.util.concurrent.ThreadPoolExecutor$Worker.run(ThreadPoolExecutor.java:624)
	at java.lang.Thread.run(Thread.java:748)
Exception in thread "pool-5-thread-1241" java.lang.NullPointerException
	at tourGuide.service.GpsUtilProxyServiceImpl.getUserLocation(GpsUtilProxyServiceImpl.java:24)
	at tourGuide.service.TourGuideService.trackUserLocation(TourGuideService.java:169)
	at tourGuide.service.TourGuideService.lambda$trackUserLocationList$1(TourGuideService.java:190)
	at java.util.concurrent.ThreadPoolExecutor.runWorker(ThreadPoolExecutor.java:1149)
	at java.util.concurrent.ThreadPoolExecutor$Worker.run(ThreadPoolExecutor.java:624)
	at java.lang.Thread.run(Thread.java:748)
Exception in thread "pool-5-thread-1239" java.lang.NullPointerException
	at tourGuide.service.GpsUtilProxyServiceImpl.getUserLocation(GpsUtilProxyServiceImpl.java:24)
	at tourGuide.service.TourGuideService.trackUserLocation(TourGuideService.java:169)
	at tourGuide.service.TourGuideService.lambda$trackUserLocationList$1(TourGuideService.java:190)
	at java.util.concurrent.ThreadPoolExecutor.runWorker(ThreadPoolExecutor.java:1149)
	at java.util.concurrent.ThreadPoolExecutor$Worker.run(ThreadPoolExecutor.java:624)
	at java.lang.Thread.run(Thread.java:748)
Exception in thread "pool-4-thread-391" java.lang.NullPointerException
	at tourGuide.service.GpsUtilProxyServiceImpl.getUserLocation(GpsUtilProxyServiceImpl.java:24)
	at tourGuide.service.TourGuideService.trackUserLocation(TourGuideService.java:169)
	at tourGuide.service.TourGuideService.lambda$trackUserLocationList$1(TourGuideService.java:190)
	at java.util.concurrent.ThreadPoolExecutor.runWorker(ThreadPoolExecutor.java:1149)
	at java.util.concurrent.ThreadPoolExecutor$Worker.run(ThreadPoolExecutor.java:624)
	at java.lang.Thread.run(Thread.java:748)
Exception in thread "pool-4-thread-405" java.lang.NullPointerException
	at tourGuide.service.GpsUtilProxyServiceImpl.getUserLocation(GpsUtilProxyServiceImpl.java:24)
	at tourGuide.service.TourGuideService.trackUserLocation(TourGuideService.java:169)
	at tourGuide.service.TourGuideService.lambda$trackUserLocationList$1(TourGuideService.java:190)
	at java.util.concurrent.ThreadPoolExecutor.runWorker(ThreadPoolExecutor.java:1149)
	at java.util.concurrent.ThreadPoolExecutor$Worker.run(ThreadPoolExecutor.java:624)
	at java.lang.Thread.run(Thread.java:748)
Exception in thread "pool-4-thread-410" java.lang.NullPointerException
	at tourGuide.service.GpsUtilProxyServiceImpl.getUserLocation(GpsUtilProxyServiceImpl.java:24)
	at tourGuide.service.TourGuideService.trackUserLocation(TourGuideService.java:169)
	at tourGuide.service.TourGuideService.lambda$trackUserLocationList$1(TourGuideService.java:190)
	at java.util.concurrent.ThreadPoolExecutor.runWorker(ThreadPoolExecutor.java:1149)
	at java.util.concurrent.ThreadPoolExecutor$Worker.run(ThreadPoolExecutor.java:624)
	at java.lang.Thread.run(Thread.java:748)
Exception in thread "pool-5-thread-1242" java.lang.NullPointerException
	at tourGuide.service.GpsUtilProxyServiceImpl.getUserLocation(GpsUtilProxyServiceImpl.java:24)
	at tourGuide.service.TourGuideService.trackUserLocation(TourGuideService.java:169)
	at tourGuide.service.TourGuideService.lambda$trackUserLocationList$1(TourGuideService.java:190)
	at java.util.concurrent.ThreadPoolExecutor.runWorker(ThreadPoolExecutor.java:1149)
	at java.util.concurrent.ThreadPoolExecutor$Worker.run(ThreadPoolExecutor.java:624)
	at java.lang.Thread.run(Thread.java:748)
Exception in thread "pool-4-thread-418" java.lang.NullPointerException
	at tourGuide.service.GpsUtilProxyServiceImpl.getUserLocation(GpsUtilProxyServiceImpl.java:24)
	at tourGuide.service.TourGuideService.trackUserLocation(TourGuideService.java:169)
	at tourGuide.service.TourGuideService.lambda$trackUserLocationList$1(TourGuideService.java:190)
	at java.util.concurrent.ThreadPoolExecutor.runWorker(ThreadPoolExecutor.java:1149)
	at java.util.concurrent.ThreadPoolExecutor$Worker.run(ThreadPoolExecutor.java:624)
	at java.lang.Thread.run(Thread.java:748)
Exception in thread "pool-4-thread-428" java.lang.NullPointerException
	at tourGuide.service.GpsUtilProxyServiceImpl.getUserLocation(GpsUtilProxyServiceImpl.java:24)
	at tourGuide.service.TourGuideService.trackUserLocation(TourGuideService.java:169)
	at tourGuide.service.TourGuideService.lambda$trackUserLocationList$1(TourGuideService.java:190)
	at java.util.concurrent.ThreadPoolExecutor.runWorker(ThreadPoolExecutor.java:1149)
	at java.util.concurrent.ThreadPoolExecutor$Worker.run(ThreadPoolExecutor.java:624)
	at java.lang.Thread.run(Thread.java:748)
Exception in thread "pool-5-thread-1236" java.lang.NullPointerException
	at tourGuide.service.GpsUtilProxyServiceImpl.getUserLocation(GpsUtilProxyServiceImpl.java:24)
	at tourGuide.service.TourGuideService.trackUserLocation(TourGuideService.java:169)
	at tourGuide.service.TourGuideService.lambda$trackUserLocationList$1(TourGuideService.java:190)
	at java.util.concurrent.ThreadPoolExecutor.runWorker(ThreadPoolExecutor.java:1149)
	at java.util.concurrent.ThreadPoolExecutor$Worker.run(ThreadPoolExecutor.java:624)
	at java.lang.Thread.run(Thread.java:748)
Exception in thread "pool-5-thread-1238" java.lang.NullPointerException
	at tourGuide.service.GpsUtilProxyServiceImpl.getUserLocation(GpsUtilProxyServiceImpl.java:24)
	at tourGuide.service.TourGuideService.trackUserLocation(TourGuideService.java:169)
	at tourGuide.service.TourGuideService.lambda$trackUserLocationList$1(TourGuideService.java:190)
	at java.util.concurrent.ThreadPoolExecutor.runWorker(ThreadPoolExecutor.java:1149)
	at java.util.concurrent.ThreadPoolExecutor$Worker.run(ThreadPoolExecutor.java:624)
	at java.lang.Thread.run(Thread.java:748)
Exception in thread "pool-4-thread-427" java.lang.NullPointerException
	at tourGuide.service.GpsUtilProxyServiceImpl.getUserLocation(GpsUtilProxyServiceImpl.java:24)
	at tourGuide.service.TourGuideService.trackUserLocation(TourGuideService.java:169)
	at tourGuide.service.TourGuideService.lambda$trackUserLocationList$1(TourGuideService.java:190)
	at java.util.concurrent.ThreadPoolExecutor.runWorker(ThreadPoolExecutor.java:1149)
	at java.util.concurrent.ThreadPoolExecutor$Worker.run(ThreadPoolExecutor.java:624)
	at java.lang.Thread.run(Thread.java:748)
Exception in thread "pool-4-thread-434" java.lang.NullPointerException
	at tourGuide.service.GpsUtilProxyServiceImpl.getUserLocation(GpsUtilProxyServiceImpl.java:24)
	at tourGuide.service.TourGuideService.trackUserLocation(TourGuideService.java:169)
	at tourGuide.service.TourGuideService.lambda$trackUserLocationList$1(TourGuideService.java:190)
	at java.util.concurrent.ThreadPoolExecutor.runWorker(ThreadPoolExecutor.java:1149)
	at java.util.concurrent.ThreadPoolExecutor$Worker.run(ThreadPoolExecutor.java:624)
	at java.lang.Thread.run(Thread.java:748)
Exception in thread "pool-5-thread-1234" java.lang.NullPointerException
	at tourGuide.service.GpsUtilProxyServiceImpl.getUserLocation(GpsUtilProxyServiceImpl.java:24)
	at tourGuide.service.TourGuideService.trackUserLocation(TourGuideService.java:169)
	at tourGuide.service.TourGuideService.lambda$trackUserLocationList$1(TourGuideService.java:190)
	at java.util.concurrent.ThreadPoolExecutor.runWorker(ThreadPoolExecutor.java:1149)
	at java.util.concurrent.ThreadPoolExecutor$Worker.run(ThreadPoolExecutor.java:624)
	at java.lang.Thread.run(Thread.java:748)
Exception in thread "pool-4-thread-435" java.lang.NullPointerException
	at tourGuide.service.GpsUtilProxyServiceImpl.getUserLocation(GpsUtilProxyServiceImpl.java:24)
	at tourGuide.service.TourGuideService.trackUserLocation(TourGuideService.java:169)
	at tourGuide.service.TourGuideService.lambda$trackUserLocationList$1(TourGuideService.java:190)
	at java.util.concurrent.ThreadPoolExecutor.runWorker(ThreadPoolExecutor.java:1149)
	at java.util.concurrent.ThreadPoolExecutor$Worker.run(ThreadPoolExecutor.java:624)
	at java.lang.Thread.run(Thread.java:748)
Exception in thread "pool-5-thread-1232" java.lang.NullPointerException
	at tourGuide.service.GpsUtilProxyServiceImpl.getUserLocation(GpsUtilProxyServiceImpl.java:24)
	at tourGuide.service.TourGuideService.trackUserLocation(TourGuideService.java:169)
	at tourGuide.service.TourGuideService.lambda$trackUserLocationList$1(TourGuideService.java:190)
	at java.util.concurrent.ThreadPoolExecutor.runWorker(ThreadPoolExecutor.java:1149)
	at java.util.concurrent.ThreadPoolExecutor$Worker.run(ThreadPoolExecutor.java:624)
	at java.lang.Thread.run(Thread.java:748)
Exception in thread "pool-5-thread-1235" java.lang.NullPointerException
	at tourGuide.service.GpsUtilProxyServiceImpl.getUserLocation(GpsUtilProxyServiceImpl.java:24)
	at tourGuide.service.TourGuideService.trackUserLocation(TourGuideService.java:169)
	at tourGuide.service.TourGuideService.lambda$trackUserLocationList$1(TourGuideService.java:190)
	at java.util.concurrent.ThreadPoolExecutor.runWorker(ThreadPoolExecutor.java:1149)
	at java.util.concurrent.ThreadPoolExecutor$Worker.run(ThreadPoolExecutor.java:624)
	at java.lang.Thread.run(Thread.java:748)
Exception in thread "pool-4-thread-437" java.lang.NullPointerException
	at tourGuide.service.GpsUtilProxyServiceImpl.getUserLocation(GpsUtilProxyServiceImpl.java:24)
	at tourGuide.service.TourGuideService.trackUserLocation(TourGuideService.java:169)
	at tourGuide.service.TourGuideService.lambda$trackUserLocationList$1(TourGuideService.java:190)
	at java.util.concurrent.ThreadPoolExecutor.runWorker(ThreadPoolExecutor.java:1149)
	at java.util.concurrent.ThreadPoolExecutor$Worker.run(ThreadPoolExecutor.java:624)
	at java.lang.Thread.run(Thread.java:748)
Exception in thread "pool-4-thread-438" java.lang.NullPointerException
	at tourGuide.service.GpsUtilProxyServiceImpl.getUserLocation(GpsUtilProxyServiceImpl.java:24)
	at tourGuide.service.TourGuideService.trackUserLocation(TourGuideService.java:169)
	at tourGuide.service.TourGuideService.lambda$trackUserLocationList$1(TourGuideService.java:190)
	at java.util.concurrent.ThreadPoolExecutor.runWorker(ThreadPoolExecutor.java:1149)
	at java.util.concurrent.ThreadPoolExecutor$Worker.run(ThreadPoolExecutor.java:624)
	at java.lang.Thread.run(Thread.java:748)
Exception in thread "pool-5-thread-1233" java.lang.NullPointerException
	at tourGuide.service.GpsUtilProxyServiceImpl.getUserLocation(GpsUtilProxyServiceImpl.java:24)
	at tourGuide.service.TourGuideService.trackUserLocation(TourGuideService.java:169)
	at tourGuide.service.TourGuideService.lambda$trackUserLocationList$1(TourGuideService.java:190)
	at java.util.concurrent.ThreadPoolExecutor.runWorker(ThreadPoolExecutor.java:1149)
	at java.util.concurrent.ThreadPoolExecutor$Worker.run(ThreadPoolExecutor.java:624)
	at java.lang.Thread.run(Thread.java:748)
Exception in thread "pool-4-thread-433" java.lang.NullPointerException
	at tourGuide.service.GpsUtilProxyServiceImpl.getUserLocation(GpsUtilProxyServiceImpl.java:24)
	at tourGuide.service.TourGuideService.trackUserLocation(TourGuideService.java:169)
	at tourGuide.service.TourGuideService.lambda$trackUserLocationList$1(TourGuideService.java:190)
	at java.util.concurrent.ThreadPoolExecutor.runWorker(ThreadPoolExecutor.java:1149)
	at java.util.concurrent.ThreadPoolExecutor$Worker.run(ThreadPoolExecutor.java:624)
	at java.lang.Thread.run(Thread.java:748)
Exception in thread "pool-5-thread-1231" java.lang.NullPointerException
	at tourGuide.service.GpsUtilProxyServiceImpl.getUserLocation(GpsUtilProxyServiceImpl.java:24)
	at tourGuide.service.TourGuideService.trackUserLocation(TourGuideService.java:169)
	at tourGuide.service.TourGuideService.lambda$trackUserLocationList$1(TourGuideService.java:190)
	at java.util.concurrent.ThreadPoolExecutor.runWorker(ThreadPoolExecutor.java:1149)
	at java.util.concurrent.ThreadPoolExecutor$Worker.run(ThreadPoolExecutor.java:624)
	at java.lang.Thread.run(Thread.java:748)
Exception in thread "pool-5-thread-1228" java.lang.NullPointerException
	at tourGuide.service.GpsUtilProxyServiceImpl.getUserLocation(GpsUtilProxyServiceImpl.java:24)
	at tourGuide.service.TourGuideService.trackUserLocation(TourGuideService.java:169)
	at tourGuide.service.TourGuideService.lambda$trackUserLocationList$1(TourGuideService.java:190)
	at java.util.concurrent.ThreadPoolExecutor.runWorker(ThreadPoolExecutor.java:1149)
	at java.util.concurrent.ThreadPoolExecutor$Worker.run(ThreadPoolExecutor.java:624)
	at java.lang.Thread.run(Thread.java:748)
Exception in thread "pool-5-thread-1229" java.lang.NullPointerException
	at tourGuide.service.GpsUtilProxyServiceImpl.getUserLocation(GpsUtilProxyServiceImpl.java:24)
	at tourGuide.service.TourGuideService.trackUserLocation(TourGuideService.java:169)
	at tourGuide.service.TourGuideService.lambda$trackUserLocationList$1(TourGuideService.java:190)
	at java.util.concurrent.ThreadPoolExecutor.runWorker(ThreadPoolExecutor.java:1149)
	at java.util.concurrent.ThreadPoolExecutor$Worker.run(ThreadPoolExecutor.java:624)
	at java.lang.Thread.run(Thread.java:748)
Exception in thread "pool-4-thread-440" java.lang.NullPointerException
	at tourGuide.service.GpsUtilProxyServiceImpl.getUserLocation(GpsUtilProxyServiceImpl.java:24)
	at tourGuide.service.TourGuideService.trackUserLocation(TourGuideService.java:169)
	at tourGuide.service.TourGuideService.lambda$trackUserLocationList$1(TourGuideService.java:190)
	at java.util.concurrent.ThreadPoolExecutor.runWorker(ThreadPoolExecutor.java:1149)
	at java.util.concurrent.ThreadPoolExecutor$Worker.run(ThreadPoolExecutor.java:624)
	at java.lang.Thread.run(Thread.java:748)
Exception in thread "pool-4-thread-443" java.lang.NullPointerException
	at tourGuide.service.GpsUtilProxyServiceImpl.getUserLocation(GpsUtilProxyServiceImpl.java:24)
	at tourGuide.service.TourGuideService.trackUserLocation(TourGuideService.java:169)
	at tourGuide.service.TourGuideService.lambda$trackUserLocationList$1(TourGuideService.java:190)
	at java.util.concurrent.ThreadPoolExecutor.runWorker(ThreadPoolExecutor.java:1149)
	at java.util.concurrent.ThreadPoolExecutor$Worker.run(ThreadPoolExecutor.java:624)
	at java.lang.Thread.run(Thread.java:748)
Exception in thread "pool-5-thread-1230" java.lang.NullPointerException
	at tourGuide.service.GpsUtilProxyServiceImpl.getUserLocation(GpsUtilProxyServiceImpl.java:24)
	at tourGuide.service.TourGuideService.trackUserLocation(TourGuideService.java:169)
	at tourGuide.service.TourGuideService.lambda$trackUserLocationList$1(TourGuideService.java:190)
	at java.util.concurrent.ThreadPoolExecutor.runWorker(ThreadPoolExecutor.java:1149)
	at java.util.concurrent.ThreadPoolExecutor$Worker.run(ThreadPoolExecutor.java:624)
	at java.lang.Thread.run(Thread.java:748)
Exception in thread "pool-5-thread-1225" java.lang.NullPointerException
	at tourGuide.service.GpsUtilProxyServiceImpl.getUserLocation(GpsUtilProxyServiceImpl.java:24)
	at tourGuide.service.TourGuideService.trackUserLocation(TourGuideService.java:169)
	at tourGuide.service.TourGuideService.lambda$trackUserLocationList$1(TourGuideService.java:190)
	at java.util.concurrent.ThreadPoolExecutor.runWorker(ThreadPoolExecutor.java:1149)
	at java.util.concurrent.ThreadPoolExecutor$Worker.run(ThreadPoolExecutor.java:624)
	at java.lang.Thread.run(Thread.java:748)
Exception in thread "pool-5-thread-1223" java.lang.NullPointerException
	at tourGuide.service.GpsUtilProxyServiceImpl.getUserLocation(GpsUtilProxyServiceImpl.java:24)
	at tourGuide.service.TourGuideService.trackUserLocation(TourGuideService.java:169)
	at tourGuide.service.TourGuideService.lambda$trackUserLocationList$1(TourGuideService.java:190)
	at java.util.concurrent.ThreadPoolExecutor.runWorker(ThreadPoolExecutor.java:1149)
	at java.util.concurrent.ThreadPoolExecutor$Worker.run(ThreadPoolExecutor.java:624)
	at java.lang.Thread.run(Thread.java:748)
Exception in thread "pool-4-thread-441" java.lang.NullPointerException
	at tourGuide.service.GpsUtilProxyServiceImpl.getUserLocation(GpsUtilProxyServiceImpl.java:24)
	at tourGuide.service.TourGuideService.trackUserLocation(TourGuideService.java:169)
	at tourGuide.service.TourGuideService.lambda$trackUserLocationList$1(TourGuideService.java:190)
	at java.util.concurrent.ThreadPoolExecutor.runWorker(ThreadPoolExecutor.java:1149)
	at java.util.concurrent.ThreadPoolExecutor$Worker.run(ThreadPoolExecutor.java:624)
	at java.lang.Thread.run(Thread.java:748)
Exception in thread "pool-4-thread-444" java.lang.NullPointerException
	at tourGuide.service.GpsUtilProxyServiceImpl.getUserLocation(GpsUtilProxyServiceImpl.java:24)
	at tourGuide.service.TourGuideService.trackUserLocation(TourGuideService.java:169)
	at tourGuide.service.TourGuideService.lambda$trackUserLocationList$1(TourGuideService.java:190)
	at java.util.concurrent.ThreadPoolExecutor.runWorker(ThreadPoolExecutor.java:1149)
	at java.util.concurrent.ThreadPoolExecutor$Worker.run(ThreadPoolExecutor.java:624)
	at java.lang.Thread.run(Thread.java:748)
Exception in thread "pool-5-thread-1227" java.lang.NullPointerException
	at tourGuide.service.GpsUtilProxyServiceImpl.getUserLocation(GpsUtilProxyServiceImpl.java:24)
	at tourGuide.service.TourGuideService.trackUserLocation(TourGuideService.java:169)
	at tourGuide.service.TourGuideService.lambda$trackUserLocationList$1(TourGuideService.java:190)
	at java.util.concurrent.ThreadPoolExecutor.runWorker(ThreadPoolExecutor.java:1149)
	at java.util.concurrent.ThreadPoolExecutor$Worker.run(ThreadPoolExecutor.java:624)
	at java.lang.Thread.run(Thread.java:748)
Exception in thread "pool-5-thread-1224" java.lang.NullPointerException
	at tourGuide.service.GpsUtilProxyServiceImpl.getUserLocation(GpsUtilProxyServiceImpl.java:24)
	at tourGuide.service.TourGuideService.trackUserLocation(TourGuideService.java:169)
	at tourGuide.service.TourGuideService.lambda$trackUserLocationList$1(TourGuideService.java:190)
	at java.util.concurrent.ThreadPoolExecutor.runWorker(ThreadPoolExecutor.java:1149)
	at java.util.concurrent.ThreadPoolExecutor$Worker.run(ThreadPoolExecutor.java:624)
	at java.lang.Thread.run(Thread.java:748)
Exception in thread "pool-4-thread-446" java.lang.NullPointerException
	at tourGuide.service.GpsUtilProxyServiceImpl.getUserLocation(GpsUtilProxyServiceImpl.java:24)
	at tourGuide.service.TourGuideService.trackUserLocation(TourGuideService.java:169)
	at tourGuide.service.TourGuideService.lambda$trackUserLocationList$1(TourGuideService.java:190)
	at java.util.concurrent.ThreadPoolExecutor.runWorker(ThreadPoolExecutor.java:1149)
	at java.util.concurrent.ThreadPoolExecutor$Worker.run(ThreadPoolExecutor.java:624)
	at java.lang.Thread.run(Thread.java:748)
Exception in thread "pool-4-thread-448" java.lang.NullPointerException
	at tourGuide.service.GpsUtilProxyServiceImpl.getUserLocation(GpsUtilProxyServiceImpl.java:24)
	at tourGuide.service.TourGuideService.trackUserLocation(TourGuideService.java:169)
	at tourGuide.service.TourGuideService.lambda$trackUserLocationList$1(TourGuideService.java:190)
	at java.util.concurrent.ThreadPoolExecutor.runWorker(ThreadPoolExecutor.java:1149)
	at java.util.concurrent.ThreadPoolExecutor$Worker.run(ThreadPoolExecutor.java:624)
	at java.lang.Thread.run(Thread.java:748)
Exception in thread "pool-5-thread-1222" java.lang.NullPointerException
	at tourGuide.service.GpsUtilProxyServiceImpl.getUserLocation(GpsUtilProxyServiceImpl.java:24)
	at tourGuide.service.TourGuideService.trackUserLocation(TourGuideService.java:169)
	at tourGuide.service.TourGuideService.lambda$trackUserLocationList$1(TourGuideService.java:190)
	at java.util.concurrent.ThreadPoolExecutor.runWorker(ThreadPoolExecutor.java:1149)
	at java.util.concurrent.ThreadPoolExecutor$Worker.run(ThreadPoolExecutor.java:624)
	at java.lang.Thread.run(Thread.java:748)
Exception in thread "pool-4-thread-451" java.lang.NullPointerException
	at tourGuide.service.GpsUtilProxyServiceImpl.getUserLocation(GpsUtilProxyServiceImpl.java:24)
	at tourGuide.service.TourGuideService.trackUserLocation(TourGuideService.java:169)
	at tourGuide.service.TourGuideService.lambda$trackUserLocationList$1(TourGuideService.java:190)
	at java.util.concurrent.ThreadPoolExecutor.runWorker(ThreadPoolExecutor.java:1149)
	at java.util.concurrent.ThreadPoolExecutor$Worker.run(ThreadPoolExecutor.java:624)
	at java.lang.Thread.run(Thread.java:748)
Exception in thread "pool-5-thread-1218" java.lang.NullPointerException
	at tourGuide.service.GpsUtilProxyServiceImpl.getUserLocation(GpsUtilProxyServiceImpl.java:24)
	at tourGuide.service.TourGuideService.trackUserLocation(TourGuideService.java:169)
	at tourGuide.service.TourGuideService.lambda$trackUserLocationList$1(TourGuideService.java:190)
	at java.util.concurrent.ThreadPoolExecutor.runWorker(ThreadPoolExecutor.java:1149)
	at java.util.concurrent.ThreadPoolExecutor$Worker.run(ThreadPoolExecutor.java:624)
	at java.lang.Thread.run(Thread.java:748)
Exception in thread "pool-4-thread-450" java.lang.NullPointerException
	at tourGuide.service.GpsUtilProxyServiceImpl.getUserLocation(GpsUtilProxyServiceImpl.java:24)
	at tourGuide.service.TourGuideService.trackUserLocation(TourGuideService.java:169)
	at tourGuide.service.TourGuideService.lambda$trackUserLocationList$1(TourGuideService.java:190)
	at java.util.concurrent.ThreadPoolExecutor.runWorker(ThreadPoolExecutor.java:1149)
	at java.util.concurrent.ThreadPoolExecutor$Worker.run(ThreadPoolExecutor.java:624)
	at java.lang.Thread.run(Thread.java:748)
Exception in thread "pool-4-thread-453" java.lang.NullPointerException
	at tourGuide.service.GpsUtilProxyServiceImpl.getUserLocation(GpsUtilProxyServiceImpl.java:24)
	at tourGuide.service.TourGuideService.trackUserLocation(TourGuideService.java:169)
	at tourGuide.service.TourGuideService.lambda$trackUserLocationList$1(TourGuideService.java:190)
	at java.util.concurrent.ThreadPoolExecutor.runWorker(ThreadPoolExecutor.java:1149)
	at java.util.concurrent.ThreadPoolExecutor$Worker.run(ThreadPoolExecutor.java:624)
	at java.lang.Thread.run(Thread.java:748)
Exception in thread "pool-4-thread-455" java.lang.NullPointerException
	at tourGuide.service.GpsUtilProxyServiceImpl.getUserLocation(GpsUtilProxyServiceImpl.java:24)
	at tourGuide.service.TourGuideService.trackUserLocation(TourGuideService.java:169)
	at tourGuide.service.TourGuideService.lambda$trackUserLocationList$1(TourGuideService.java:190)
	at java.util.concurrent.ThreadPoolExecutor.runWorker(ThreadPoolExecutor.java:1149)
	at java.util.concurrent.ThreadPoolExecutor$Worker.run(ThreadPoolExecutor.java:624)
	at java.lang.Thread.run(Thread.java:748)
Exception in thread "pool-5-thread-1221" java.lang.NullPointerException
	at tourGuide.service.GpsUtilProxyServiceImpl.getUserLocation(GpsUtilProxyServiceImpl.java:24)
	at tourGuide.service.TourGuideService.trackUserLocation(TourGuideService.java:169)
	at tourGuide.service.TourGuideService.lambda$trackUserLocationList$1(TourGuideService.java:190)
	at java.util.concurrent.ThreadPoolExecutor.runWorker(ThreadPoolExecutor.java:1149)
	at java.util.concurrent.ThreadPoolExecutor$Worker.run(ThreadPoolExecutor.java:624)
	at java.lang.Thread.run(Thread.java:748)
Exception in thread "pool-4-thread-457" java.lang.NullPointerException
	at tourGuide.service.GpsUtilProxyServiceImpl.getUserLocation(GpsUtilProxyServiceImpl.java:24)
	at tourGuide.service.TourGuideService.trackUserLocation(TourGuideService.java:169)
	at tourGuide.service.TourGuideService.lambda$trackUserLocationList$1(TourGuideService.java:190)
	at java.util.concurrent.ThreadPoolExecutor.runWorker(ThreadPoolExecutor.java:1149)
	at java.util.concurrent.ThreadPoolExecutor$Worker.run(ThreadPoolExecutor.java:624)
	at java.lang.Thread.run(Thread.java:748)
Exception in thread "pool-4-thread-460" java.lang.NullPointerException
	at tourGuide.service.GpsUtilProxyServiceImpl.getUserLocation(GpsUtilProxyServiceImpl.java:24)
	at tourGuide.service.TourGuideService.trackUserLocation(TourGuideService.java:169)
	at tourGuide.service.TourGuideService.lambda$trackUserLocationList$1(TourGuideService.java:190)
	at java.util.concurrent.ThreadPoolExecutor.runWorker(ThreadPoolExecutor.java:1149)
	at java.util.concurrent.ThreadPoolExecutor$Worker.run(ThreadPoolExecutor.java:624)
	at java.lang.Thread.run(Thread.java:748)
Exception in thread "pool-5-thread-1219" java.lang.NullPointerException
	at tourGuide.service.GpsUtilProxyServiceImpl.getUserLocation(GpsUtilProxyServiceImpl.java:24)
	at tourGuide.service.TourGuideService.trackUserLocation(TourGuideService.java:169)
	at tourGuide.service.TourGuideService.lambda$trackUserLocationList$1(TourGuideService.java:190)
	at java.util.concurrent.ThreadPoolExecutor.runWorker(ThreadPoolExecutor.java:1149)
	at java.util.concurrent.ThreadPoolExecutor$Worker.run(ThreadPoolExecutor.java:624)
	at java.lang.Thread.run(Thread.java:748)
Exception in thread "pool-4-thread-461" java.lang.NullPointerException
	at tourGuide.service.GpsUtilProxyServiceImpl.getUserLocation(GpsUtilProxyServiceImpl.java:24)
	at tourGuide.service.TourGuideService.trackUserLocation(TourGuideService.java:169)
	at tourGuide.service.TourGuideService.lambda$trackUserLocationList$1(TourGuideService.java:190)
	at java.util.concurrent.ThreadPoolExecutor.runWorker(ThreadPoolExecutor.java:1149)
	at java.util.concurrent.ThreadPoolExecutor$Worker.run(ThreadPoolExecutor.java:624)
	at java.lang.Thread.run(Thread.java:748)
Exception in thread "pool-5-thread-1220" java.lang.NullPointerException
	at tourGuide.service.GpsUtilProxyServiceImpl.getUserLocation(GpsUtilProxyServiceImpl.java:24)
	at tourGuide.service.TourGuideService.trackUserLocation(TourGuideService.java:169)
	at tourGuide.service.TourGuideService.lambda$trackUserLocationList$1(TourGuideService.java:190)
	at java.util.concurrent.ThreadPoolExecutor.runWorker(ThreadPoolExecutor.java:1149)
	at java.util.concurrent.ThreadPoolExecutor$Worker.run(ThreadPoolExecutor.java:624)
	at java.lang.Thread.run(Thread.java:748)
Exception in thread "pool-4-thread-463" java.lang.NullPointerException
	at tourGuide.service.GpsUtilProxyServiceImpl.getUserLocation(GpsUtilProxyServiceImpl.java:24)
	at tourGuide.service.TourGuideService.trackUserLocation(TourGuideService.java:169)
	at tourGuide.service.TourGuideService.lambda$trackUserLocationList$1(TourGuideService.java:190)
	at java.util.concurrent.ThreadPoolExecutor.runWorker(ThreadPoolExecutor.java:1149)
	at java.util.concurrent.ThreadPoolExecutor$Worker.run(ThreadPoolExecutor.java:624)
	at java.lang.Thread.run(Thread.java:748)
Exception in thread "pool-5-thread-1216" java.lang.NullPointerException
	at tourGuide.service.GpsUtilProxyServiceImpl.getUserLocation(GpsUtilProxyServiceImpl.java:24)
	at tourGuide.service.TourGuideService.trackUserLocation(TourGuideService.java:169)
	at tourGuide.service.TourGuideService.lambda$trackUserLocationList$1(TourGuideService.java:190)
	at java.util.concurrent.ThreadPoolExecutor.runWorker(ThreadPoolExecutor.java:1149)
	at java.util.concurrent.ThreadPoolExecutor$Worker.run(ThreadPoolExecutor.java:624)
	at java.lang.Thread.run(Thread.java:748)
Exception in thread "pool-4-thread-465" java.lang.NullPointerException
	at tourGuide.service.GpsUtilProxyServiceImpl.getUserLocation(GpsUtilProxyServiceImpl.java:24)
	at tourGuide.service.TourGuideService.trackUserLocation(TourGuideService.java:169)
	at tourGuide.service.TourGuideService.lambda$trackUserLocationList$1(TourGuideService.java:190)
	at java.util.concurrent.ThreadPoolExecutor.runWorker(ThreadPoolExecutor.java:1149)
	at java.util.concurrent.ThreadPoolExecutor$Worker.run(ThreadPoolExecutor.java:624)
	at java.lang.Thread.run(Thread.java:748)
Exception in thread "pool-4-thread-467" java.lang.NullPointerException
	at tourGuide.service.GpsUtilProxyServiceImpl.getUserLocation(GpsUtilProxyServiceImpl.java:24)
	at tourGuide.service.TourGuideService.trackUserLocation(TourGuideService.java:169)
	at tourGuide.service.TourGuideService.lambda$trackUserLocationList$1(TourGuideService.java:190)
	at java.util.concurrent.ThreadPoolExecutor.runWorker(ThreadPoolExecutor.java:1149)
	at java.util.concurrent.ThreadPoolExecutor$Worker.run(ThreadPoolExecutor.java:624)
	at java.lang.Thread.run(Thread.java:748)
Exception in thread "pool-5-thread-1215" java.lang.NullPointerException
	at tourGuide.service.GpsUtilProxyServiceImpl.getUserLocation(GpsUtilProxyServiceImpl.java:24)
	at tourGuide.service.TourGuideService.trackUserLocation(TourGuideService.java:169)
	at tourGuide.service.TourGuideService.lambda$trackUserLocationList$1(TourGuideService.java:190)
	at java.util.concurrent.ThreadPoolExecutor.runWorker(ThreadPoolExecutor.java:1149)
	at java.util.concurrent.ThreadPoolExecutor$Worker.run(ThreadPoolExecutor.java:624)
	at java.lang.Thread.run(Thread.java:748)
Exception in thread "pool-4-thread-470" java.lang.NullPointerException
	at tourGuide.service.GpsUtilProxyServiceImpl.getUserLocation(GpsUtilProxyServiceImpl.java:24)
	at tourGuide.service.TourGuideService.trackUserLocation(TourGuideService.java:169)
	at tourGuide.service.TourGuideService.lambda$trackUserLocationList$1(TourGuideService.java:190)
	at java.util.concurrent.ThreadPoolExecutor.runWorker(ThreadPoolExecutor.java:1149)
	at java.util.concurrent.ThreadPoolExecutor$Worker.run(ThreadPoolExecutor.java:624)
	at java.lang.Thread.run(Thread.java:748)
Exception in thread "pool-4-thread-472" java.lang.NullPointerException
	at tourGuide.service.GpsUtilProxyServiceImpl.getUserLocation(GpsUtilProxyServiceImpl.java:24)
	at tourGuide.service.TourGuideService.trackUserLocation(TourGuideService.java:169)
	at tourGuide.service.TourGuideService.lambda$trackUserLocationList$1(TourGuideService.java:190)
	at java.util.concurrent.ThreadPoolExecutor.runWorker(ThreadPoolExecutor.java:1149)
	at java.util.concurrent.ThreadPoolExecutor$Worker.run(ThreadPoolExecutor.java:624)
	at java.lang.Thread.run(Thread.java:748)
Exception in thread "pool-5-thread-1217" java.lang.NullPointerException
	at tourGuide.service.GpsUtilProxyServiceImpl.getUserLocation(GpsUtilProxyServiceImpl.java:24)
	at tourGuide.service.TourGuideService.trackUserLocation(TourGuideService.java:169)
	at tourGuide.service.TourGuideService.lambda$trackUserLocationList$1(TourGuideService.java:190)
	at java.util.concurrent.ThreadPoolExecutor.runWorker(ThreadPoolExecutor.java:1149)
	at java.util.concurrent.ThreadPoolExecutor$Worker.run(ThreadPoolExecutor.java:624)
	at java.lang.Thread.run(Thread.java:748)
Exception in thread "pool-5-thread-1211" java.lang.NullPointerException
	at tourGuide.service.GpsUtilProxyServiceImpl.getUserLocation(GpsUtilProxyServiceImpl.java:24)
	at tourGuide.service.TourGuideService.trackUserLocation(TourGuideService.java:169)
	at tourGuide.service.TourGuideService.lambda$trackUserLocationList$1(TourGuideService.java:190)
	at java.util.concurrent.ThreadPoolExecutor.runWorker(ThreadPoolExecutor.java:1149)
	at java.util.concurrent.ThreadPoolExecutor$Worker.run(ThreadPoolExecutor.java:624)
	at java.lang.Thread.run(Thread.java:748)
Exception in thread "pool-4-thread-475" java.lang.NullPointerException
	at tourGuide.service.GpsUtilProxyServiceImpl.getUserLocation(GpsUtilProxyServiceImpl.java:24)
	at tourGuide.service.TourGuideService.trackUserLocation(TourGuideService.java:169)
	at tourGuide.service.TourGuideService.lambda$trackUserLocationList$1(TourGuideService.java:190)
	at java.util.concurrent.ThreadPoolExecutor.runWorker(ThreadPoolExecutor.java:1149)
	at java.util.concurrent.ThreadPoolExecutor$Worker.run(ThreadPoolExecutor.java:624)
	at java.lang.Thread.run(Thread.java:748)
Exception in thread "pool-4-thread-477" java.lang.NullPointerException
	at tourGuide.service.GpsUtilProxyServiceImpl.getUserLocation(GpsUtilProxyServiceImpl.java:24)
	at tourGuide.service.TourGuideService.trackUserLocation(TourGuideService.java:169)
	at tourGuide.service.TourGuideService.lambda$trackUserLocationList$1(TourGuideService.java:190)
	at java.util.concurrent.ThreadPoolExecutor.runWorker(ThreadPoolExecutor.java:1149)
	at java.util.concurrent.ThreadPoolExecutor$Worker.run(ThreadPoolExecutor.java:624)
	at java.lang.Thread.run(Thread.java:748)
Exception in thread "pool-5-thread-1214" java.lang.NullPointerException
	at tourGuide.service.GpsUtilProxyServiceImpl.getUserLocation(GpsUtilProxyServiceImpl.java:24)
	at tourGuide.service.TourGuideService.trackUserLocation(TourGuideService.java:169)
	at tourGuide.service.TourGuideService.lambda$trackUserLocationList$1(TourGuideService.java:190)
	at java.util.concurrent.ThreadPoolExecutor.runWorker(ThreadPoolExecutor.java:1149)
	at java.util.concurrent.ThreadPoolExecutor$Worker.run(ThreadPoolExecutor.java:624)
	at java.lang.Thread.run(Thread.java:748)
Exception in thread "pool-5-thread-1213" java.lang.NullPointerException
	at tourGuide.service.GpsUtilProxyServiceImpl.getUserLocation(GpsUtilProxyServiceImpl.java:24)
	at tourGuide.service.TourGuideService.trackUserLocation(TourGuideService.java:169)
	at tourGuide.service.TourGuideService.lambda$trackUserLocationList$1(TourGuideService.java:190)
	at java.util.concurrent.ThreadPoolExecutor.runWorker(ThreadPoolExecutor.java:1149)
	at java.util.concurrent.ThreadPoolExecutor$Worker.run(ThreadPoolExecutor.java:624)
	at java.lang.Thread.run(Thread.java:748)
Exception in thread "pool-5-thread-1212" java.lang.NullPointerException
	at tourGuide.service.GpsUtilProxyServiceImpl.getUserLocation(GpsUtilProxyServiceImpl.java:24)
	at tourGuide.service.TourGuideService.trackUserLocation(TourGuideService.java:169)
	at tourGuide.service.TourGuideService.lambda$trackUserLocationList$1(TourGuideService.java:190)
	at java.util.concurrent.ThreadPoolExecutor.runWorker(ThreadPoolExecutor.java:1149)
	at java.util.concurrent.ThreadPoolExecutor$Worker.run(ThreadPoolExecutor.java:624)
	at java.lang.Thread.run(Thread.java:748)
Exception in thread "pool-4-thread-481" java.lang.NullPointerException
	at tourGuide.service.GpsUtilProxyServiceImpl.getUserLocation(GpsUtilProxyServiceImpl.java:24)
	at tourGuide.service.TourGuideService.trackUserLocation(TourGuideService.java:169)
	at tourGuide.service.TourGuideService.lambda$trackUserLocationList$1(TourGuideService.java:190)
	at java.util.concurrent.ThreadPoolExecutor.runWorker(ThreadPoolExecutor.java:1149)
	at java.util.concurrent.ThreadPoolExecutor$Worker.run(ThreadPoolExecutor.java:624)
	at java.lang.Thread.run(Thread.java:748)
Exception in thread "pool-4-thread-479" java.lang.NullPointerException
	at tourGuide.service.GpsUtilProxyServiceImpl.getUserLocation(GpsUtilProxyServiceImpl.java:24)
	at tourGuide.service.TourGuideService.trackUserLocation(TourGuideService.java:169)
	at tourGuide.service.TourGuideService.lambda$trackUserLocationList$1(TourGuideService.java:190)
	at java.util.concurrent.ThreadPoolExecutor.runWorker(ThreadPoolExecutor.java:1149)
	at java.util.concurrent.ThreadPoolExecutor$Worker.run(ThreadPoolExecutor.java:624)
	at java.lang.Thread.run(Thread.java:748)
Exception in thread "pool-5-thread-1210" java.lang.NullPointerException
	at tourGuide.service.GpsUtilProxyServiceImpl.getUserLocation(GpsUtilProxyServiceImpl.java:24)
	at tourGuide.service.TourGuideService.trackUserLocation(TourGuideService.java:169)
	at tourGuide.service.TourGuideService.lambda$trackUserLocationList$1(TourGuideService.java:190)
	at java.util.concurrent.ThreadPoolExecutor.runWorker(ThreadPoolExecutor.java:1149)
	at java.util.concurrent.ThreadPoolExecutor$Worker.run(ThreadPoolExecutor.java:624)
	at java.lang.Thread.run(Thread.java:748)
Exception in thread "pool-5-thread-1207" java.lang.NullPointerException
	at tourGuide.service.GpsUtilProxyServiceImpl.getUserLocation(GpsUtilProxyServiceImpl.java:24)
	at tourGuide.service.TourGuideService.trackUserLocation(TourGuideService.java:169)
	at tourGuide.service.TourGuideService.lambda$trackUserLocationList$1(TourGuideService.java:190)
	at java.util.concurrent.ThreadPoolExecutor.runWorker(ThreadPoolExecutor.java:1149)
	at java.util.concurrent.ThreadPoolExecutor$Worker.run(ThreadPoolExecutor.java:624)
	at java.lang.Thread.run(Thread.java:748)
Exception in thread "pool-4-thread-484" java.lang.NullPointerException
	at tourGuide.service.GpsUtilProxyServiceImpl.getUserLocation(GpsUtilProxyServiceImpl.java:24)
	at tourGuide.service.TourGuideService.trackUserLocation(TourGuideService.java:169)
	at tourGuide.service.TourGuideService.lambda$trackUserLocationList$1(TourGuideService.java:190)
	at java.util.concurrent.ThreadPoolExecutor.runWorker(ThreadPoolExecutor.java:1149)
	at java.util.concurrent.ThreadPoolExecutor$Worker.run(ThreadPoolExecutor.java:624)
	at java.lang.Thread.run(Thread.java:748)
Exception in thread "pool-4-thread-482" java.lang.NullPointerException
	at tourGuide.service.GpsUtilProxyServiceImpl.getUserLocation(GpsUtilProxyServiceImpl.java:24)
	at tourGuide.service.TourGuideService.trackUserLocation(TourGuideService.java:169)
	at tourGuide.service.TourGuideService.lambda$trackUserLocationList$1(TourGuideService.java:190)
	at java.util.concurrent.ThreadPoolExecutor.runWorker(ThreadPoolExecutor.java:1149)
	at java.util.concurrent.ThreadPoolExecutor$Worker.run(ThreadPoolExecutor.java:624)
	at java.lang.Thread.run(Thread.java:748)
Exception in thread "pool-5-thread-1209" java.lang.NullPointerException
	at tourGuide.service.GpsUtilProxyServiceImpl.getUserLocation(GpsUtilProxyServiceImpl.java:24)
	at tourGuide.service.TourGuideService.trackUserLocation(TourGuideService.java:169)
	at tourGuide.service.TourGuideService.lambda$trackUserLocationList$1(TourGuideService.java:190)
	at java.util.concurrent.ThreadPoolExecutor.runWorker(ThreadPoolExecutor.java:1149)
	at java.util.concurrent.ThreadPoolExecutor$Worker.run(ThreadPoolExecutor.java:624)
	at java.lang.Thread.run(Thread.java:748)
Exception in thread "pool-5-thread-1208" java.lang.NullPointerException
	at tourGuide.service.GpsUtilProxyServiceImpl.getUserLocation(GpsUtilProxyServiceImpl.java:24)
	at tourGuide.service.TourGuideService.trackUserLocation(TourGuideService.java:169)
	at tourGuide.service.TourGuideService.lambda$trackUserLocationList$1(TourGuideService.java:190)
	at java.util.concurrent.ThreadPoolExecutor.runWorker(ThreadPoolExecutor.java:1149)
	at java.util.concurrent.ThreadPoolExecutor$Worker.run(ThreadPoolExecutor.java:624)
	at java.lang.Thread.run(Thread.java:748)
Exception in thread "pool-4-thread-494" java.lang.NullPointerException
	at tourGuide.service.GpsUtilProxyServiceImpl.getUserLocation(GpsUtilProxyServiceImpl.java:24)
	at tourGuide.service.TourGuideService.trackUserLocation(TourGuideService.java:169)
	at tourGuide.service.TourGuideService.lambda$trackUserLocationList$1(TourGuideService.java:190)
	at java.util.concurrent.ThreadPoolExecutor.runWorker(ThreadPoolExecutor.java:1149)
	at java.util.concurrent.ThreadPoolExecutor$Worker.run(ThreadPoolExecutor.java:624)
	at java.lang.Thread.run(Thread.java:748)
Exception in thread "pool-5-thread-1203" java.lang.NullPointerException
	at tourGuide.service.GpsUtilProxyServiceImpl.getUserLocation(GpsUtilProxyServiceImpl.java:24)
	at tourGuide.service.TourGuideService.trackUserLocation(TourGuideService.java:169)
	at tourGuide.service.TourGuideService.lambda$trackUserLocationList$1(TourGuideService.java:190)
	at java.util.concurrent.ThreadPoolExecutor.runWorker(ThreadPoolExecutor.java:1149)
	at java.util.concurrent.ThreadPoolExecutor$Worker.run(ThreadPoolExecutor.java:624)
	at java.lang.Thread.run(Thread.java:748)
Exception in thread "pool-4-thread-504" java.lang.NullPointerException
	at tourGuide.service.GpsUtilProxyServiceImpl.getUserLocation(GpsUtilProxyServiceImpl.java:24)
	at tourGuide.service.TourGuideService.trackUserLocation(TourGuideService.java:169)
	at tourGuide.service.TourGuideService.lambda$trackUserLocationList$1(TourGuideService.java:190)
	at java.util.concurrent.ThreadPoolExecutor.runWorker(ThreadPoolExecutor.java:1149)
	at java.util.concurrent.ThreadPoolExecutor$Worker.run(ThreadPoolExecutor.java:624)
	at java.lang.Thread.run(Thread.java:748)
Exception in thread "pool-4-thread-500" java.lang.NullPointerException
	at tourGuide.service.GpsUtilProxyServiceImpl.getUserLocation(GpsUtilProxyServiceImpl.java:24)
	at tourGuide.service.TourGuideService.trackUserLocation(TourGuideService.java:169)
	at tourGuide.service.TourGuideService.lambda$trackUserLocationList$1(TourGuideService.java:190)
	at java.util.concurrent.ThreadPoolExecutor.runWorker(ThreadPoolExecutor.java:1149)
	at java.util.concurrent.ThreadPoolExecutor$Worker.run(ThreadPoolExecutor.java:624)
	at java.lang.Thread.run(Thread.java:748)
Exception in thread "pool-4-thread-342" java.lang.NullPointerException
	at tourGuide.service.GpsUtilProxyServiceImpl.getUserLocation(GpsUtilProxyServiceImpl.java:24)
	at tourGuide.service.TourGuideService.trackUserLocation(TourGuideService.java:169)
	at tourGuide.service.TourGuideService.lambda$trackUserLocationList$1(TourGuideService.java:190)
	at java.util.concurrent.ThreadPoolExecutor.runWorker(ThreadPoolExecutor.java:1149)
	at java.util.concurrent.ThreadPoolExecutor$Worker.run(ThreadPoolExecutor.java:624)
	at java.lang.Thread.run(Thread.java:748)
Exception in thread "pool-5-thread-1206" java.lang.NullPointerException
	at tourGuide.service.GpsUtilProxyServiceImpl.getUserLocation(GpsUtilProxyServiceImpl.java:24)
	at tourGuide.service.TourGuideService.trackUserLocation(TourGuideService.java:169)
	at tourGuide.service.TourGuideService.lambda$trackUserLocationList$1(TourGuideService.java:190)
	at java.util.concurrent.ThreadPoolExecutor.runWorker(ThreadPoolExecutor.java:1149)
	at java.util.concurrent.ThreadPoolExecutor$Worker.run(ThreadPoolExecutor.java:624)
	at java.lang.Thread.run(Thread.java:748)
Exception in thread "pool-4-thread-369" java.lang.NullPointerException
	at tourGuide.service.GpsUtilProxyServiceImpl.getUserLocation(GpsUtilProxyServiceImpl.java:24)
	at tourGuide.service.TourGuideService.trackUserLocation(TourGuideService.java:169)
	at tourGuide.service.TourGuideService.lambda$trackUserLocationList$1(TourGuideService.java:190)
	at java.util.concurrent.ThreadPoolExecutor.runWorker(ThreadPoolExecutor.java:1149)
	at java.util.concurrent.ThreadPoolExecutor$Worker.run(ThreadPoolExecutor.java:624)
	at java.lang.Thread.run(Thread.java:748)
Exception in thread "pool-4-thread-829" java.lang.NullPointerException
	at tourGuide.service.GpsUtilProxyServiceImpl.getUserLocation(GpsUtilProxyServiceImpl.java:24)
	at tourGuide.service.TourGuideService.trackUserLocation(TourGuideService.java:169)
	at tourGuide.service.TourGuideService.lambda$trackUserLocationList$1(TourGuideService.java:190)
	at java.util.concurrent.ThreadPoolExecutor.runWorker(ThreadPoolExecutor.java:1149)
	at java.util.concurrent.ThreadPoolExecutor$Worker.run(ThreadPoolExecutor.java:624)
	at java.lang.Thread.run(Thread.java:748)
Exception in thread "pool-5-thread-1205" java.lang.NullPointerException
	at tourGuide.service.GpsUtilProxyServiceImpl.getUserLocation(GpsUtilProxyServiceImpl.java:24)
	at tourGuide.service.TourGuideService.trackUserLocation(TourGuideService.java:169)
	at tourGuide.service.TourGuideService.lambda$trackUserLocationList$1(TourGuideService.java:190)
	at java.util.concurrent.ThreadPoolExecutor.runWorker(ThreadPoolExecutor.java:1149)
	at java.util.concurrent.ThreadPoolExecutor$Worker.run(ThreadPoolExecutor.java:624)
	at java.lang.Thread.run(Thread.java:748)
Exception in thread "pool-5-thread-1204" java.lang.NullPointerException
	at tourGuide.service.GpsUtilProxyServiceImpl.getUserLocation(GpsUtilProxyServiceImpl.java:24)
	at tourGuide.service.TourGuideService.trackUserLocation(TourGuideService.java:169)
	at tourGuide.service.TourGuideService.lambda$trackUserLocationList$1(TourGuideService.java:190)
	at java.util.concurrent.ThreadPoolExecutor.runWorker(ThreadPoolExecutor.java:1149)
	at java.util.concurrent.ThreadPoolExecutor$Worker.run(ThreadPoolExecutor.java:624)
	at java.lang.Thread.run(Thread.java:748)
Exception in thread "pool-4-thread-830" java.lang.NullPointerException
	at tourGuide.service.GpsUtilProxyServiceImpl.getUserLocation(GpsUtilProxyServiceImpl.java:24)
	at tourGuide.service.TourGuideService.trackUserLocation(TourGuideService.java:169)
	at tourGuide.service.TourGuideService.lambda$trackUserLocationList$1(TourGuideService.java:190)
	at java.util.concurrent.ThreadPoolExecutor.runWorker(ThreadPoolExecutor.java:1149)
	at java.util.concurrent.ThreadPoolExecutor$Worker.run(ThreadPoolExecutor.java:624)
	at java.lang.Thread.run(Thread.java:748)
Exception in thread "pool-4-thread-831" java.lang.NullPointerException
	at tourGuide.service.GpsUtilProxyServiceImpl.getUserLocation(GpsUtilProxyServiceImpl.java:24)
	at tourGuide.service.TourGuideService.trackUserLocation(TourGuideService.java:169)
	at tourGuide.service.TourGuideService.lambda$trackUserLocationList$1(TourGuideService.java:190)
	at java.util.concurrent.ThreadPoolExecutor.runWorker(ThreadPoolExecutor.java:1149)
	at java.util.concurrent.ThreadPoolExecutor$Worker.run(ThreadPoolExecutor.java:624)
	at java.lang.Thread.run(Thread.java:748)
Exception in thread "pool-4-thread-828" java.lang.NullPointerException
	at tourGuide.service.GpsUtilProxyServiceImpl.getUserLocation(GpsUtilProxyServiceImpl.java:24)
	at tourGuide.service.TourGuideService.trackUserLocation(TourGuideService.java:169)
	at tourGuide.service.TourGuideService.lambda$trackUserLocationList$1(TourGuideService.java:190)
	at java.util.concurrent.ThreadPoolExecutor.runWorker(ThreadPoolExecutor.java:1149)
	at java.util.concurrent.ThreadPoolExecutor$Worker.run(ThreadPoolExecutor.java:624)
	at java.lang.Thread.run(Thread.java:748)
Exception in thread "pool-5-thread-1202" java.lang.NullPointerException
	at tourGuide.service.GpsUtilProxyServiceImpl.getUserLocation(GpsUtilProxyServiceImpl.java:24)
	at tourGuide.service.TourGuideService.trackUserLocation(TourGuideService.java:169)
	at tourGuide.service.TourGuideService.lambda$trackUserLocationList$1(TourGuideService.java:190)
	at java.util.concurrent.ThreadPoolExecutor.runWorker(ThreadPoolExecutor.java:1149)
	at java.util.concurrent.ThreadPoolExecutor$Worker.run(ThreadPoolExecutor.java:624)
	at java.lang.Thread.run(Thread.java:748)
Exception in thread "pool-4-thread-827" java.lang.NullPointerException
	at tourGuide.service.GpsUtilProxyServiceImpl.getUserLocation(GpsUtilProxyServiceImpl.java:24)
	at tourGuide.service.TourGuideService.trackUserLocation(TourGuideService.java:169)
	at tourGuide.service.TourGuideService.lambda$trackUserLocationList$1(TourGuideService.java:190)
	at java.util.concurrent.ThreadPoolExecutor.runWorker(ThreadPoolExecutor.java:1149)
	at java.util.concurrent.ThreadPoolExecutor$Worker.run(ThreadPoolExecutor.java:624)
	at java.lang.Thread.run(Thread.java:748)
Exception in thread "pool-5-thread-1200" java.lang.NullPointerException
	at tourGuide.service.GpsUtilProxyServiceImpl.getUserLocation(GpsUtilProxyServiceImpl.java:24)
	at tourGuide.service.TourGuideService.trackUserLocation(TourGuideService.java:169)
	at tourGuide.service.TourGuideService.lambda$trackUserLocationList$1(TourGuideService.java:190)
	at java.util.concurrent.ThreadPoolExecutor.runWorker(ThreadPoolExecutor.java:1149)
	at java.util.concurrent.ThreadPoolExecutor$Worker.run(ThreadPoolExecutor.java:624)
	at java.lang.Thread.run(Thread.java:748)
Exception in thread "pool-4-thread-826" java.lang.NullPointerException
	at tourGuide.service.GpsUtilProxyServiceImpl.getUserLocation(GpsUtilProxyServiceImpl.java:24)
	at tourGuide.service.TourGuideService.trackUserLocation(TourGuideService.java:169)
	at tourGuide.service.TourGuideService.lambda$trackUserLocationList$1(TourGuideService.java:190)
	at java.util.concurrent.ThreadPoolExecutor.runWorker(ThreadPoolExecutor.java:1149)
	at java.util.concurrent.ThreadPoolExecutor$Worker.run(ThreadPoolExecutor.java:624)
	at java.lang.Thread.run(Thread.java:748)
Exception in thread "pool-5-thread-1201" java.lang.NullPointerException
	at tourGuide.service.GpsUtilProxyServiceImpl.getUserLocation(GpsUtilProxyServiceImpl.java:24)
	at tourGuide.service.TourGuideService.trackUserLocation(TourGuideService.java:169)
	at tourGuide.service.TourGuideService.lambda$trackUserLocationList$1(TourGuideService.java:190)
	at java.util.concurrent.ThreadPoolExecutor.runWorker(ThreadPoolExecutor.java:1149)
	at java.util.concurrent.ThreadPoolExecutor$Worker.run(ThreadPoolExecutor.java:624)
	at java.lang.Thread.run(Thread.java:748)
Exception in thread "pool-4-thread-825" java.lang.NullPointerException
	at tourGuide.service.GpsUtilProxyServiceImpl.getUserLocation(GpsUtilProxyServiceImpl.java:24)
	at tourGuide.service.TourGuideService.trackUserLocation(TourGuideService.java:169)
	at tourGuide.service.TourGuideService.lambda$trackUserLocationList$1(TourGuideService.java:190)
	at java.util.concurrent.ThreadPoolExecutor.runWorker(ThreadPoolExecutor.java:1149)
	at java.util.concurrent.ThreadPoolExecutor$Worker.run(ThreadPoolExecutor.java:624)
	at java.lang.Thread.run(Thread.java:748)
Exception in thread "pool-5-thread-1199" java.lang.NullPointerException
	at tourGuide.service.GpsUtilProxyServiceImpl.getUserLocation(GpsUtilProxyServiceImpl.java:24)
	at tourGuide.service.TourGuideService.trackUserLocation(TourGuideService.java:169)
	at tourGuide.service.TourGuideService.lambda$trackUserLocationList$1(TourGuideService.java:190)
	at java.util.concurrent.ThreadPoolExecutor.runWorker(ThreadPoolExecutor.java:1149)
	at java.util.concurrent.ThreadPoolExecutor$Worker.run(ThreadPoolExecutor.java:624)
	at java.lang.Thread.run(Thread.java:748)
Exception in thread "pool-4-thread-823" java.lang.NullPointerException
	at tourGuide.service.GpsUtilProxyServiceImpl.getUserLocation(GpsUtilProxyServiceImpl.java:24)
	at tourGuide.service.TourGuideService.trackUserLocation(TourGuideService.java:169)
	at tourGuide.service.TourGuideService.lambda$trackUserLocationList$1(TourGuideService.java:190)
	at java.util.concurrent.ThreadPoolExecutor.runWorker(ThreadPoolExecutor.java:1149)
	at java.util.concurrent.ThreadPoolExecutor$Worker.run(ThreadPoolExecutor.java:624)
	at java.lang.Thread.run(Thread.java:748)
Exception in thread "pool-4-thread-824" java.lang.NullPointerException
	at tourGuide.service.GpsUtilProxyServiceImpl.getUserLocation(GpsUtilProxyServiceImpl.java:24)
	at tourGuide.service.TourGuideService.trackUserLocation(TourGuideService.java:169)
	at tourGuide.service.TourGuideService.lambda$trackUserLocationList$1(TourGuideService.java:190)
	at java.util.concurrent.ThreadPoolExecutor.runWorker(ThreadPoolExecutor.java:1149)
	at java.util.concurrent.ThreadPoolExecutor$Worker.run(ThreadPoolExecutor.java:624)
	at java.lang.Thread.run(Thread.java:748)
Exception in thread "pool-5-thread-1197" java.lang.NullPointerException
	at tourGuide.service.GpsUtilProxyServiceImpl.getUserLocation(GpsUtilProxyServiceImpl.java:24)
	at tourGuide.service.TourGuideService.trackUserLocation(TourGuideService.java:169)
	at tourGuide.service.TourGuideService.lambda$trackUserLocationList$1(TourGuideService.java:190)
	at java.util.concurrent.ThreadPoolExecutor.runWorker(ThreadPoolExecutor.java:1149)
	at java.util.concurrent.ThreadPoolExecutor$Worker.run(ThreadPoolExecutor.java:624)
	at java.lang.Thread.run(Thread.java:748)
Exception in thread "pool-5-thread-1196" java.lang.NullPointerException
	at tourGuide.service.GpsUtilProxyServiceImpl.getUserLocation(GpsUtilProxyServiceImpl.java:24)
	at tourGuide.service.TourGuideService.trackUserLocation(TourGuideService.java:169)
	at tourGuide.service.TourGuideService.lambda$trackUserLocationList$1(TourGuideService.java:190)
	at java.util.concurrent.ThreadPoolExecutor.runWorker(ThreadPoolExecutor.java:1149)
	at java.util.concurrent.ThreadPoolExecutor$Worker.run(ThreadPoolExecutor.java:624)
	at java.lang.Thread.run(Thread.java:748)
Exception in thread "pool-4-thread-821" java.lang.NullPointerException
	at tourGuide.service.GpsUtilProxyServiceImpl.getUserLocation(GpsUtilProxyServiceImpl.java:24)
	at tourGuide.service.TourGuideService.trackUserLocation(TourGuideService.java:169)
	at tourGuide.service.TourGuideService.lambda$trackUserLocationList$1(TourGuideService.java:190)
	at java.util.concurrent.ThreadPoolExecutor.runWorker(ThreadPoolExecutor.java:1149)
	at java.util.concurrent.ThreadPoolExecutor$Worker.run(ThreadPoolExecutor.java:624)
	at java.lang.Thread.run(Thread.java:748)
Exception in thread "pool-4-thread-822" java.lang.NullPointerException
	at tourGuide.service.GpsUtilProxyServiceImpl.getUserLocation(GpsUtilProxyServiceImpl.java:24)
	at tourGuide.service.TourGuideService.trackUserLocation(TourGuideService.java:169)
	at tourGuide.service.TourGuideService.lambda$trackUserLocationList$1(TourGuideService.java:190)
	at java.util.concurrent.ThreadPoolExecutor.runWorker(ThreadPoolExecutor.java:1149)
	at java.util.concurrent.ThreadPoolExecutor$Worker.run(ThreadPoolExecutor.java:624)
	at java.lang.Thread.run(Thread.java:748)
Exception in thread "pool-4-thread-819" java.lang.NullPointerException
	at tourGuide.service.GpsUtilProxyServiceImpl.getUserLocation(GpsUtilProxyServiceImpl.java:24)
	at tourGuide.service.TourGuideService.trackUserLocation(TourGuideService.java:169)
	at tourGuide.service.TourGuideService.lambda$trackUserLocationList$1(TourGuideService.java:190)
	at java.util.concurrent.ThreadPoolExecutor.runWorker(ThreadPoolExecutor.java:1149)
	at java.util.concurrent.ThreadPoolExecutor$Worker.run(ThreadPoolExecutor.java:624)
	at java.lang.Thread.run(Thread.java:748)
Exception in thread "pool-4-thread-820" java.lang.NullPointerException
	at tourGuide.service.GpsUtilProxyServiceImpl.getUserLocation(GpsUtilProxyServiceImpl.java:24)
	at tourGuide.service.TourGuideService.trackUserLocation(TourGuideService.java:169)
	at tourGuide.service.TourGuideService.lambda$trackUserLocationList$1(TourGuideService.java:190)
	at java.util.concurrent.ThreadPoolExecutor.runWorker(ThreadPoolExecutor.java:1149)
	at java.util.concurrent.ThreadPoolExecutor$Worker.run(ThreadPoolExecutor.java:624)
	at java.lang.Thread.run(Thread.java:748)
Exception in thread "pool-5-thread-1198" java.lang.NullPointerException
	at tourGuide.service.GpsUtilProxyServiceImpl.getUserLocation(GpsUtilProxyServiceImpl.java:24)
	at tourGuide.service.TourGuideService.trackUserLocation(TourGuideService.java:169)
	at tourGuide.service.TourGuideService.lambda$trackUserLocationList$1(TourGuideService.java:190)
	at java.util.concurrent.ThreadPoolExecutor.runWorker(ThreadPoolExecutor.java:1149)
	at java.util.concurrent.ThreadPoolExecutor$Worker.run(ThreadPoolExecutor.java:624)
	at java.lang.Thread.run(Thread.java:748)
Exception in thread "pool-5-thread-1194" java.lang.NullPointerException
	at tourGuide.service.GpsUtilProxyServiceImpl.getUserLocation(GpsUtilProxyServiceImpl.java:24)
	at tourGuide.service.TourGuideService.trackUserLocation(TourGuideService.java:169)
	at tourGuide.service.TourGuideService.lambda$trackUserLocationList$1(TourGuideService.java:190)
	at java.util.concurrent.ThreadPoolExecutor.runWorker(ThreadPoolExecutor.java:1149)
	at java.util.concurrent.ThreadPoolExecutor$Worker.run(ThreadPoolExecutor.java:624)
	at java.lang.Thread.run(Thread.java:748)
Exception in thread "pool-5-thread-1192" java.lang.NullPointerException
	at tourGuide.service.GpsUtilProxyServiceImpl.getUserLocation(GpsUtilProxyServiceImpl.java:24)
	at tourGuide.service.TourGuideService.trackUserLocation(TourGuideService.java:169)
	at tourGuide.service.TourGuideService.lambda$trackUserLocationList$1(TourGuideService.java:190)
	at java.util.concurrent.ThreadPoolExecutor.runWorker(ThreadPoolExecutor.java:1149)
	at java.util.concurrent.ThreadPoolExecutor$Worker.run(ThreadPoolExecutor.java:624)
	at java.lang.Thread.run(Thread.java:748)
Exception in thread "pool-4-thread-818" java.lang.NullPointerException
	at tourGuide.service.GpsUtilProxyServiceImpl.getUserLocation(GpsUtilProxyServiceImpl.java:24)
	at tourGuide.service.TourGuideService.trackUserLocation(TourGuideService.java:169)
	at tourGuide.service.TourGuideService.lambda$trackUserLocationList$1(TourGuideService.java:190)
	at java.util.concurrent.ThreadPoolExecutor.runWorker(ThreadPoolExecutor.java:1149)
	at java.util.concurrent.ThreadPoolExecutor$Worker.run(ThreadPoolExecutor.java:624)
	at java.lang.Thread.run(Thread.java:748)
Exception in thread "pool-4-thread-817" java.lang.NullPointerException
	at tourGuide.service.GpsUtilProxyServiceImpl.getUserLocation(GpsUtilProxyServiceImpl.java:24)
	at tourGuide.service.TourGuideService.trackUserLocation(TourGuideService.java:169)
	at tourGuide.service.TourGuideService.lambda$trackUserLocationList$1(TourGuideService.java:190)
	at java.util.concurrent.ThreadPoolExecutor.runWorker(ThreadPoolExecutor.java:1149)
	at java.util.concurrent.ThreadPoolExecutor$Worker.run(ThreadPoolExecutor.java:624)
	at java.lang.Thread.run(Thread.java:748)
Exception in thread "pool-5-thread-1193" java.lang.NullPointerException
	at tourGuide.service.GpsUtilProxyServiceImpl.getUserLocation(GpsUtilProxyServiceImpl.java:24)
	at tourGuide.service.TourGuideService.trackUserLocation(TourGuideService.java:169)
	at tourGuide.service.TourGuideService.lambda$trackUserLocationList$1(TourGuideService.java:190)
	at java.util.concurrent.ThreadPoolExecutor.runWorker(ThreadPoolExecutor.java:1149)
	at java.util.concurrent.ThreadPoolExecutor$Worker.run(ThreadPoolExecutor.java:624)
	at java.lang.Thread.run(Thread.java:748)
Exception in thread "pool-4-thread-513" java.lang.NullPointerException
	at tourGuide.service.GpsUtilProxyServiceImpl.getUserLocation(GpsUtilProxyServiceImpl.java:24)
	at tourGuide.service.TourGuideService.trackUserLocation(TourGuideService.java:169)
	at tourGuide.service.TourGuideService.lambda$trackUserLocationList$1(TourGuideService.java:190)
	at java.util.concurrent.ThreadPoolExecutor.runWorker(ThreadPoolExecutor.java:1149)
	at java.util.concurrent.ThreadPoolExecutor$Worker.run(ThreadPoolExecutor.java:624)
	at java.lang.Thread.run(Thread.java:748)
Exception in thread "pool-5-thread-1195" java.lang.NullPointerException
	at tourGuide.service.GpsUtilProxyServiceImpl.getUserLocation(GpsUtilProxyServiceImpl.java:24)
	at tourGuide.service.TourGuideService.trackUserLocation(TourGuideService.java:169)
	at tourGuide.service.TourGuideService.lambda$trackUserLocationList$1(TourGuideService.java:190)
	at java.util.concurrent.ThreadPoolExecutor.runWorker(ThreadPoolExecutor.java:1149)
	at java.util.concurrent.ThreadPoolExecutor$Worker.run(ThreadPoolExecutor.java:624)
	at java.lang.Thread.run(Thread.java:748)
Exception in thread "pool-5-thread-1189" java.lang.NullPointerException
	at tourGuide.service.GpsUtilProxyServiceImpl.getUserLocation(GpsUtilProxyServiceImpl.java:24)
	at tourGuide.service.TourGuideService.trackUserLocation(TourGuideService.java:169)
	at tourGuide.service.TourGuideService.lambda$trackUserLocationList$1(TourGuideService.java:190)
	at java.util.concurrent.ThreadPoolExecutor.runWorker(ThreadPoolExecutor.java:1149)
	at java.util.concurrent.ThreadPoolExecutor$Worker.run(ThreadPoolExecutor.java:624)
	at java.lang.Thread.run(Thread.java:748)
Exception in thread "pool-5-thread-1191" java.lang.NullPointerException
	at tourGuide.service.GpsUtilProxyServiceImpl.getUserLocation(GpsUtilProxyServiceImpl.java:24)
	at tourGuide.service.TourGuideService.trackUserLocation(TourGuideService.java:169)
	at tourGuide.service.TourGuideService.lambda$trackUserLocationList$1(TourGuideService.java:190)
	at java.util.concurrent.ThreadPoolExecutor.runWorker(ThreadPoolExecutor.java:1149)
	at java.util.concurrent.ThreadPoolExecutor$Worker.run(ThreadPoolExecutor.java:624)
	at java.lang.Thread.run(Thread.java:748)
Exception in thread "pool-5-thread-1190" java.lang.NullPointerException
	at tourGuide.service.GpsUtilProxyServiceImpl.getUserLocation(GpsUtilProxyServiceImpl.java:24)
	at tourGuide.service.TourGuideService.trackUserLocation(TourGuideService.java:169)
	at tourGuide.service.TourGuideService.lambda$trackUserLocationList$1(TourGuideService.java:190)
	at java.util.concurrent.ThreadPoolExecutor.runWorker(ThreadPoolExecutor.java:1149)
	at java.util.concurrent.ThreadPoolExecutor$Worker.run(ThreadPoolExecutor.java:624)
	at java.lang.Thread.run(Thread.java:748)
Exception in thread "pool-5-thread-1187" java.lang.NullPointerException
	at tourGuide.service.GpsUtilProxyServiceImpl.getUserLocation(GpsUtilProxyServiceImpl.java:24)
	at tourGuide.service.TourGuideService.trackUserLocation(TourGuideService.java:169)
	at tourGuide.service.TourGuideService.lambda$trackUserLocationList$1(TourGuideService.java:190)
	at java.util.concurrent.ThreadPoolExecutor.runWorker(ThreadPoolExecutor.java:1149)
	at java.util.concurrent.ThreadPoolExecutor$Worker.run(ThreadPoolExecutor.java:624)
	at java.lang.Thread.run(Thread.java:748)
Exception in thread "pool-5-thread-1188" java.lang.NullPointerException
	at tourGuide.service.GpsUtilProxyServiceImpl.getUserLocation(GpsUtilProxyServiceImpl.java:24)
	at tourGuide.service.TourGuideService.trackUserLocation(TourGuideService.java:169)
	at tourGuide.service.TourGuideService.lambda$trackUserLocationList$1(TourGuideService.java:190)
	at java.util.concurrent.ThreadPoolExecutor.runWorker(ThreadPoolExecutor.java:1149)
	at java.util.concurrent.ThreadPoolExecutor$Worker.run(ThreadPoolExecutor.java:624)
	at java.lang.Thread.run(Thread.java:748)
Exception in thread "pool-5-thread-1186" java.lang.NullPointerException
	at tourGuide.service.GpsUtilProxyServiceImpl.getUserLocation(GpsUtilProxyServiceImpl.java:24)
	at tourGuide.service.TourGuideService.trackUserLocation(TourGuideService.java:169)
	at tourGuide.service.TourGuideService.lambda$trackUserLocationList$1(TourGuideService.java:190)
	at java.util.concurrent.ThreadPoolExecutor.runWorker(ThreadPoolExecutor.java:1149)
	at java.util.concurrent.ThreadPoolExecutor$Worker.run(ThreadPoolExecutor.java:624)
	at java.lang.Thread.run(Thread.java:748)
Exception in thread "pool-5-thread-1183" java.lang.NullPointerException
	at tourGuide.service.GpsUtilProxyServiceImpl.getUserLocation(GpsUtilProxyServiceImpl.java:24)
	at tourGuide.service.TourGuideService.trackUserLocation(TourGuideService.java:169)
	at tourGuide.service.TourGuideService.lambda$trackUserLocationList$1(TourGuideService.java:190)
	at java.util.concurrent.ThreadPoolExecutor.runWorker(ThreadPoolExecutor.java:1149)
	at java.util.concurrent.ThreadPoolExecutor$Worker.run(ThreadPoolExecutor.java:624)
	at java.lang.Thread.run(Thread.java:748)
Exception in thread "pool-5-thread-1185" java.lang.NullPointerException
	at tourGuide.service.GpsUtilProxyServiceImpl.getUserLocation(GpsUtilProxyServiceImpl.java:24)
	at tourGuide.service.TourGuideService.trackUserLocation(TourGuideService.java:169)
	at tourGuide.service.TourGuideService.lambda$trackUserLocationList$1(TourGuideService.java:190)
	at java.util.concurrent.ThreadPoolExecutor.runWorker(ThreadPoolExecutor.java:1149)
	at java.util.concurrent.ThreadPoolExecutor$Worker.run(ThreadPoolExecutor.java:624)
	at java.lang.Thread.run(Thread.java:748)
Exception in thread "pool-5-thread-1184" java.lang.NullPointerException
	at tourGuide.service.GpsUtilProxyServiceImpl.getUserLocation(GpsUtilProxyServiceImpl.java:24)
	at tourGuide.service.TourGuideService.trackUserLocation(TourGuideService.java:169)
	at tourGuide.service.TourGuideService.lambda$trackUserLocationList$1(TourGuideService.java:190)
	at java.util.concurrent.ThreadPoolExecutor.runWorker(ThreadPoolExecutor.java:1149)
	at java.util.concurrent.ThreadPoolExecutor$Worker.run(ThreadPoolExecutor.java:624)
	at java.lang.Thread.run(Thread.java:748)
Exception in thread "pool-5-thread-1180" java.lang.NullPointerException
	at tourGuide.service.GpsUtilProxyServiceImpl.getUserLocation(GpsUtilProxyServiceImpl.java:24)
	at tourGuide.service.TourGuideService.trackUserLocation(TourGuideService.java:169)
	at tourGuide.service.TourGuideService.lambda$trackUserLocationList$1(TourGuideService.java:190)
	at java.util.concurrent.ThreadPoolExecutor.runWorker(ThreadPoolExecutor.java:1149)
	at java.util.concurrent.ThreadPoolExecutor$Worker.run(ThreadPoolExecutor.java:624)
	at java.lang.Thread.run(Thread.java:748)
Exception in thread "pool-5-thread-1182" java.lang.NullPointerException
	at tourGuide.service.GpsUtilProxyServiceImpl.getUserLocation(GpsUtilProxyServiceImpl.java:24)
	at tourGuide.service.TourGuideService.trackUserLocation(TourGuideService.java:169)
	at tourGuide.service.TourGuideService.lambda$trackUserLocationList$1(TourGuideService.java:190)
	at java.util.concurrent.ThreadPoolExecutor.runWorker(ThreadPoolExecutor.java:1149)
	at java.util.concurrent.ThreadPoolExecutor$Worker.run(ThreadPoolExecutor.java:624)
	at java.lang.Thread.run(Thread.java:748)
Exception in thread "pool-5-thread-1179" java.lang.NullPointerException
	at tourGuide.service.GpsUtilProxyServiceImpl.getUserLocation(GpsUtilProxyServiceImpl.java:24)
	at tourGuide.service.TourGuideService.trackUserLocation(TourGuideService.java:169)
	at tourGuide.service.TourGuideService.lambda$trackUserLocationList$1(TourGuideService.java:190)
	at java.util.concurrent.ThreadPoolExecutor.runWorker(ThreadPoolExecutor.java:1149)
	at java.util.concurrent.ThreadPoolExecutor$Worker.run(ThreadPoolExecutor.java:624)
	at java.lang.Thread.run(Thread.java:748)
Exception in thread "pool-5-thread-1181" java.lang.NullPointerException
	at tourGuide.service.GpsUtilProxyServiceImpl.getUserLocation(GpsUtilProxyServiceImpl.java:24)
	at tourGuide.service.TourGuideService.trackUserLocation(TourGuideService.java:169)
	at tourGuide.service.TourGuideService.lambda$trackUserLocationList$1(TourGuideService.java:190)
	at java.util.concurrent.ThreadPoolExecutor.runWorker(ThreadPoolExecutor.java:1149)
	at java.util.concurrent.ThreadPoolExecutor$Worker.run(ThreadPoolExecutor.java:624)
	at java.lang.Thread.run(Thread.java:748)
Exception in thread "pool-5-thread-1174" java.lang.NullPointerException
	at tourGuide.service.GpsUtilProxyServiceImpl.getUserLocation(GpsUtilProxyServiceImpl.java:24)
	at tourGuide.service.TourGuideService.trackUserLocation(TourGuideService.java:169)
	at tourGuide.service.TourGuideService.lambda$trackUserLocationList$1(TourGuideService.java:190)
	at java.util.concurrent.ThreadPoolExecutor.runWorker(ThreadPoolExecutor.java:1149)
	at java.util.concurrent.ThreadPoolExecutor$Worker.run(ThreadPoolExecutor.java:624)
	at java.lang.Thread.run(Thread.java:748)
Exception in thread "pool-5-thread-1178" java.lang.NullPointerException
	at tourGuide.service.GpsUtilProxyServiceImpl.getUserLocation(GpsUtilProxyServiceImpl.java:24)
	at tourGuide.service.TourGuideService.trackUserLocation(TourGuideService.java:169)
	at tourGuide.service.TourGuideService.lambda$trackUserLocationList$1(TourGuideService.java:190)
	at java.util.concurrent.ThreadPoolExecutor.runWorker(ThreadPoolExecutor.java:1149)
	at java.util.concurrent.ThreadPoolExecutor$Worker.run(ThreadPoolExecutor.java:624)
	at java.lang.Thread.run(Thread.java:748)
Exception in thread "pool-5-thread-1177" java.lang.NullPointerException
	at tourGuide.service.GpsUtilProxyServiceImpl.getUserLocation(GpsUtilProxyServiceImpl.java:24)
	at tourGuide.service.TourGuideService.trackUserLocation(TourGuideService.java:169)
	at tourGuide.service.TourGuideService.lambda$trackUserLocationList$1(TourGuideService.java:190)
	at java.util.concurrent.ThreadPoolExecutor.runWorker(ThreadPoolExecutor.java:1149)
	at java.util.concurrent.ThreadPoolExecutor$Worker.run(ThreadPoolExecutor.java:624)
	at java.lang.Thread.run(Thread.java:748)
Exception in thread "pool-5-thread-1175" java.lang.NullPointerException
	at tourGuide.service.GpsUtilProxyServiceImpl.getUserLocation(GpsUtilProxyServiceImpl.java:24)
	at tourGuide.service.TourGuideService.trackUserLocation(TourGuideService.java:169)
	at tourGuide.service.TourGuideService.lambda$trackUserLocationList$1(TourGuideService.java:190)
	at java.util.concurrent.ThreadPoolExecutor.runWorker(ThreadPoolExecutor.java:1149)
	at java.util.concurrent.ThreadPoolExecutor$Worker.run(ThreadPoolExecutor.java:624)
	at java.lang.Thread.run(Thread.java:748)
Exception in thread "pool-5-thread-1176" java.lang.NullPointerException
	at tourGuide.service.GpsUtilProxyServiceImpl.getUserLocation(GpsUtilProxyServiceImpl.java:24)
	at tourGuide.service.TourGuideService.trackUserLocation(TourGuideService.java:169)
	at tourGuide.service.TourGuideService.lambda$trackUserLocationList$1(TourGuideService.java:190)
	at java.util.concurrent.ThreadPoolExecutor.runWorker(ThreadPoolExecutor.java:1149)
	at java.util.concurrent.ThreadPoolExecutor$Worker.run(ThreadPoolExecutor.java:624)
	at java.lang.Thread.run(Thread.java:748)
Exception in thread "pool-5-thread-1172" java.lang.NullPointerException
	at tourGuide.service.GpsUtilProxyServiceImpl.getUserLocation(GpsUtilProxyServiceImpl.java:24)
	at tourGuide.service.TourGuideService.trackUserLocation(TourGuideService.java:169)
	at tourGuide.service.TourGuideService.lambda$trackUserLocationList$1(TourGuideService.java:190)
	at java.util.concurrent.ThreadPoolExecutor.runWorker(ThreadPoolExecutor.java:1149)
	at java.util.concurrent.ThreadPoolExecutor$Worker.run(ThreadPoolExecutor.java:624)
	at java.lang.Thread.run(Thread.java:748)
Exception in thread "pool-5-thread-1171" java.lang.NullPointerException
	at tourGuide.service.GpsUtilProxyServiceImpl.getUserLocation(GpsUtilProxyServiceImpl.java:24)
	at tourGuide.service.TourGuideService.trackUserLocation(TourGuideService.java:169)
	at tourGuide.service.TourGuideService.lambda$trackUserLocationList$1(TourGuideService.java:190)
	at java.util.concurrent.ThreadPoolExecutor.runWorker(ThreadPoolExecutor.java:1149)
	at java.util.concurrent.ThreadPoolExecutor$Worker.run(ThreadPoolExecutor.java:624)
	at java.lang.Thread.run(Thread.java:748)
Exception in thread "pool-5-thread-1173" java.lang.NullPointerException
	at tourGuide.service.GpsUtilProxyServiceImpl.getUserLocation(GpsUtilProxyServiceImpl.java:24)
	at tourGuide.service.TourGuideService.trackUserLocation(TourGuideService.java:169)
	at tourGuide.service.TourGuideService.lambda$trackUserLocationList$1(TourGuideService.java:190)
	at java.util.concurrent.ThreadPoolExecutor.runWorker(ThreadPoolExecutor.java:1149)
	at java.util.concurrent.ThreadPoolExecutor$Worker.run(ThreadPoolExecutor.java:624)
	at java.lang.Thread.run(Thread.java:748)
Exception in thread "pool-5-thread-1169" java.lang.NullPointerException
	at tourGuide.service.GpsUtilProxyServiceImpl.getUserLocation(GpsUtilProxyServiceImpl.java:24)
	at tourGuide.service.TourGuideService.trackUserLocation(TourGuideService.java:169)
	at tourGuide.service.TourGuideService.lambda$trackUserLocationList$1(TourGuideService.java:190)
	at java.util.concurrent.ThreadPoolExecutor.runWorker(ThreadPoolExecutor.java:1149)
	at java.util.concurrent.ThreadPoolExecutor$Worker.run(ThreadPoolExecutor.java:624)
	at java.lang.Thread.run(Thread.java:748)
Exception in thread "pool-5-thread-1170" java.lang.NullPointerException
	at tourGuide.service.GpsUtilProxyServiceImpl.getUserLocation(GpsUtilProxyServiceImpl.java:24)
	at tourGuide.service.TourGuideService.trackUserLocation(TourGuideService.java:169)
	at tourGuide.service.TourGuideService.lambda$trackUserLocationList$1(TourGuideService.java:190)
	at java.util.concurrent.ThreadPoolExecutor.runWorker(ThreadPoolExecutor.java:1149)
	at java.util.concurrent.ThreadPoolExecutor$Worker.run(ThreadPoolExecutor.java:624)
	at java.lang.Thread.run(Thread.java:748)
Exception in thread "pool-5-thread-1168" java.lang.NullPointerException
	at tourGuide.service.GpsUtilProxyServiceImpl.getUserLocation(GpsUtilProxyServiceImpl.java:24)
	at tourGuide.service.TourGuideService.trackUserLocation(TourGuideService.java:169)
	at tourGuide.service.TourGuideService.lambda$trackUserLocationList$1(TourGuideService.java:190)
	at java.util.concurrent.ThreadPoolExecutor.runWorker(ThreadPoolExecutor.java:1149)
	at java.util.concurrent.ThreadPoolExecutor$Worker.run(ThreadPoolExecutor.java:624)
	at java.lang.Thread.run(Thread.java:748)
Exception in thread "pool-5-thread-1226" java.lang.NullPointerException
	at tourGuide.service.GpsUtilProxyServiceImpl.getUserLocation(GpsUtilProxyServiceImpl.java:24)
	at tourGuide.service.TourGuideService.trackUserLocation(TourGuideService.java:169)
	at tourGuide.service.TourGuideService.lambda$trackUserLocationList$1(TourGuideService.java:190)
	at java.util.concurrent.ThreadPoolExecutor.runWorker(ThreadPoolExecutor.java:1149)
	at java.util.concurrent.ThreadPoolExecutor$Worker.run(ThreadPoolExecutor.java:624)
	at java.lang.Thread.run(Thread.java:748)
Exception in thread "pool-5-thread-1167" java.lang.NullPointerException
	at tourGuide.service.GpsUtilProxyServiceImpl.getUserLocation(GpsUtilProxyServiceImpl.java:24)
	at tourGuide.service.TourGuideService.trackUserLocation(TourGuideService.java:169)
	at tourGuide.service.TourGuideService.lambda$trackUserLocationList$1(TourGuideService.java:190)
	at java.util.concurrent.ThreadPoolExecutor.runWorker(ThreadPoolExecutor.java:1149)
	at java.util.concurrent.ThreadPoolExecutor$Worker.run(ThreadPoolExecutor.java:624)
	at java.lang.Thread.run(Thread.java:748)
Exception in thread "pool-5-thread-1166" java.lang.NullPointerException
	at tourGuide.service.GpsUtilProxyServiceImpl.getUserLocation(GpsUtilProxyServiceImpl.java:24)
	at tourGuide.service.TourGuideService.trackUserLocation(TourGuideService.java:169)
	at tourGuide.service.TourGuideService.lambda$trackUserLocationList$1(TourGuideService.java:190)
	at java.util.concurrent.ThreadPoolExecutor.runWorker(ThreadPoolExecutor.java:1149)
	at java.util.concurrent.ThreadPoolExecutor$Worker.run(ThreadPoolExecutor.java:624)
	at java.lang.Thread.run(Thread.java:748)
Exception in thread "pool-5-thread-1165" java.lang.NullPointerException
	at tourGuide.service.GpsUtilProxyServiceImpl.getUserLocation(GpsUtilProxyServiceImpl.java:24)
	at tourGuide.service.TourGuideService.trackUserLocation(TourGuideService.java:169)
	at tourGuide.service.TourGuideService.lambda$trackUserLocationList$1(TourGuideService.java:190)
	at java.util.concurrent.ThreadPoolExecutor.runWorker(ThreadPoolExecutor.java:1149)
	at java.util.concurrent.ThreadPoolExecutor$Worker.run(ThreadPoolExecutor.java:624)
	at java.lang.Thread.run(Thread.java:748)
Exception in thread "pool-5-thread-1164" java.lang.NullPointerException
	at tourGuide.service.GpsUtilProxyServiceImpl.getUserLocation(GpsUtilProxyServiceImpl.java:24)
	at tourGuide.service.TourGuideService.trackUserLocation(TourGuideService.java:169)
	at tourGuide.service.TourGuideService.lambda$trackUserLocationList$1(TourGuideService.java:190)
	at java.util.concurrent.ThreadPoolExecutor.runWorker(ThreadPoolExecutor.java:1149)
	at java.util.concurrent.ThreadPoolExecutor$Worker.run(ThreadPoolExecutor.java:624)
	at java.lang.Thread.run(Thread.java:748)
Exception in thread "pool-5-thread-1163" java.lang.NullPointerException
	at tourGuide.service.GpsUtilProxyServiceImpl.getUserLocation(GpsUtilProxyServiceImpl.java:24)
	at tourGuide.service.TourGuideService.trackUserLocation(TourGuideService.java:169)
	at tourGuide.service.TourGuideService.lambda$trackUserLocationList$1(TourGuideService.java:190)
	at java.util.concurrent.ThreadPoolExecutor.runWorker(ThreadPoolExecutor.java:1149)
	at java.util.concurrent.ThreadPoolExecutor$Worker.run(ThreadPoolExecutor.java:624)
	at java.lang.Thread.run(Thread.java:748)
Exception in thread "pool-5-thread-1162" java.lang.NullPointerException
	at tourGuide.service.GpsUtilProxyServiceImpl.getUserLocation(GpsUtilProxyServiceImpl.java:24)
	at tourGuide.service.TourGuideService.trackUserLocation(TourGuideService.java:169)
	at tourGuide.service.TourGuideService.lambda$trackUserLocationList$1(TourGuideService.java:190)
	at java.util.concurrent.ThreadPoolExecutor.runWorker(ThreadPoolExecutor.java:1149)
	at java.util.concurrent.ThreadPoolExecutor$Worker.run(ThreadPoolExecutor.java:624)
	at java.lang.Thread.run(Thread.java:748)
Exception in thread "pool-5-thread-1161" java.lang.NullPointerException
	at tourGuide.service.GpsUtilProxyServiceImpl.getUserLocation(GpsUtilProxyServiceImpl.java:24)
	at tourGuide.service.TourGuideService.trackUserLocation(TourGuideService.java:169)
	at tourGuide.service.TourGuideService.lambda$trackUserLocationList$1(TourGuideService.java:190)
	at java.util.concurrent.ThreadPoolExecutor.runWorker(ThreadPoolExecutor.java:1149)
	at java.util.concurrent.ThreadPoolExecutor$Worker.run(ThreadPoolExecutor.java:624)
	at java.lang.Thread.run(Thread.java:748)
Exception in thread "pool-5-thread-1160" java.lang.NullPointerException
	at tourGuide.service.GpsUtilProxyServiceImpl.getUserLocation(GpsUtilProxyServiceImpl.java:24)
	at tourGuide.service.TourGuideService.trackUserLocation(TourGuideService.java:169)
	at tourGuide.service.TourGuideService.lambda$trackUserLocationList$1(TourGuideService.java:190)
	at java.util.concurrent.ThreadPoolExecutor.runWorker(ThreadPoolExecutor.java:1149)
	at java.util.concurrent.ThreadPoolExecutor$Worker.run(ThreadPoolExecutor.java:624)
	at java.lang.Thread.run(Thread.java:748)
Exception in thread "pool-5-thread-1159" java.lang.NullPointerException
	at tourGuide.service.GpsUtilProxyServiceImpl.getUserLocation(GpsUtilProxyServiceImpl.java:24)
	at tourGuide.service.TourGuideService.trackUserLocation(TourGuideService.java:169)
	at tourGuide.service.TourGuideService.lambda$trackUserLocationList$1(TourGuideService.java:190)
	at java.util.concurrent.ThreadPoolExecutor.runWorker(ThreadPoolExecutor.java:1149)
	at java.util.concurrent.ThreadPoolExecutor$Worker.run(ThreadPoolExecutor.java:624)
	at java.lang.Thread.run(Thread.java:748)
Exception in thread "pool-5-thread-1158" java.lang.NullPointerException
	at tourGuide.service.GpsUtilProxyServiceImpl.getUserLocation(GpsUtilProxyServiceImpl.java:24)
	at tourGuide.service.TourGuideService.trackUserLocation(TourGuideService.java:169)
	at tourGuide.service.TourGuideService.lambda$trackUserLocationList$1(TourGuideService.java:190)
	at java.util.concurrent.ThreadPoolExecutor.runWorker(ThreadPoolExecutor.java:1149)
	at java.util.concurrent.ThreadPoolExecutor$Worker.run(ThreadPoolExecutor.java:624)
	at java.lang.Thread.run(Thread.java:748)
Exception in thread "pool-5-thread-1157" java.lang.NullPointerException
	at tourGuide.service.GpsUtilProxyServiceImpl.getUserLocation(GpsUtilProxyServiceImpl.java:24)
	at tourGuide.service.TourGuideService.trackUserLocation(TourGuideService.java:169)
	at tourGuide.service.TourGuideService.lambda$trackUserLocationList$1(TourGuideService.java:190)
	at java.util.concurrent.ThreadPoolExecutor.runWorker(ThreadPoolExecutor.java:1149)
	at java.util.concurrent.ThreadPoolExecutor$Worker.run(ThreadPoolExecutor.java:624)
	at java.lang.Thread.run(Thread.java:748)
Exception in thread "pool-5-thread-1156" java.lang.NullPointerException
	at tourGuide.service.GpsUtilProxyServiceImpl.getUserLocation(GpsUtilProxyServiceImpl.java:24)
	at tourGuide.service.TourGuideService.trackUserLocation(TourGuideService.java:169)
	at tourGuide.service.TourGuideService.lambda$trackUserLocationList$1(TourGuideService.java:190)
	at java.util.concurrent.ThreadPoolExecutor.runWorker(ThreadPoolExecutor.java:1149)
	at java.util.concurrent.ThreadPoolExecutor$Worker.run(ThreadPoolExecutor.java:624)
	at java.lang.Thread.run(Thread.java:748)
Exception in thread "pool-5-thread-1155" java.lang.NullPointerException
	at tourGuide.service.GpsUtilProxyServiceImpl.getUserLocation(GpsUtilProxyServiceImpl.java:24)
	at tourGuide.service.TourGuideService.trackUserLocation(TourGuideService.java:169)
	at tourGuide.service.TourGuideService.lambda$trackUserLocationList$1(TourGuideService.java:190)
	at java.util.concurrent.ThreadPoolExecutor.runWorker(ThreadPoolExecutor.java:1149)
	at java.util.concurrent.ThreadPoolExecutor$Worker.run(ThreadPoolExecutor.java:624)
	at java.lang.Thread.run(Thread.java:748)
Exception in thread "pool-5-thread-1154" java.lang.NullPointerException
	at tourGuide.service.GpsUtilProxyServiceImpl.getUserLocation(GpsUtilProxyServiceImpl.java:24)
	at tourGuide.service.TourGuideService.trackUserLocation(TourGuideService.java:169)
	at tourGuide.service.TourGuideService.lambda$trackUserLocationList$1(TourGuideService.java:190)
	at java.util.concurrent.ThreadPoolExecutor.runWorker(ThreadPoolExecutor.java:1149)
	at java.util.concurrent.ThreadPoolExecutor$Worker.run(ThreadPoolExecutor.java:624)
	at java.lang.Thread.run(Thread.java:748)
Exception in thread "pool-5-thread-1153" java.lang.NullPointerException
	at tourGuide.service.GpsUtilProxyServiceImpl.getUserLocation(GpsUtilProxyServiceImpl.java:24)
	at tourGuide.service.TourGuideService.trackUserLocation(TourGuideService.java:169)
	at tourGuide.service.TourGuideService.lambda$trackUserLocationList$1(TourGuideService.java:190)
	at java.util.concurrent.ThreadPoolExecutor.runWorker(ThreadPoolExecutor.java:1149)
	at java.util.concurrent.ThreadPoolExecutor$Worker.run(ThreadPoolExecutor.java:624)
	at java.lang.Thread.run(Thread.java:748)
Exception in thread "pool-5-thread-1152" java.lang.NullPointerException
	at tourGuide.service.GpsUtilProxyServiceImpl.getUserLocation(GpsUtilProxyServiceImpl.java:24)
	at tourGuide.service.TourGuideService.trackUserLocation(TourGuideService.java:169)
	at tourGuide.service.TourGuideService.lambda$trackUserLocationList$1(TourGuideService.java:190)
	at java.util.concurrent.ThreadPoolExecutor.runWorker(ThreadPoolExecutor.java:1149)
	at java.util.concurrent.ThreadPoolExecutor$Worker.run(ThreadPoolExecutor.java:624)
	at java.lang.Thread.run(Thread.java:748)
Exception in thread "pool-5-thread-1151" java.lang.NullPointerException
	at tourGuide.service.GpsUtilProxyServiceImpl.getUserLocation(GpsUtilProxyServiceImpl.java:24)
	at tourGuide.service.TourGuideService.trackUserLocation(TourGuideService.java:169)
	at tourGuide.service.TourGuideService.lambda$trackUserLocationList$1(TourGuideService.java:190)
	at java.util.concurrent.ThreadPoolExecutor.runWorker(ThreadPoolExecutor.java:1149)
	at java.util.concurrent.ThreadPoolExecutor$Worker.run(ThreadPoolExecutor.java:624)
	at java.lang.Thread.run(Thread.java:748)
Exception in thread "pool-5-thread-1150" java.lang.NullPointerException
	at tourGuide.service.GpsUtilProxyServiceImpl.getUserLocation(GpsUtilProxyServiceImpl.java:24)
	at tourGuide.service.TourGuideService.trackUserLocation(TourGuideService.java:169)
	at tourGuide.service.TourGuideService.lambda$trackUserLocationList$1(TourGuideService.java:190)
	at java.util.concurrent.ThreadPoolExecutor.runWorker(ThreadPoolExecutor.java:1149)
	at java.util.concurrent.ThreadPoolExecutor$Worker.run(ThreadPoolExecutor.java:624)
	at java.lang.Thread.run(Thread.java:748)
Exception in thread "pool-5-thread-1149" java.lang.NullPointerException
	at tourGuide.service.GpsUtilProxyServiceImpl.getUserLocation(GpsUtilProxyServiceImpl.java:24)
	at tourGuide.service.TourGuideService.trackUserLocation(TourGuideService.java:169)
	at tourGuide.service.TourGuideService.lambda$trackUserLocationList$1(TourGuideService.java:190)
	at java.util.concurrent.ThreadPoolExecutor.runWorker(ThreadPoolExecutor.java:1149)
	at java.util.concurrent.ThreadPoolExecutor$Worker.run(ThreadPoolExecutor.java:624)
	at java.lang.Thread.run(Thread.java:748)
Exception in thread "pool-5-thread-1148" java.lang.NullPointerException
	at tourGuide.service.GpsUtilProxyServiceImpl.getUserLocation(GpsUtilProxyServiceImpl.java:24)
	at tourGuide.service.TourGuideService.trackUserLocation(TourGuideService.java:169)
	at tourGuide.service.TourGuideService.lambda$trackUserLocationList$1(TourGuideService.java:190)
	at java.util.concurrent.ThreadPoolExecutor.runWorker(ThreadPoolExecutor.java:1149)
	at java.util.concurrent.ThreadPoolExecutor$Worker.run(ThreadPoolExecutor.java:624)
	at java.lang.Thread.run(Thread.java:748)
Exception in thread "pool-5-thread-1147" java.lang.NullPointerException
	at tourGuide.service.GpsUtilProxyServiceImpl.getUserLocation(GpsUtilProxyServiceImpl.java:24)
	at tourGuide.service.TourGuideService.trackUserLocation(TourGuideService.java:169)
	at tourGuide.service.TourGuideService.lambda$trackUserLocationList$1(TourGuideService.java:190)
	at java.util.concurrent.ThreadPoolExecutor.runWorker(ThreadPoolExecutor.java:1149)
	at java.util.concurrent.ThreadPoolExecutor$Worker.run(ThreadPoolExecutor.java:624)
	at java.lang.Thread.run(Thread.java:748)
Exception in thread "pool-5-thread-1146" java.lang.NullPointerException
	at tourGuide.service.GpsUtilProxyServiceImpl.getUserLocation(GpsUtilProxyServiceImpl.java:24)
	at tourGuide.service.TourGuideService.trackUserLocation(TourGuideService.java:169)
	at tourGuide.service.TourGuideService.lambda$trackUserLocationList$1(TourGuideService.java:190)
	at java.util.concurrent.ThreadPoolExecutor.runWorker(ThreadPoolExecutor.java:1149)
	at java.util.concurrent.ThreadPoolExecutor$Worker.run(ThreadPoolExecutor.java:624)
	at java.lang.Thread.run(Thread.java:748)
Exception in thread "pool-5-thread-1145" java.lang.NullPointerException
	at tourGuide.service.GpsUtilProxyServiceImpl.getUserLocation(GpsUtilProxyServiceImpl.java:24)
	at tourGuide.service.TourGuideService.trackUserLocation(TourGuideService.java:169)
	at tourGuide.service.TourGuideService.lambda$trackUserLocationList$1(TourGuideService.java:190)
	at java.util.concurrent.ThreadPoolExecutor.runWorker(ThreadPoolExecutor.java:1149)
	at java.util.concurrent.ThreadPoolExecutor$Worker.run(ThreadPoolExecutor.java:624)
	at java.lang.Thread.run(Thread.java:748)
Exception in thread "pool-5-thread-1144" java.lang.NullPointerException
	at tourGuide.service.GpsUtilProxyServiceImpl.getUserLocation(GpsUtilProxyServiceImpl.java:24)
	at tourGuide.service.TourGuideService.trackUserLocation(TourGuideService.java:169)
	at tourGuide.service.TourGuideService.lambda$trackUserLocationList$1(TourGuideService.java:190)
	at java.util.concurrent.ThreadPoolExecutor.runWorker(ThreadPoolExecutor.java:1149)
	at java.util.concurrent.ThreadPoolExecutor$Worker.run(ThreadPoolExecutor.java:624)
	at java.lang.Thread.run(Thread.java:748)
Exception in thread "pool-5-thread-1143" java.lang.NullPointerException
	at tourGuide.service.GpsUtilProxyServiceImpl.getUserLocation(GpsUtilProxyServiceImpl.java:24)
	at tourGuide.service.TourGuideService.trackUserLocation(TourGuideService.java:169)
	at tourGuide.service.TourGuideService.lambda$trackUserLocationList$1(TourGuideService.java:190)
	at java.util.concurrent.ThreadPoolExecutor.runWorker(ThreadPoolExecutor.java:1149)
	at java.util.concurrent.ThreadPoolExecutor$Worker.run(ThreadPoolExecutor.java:624)
	at java.lang.Thread.run(Thread.java:748)
Exception in thread "pool-5-thread-1142" java.lang.NullPointerException
	at tourGuide.service.GpsUtilProxyServiceImpl.getUserLocation(GpsUtilProxyServiceImpl.java:24)
	at tourGuide.service.TourGuideService.trackUserLocation(TourGuideService.java:169)
	at tourGuide.service.TourGuideService.lambda$trackUserLocationList$1(TourGuideService.java:190)
	at java.util.concurrent.ThreadPoolExecutor.runWorker(ThreadPoolExecutor.java:1149)
	at java.util.concurrent.ThreadPoolExecutor$Worker.run(ThreadPoolExecutor.java:624)
	at java.lang.Thread.run(Thread.java:748)
Exception in thread "pool-5-thread-1141" java.lang.NullPointerException
	at tourGuide.service.GpsUtilProxyServiceImpl.getUserLocation(GpsUtilProxyServiceImpl.java:24)
	at tourGuide.service.TourGuideService.trackUserLocation(TourGuideService.java:169)
	at tourGuide.service.TourGuideService.lambda$trackUserLocationList$1(TourGuideService.java:190)
	at java.util.concurrent.ThreadPoolExecutor.runWorker(ThreadPoolExecutor.java:1149)
	at java.util.concurrent.ThreadPoolExecutor$Worker.run(ThreadPoolExecutor.java:624)
	at java.lang.Thread.run(Thread.java:748)
Exception in thread "pool-5-thread-1138" java.lang.NullPointerException
	at tourGuide.service.GpsUtilProxyServiceImpl.getUserLocation(GpsUtilProxyServiceImpl.java:24)
	at tourGuide.service.TourGuideService.trackUserLocation(TourGuideService.java:169)
	at tourGuide.service.TourGuideService.lambda$trackUserLocationList$1(TourGuideService.java:190)
	at java.util.concurrent.ThreadPoolExecutor.runWorker(ThreadPoolExecutor.java:1149)
	at java.util.concurrent.ThreadPoolExecutor$Worker.run(ThreadPoolExecutor.java:624)
	at java.lang.Thread.run(Thread.java:748)
Exception in thread "pool-5-thread-1137" java.lang.NullPointerException
	at tourGuide.service.GpsUtilProxyServiceImpl.getUserLocation(GpsUtilProxyServiceImpl.java:24)
	at tourGuide.service.TourGuideService.trackUserLocation(TourGuideService.java:169)
	at tourGuide.service.TourGuideService.lambda$trackUserLocationList$1(TourGuideService.java:190)
	at java.util.concurrent.ThreadPoolExecutor.runWorker(ThreadPoolExecutor.java:1149)
	at java.util.concurrent.ThreadPoolExecutor$Worker.run(ThreadPoolExecutor.java:624)
	at java.lang.Thread.run(Thread.java:748)
Exception in thread "pool-5-thread-1140" java.lang.NullPointerException
	at tourGuide.service.GpsUtilProxyServiceImpl.getUserLocation(GpsUtilProxyServiceImpl.java:24)
	at tourGuide.service.TourGuideService.trackUserLocation(TourGuideService.java:169)
	at tourGuide.service.TourGuideService.lambda$trackUserLocationList$1(TourGuideService.java:190)
	at java.util.concurrent.ThreadPoolExecutor.runWorker(ThreadPoolExecutor.java:1149)
	at java.util.concurrent.ThreadPoolExecutor$Worker.run(ThreadPoolExecutor.java:624)
	at java.lang.Thread.run(Thread.java:748)
Exception in thread "pool-5-thread-1139" java.lang.NullPointerException
	at tourGuide.service.GpsUtilProxyServiceImpl.getUserLocation(GpsUtilProxyServiceImpl.java:24)
	at tourGuide.service.TourGuideService.trackUserLocation(TourGuideService.java:169)
	at tourGuide.service.TourGuideService.lambda$trackUserLocationList$1(TourGuideService.java:190)
	at java.util.concurrent.ThreadPoolExecutor.runWorker(ThreadPoolExecutor.java:1149)
	at java.util.concurrent.ThreadPoolExecutor$Worker.run(ThreadPoolExecutor.java:624)
	at java.lang.Thread.run(Thread.java:748)
Exception in thread "pool-5-thread-1135" java.lang.NullPointerException
	at tourGuide.service.GpsUtilProxyServiceImpl.getUserLocation(GpsUtilProxyServiceImpl.java:24)
	at tourGuide.service.TourGuideService.trackUserLocation(TourGuideService.java:169)
	at tourGuide.service.TourGuideService.lambda$trackUserLocationList$1(TourGuideService.java:190)
	at java.util.concurrent.ThreadPoolExecutor.runWorker(ThreadPoolExecutor.java:1149)
	at java.util.concurrent.ThreadPoolExecutor$Worker.run(ThreadPoolExecutor.java:624)
	at java.lang.Thread.run(Thread.java:748)
Exception in thread "pool-5-thread-1136" java.lang.NullPointerException
	at tourGuide.service.GpsUtilProxyServiceImpl.getUserLocation(GpsUtilProxyServiceImpl.java:24)
	at tourGuide.service.TourGuideService.trackUserLocation(TourGuideService.java:169)
	at tourGuide.service.TourGuideService.lambda$trackUserLocationList$1(TourGuideService.java:190)
	at java.util.concurrent.ThreadPoolExecutor.runWorker(ThreadPoolExecutor.java:1149)
	at java.util.concurrent.ThreadPoolExecutor$Worker.run(ThreadPoolExecutor.java:624)
	at java.lang.Thread.run(Thread.java:748)
Exception in thread "pool-5-thread-1134" java.lang.NullPointerException
	at tourGuide.service.GpsUtilProxyServiceImpl.getUserLocation(GpsUtilProxyServiceImpl.java:24)
	at tourGuide.service.TourGuideService.trackUserLocation(TourGuideService.java:169)
	at tourGuide.service.TourGuideService.lambda$trackUserLocationList$1(TourGuideService.java:190)
	at java.util.concurrent.ThreadPoolExecutor.runWorker(ThreadPoolExecutor.java:1149)
	at java.util.concurrent.ThreadPoolExecutor$Worker.run(ThreadPoolExecutor.java:624)
	at java.lang.Thread.run(Thread.java:748)
Exception in thread "pool-5-thread-1133" java.lang.NullPointerException
	at tourGuide.service.GpsUtilProxyServiceImpl.getUserLocation(GpsUtilProxyServiceImpl.java:24)
	at tourGuide.service.TourGuideService.trackUserLocation(TourGuideService.java:169)
	at tourGuide.service.TourGuideService.lambda$trackUserLocationList$1(TourGuideService.java:190)
	at java.util.concurrent.ThreadPoolExecutor.runWorker(ThreadPoolExecutor.java:1149)
	at java.util.concurrent.ThreadPoolExecutor$Worker.run(ThreadPoolExecutor.java:624)
	at java.lang.Thread.run(Thread.java:748)
Exception in thread "pool-5-thread-1132" java.lang.NullPointerException
	at tourGuide.service.GpsUtilProxyServiceImpl.getUserLocation(GpsUtilProxyServiceImpl.java:24)
	at tourGuide.service.TourGuideService.trackUserLocation(TourGuideService.java:169)
	at tourGuide.service.TourGuideService.lambda$trackUserLocationList$1(TourGuideService.java:190)
	at java.util.concurrent.ThreadPoolExecutor.runWorker(ThreadPoolExecutor.java:1149)
	at java.util.concurrent.ThreadPoolExecutor$Worker.run(ThreadPoolExecutor.java:624)
	at java.lang.Thread.run(Thread.java:748)
Exception in thread "pool-5-thread-1131" java.lang.NullPointerException
	at tourGuide.service.GpsUtilProxyServiceImpl.getUserLocation(GpsUtilProxyServiceImpl.java:24)
	at tourGuide.service.TourGuideService.trackUserLocation(TourGuideService.java:169)
	at tourGuide.service.TourGuideService.lambda$trackUserLocationList$1(TourGuideService.java:190)
	at java.util.concurrent.ThreadPoolExecutor.runWorker(ThreadPoolExecutor.java:1149)
	at java.util.concurrent.ThreadPoolExecutor$Worker.run(ThreadPoolExecutor.java:624)
	at java.lang.Thread.run(Thread.java:748)
Exception in thread "pool-5-thread-1130" java.lang.NullPointerException
	at tourGuide.service.GpsUtilProxyServiceImpl.getUserLocation(GpsUtilProxyServiceImpl.java:24)
	at tourGuide.service.TourGuideService.trackUserLocation(TourGuideService.java:169)
	at tourGuide.service.TourGuideService.lambda$trackUserLocationList$1(TourGuideService.java:190)
	at java.util.concurrent.ThreadPoolExecutor.runWorker(ThreadPoolExecutor.java:1149)
	at java.util.concurrent.ThreadPoolExecutor$Worker.run(ThreadPoolExecutor.java:624)
	at java.lang.Thread.run(Thread.java:748)
Exception in thread "pool-5-thread-1128" java.lang.NullPointerException
	at tourGuide.service.GpsUtilProxyServiceImpl.getUserLocation(GpsUtilProxyServiceImpl.java:24)
	at tourGuide.service.TourGuideService.trackUserLocation(TourGuideService.java:169)
	at tourGuide.service.TourGuideService.lambda$trackUserLocationList$1(TourGuideService.java:190)
	at java.util.concurrent.ThreadPoolExecutor.runWorker(ThreadPoolExecutor.java:1149)
	at java.util.concurrent.ThreadPoolExecutor$Worker.run(ThreadPoolExecutor.java:624)
	at java.lang.Thread.run(Thread.java:748)
Exception in thread "pool-5-thread-1129" java.lang.NullPointerException
	at tourGuide.service.GpsUtilProxyServiceImpl.getUserLocation(GpsUtilProxyServiceImpl.java:24)
	at tourGuide.service.TourGuideService.trackUserLocation(TourGuideService.java:169)
	at tourGuide.service.TourGuideService.lambda$trackUserLocationList$1(TourGuideService.java:190)
	at java.util.concurrent.ThreadPoolExecutor.runWorker(ThreadPoolExecutor.java:1149)
	at java.util.concurrent.ThreadPoolExecutor$Worker.run(ThreadPoolExecutor.java:624)
	at java.lang.Thread.run(Thread.java:748)
Exception in thread "pool-5-thread-1127" java.lang.NullPointerException
	at tourGuide.service.GpsUtilProxyServiceImpl.getUserLocation(GpsUtilProxyServiceImpl.java:24)
	at tourGuide.service.TourGuideService.trackUserLocation(TourGuideService.java:169)
	at tourGuide.service.TourGuideService.lambda$trackUserLocationList$1(TourGuideService.java:190)
	at java.util.concurrent.ThreadPoolExecutor.runWorker(ThreadPoolExecutor.java:1149)
	at java.util.concurrent.ThreadPoolExecutor$Worker.run(ThreadPoolExecutor.java:624)
	at java.lang.Thread.run(Thread.java:748)
Exception in thread "pool-5-thread-1125" java.lang.NullPointerException
	at tourGuide.service.GpsUtilProxyServiceImpl.getUserLocation(GpsUtilProxyServiceImpl.java:24)
	at tourGuide.service.TourGuideService.trackUserLocation(TourGuideService.java:169)
	at tourGuide.service.TourGuideService.lambda$trackUserLocationList$1(TourGuideService.java:190)
	at java.util.concurrent.ThreadPoolExecutor.runWorker(ThreadPoolExecutor.java:1149)
	at java.util.concurrent.ThreadPoolExecutor$Worker.run(ThreadPoolExecutor.java:624)
	at java.lang.Thread.run(Thread.java:748)
Exception in thread "pool-5-thread-1126" java.lang.NullPointerException
	at tourGuide.service.GpsUtilProxyServiceImpl.getUserLocation(GpsUtilProxyServiceImpl.java:24)
	at tourGuide.service.TourGuideService.trackUserLocation(TourGuideService.java:169)
	at tourGuide.service.TourGuideService.lambda$trackUserLocationList$1(TourGuideService.java:190)
	at java.util.concurrent.ThreadPoolExecutor.runWorker(ThreadPoolExecutor.java:1149)
	at java.util.concurrent.ThreadPoolExecutor$Worker.run(ThreadPoolExecutor.java:624)
	at java.lang.Thread.run(Thread.java:748)
Exception in thread "pool-5-thread-1123" java.lang.NullPointerException
	at tourGuide.service.GpsUtilProxyServiceImpl.getUserLocation(GpsUtilProxyServiceImpl.java:24)
	at tourGuide.service.TourGuideService.trackUserLocation(TourGuideService.java:169)
	at tourGuide.service.TourGuideService.lambda$trackUserLocationList$1(TourGuideService.java:190)
	at java.util.concurrent.ThreadPoolExecutor.runWorker(ThreadPoolExecutor.java:1149)
	at java.util.concurrent.ThreadPoolExecutor$Worker.run(ThreadPoolExecutor.java:624)
	at java.lang.Thread.run(Thread.java:748)
Exception in thread "pool-5-thread-1122" java.lang.NullPointerException
	at tourGuide.service.GpsUtilProxyServiceImpl.getUserLocation(GpsUtilProxyServiceImpl.java:24)
	at tourGuide.service.TourGuideService.trackUserLocation(TourGuideService.java:169)
	at tourGuide.service.TourGuideService.lambda$trackUserLocationList$1(TourGuideService.java:190)
	at java.util.concurrent.ThreadPoolExecutor.runWorker(ThreadPoolExecutor.java:1149)
	at java.util.concurrent.ThreadPoolExecutor$Worker.run(ThreadPoolExecutor.java:624)
	at java.lang.Thread.run(Thread.java:748)
Exception in thread "pool-5-thread-1121" java.lang.NullPointerException
	at tourGuide.service.GpsUtilProxyServiceImpl.getUserLocation(GpsUtilProxyServiceImpl.java:24)
	at tourGuide.service.TourGuideService.trackUserLocation(TourGuideService.java:169)
	at tourGuide.service.TourGuideService.lambda$trackUserLocationList$1(TourGuideService.java:190)
	at java.util.concurrent.ThreadPoolExecutor.runWorker(ThreadPoolExecutor.java:1149)
	at java.util.concurrent.ThreadPoolExecutor$Worker.run(ThreadPoolExecutor.java:624)
	at java.lang.Thread.run(Thread.java:748)
Exception in thread "pool-5-thread-1120" java.lang.NullPointerException
	at tourGuide.service.GpsUtilProxyServiceImpl.getUserLocation(GpsUtilProxyServiceImpl.java:24)
	at tourGuide.service.TourGuideService.trackUserLocation(TourGuideService.java:169)
	at tourGuide.service.TourGuideService.lambda$trackUserLocationList$1(TourGuideService.java:190)
	at java.util.concurrent.ThreadPoolExecutor.runWorker(ThreadPoolExecutor.java:1149)
	at java.util.concurrent.ThreadPoolExecutor$Worker.run(ThreadPoolExecutor.java:624)
	at java.lang.Thread.run(Thread.java:748)
Exception in thread "pool-5-thread-1119" java.lang.NullPointerException
	at tourGuide.service.GpsUtilProxyServiceImpl.getUserLocation(GpsUtilProxyServiceImpl.java:24)
	at tourGuide.service.TourGuideService.trackUserLocation(TourGuideService.java:169)
	at tourGuide.service.TourGuideService.lambda$trackUserLocationList$1(TourGuideService.java:190)
	at java.util.concurrent.ThreadPoolExecutor.runWorker(ThreadPoolExecutor.java:1149)
	at java.util.concurrent.ThreadPoolExecutor$Worker.run(ThreadPoolExecutor.java:624)
	at java.lang.Thread.run(Thread.java:748)
Exception in thread "pool-5-thread-1117" java.lang.NullPointerException
	at tourGuide.service.GpsUtilProxyServiceImpl.getUserLocation(GpsUtilProxyServiceImpl.java:24)
	at tourGuide.service.TourGuideService.trackUserLocation(TourGuideService.java:169)
	at tourGuide.service.TourGuideService.lambda$trackUserLocationList$1(TourGuideService.java:190)
	at java.util.concurrent.ThreadPoolExecutor.runWorker(ThreadPoolExecutor.java:1149)
	at java.util.concurrent.ThreadPoolExecutor$Worker.run(ThreadPoolExecutor.java:624)
	at java.lang.Thread.run(Thread.java:748)
Exception in thread "pool-5-thread-1118" java.lang.NullPointerException
	at tourGuide.service.GpsUtilProxyServiceImpl.getUserLocation(GpsUtilProxyServiceImpl.java:24)
	at tourGuide.service.TourGuideService.trackUserLocation(TourGuideService.java:169)
	at tourGuide.service.TourGuideService.lambda$trackUserLocationList$1(TourGuideService.java:190)
	at java.util.concurrent.ThreadPoolExecutor.runWorker(ThreadPoolExecutor.java:1149)
	at java.util.concurrent.ThreadPoolExecutor$Worker.run(ThreadPoolExecutor.java:624)
	at java.lang.Thread.run(Thread.java:748)
Exception in thread "pool-5-thread-1116" java.lang.NullPointerException
	at tourGuide.service.GpsUtilProxyServiceImpl.getUserLocation(GpsUtilProxyServiceImpl.java:24)
	at tourGuide.service.TourGuideService.trackUserLocation(TourGuideService.java:169)
	at tourGuide.service.TourGuideService.lambda$trackUserLocationList$1(TourGuideService.java:190)
	at java.util.concurrent.ThreadPoolExecutor.runWorker(ThreadPoolExecutor.java:1149)
	at java.util.concurrent.ThreadPoolExecutor$Worker.run(ThreadPoolExecutor.java:624)
	at java.lang.Thread.run(Thread.java:748)
Exception in thread "pool-5-thread-1115" java.lang.NullPointerException
	at tourGuide.service.GpsUtilProxyServiceImpl.getUserLocation(GpsUtilProxyServiceImpl.java:24)
	at tourGuide.service.TourGuideService.trackUserLocation(TourGuideService.java:169)
	at tourGuide.service.TourGuideService.lambda$trackUserLocationList$1(TourGuideService.java:190)
	at java.util.concurrent.ThreadPoolExecutor.runWorker(ThreadPoolExecutor.java:1149)
	at java.util.concurrent.ThreadPoolExecutor$Worker.run(ThreadPoolExecutor.java:624)
	at java.lang.Thread.run(Thread.java:748)
Exception in thread "pool-5-thread-1114" java.lang.NullPointerException
	at tourGuide.service.GpsUtilProxyServiceImpl.getUserLocation(GpsUtilProxyServiceImpl.java:24)
	at tourGuide.service.TourGuideService.trackUserLocation(TourGuideService.java:169)
	at tourGuide.service.TourGuideService.lambda$trackUserLocationList$1(TourGuideService.java:190)
	at java.util.concurrent.ThreadPoolExecutor.runWorker(ThreadPoolExecutor.java:1149)
	at java.util.concurrent.ThreadPoolExecutor$Worker.run(ThreadPoolExecutor.java:624)
	at java.lang.Thread.run(Thread.java:748)
Exception in thread "pool-5-thread-1113" java.lang.NullPointerException
	at tourGuide.service.GpsUtilProxyServiceImpl.getUserLocation(GpsUtilProxyServiceImpl.java:24)
	at tourGuide.service.TourGuideService.trackUserLocation(TourGuideService.java:169)
	at tourGuide.service.TourGuideService.lambda$trackUserLocationList$1(TourGuideService.java:190)
	at java.util.concurrent.ThreadPoolExecutor.runWorker(ThreadPoolExecutor.java:1149)
	at java.util.concurrent.ThreadPoolExecutor$Worker.run(ThreadPoolExecutor.java:624)
	at java.lang.Thread.run(Thread.java:748)
Exception in thread "pool-5-thread-1112" java.lang.NullPointerException
	at tourGuide.service.GpsUtilProxyServiceImpl.getUserLocation(GpsUtilProxyServiceImpl.java:24)
	at tourGuide.service.TourGuideService.trackUserLocation(TourGuideService.java:169)
	at tourGuide.service.TourGuideService.lambda$trackUserLocationList$1(TourGuideService.java:190)
	at java.util.concurrent.ThreadPoolExecutor.runWorker(ThreadPoolExecutor.java:1149)
	at java.util.concurrent.ThreadPoolExecutor$Worker.run(ThreadPoolExecutor.java:624)
	at java.lang.Thread.run(Thread.java:748)
Exception in thread "pool-5-thread-1110" java.lang.NullPointerException
	at tourGuide.service.GpsUtilProxyServiceImpl.getUserLocation(GpsUtilProxyServiceImpl.java:24)
	at tourGuide.service.TourGuideService.trackUserLocation(TourGuideService.java:169)
	at tourGuide.service.TourGuideService.lambda$trackUserLocationList$1(TourGuideService.java:190)
	at java.util.concurrent.ThreadPoolExecutor.runWorker(ThreadPoolExecutor.java:1149)
	at java.util.concurrent.ThreadPoolExecutor$Worker.run(ThreadPoolExecutor.java:624)
	at java.lang.Thread.run(Thread.java:748)
Exception in thread "pool-5-thread-1111" java.lang.NullPointerException
	at tourGuide.service.GpsUtilProxyServiceImpl.getUserLocation(GpsUtilProxyServiceImpl.java:24)
	at tourGuide.service.TourGuideService.trackUserLocation(TourGuideService.java:169)
	at tourGuide.service.TourGuideService.lambda$trackUserLocationList$1(TourGuideService.java:190)
	at java.util.concurrent.ThreadPoolExecutor.runWorker(ThreadPoolExecutor.java:1149)
	at java.util.concurrent.ThreadPoolExecutor$Worker.run(ThreadPoolExecutor.java:624)
	at java.lang.Thread.run(Thread.java:748)
Exception in thread "pool-5-thread-1108" java.lang.NullPointerException
	at tourGuide.service.GpsUtilProxyServiceImpl.getUserLocation(GpsUtilProxyServiceImpl.java:24)
	at tourGuide.service.TourGuideService.trackUserLocation(TourGuideService.java:169)
	at tourGuide.service.TourGuideService.lambda$trackUserLocationList$1(TourGuideService.java:190)
	at java.util.concurrent.ThreadPoolExecutor.runWorker(ThreadPoolExecutor.java:1149)
	at java.util.concurrent.ThreadPoolExecutor$Worker.run(ThreadPoolExecutor.java:624)
	at java.lang.Thread.run(Thread.java:748)
Exception in thread "pool-5-thread-1109" java.lang.NullPointerException
	at tourGuide.service.GpsUtilProxyServiceImpl.getUserLocation(GpsUtilProxyServiceImpl.java:24)
	at tourGuide.service.TourGuideService.trackUserLocation(TourGuideService.java:169)
	at tourGuide.service.TourGuideService.lambda$trackUserLocationList$1(TourGuideService.java:190)
	at java.util.concurrent.ThreadPoolExecutor.runWorker(ThreadPoolExecutor.java:1149)
	at java.util.concurrent.ThreadPoolExecutor$Worker.run(ThreadPoolExecutor.java:624)
	at java.lang.Thread.run(Thread.java:748)
Exception in thread "pool-5-thread-1106" java.lang.NullPointerException
	at tourGuide.service.GpsUtilProxyServiceImpl.getUserLocation(GpsUtilProxyServiceImpl.java:24)
	at tourGuide.service.TourGuideService.trackUserLocation(TourGuideService.java:169)
	at tourGuide.service.TourGuideService.lambda$trackUserLocationList$1(TourGuideService.java:190)
	at java.util.concurrent.ThreadPoolExecutor.runWorker(ThreadPoolExecutor.java:1149)
	at java.util.concurrent.ThreadPoolExecutor$Worker.run(ThreadPoolExecutor.java:624)
	at java.lang.Thread.run(Thread.java:748)
Exception in thread "pool-5-thread-1107" java.lang.NullPointerException
	at tourGuide.service.GpsUtilProxyServiceImpl.getUserLocation(GpsUtilProxyServiceImpl.java:24)
	at tourGuide.service.TourGuideService.trackUserLocation(TourGuideService.java:169)
	at tourGuide.service.TourGuideService.lambda$trackUserLocationList$1(TourGuideService.java:190)
	at java.util.concurrent.ThreadPoolExecutor.runWorker(ThreadPoolExecutor.java:1149)
	at java.util.concurrent.ThreadPoolExecutor$Worker.run(ThreadPoolExecutor.java:624)
	at java.lang.Thread.run(Thread.java:748)
Exception in thread "pool-5-thread-1104" java.lang.NullPointerException
	at tourGuide.service.GpsUtilProxyServiceImpl.getUserLocation(GpsUtilProxyServiceImpl.java:24)
	at tourGuide.service.TourGuideService.trackUserLocation(TourGuideService.java:169)
	at tourGuide.service.TourGuideService.lambda$trackUserLocationList$1(TourGuideService.java:190)
	at java.util.concurrent.ThreadPoolExecutor.runWorker(ThreadPoolExecutor.java:1149)
	at java.util.concurrent.ThreadPoolExecutor$Worker.run(ThreadPoolExecutor.java:624)
	at java.lang.Thread.run(Thread.java:748)
Exception in thread "pool-5-thread-1103" java.lang.NullPointerException
	at tourGuide.service.GpsUtilProxyServiceImpl.getUserLocation(GpsUtilProxyServiceImpl.java:24)
	at tourGuide.service.TourGuideService.trackUserLocation(TourGuideService.java:169)
	at tourGuide.service.TourGuideService.lambda$trackUserLocationList$1(TourGuideService.java:190)
	at java.util.concurrent.ThreadPoolExecutor.runWorker(ThreadPoolExecutor.java:1149)
	at java.util.concurrent.ThreadPoolExecutor$Worker.run(ThreadPoolExecutor.java:624)
	at java.lang.Thread.run(Thread.java:748)
Exception in thread "pool-5-thread-1105" java.lang.NullPointerException
	at tourGuide.service.GpsUtilProxyServiceImpl.getUserLocation(GpsUtilProxyServiceImpl.java:24)
	at tourGuide.service.TourGuideService.trackUserLocation(TourGuideService.java:169)
	at tourGuide.service.TourGuideService.lambda$trackUserLocationList$1(TourGuideService.java:190)
	at java.util.concurrent.ThreadPoolExecutor.runWorker(ThreadPoolExecutor.java:1149)
	at java.util.concurrent.ThreadPoolExecutor$Worker.run(ThreadPoolExecutor.java:624)
	at java.lang.Thread.run(Thread.java:748)
Exception in thread "pool-5-thread-1102" java.lang.NullPointerException
	at tourGuide.service.GpsUtilProxyServiceImpl.getUserLocation(GpsUtilProxyServiceImpl.java:24)
	at tourGuide.service.TourGuideService.trackUserLocation(TourGuideService.java:169)
	at tourGuide.service.TourGuideService.lambda$trackUserLocationList$1(TourGuideService.java:190)
	at java.util.concurrent.ThreadPoolExecutor.runWorker(ThreadPoolExecutor.java:1149)
	at java.util.concurrent.ThreadPoolExecutor$Worker.run(ThreadPoolExecutor.java:624)
	at java.lang.Thread.run(Thread.java:748)
Exception in thread "pool-5-thread-1101" java.lang.NullPointerException
	at tourGuide.service.GpsUtilProxyServiceImpl.getUserLocation(GpsUtilProxyServiceImpl.java:24)
	at tourGuide.service.TourGuideService.trackUserLocation(TourGuideService.java:169)
	at tourGuide.service.TourGuideService.lambda$trackUserLocationList$1(TourGuideService.java:190)
	at java.util.concurrent.ThreadPoolExecutor.runWorker(ThreadPoolExecutor.java:1149)
	at java.util.concurrent.ThreadPoolExecutor$Worker.run(ThreadPoolExecutor.java:624)
	at java.lang.Thread.run(Thread.java:748)
Exception in thread "pool-5-thread-1100" java.lang.NullPointerException
	at tourGuide.service.GpsUtilProxyServiceImpl.getUserLocation(GpsUtilProxyServiceImpl.java:24)
	at tourGuide.service.TourGuideService.trackUserLocation(TourGuideService.java:169)
	at tourGuide.service.TourGuideService.lambda$trackUserLocationList$1(TourGuideService.java:190)
	at java.util.concurrent.ThreadPoolExecutor.runWorker(ThreadPoolExecutor.java:1149)
	at java.util.concurrent.ThreadPoolExecutor$Worker.run(ThreadPoolExecutor.java:624)
	at java.lang.Thread.run(Thread.java:748)
Exception in thread "pool-5-thread-1099" java.lang.NullPointerException
	at tourGuide.service.GpsUtilProxyServiceImpl.getUserLocation(GpsUtilProxyServiceImpl.java:24)
	at tourGuide.service.TourGuideService.trackUserLocation(TourGuideService.java:169)
	at tourGuide.service.TourGuideService.lambda$trackUserLocationList$1(TourGuideService.java:190)
	at java.util.concurrent.ThreadPoolExecutor.runWorker(ThreadPoolExecutor.java:1149)
	at java.util.concurrent.ThreadPoolExecutor$Worker.run(ThreadPoolExecutor.java:624)
	at java.lang.Thread.run(Thread.java:748)
Exception in thread "pool-5-thread-1096" java.lang.NullPointerException
	at tourGuide.service.GpsUtilProxyServiceImpl.getUserLocation(GpsUtilProxyServiceImpl.java:24)
	at tourGuide.service.TourGuideService.trackUserLocation(TourGuideService.java:169)
	at tourGuide.service.TourGuideService.lambda$trackUserLocationList$1(TourGuideService.java:190)
	at java.util.concurrent.ThreadPoolExecutor.runWorker(ThreadPoolExecutor.java:1149)
	at java.util.concurrent.ThreadPoolExecutor$Worker.run(ThreadPoolExecutor.java:624)
	at java.lang.Thread.run(Thread.java:748)
Exception in thread "pool-5-thread-1098" java.lang.NullPointerException
	at tourGuide.service.GpsUtilProxyServiceImpl.getUserLocation(GpsUtilProxyServiceImpl.java:24)
	at tourGuide.service.TourGuideService.trackUserLocation(TourGuideService.java:169)
	at tourGuide.service.TourGuideService.lambda$trackUserLocationList$1(TourGuideService.java:190)
	at java.util.concurrent.ThreadPoolExecutor.runWorker(ThreadPoolExecutor.java:1149)
	at java.util.concurrent.ThreadPoolExecutor$Worker.run(ThreadPoolExecutor.java:624)
	at java.lang.Thread.run(Thread.java:748)
Exception in thread "pool-5-thread-1095" java.lang.NullPointerException
	at tourGuide.service.GpsUtilProxyServiceImpl.getUserLocation(GpsUtilProxyServiceImpl.java:24)
	at tourGuide.service.TourGuideService.trackUserLocation(TourGuideService.java:169)
	at tourGuide.service.TourGuideService.lambda$trackUserLocationList$1(TourGuideService.java:190)
	at java.util.concurrent.ThreadPoolExecutor.runWorker(ThreadPoolExecutor.java:1149)
	at java.util.concurrent.ThreadPoolExecutor$Worker.run(ThreadPoolExecutor.java:624)
	at java.lang.Thread.run(Thread.java:748)
Exception in thread "pool-5-thread-1097" java.lang.NullPointerException
	at tourGuide.service.GpsUtilProxyServiceImpl.getUserLocation(GpsUtilProxyServiceImpl.java:24)
	at tourGuide.service.TourGuideService.trackUserLocation(TourGuideService.java:169)
	at tourGuide.service.TourGuideService.lambda$trackUserLocationList$1(TourGuideService.java:190)
	at java.util.concurrent.ThreadPoolExecutor.runWorker(ThreadPoolExecutor.java:1149)
	at java.util.concurrent.ThreadPoolExecutor$Worker.run(ThreadPoolExecutor.java:624)
	at java.lang.Thread.run(Thread.java:748)
Exception in thread "pool-5-thread-1094" java.lang.NullPointerException
	at tourGuide.service.GpsUtilProxyServiceImpl.getUserLocation(GpsUtilProxyServiceImpl.java:24)
	at tourGuide.service.TourGuideService.trackUserLocation(TourGuideService.java:169)
	at tourGuide.service.TourGuideService.lambda$trackUserLocationList$1(TourGuideService.java:190)
	at java.util.concurrent.ThreadPoolExecutor.runWorker(ThreadPoolExecutor.java:1149)
	at java.util.concurrent.ThreadPoolExecutor$Worker.run(ThreadPoolExecutor.java:624)
	at java.lang.Thread.run(Thread.java:748)
Exception in thread "pool-5-thread-1093" java.lang.NullPointerException
	at tourGuide.service.GpsUtilProxyServiceImpl.getUserLocation(GpsUtilProxyServiceImpl.java:24)
	at tourGuide.service.TourGuideService.trackUserLocation(TourGuideService.java:169)
	at tourGuide.service.TourGuideService.lambda$trackUserLocationList$1(TourGuideService.java:190)
	at java.util.concurrent.ThreadPoolExecutor.runWorker(ThreadPoolExecutor.java:1149)
	at java.util.concurrent.ThreadPoolExecutor$Worker.run(ThreadPoolExecutor.java:624)
	at java.lang.Thread.run(Thread.java:748)
Exception in thread "pool-5-thread-1092" java.lang.NullPointerException
	at tourGuide.service.GpsUtilProxyServiceImpl.getUserLocation(GpsUtilProxyServiceImpl.java:24)
	at tourGuide.service.TourGuideService.trackUserLocation(TourGuideService.java:169)
	at tourGuide.service.TourGuideService.lambda$trackUserLocationList$1(TourGuideService.java:190)
	at java.util.concurrent.ThreadPoolExecutor.runWorker(ThreadPoolExecutor.java:1149)
	at java.util.concurrent.ThreadPoolExecutor$Worker.run(ThreadPoolExecutor.java:624)
	at java.lang.Thread.run(Thread.java:748)
Exception in thread "pool-5-thread-1091" java.lang.NullPointerException
	at tourGuide.service.GpsUtilProxyServiceImpl.getUserLocation(GpsUtilProxyServiceImpl.java:24)
	at tourGuide.service.TourGuideService.trackUserLocation(TourGuideService.java:169)
	at tourGuide.service.TourGuideService.lambda$trackUserLocationList$1(TourGuideService.java:190)
	at java.util.concurrent.ThreadPoolExecutor.runWorker(ThreadPoolExecutor.java:1149)
	at java.util.concurrent.ThreadPoolExecutor$Worker.run(ThreadPoolExecutor.java:624)
	at java.lang.Thread.run(Thread.java:748)
Exception in thread "pool-5-thread-1090" java.lang.NullPointerException
	at tourGuide.service.GpsUtilProxyServiceImpl.getUserLocation(GpsUtilProxyServiceImpl.java:24)
	at tourGuide.service.TourGuideService.trackUserLocation(TourGuideService.java:169)
	at tourGuide.service.TourGuideService.lambda$trackUserLocationList$1(TourGuideService.java:190)
	at java.util.concurrent.ThreadPoolExecutor.runWorker(ThreadPoolExecutor.java:1149)
	at java.util.concurrent.ThreadPoolExecutor$Worker.run(ThreadPoolExecutor.java:624)
	at java.lang.Thread.run(Thread.java:748)
Exception in thread "pool-5-thread-1088" java.lang.NullPointerException
	at tourGuide.service.GpsUtilProxyServiceImpl.getUserLocation(GpsUtilProxyServiceImpl.java:24)
	at tourGuide.service.TourGuideService.trackUserLocation(TourGuideService.java:169)
	at tourGuide.service.TourGuideService.lambda$trackUserLocationList$1(TourGuideService.java:190)
	at java.util.concurrent.ThreadPoolExecutor.runWorker(ThreadPoolExecutor.java:1149)
	at java.util.concurrent.ThreadPoolExecutor$Worker.run(ThreadPoolExecutor.java:624)
	at java.lang.Thread.run(Thread.java:748)
Exception in thread "pool-5-thread-1087" java.lang.NullPointerException
	at tourGuide.service.GpsUtilProxyServiceImpl.getUserLocation(GpsUtilProxyServiceImpl.java:24)
	at tourGuide.service.TourGuideService.trackUserLocation(TourGuideService.java:169)
	at tourGuide.service.TourGuideService.lambda$trackUserLocationList$1(TourGuideService.java:190)
	at java.util.concurrent.ThreadPoolExecutor.runWorker(ThreadPoolExecutor.java:1149)
	at java.util.concurrent.ThreadPoolExecutor$Worker.run(ThreadPoolExecutor.java:624)
	at java.lang.Thread.run(Thread.java:748)
Exception in thread "pool-5-thread-1089" java.lang.NullPointerException
	at tourGuide.service.GpsUtilProxyServiceImpl.getUserLocation(GpsUtilProxyServiceImpl.java:24)
	at tourGuide.service.TourGuideService.trackUserLocation(TourGuideService.java:169)
	at tourGuide.service.TourGuideService.lambda$trackUserLocationList$1(TourGuideService.java:190)
	at java.util.concurrent.ThreadPoolExecutor.runWorker(ThreadPoolExecutor.java:1149)
	at java.util.concurrent.ThreadPoolExecutor$Worker.run(ThreadPoolExecutor.java:624)
	at java.lang.Thread.run(Thread.java:748)
Exception in thread "pool-5-thread-1086" java.lang.NullPointerException
	at tourGuide.service.GpsUtilProxyServiceImpl.getUserLocation(GpsUtilProxyServiceImpl.java:24)
	at tourGuide.service.TourGuideService.trackUserLocation(TourGuideService.java:169)
	at tourGuide.service.TourGuideService.lambda$trackUserLocationList$1(TourGuideService.java:190)
	at java.util.concurrent.ThreadPoolExecutor.runWorker(ThreadPoolExecutor.java:1149)
	at java.util.concurrent.ThreadPoolExecutor$Worker.run(ThreadPoolExecutor.java:624)
	at java.lang.Thread.run(Thread.java:748)
Exception in thread "pool-5-thread-1085" java.lang.NullPointerException
	at tourGuide.service.GpsUtilProxyServiceImpl.getUserLocation(GpsUtilProxyServiceImpl.java:24)
	at tourGuide.service.TourGuideService.trackUserLocation(TourGuideService.java:169)
	at tourGuide.service.TourGuideService.lambda$trackUserLocationList$1(TourGuideService.java:190)
	at java.util.concurrent.ThreadPoolExecutor.runWorker(ThreadPoolExecutor.java:1149)
	at java.util.concurrent.ThreadPoolExecutor$Worker.run(ThreadPoolExecutor.java:624)
	at java.lang.Thread.run(Thread.java:748)
Exception in thread "pool-5-thread-1084" java.lang.NullPointerException
	at tourGuide.service.GpsUtilProxyServiceImpl.getUserLocation(GpsUtilProxyServiceImpl.java:24)
	at tourGuide.service.TourGuideService.trackUserLocation(TourGuideService.java:169)
	at tourGuide.service.TourGuideService.lambda$trackUserLocationList$1(TourGuideService.java:190)
	at java.util.concurrent.ThreadPoolExecutor.runWorker(ThreadPoolExecutor.java:1149)
	at java.util.concurrent.ThreadPoolExecutor$Worker.run(ThreadPoolExecutor.java:624)
	at java.lang.Thread.run(Thread.java:748)
Exception in thread "pool-5-thread-1080" java.lang.NullPointerException
	at tourGuide.service.GpsUtilProxyServiceImpl.getUserLocation(GpsUtilProxyServiceImpl.java:24)
	at tourGuide.service.TourGuideService.trackUserLocation(TourGuideService.java:169)
	at tourGuide.service.TourGuideService.lambda$trackUserLocationList$1(TourGuideService.java:190)
	at java.util.concurrent.ThreadPoolExecutor.runWorker(ThreadPoolExecutor.java:1149)
	at java.util.concurrent.ThreadPoolExecutor$Worker.run(ThreadPoolExecutor.java:624)
	at java.lang.Thread.run(Thread.java:748)
Exception in thread "pool-5-thread-1082" java.lang.NullPointerException
	at tourGuide.service.GpsUtilProxyServiceImpl.getUserLocation(GpsUtilProxyServiceImpl.java:24)
	at tourGuide.service.TourGuideService.trackUserLocation(TourGuideService.java:169)
	at tourGuide.service.TourGuideService.lambda$trackUserLocationList$1(TourGuideService.java:190)
	at java.util.concurrent.ThreadPoolExecutor.runWorker(ThreadPoolExecutor.java:1149)
	at java.util.concurrent.ThreadPoolExecutor$Worker.run(ThreadPoolExecutor.java:624)
	at java.lang.Thread.run(Thread.java:748)
Exception in thread "pool-5-thread-1081" java.lang.NullPointerException
	at tourGuide.service.GpsUtilProxyServiceImpl.getUserLocation(GpsUtilProxyServiceImpl.java:24)
	at tourGuide.service.TourGuideService.trackUserLocation(TourGuideService.java:169)
	at tourGuide.service.TourGuideService.lambda$trackUserLocationList$1(TourGuideService.java:190)
	at java.util.concurrent.ThreadPoolExecutor.runWorker(ThreadPoolExecutor.java:1149)
	at java.util.concurrent.ThreadPoolExecutor$Worker.run(ThreadPoolExecutor.java:624)
	at java.lang.Thread.run(Thread.java:748)
Exception in thread "pool-5-thread-1083" java.lang.NullPointerException
	at tourGuide.service.GpsUtilProxyServiceImpl.getUserLocation(GpsUtilProxyServiceImpl.java:24)
	at tourGuide.service.TourGuideService.trackUserLocation(TourGuideService.java:169)
	at tourGuide.service.TourGuideService.lambda$trackUserLocationList$1(TourGuideService.java:190)
	at java.util.concurrent.ThreadPoolExecutor.runWorker(ThreadPoolExecutor.java:1149)
	at java.util.concurrent.ThreadPoolExecutor$Worker.run(ThreadPoolExecutor.java:624)
	at java.lang.Thread.run(Thread.java:748)
Exception in thread "pool-5-thread-1079" java.lang.NullPointerException
	at tourGuide.service.GpsUtilProxyServiceImpl.getUserLocation(GpsUtilProxyServiceImpl.java:24)
	at tourGuide.service.TourGuideService.trackUserLocation(TourGuideService.java:169)
	at tourGuide.service.TourGuideService.lambda$trackUserLocationList$1(TourGuideService.java:190)
	at java.util.concurrent.ThreadPoolExecutor.runWorker(ThreadPoolExecutor.java:1149)
	at java.util.concurrent.ThreadPoolExecutor$Worker.run(ThreadPoolExecutor.java:624)
	at java.lang.Thread.run(Thread.java:748)
Exception in thread "pool-5-thread-1078" java.lang.NullPointerException
	at tourGuide.service.GpsUtilProxyServiceImpl.getUserLocation(GpsUtilProxyServiceImpl.java:24)
	at tourGuide.service.TourGuideService.trackUserLocation(TourGuideService.java:169)
	at tourGuide.service.TourGuideService.lambda$trackUserLocationList$1(TourGuideService.java:190)
	at java.util.concurrent.ThreadPoolExecutor.runWorker(ThreadPoolExecutor.java:1149)
	at java.util.concurrent.ThreadPoolExecutor$Worker.run(ThreadPoolExecutor.java:624)
	at java.lang.Thread.run(Thread.java:748)
Exception in thread "pool-5-thread-1077" java.lang.NullPointerException
	at tourGuide.service.GpsUtilProxyServiceImpl.getUserLocation(GpsUtilProxyServiceImpl.java:24)
	at tourGuide.service.TourGuideService.trackUserLocation(TourGuideService.java:169)
	at tourGuide.service.TourGuideService.lambda$trackUserLocationList$1(TourGuideService.java:190)
	at java.util.concurrent.ThreadPoolExecutor.runWorker(ThreadPoolExecutor.java:1149)
	at java.util.concurrent.ThreadPoolExecutor$Worker.run(ThreadPoolExecutor.java:624)
	at java.lang.Thread.run(Thread.java:748)
Exception in thread "pool-5-thread-1076" java.lang.NullPointerException
	at tourGuide.service.GpsUtilProxyServiceImpl.getUserLocation(GpsUtilProxyServiceImpl.java:24)
	at tourGuide.service.TourGuideService.trackUserLocation(TourGuideService.java:169)
	at tourGuide.service.TourGuideService.lambda$trackUserLocationList$1(TourGuideService.java:190)
	at java.util.concurrent.ThreadPoolExecutor.runWorker(ThreadPoolExecutor.java:1149)
	at java.util.concurrent.ThreadPoolExecutor$Worker.run(ThreadPoolExecutor.java:624)
	at java.lang.Thread.run(Thread.java:748)
Exception in thread "pool-5-thread-1074" java.lang.NullPointerException
	at tourGuide.service.GpsUtilProxyServiceImpl.getUserLocation(GpsUtilProxyServiceImpl.java:24)
	at tourGuide.service.TourGuideService.trackUserLocation(TourGuideService.java:169)
	at tourGuide.service.TourGuideService.lambda$trackUserLocationList$1(TourGuideService.java:190)
	at java.util.concurrent.ThreadPoolExecutor.runWorker(ThreadPoolExecutor.java:1149)
	at java.util.concurrent.ThreadPoolExecutor$Worker.run(ThreadPoolExecutor.java:624)
	at java.lang.Thread.run(Thread.java:748)
Exception in thread "pool-5-thread-1073" java.lang.NullPointerException
	at tourGuide.service.GpsUtilProxyServiceImpl.getUserLocation(GpsUtilProxyServiceImpl.java:24)
	at tourGuide.service.TourGuideService.trackUserLocation(TourGuideService.java:169)
	at tourGuide.service.TourGuideService.lambda$trackUserLocationList$1(TourGuideService.java:190)
	at java.util.concurrent.ThreadPoolExecutor.runWorker(ThreadPoolExecutor.java:1149)
	at java.util.concurrent.ThreadPoolExecutor$Worker.run(ThreadPoolExecutor.java:624)
	at java.lang.Thread.run(Thread.java:748)
Exception in thread "pool-5-thread-1075" java.lang.NullPointerException
	at tourGuide.service.GpsUtilProxyServiceImpl.getUserLocation(GpsUtilProxyServiceImpl.java:24)
	at tourGuide.service.TourGuideService.trackUserLocation(TourGuideService.java:169)
	at tourGuide.service.TourGuideService.lambda$trackUserLocationList$1(TourGuideService.java:190)
	at java.util.concurrent.ThreadPoolExecutor.runWorker(ThreadPoolExecutor.java:1149)
	at java.util.concurrent.ThreadPoolExecutor$Worker.run(ThreadPoolExecutor.java:624)
	at java.lang.Thread.run(Thread.java:748)
Exception in thread "pool-5-thread-1071" java.lang.NullPointerException
	at tourGuide.service.GpsUtilProxyServiceImpl.getUserLocation(GpsUtilProxyServiceImpl.java:24)
	at tourGuide.service.TourGuideService.trackUserLocation(TourGuideService.java:169)
	at tourGuide.service.TourGuideService.lambda$trackUserLocationList$1(TourGuideService.java:190)
	at java.util.concurrent.ThreadPoolExecutor.runWorker(ThreadPoolExecutor.java:1149)
	at java.util.concurrent.ThreadPoolExecutor$Worker.run(ThreadPoolExecutor.java:624)
	at java.lang.Thread.run(Thread.java:748)
Exception in thread "pool-5-thread-1072" java.lang.NullPointerException
	at tourGuide.service.GpsUtilProxyServiceImpl.getUserLocation(GpsUtilProxyServiceImpl.java:24)
	at tourGuide.service.TourGuideService.trackUserLocation(TourGuideService.java:169)
	at tourGuide.service.TourGuideService.lambda$trackUserLocationList$1(TourGuideService.java:190)
	at java.util.concurrent.ThreadPoolExecutor.runWorker(ThreadPoolExecutor.java:1149)
	at java.util.concurrent.ThreadPoolExecutor$Worker.run(ThreadPoolExecutor.java:624)
	at java.lang.Thread.run(Thread.java:748)
Exception in thread "pool-5-thread-1070" java.lang.NullPointerException
	at tourGuide.service.GpsUtilProxyServiceImpl.getUserLocation(GpsUtilProxyServiceImpl.java:24)
	at tourGuide.service.TourGuideService.trackUserLocation(TourGuideService.java:169)
	at tourGuide.service.TourGuideService.lambda$trackUserLocationList$1(TourGuideService.java:190)
	at java.util.concurrent.ThreadPoolExecutor.runWorker(ThreadPoolExecutor.java:1149)
	at java.util.concurrent.ThreadPoolExecutor$Worker.run(ThreadPoolExecutor.java:624)
	at java.lang.Thread.run(Thread.java:748)
Exception in thread "pool-5-thread-1068" java.lang.NullPointerException
	at tourGuide.service.GpsUtilProxyServiceImpl.getUserLocation(GpsUtilProxyServiceImpl.java:24)
	at tourGuide.service.TourGuideService.trackUserLocation(TourGuideService.java:169)
	at tourGuide.service.TourGuideService.lambda$trackUserLocationList$1(TourGuideService.java:190)
	at java.util.concurrent.ThreadPoolExecutor.runWorker(ThreadPoolExecutor.java:1149)
	at java.util.concurrent.ThreadPoolExecutor$Worker.run(ThreadPoolExecutor.java:624)
	at java.lang.Thread.run(Thread.java:748)
Exception in thread "pool-5-thread-1069" java.lang.NullPointerException
	at tourGuide.service.GpsUtilProxyServiceImpl.getUserLocation(GpsUtilProxyServiceImpl.java:24)
	at tourGuide.service.TourGuideService.trackUserLocation(TourGuideService.java:169)
	at tourGuide.service.TourGuideService.lambda$trackUserLocationList$1(TourGuideService.java:190)
	at java.util.concurrent.ThreadPoolExecutor.runWorker(ThreadPoolExecutor.java:1149)
	at java.util.concurrent.ThreadPoolExecutor$Worker.run(ThreadPoolExecutor.java:624)
	at java.lang.Thread.run(Thread.java:748)
Exception in thread "pool-5-thread-1067" java.lang.NullPointerException
	at tourGuide.service.GpsUtilProxyServiceImpl.getUserLocation(GpsUtilProxyServiceImpl.java:24)
	at tourGuide.service.TourGuideService.trackUserLocation(TourGuideService.java:169)
	at tourGuide.service.TourGuideService.lambda$trackUserLocationList$1(TourGuideService.java:190)
	at java.util.concurrent.ThreadPoolExecutor.runWorker(ThreadPoolExecutor.java:1149)
	at java.util.concurrent.ThreadPoolExecutor$Worker.run(ThreadPoolExecutor.java:624)
	at java.lang.Thread.run(Thread.java:748)
Exception in thread "pool-5-thread-1066" java.lang.NullPointerException
	at tourGuide.service.GpsUtilProxyServiceImpl.getUserLocation(GpsUtilProxyServiceImpl.java:24)
	at tourGuide.service.TourGuideService.trackUserLocation(TourGuideService.java:169)
	at tourGuide.service.TourGuideService.lambda$trackUserLocationList$1(TourGuideService.java:190)
	at java.util.concurrent.ThreadPoolExecutor.runWorker(ThreadPoolExecutor.java:1149)
	at java.util.concurrent.ThreadPoolExecutor$Worker.run(ThreadPoolExecutor.java:624)
	at java.lang.Thread.run(Thread.java:748)
Exception in thread "pool-5-thread-1065" java.lang.NullPointerException
	at tourGuide.service.GpsUtilProxyServiceImpl.getUserLocation(GpsUtilProxyServiceImpl.java:24)
	at tourGuide.service.TourGuideService.trackUserLocation(TourGuideService.java:169)
	at tourGuide.service.TourGuideService.lambda$trackUserLocationList$1(TourGuideService.java:190)
	at java.util.concurrent.ThreadPoolExecutor.runWorker(ThreadPoolExecutor.java:1149)
	at java.util.concurrent.ThreadPoolExecutor$Worker.run(ThreadPoolExecutor.java:624)
	at java.lang.Thread.run(Thread.java:748)
Exception in thread "pool-5-thread-1063" java.lang.NullPointerException
	at tourGuide.service.GpsUtilProxyServiceImpl.getUserLocation(GpsUtilProxyServiceImpl.java:24)
	at tourGuide.service.TourGuideService.trackUserLocation(TourGuideService.java:169)
	at tourGuide.service.TourGuideService.lambda$trackUserLocationList$1(TourGuideService.java:190)
	at java.util.concurrent.ThreadPoolExecutor.runWorker(ThreadPoolExecutor.java:1149)
	at java.util.concurrent.ThreadPoolExecutor$Worker.run(ThreadPoolExecutor.java:624)
	at java.lang.Thread.run(Thread.java:748)
Exception in thread "pool-5-thread-1064" java.lang.NullPointerException
	at tourGuide.service.GpsUtilProxyServiceImpl.getUserLocation(GpsUtilProxyServiceImpl.java:24)
	at tourGuide.service.TourGuideService.trackUserLocation(TourGuideService.java:169)
	at tourGuide.service.TourGuideService.lambda$trackUserLocationList$1(TourGuideService.java:190)
	at java.util.concurrent.ThreadPoolExecutor.runWorker(ThreadPoolExecutor.java:1149)
	at java.util.concurrent.ThreadPoolExecutor$Worker.run(ThreadPoolExecutor.java:624)
	at java.lang.Thread.run(Thread.java:748)
Exception in thread "pool-5-thread-1062" java.lang.NullPointerException
	at tourGuide.service.GpsUtilProxyServiceImpl.getUserLocation(GpsUtilProxyServiceImpl.java:24)
	at tourGuide.service.TourGuideService.trackUserLocation(TourGuideService.java:169)
	at tourGuide.service.TourGuideService.lambda$trackUserLocationList$1(TourGuideService.java:190)
	at java.util.concurrent.ThreadPoolExecutor.runWorker(ThreadPoolExecutor.java:1149)
	at java.util.concurrent.ThreadPoolExecutor$Worker.run(ThreadPoolExecutor.java:624)
	at java.lang.Thread.run(Thread.java:748)
Exception in thread "pool-5-thread-1061" java.lang.NullPointerException
	at tourGuide.service.GpsUtilProxyServiceImpl.getUserLocation(GpsUtilProxyServiceImpl.java:24)
	at tourGuide.service.TourGuideService.trackUserLocation(TourGuideService.java:169)
	at tourGuide.service.TourGuideService.lambda$trackUserLocationList$1(TourGuideService.java:190)
	at java.util.concurrent.ThreadPoolExecutor.runWorker(ThreadPoolExecutor.java:1149)
	at java.util.concurrent.ThreadPoolExecutor$Worker.run(ThreadPoolExecutor.java:624)
	at java.lang.Thread.run(Thread.java:748)
Exception in thread "pool-5-thread-1060" java.lang.NullPointerException
	at tourGuide.service.GpsUtilProxyServiceImpl.getUserLocation(GpsUtilProxyServiceImpl.java:24)
	at tourGuide.service.TourGuideService.trackUserLocation(TourGuideService.java:169)
	at tourGuide.service.TourGuideService.lambda$trackUserLocationList$1(TourGuideService.java:190)
	at java.util.concurrent.ThreadPoolExecutor.runWorker(ThreadPoolExecutor.java:1149)
	at java.util.concurrent.ThreadPoolExecutor$Worker.run(ThreadPoolExecutor.java:624)
	at java.lang.Thread.run(Thread.java:748)
Exception in thread "pool-5-thread-1059" java.lang.NullPointerException
	at tourGuide.service.GpsUtilProxyServiceImpl.getUserLocation(GpsUtilProxyServiceImpl.java:24)
	at tourGuide.service.TourGuideService.trackUserLocation(TourGuideService.java:169)
	at tourGuide.service.TourGuideService.lambda$trackUserLocationList$1(TourGuideService.java:190)
	at java.util.concurrent.ThreadPoolExecutor.runWorker(ThreadPoolExecutor.java:1149)
	at java.util.concurrent.ThreadPoolExecutor$Worker.run(ThreadPoolExecutor.java:624)
	at java.lang.Thread.run(Thread.java:748)
Exception in thread "pool-5-thread-1058" java.lang.NullPointerException
	at tourGuide.service.GpsUtilProxyServiceImpl.getUserLocation(GpsUtilProxyServiceImpl.java:24)
	at tourGuide.service.TourGuideService.trackUserLocation(TourGuideService.java:169)
	at tourGuide.service.TourGuideService.lambda$trackUserLocationList$1(TourGuideService.java:190)
	at java.util.concurrent.ThreadPoolExecutor.runWorker(ThreadPoolExecutor.java:1149)
	at java.util.concurrent.ThreadPoolExecutor$Worker.run(ThreadPoolExecutor.java:624)
	at java.lang.Thread.run(Thread.java:748)
Exception in thread "pool-5-thread-1057" java.lang.NullPointerException
	at tourGuide.service.GpsUtilProxyServiceImpl.getUserLocation(GpsUtilProxyServiceImpl.java:24)
	at tourGuide.service.TourGuideService.trackUserLocation(TourGuideService.java:169)
	at tourGuide.service.TourGuideService.lambda$trackUserLocationList$1(TourGuideService.java:190)
	at java.util.concurrent.ThreadPoolExecutor.runWorker(ThreadPoolExecutor.java:1149)
	at java.util.concurrent.ThreadPoolExecutor$Worker.run(ThreadPoolExecutor.java:624)
	at java.lang.Thread.run(Thread.java:748)
Exception in thread "pool-5-thread-1056" java.lang.NullPointerException
	at tourGuide.service.GpsUtilProxyServiceImpl.getUserLocation(GpsUtilProxyServiceImpl.java:24)
	at tourGuide.service.TourGuideService.trackUserLocation(TourGuideService.java:169)
	at tourGuide.service.TourGuideService.lambda$trackUserLocationList$1(TourGuideService.java:190)
	at java.util.concurrent.ThreadPoolExecutor.runWorker(ThreadPoolExecutor.java:1149)
	at java.util.concurrent.ThreadPoolExecutor$Worker.run(ThreadPoolExecutor.java:624)
	at java.lang.Thread.run(Thread.java:748)
Exception in thread "pool-5-thread-1055" java.lang.NullPointerException
	at tourGuide.service.GpsUtilProxyServiceImpl.getUserLocation(GpsUtilProxyServiceImpl.java:24)
	at tourGuide.service.TourGuideService.trackUserLocation(TourGuideService.java:169)
	at tourGuide.service.TourGuideService.lambda$trackUserLocationList$1(TourGuideService.java:190)
	at java.util.concurrent.ThreadPoolExecutor.runWorker(ThreadPoolExecutor.java:1149)
	at java.util.concurrent.ThreadPoolExecutor$Worker.run(ThreadPoolExecutor.java:624)
	at java.lang.Thread.run(Thread.java:748)
Exception in thread "pool-5-thread-1054" java.lang.NullPointerException
	at tourGuide.service.GpsUtilProxyServiceImpl.getUserLocation(GpsUtilProxyServiceImpl.java:24)
	at tourGuide.service.TourGuideService.trackUserLocation(TourGuideService.java:169)
	at tourGuide.service.TourGuideService.lambda$trackUserLocationList$1(TourGuideService.java:190)
	at java.util.concurrent.ThreadPoolExecutor.runWorker(ThreadPoolExecutor.java:1149)
	at java.util.concurrent.ThreadPoolExecutor$Worker.run(ThreadPoolExecutor.java:624)
	at java.lang.Thread.run(Thread.java:748)
Exception in thread "pool-5-thread-1053" java.lang.NullPointerException
	at tourGuide.service.GpsUtilProxyServiceImpl.getUserLocation(GpsUtilProxyServiceImpl.java:24)
	at tourGuide.service.TourGuideService.trackUserLocation(TourGuideService.java:169)
	at tourGuide.service.TourGuideService.lambda$trackUserLocationList$1(TourGuideService.java:190)
	at java.util.concurrent.ThreadPoolExecutor.runWorker(ThreadPoolExecutor.java:1149)
	at java.util.concurrent.ThreadPoolExecutor$Worker.run(ThreadPoolExecutor.java:624)
	at java.lang.Thread.run(Thread.java:748)
Exception in thread "pool-5-thread-1052" java.lang.NullPointerException
	at tourGuide.service.GpsUtilProxyServiceImpl.getUserLocation(GpsUtilProxyServiceImpl.java:24)
	at tourGuide.service.TourGuideService.trackUserLocation(TourGuideService.java:169)
	at tourGuide.service.TourGuideService.lambda$trackUserLocationList$1(TourGuideService.java:190)
	at java.util.concurrent.ThreadPoolExecutor.runWorker(ThreadPoolExecutor.java:1149)
	at java.util.concurrent.ThreadPoolExecutor$Worker.run(ThreadPoolExecutor.java:624)
	at java.lang.Thread.run(Thread.java:748)
Exception in thread "pool-5-thread-1051" java.lang.NullPointerException
	at tourGuide.service.GpsUtilProxyServiceImpl.getUserLocation(GpsUtilProxyServiceImpl.java:24)
	at tourGuide.service.TourGuideService.trackUserLocation(TourGuideService.java:169)
	at tourGuide.service.TourGuideService.lambda$trackUserLocationList$1(TourGuideService.java:190)
	at java.util.concurrent.ThreadPoolExecutor.runWorker(ThreadPoolExecutor.java:1149)
	at java.util.concurrent.ThreadPoolExecutor$Worker.run(ThreadPoolExecutor.java:624)
	at java.lang.Thread.run(Thread.java:748)
Exception in thread "pool-5-thread-1050" java.lang.NullPointerException
	at tourGuide.service.GpsUtilProxyServiceImpl.getUserLocation(GpsUtilProxyServiceImpl.java:24)
	at tourGuide.service.TourGuideService.trackUserLocation(TourGuideService.java:169)
	at tourGuide.service.TourGuideService.lambda$trackUserLocationList$1(TourGuideService.java:190)
	at java.util.concurrent.ThreadPoolExecutor.runWorker(ThreadPoolExecutor.java:1149)
	at java.util.concurrent.ThreadPoolExecutor$Worker.run(ThreadPoolExecutor.java:624)
	at java.lang.Thread.run(Thread.java:748)
Exception in thread "pool-5-thread-1049" java.lang.NullPointerException
	at tourGuide.service.GpsUtilProxyServiceImpl.getUserLocation(GpsUtilProxyServiceImpl.java:24)
	at tourGuide.service.TourGuideService.trackUserLocation(TourGuideService.java:169)
	at tourGuide.service.TourGuideService.lambda$trackUserLocationList$1(TourGuideService.java:190)
	at java.util.concurrent.ThreadPoolExecutor.runWorker(ThreadPoolExecutor.java:1149)
	at java.util.concurrent.ThreadPoolExecutor$Worker.run(ThreadPoolExecutor.java:624)
	at java.lang.Thread.run(Thread.java:748)
Exception in thread "pool-5-thread-1048" java.lang.NullPointerException
	at tourGuide.service.GpsUtilProxyServiceImpl.getUserLocation(GpsUtilProxyServiceImpl.java:24)
	at tourGuide.service.TourGuideService.trackUserLocation(TourGuideService.java:169)
	at tourGuide.service.TourGuideService.lambda$trackUserLocationList$1(TourGuideService.java:190)
	at java.util.concurrent.ThreadPoolExecutor.runWorker(ThreadPoolExecutor.java:1149)
	at java.util.concurrent.ThreadPoolExecutor$Worker.run(ThreadPoolExecutor.java:624)
	at java.lang.Thread.run(Thread.java:748)
Exception in thread "pool-5-thread-1046" java.lang.NullPointerException
	at tourGuide.service.GpsUtilProxyServiceImpl.getUserLocation(GpsUtilProxyServiceImpl.java:24)
	at tourGuide.service.TourGuideService.trackUserLocation(TourGuideService.java:169)
	at tourGuide.service.TourGuideService.lambda$trackUserLocationList$1(TourGuideService.java:190)
	at java.util.concurrent.ThreadPoolExecutor.runWorker(ThreadPoolExecutor.java:1149)
	at java.util.concurrent.ThreadPoolExecutor$Worker.run(ThreadPoolExecutor.java:624)
	at java.lang.Thread.run(Thread.java:748)
Exception in thread "pool-5-thread-1047" java.lang.NullPointerException
	at tourGuide.service.GpsUtilProxyServiceImpl.getUserLocation(GpsUtilProxyServiceImpl.java:24)
	at tourGuide.service.TourGuideService.trackUserLocation(TourGuideService.java:169)
	at tourGuide.service.TourGuideService.lambda$trackUserLocationList$1(TourGuideService.java:190)
	at java.util.concurrent.ThreadPoolExecutor.runWorker(ThreadPoolExecutor.java:1149)
	at java.util.concurrent.ThreadPoolExecutor$Worker.run(ThreadPoolExecutor.java:624)
	at java.lang.Thread.run(Thread.java:748)
Exception in thread "pool-5-thread-1043" java.lang.NullPointerException
	at tourGuide.service.GpsUtilProxyServiceImpl.getUserLocation(GpsUtilProxyServiceImpl.java:24)
	at tourGuide.service.TourGuideService.trackUserLocation(TourGuideService.java:169)
	at tourGuide.service.TourGuideService.lambda$trackUserLocationList$1(TourGuideService.java:190)
	at java.util.concurrent.ThreadPoolExecutor.runWorker(ThreadPoolExecutor.java:1149)
	at java.util.concurrent.ThreadPoolExecutor$Worker.run(ThreadPoolExecutor.java:624)
	at java.lang.Thread.run(Thread.java:748)
Exception in thread "pool-5-thread-1042" java.lang.NullPointerException
	at tourGuide.service.GpsUtilProxyServiceImpl.getUserLocation(GpsUtilProxyServiceImpl.java:24)
	at tourGuide.service.TourGuideService.trackUserLocation(TourGuideService.java:169)
	at tourGuide.service.TourGuideService.lambda$trackUserLocationList$1(TourGuideService.java:190)
	at java.util.concurrent.ThreadPoolExecutor.runWorker(ThreadPoolExecutor.java:1149)
	at java.util.concurrent.ThreadPoolExecutor$Worker.run(ThreadPoolExecutor.java:624)
	at java.lang.Thread.run(Thread.java:748)
Exception in thread "pool-5-thread-1045" java.lang.NullPointerException
	at tourGuide.service.GpsUtilProxyServiceImpl.getUserLocation(GpsUtilProxyServiceImpl.java:24)
	at tourGuide.service.TourGuideService.trackUserLocation(TourGuideService.java:169)
	at tourGuide.service.TourGuideService.lambda$trackUserLocationList$1(TourGuideService.java:190)
	at java.util.concurrent.ThreadPoolExecutor.runWorker(ThreadPoolExecutor.java:1149)
	at java.util.concurrent.ThreadPoolExecutor$Worker.run(ThreadPoolExecutor.java:624)
	at java.lang.Thread.run(Thread.java:748)
Exception in thread "pool-5-thread-1041" java.lang.NullPointerException
	at tourGuide.service.GpsUtilProxyServiceImpl.getUserLocation(GpsUtilProxyServiceImpl.java:24)
	at tourGuide.service.TourGuideService.trackUserLocation(TourGuideService.java:169)
	at tourGuide.service.TourGuideService.lambda$trackUserLocationList$1(TourGuideService.java:190)
	at java.util.concurrent.ThreadPoolExecutor.runWorker(ThreadPoolExecutor.java:1149)
	at java.util.concurrent.ThreadPoolExecutor$Worker.run(ThreadPoolExecutor.java:624)
	at java.lang.Thread.run(Thread.java:748)
Exception in thread "pool-5-thread-1044" java.lang.NullPointerException
	at tourGuide.service.GpsUtilProxyServiceImpl.getUserLocation(GpsUtilProxyServiceImpl.java:24)
	at tourGuide.service.TourGuideService.trackUserLocation(TourGuideService.java:169)
	at tourGuide.service.TourGuideService.lambda$trackUserLocationList$1(TourGuideService.java:190)
	at java.util.concurrent.ThreadPoolExecutor.runWorker(ThreadPoolExecutor.java:1149)
	at java.util.concurrent.ThreadPoolExecutor$Worker.run(ThreadPoolExecutor.java:624)
	at java.lang.Thread.run(Thread.java:748)
Exception in thread "pool-5-thread-1040" java.lang.NullPointerException
	at tourGuide.service.GpsUtilProxyServiceImpl.getUserLocation(GpsUtilProxyServiceImpl.java:24)
	at tourGuide.service.TourGuideService.trackUserLocation(TourGuideService.java:169)
	at tourGuide.service.TourGuideService.lambda$trackUserLocationList$1(TourGuideService.java:190)
	at java.util.concurrent.ThreadPoolExecutor.runWorker(ThreadPoolExecutor.java:1149)
	at java.util.concurrent.ThreadPoolExecutor$Worker.run(ThreadPoolExecutor.java:624)
	at java.lang.Thread.run(Thread.java:748)
Exception in thread "pool-5-thread-1039" java.lang.NullPointerException
	at tourGuide.service.GpsUtilProxyServiceImpl.getUserLocation(GpsUtilProxyServiceImpl.java:24)
	at tourGuide.service.TourGuideService.trackUserLocation(TourGuideService.java:169)
	at tourGuide.service.TourGuideService.lambda$trackUserLocationList$1(TourGuideService.java:190)
	at java.util.concurrent.ThreadPoolExecutor.runWorker(ThreadPoolExecutor.java:1149)
	at java.util.concurrent.ThreadPoolExecutor$Worker.run(ThreadPoolExecutor.java:624)
	at java.lang.Thread.run(Thread.java:748)
Exception in thread "pool-5-thread-1037" java.lang.NullPointerException
	at tourGuide.service.GpsUtilProxyServiceImpl.getUserLocation(GpsUtilProxyServiceImpl.java:24)
	at tourGuide.service.TourGuideService.trackUserLocation(TourGuideService.java:169)
	at tourGuide.service.TourGuideService.lambda$trackUserLocationList$1(TourGuideService.java:190)
	at java.util.concurrent.ThreadPoolExecutor.runWorker(ThreadPoolExecutor.java:1149)
	at java.util.concurrent.ThreadPoolExecutor$Worker.run(ThreadPoolExecutor.java:624)
	at java.lang.Thread.run(Thread.java:748)
Exception in thread "pool-5-thread-1036" java.lang.NullPointerException
	at tourGuide.service.GpsUtilProxyServiceImpl.getUserLocation(GpsUtilProxyServiceImpl.java:24)
	at tourGuide.service.TourGuideService.trackUserLocation(TourGuideService.java:169)
	at tourGuide.service.TourGuideService.lambda$trackUserLocationList$1(TourGuideService.java:190)
	at java.util.concurrent.ThreadPoolExecutor.runWorker(ThreadPoolExecutor.java:1149)
	at java.util.concurrent.ThreadPoolExecutor$Worker.run(ThreadPoolExecutor.java:624)
	at java.lang.Thread.run(Thread.java:748)
Exception in thread "pool-5-thread-1035" java.lang.NullPointerException
	at tourGuide.service.GpsUtilProxyServiceImpl.getUserLocation(GpsUtilProxyServiceImpl.java:24)
	at tourGuide.service.TourGuideService.trackUserLocation(TourGuideService.java:169)
	at tourGuide.service.TourGuideService.lambda$trackUserLocationList$1(TourGuideService.java:190)
	at java.util.concurrent.ThreadPoolExecutor.runWorker(ThreadPoolExecutor.java:1149)
	at java.util.concurrent.ThreadPoolExecutor$Worker.run(ThreadPoolExecutor.java:624)
	at java.lang.Thread.run(Thread.java:748)
Exception in thread "pool-5-thread-1034" java.lang.NullPointerException
	at tourGuide.service.GpsUtilProxyServiceImpl.getUserLocation(GpsUtilProxyServiceImpl.java:24)
	at tourGuide.service.TourGuideService.trackUserLocation(TourGuideService.java:169)
	at tourGuide.service.TourGuideService.lambda$trackUserLocationList$1(TourGuideService.java:190)
	at java.util.concurrent.ThreadPoolExecutor.runWorker(ThreadPoolExecutor.java:1149)
	at java.util.concurrent.ThreadPoolExecutor$Worker.run(ThreadPoolExecutor.java:624)
	at java.lang.Thread.run(Thread.java:748)
Exception in thread "pool-5-thread-1033" java.lang.NullPointerException
	at tourGuide.service.GpsUtilProxyServiceImpl.getUserLocation(GpsUtilProxyServiceImpl.java:24)
	at tourGuide.service.TourGuideService.trackUserLocation(TourGuideService.java:169)
	at tourGuide.service.TourGuideService.lambda$trackUserLocationList$1(TourGuideService.java:190)
	at java.util.concurrent.ThreadPoolExecutor.runWorker(ThreadPoolExecutor.java:1149)
	at java.util.concurrent.ThreadPoolExecutor$Worker.run(ThreadPoolExecutor.java:624)
	at java.lang.Thread.run(Thread.java:748)
Exception in thread "pool-5-thread-1032" java.lang.NullPointerException
	at tourGuide.service.GpsUtilProxyServiceImpl.getUserLocation(GpsUtilProxyServiceImpl.java:24)
	at tourGuide.service.TourGuideService.trackUserLocation(TourGuideService.java:169)
	at tourGuide.service.TourGuideService.lambda$trackUserLocationList$1(TourGuideService.java:190)
	at java.util.concurrent.ThreadPoolExecutor.runWorker(ThreadPoolExecutor.java:1149)
	at java.util.concurrent.ThreadPoolExecutor$Worker.run(ThreadPoolExecutor.java:624)
	at java.lang.Thread.run(Thread.java:748)
Exception in thread "pool-5-thread-1031" java.lang.NullPointerException
	at tourGuide.service.GpsUtilProxyServiceImpl.getUserLocation(GpsUtilProxyServiceImpl.java:24)
	at tourGuide.service.TourGuideService.trackUserLocation(TourGuideService.java:169)
	at tourGuide.service.TourGuideService.lambda$trackUserLocationList$1(TourGuideService.java:190)
	at java.util.concurrent.ThreadPoolExecutor.runWorker(ThreadPoolExecutor.java:1149)
	at java.util.concurrent.ThreadPoolExecutor$Worker.run(ThreadPoolExecutor.java:624)
	at java.lang.Thread.run(Thread.java:748)
Exception in thread "pool-5-thread-1030" java.lang.NullPointerException
	at tourGuide.service.GpsUtilProxyServiceImpl.getUserLocation(GpsUtilProxyServiceImpl.java:24)
	at tourGuide.service.TourGuideService.trackUserLocation(TourGuideService.java:169)
	at tourGuide.service.TourGuideService.lambda$trackUserLocationList$1(TourGuideService.java:190)
	at java.util.concurrent.ThreadPoolExecutor.runWorker(ThreadPoolExecutor.java:1149)
	at java.util.concurrent.ThreadPoolExecutor$Worker.run(ThreadPoolExecutor.java:624)
	at java.lang.Thread.run(Thread.java:748)
Exception in thread "pool-5-thread-1029" java.lang.NullPointerException
	at tourGuide.service.GpsUtilProxyServiceImpl.getUserLocation(GpsUtilProxyServiceImpl.java:24)
	at tourGuide.service.TourGuideService.trackUserLocation(TourGuideService.java:169)
	at tourGuide.service.TourGuideService.lambda$trackUserLocationList$1(TourGuideService.java:190)
	at java.util.concurrent.ThreadPoolExecutor.runWorker(ThreadPoolExecutor.java:1149)
	at java.util.concurrent.ThreadPoolExecutor$Worker.run(ThreadPoolExecutor.java:624)
	at java.lang.Thread.run(Thread.java:748)
Exception in thread "pool-5-thread-1028" java.lang.NullPointerException
	at tourGuide.service.GpsUtilProxyServiceImpl.getUserLocation(GpsUtilProxyServiceImpl.java:24)
	at tourGuide.service.TourGuideService.trackUserLocation(TourGuideService.java:169)
	at tourGuide.service.TourGuideService.lambda$trackUserLocationList$1(TourGuideService.java:190)
	at java.util.concurrent.ThreadPoolExecutor.runWorker(ThreadPoolExecutor.java:1149)
	at java.util.concurrent.ThreadPoolExecutor$Worker.run(ThreadPoolExecutor.java:624)
	at java.lang.Thread.run(Thread.java:748)
Exception in thread "pool-5-thread-1027" java.lang.NullPointerException
	at tourGuide.service.GpsUtilProxyServiceImpl.getUserLocation(GpsUtilProxyServiceImpl.java:24)
	at tourGuide.service.TourGuideService.trackUserLocation(TourGuideService.java:169)
	at tourGuide.service.TourGuideService.lambda$trackUserLocationList$1(TourGuideService.java:190)
	at java.util.concurrent.ThreadPoolExecutor.runWorker(ThreadPoolExecutor.java:1149)
	at java.util.concurrent.ThreadPoolExecutor$Worker.run(ThreadPoolExecutor.java:624)
	at java.lang.Thread.run(Thread.java:748)
Exception in thread "pool-5-thread-1026" java.lang.NullPointerException
	at tourGuide.service.GpsUtilProxyServiceImpl.getUserLocation(GpsUtilProxyServiceImpl.java:24)
	at tourGuide.service.TourGuideService.trackUserLocation(TourGuideService.java:169)
	at tourGuide.service.TourGuideService.lambda$trackUserLocationList$1(TourGuideService.java:190)
	at java.util.concurrent.ThreadPoolExecutor.runWorker(ThreadPoolExecutor.java:1149)
	at java.util.concurrent.ThreadPoolExecutor$Worker.run(ThreadPoolExecutor.java:624)
	at java.lang.Thread.run(Thread.java:748)
Exception in thread "pool-5-thread-1024" java.lang.NullPointerException
	at tourGuide.service.GpsUtilProxyServiceImpl.getUserLocation(GpsUtilProxyServiceImpl.java:24)
	at tourGuide.service.TourGuideService.trackUserLocation(TourGuideService.java:169)
	at tourGuide.service.TourGuideService.lambda$trackUserLocationList$1(TourGuideService.java:190)
	at java.util.concurrent.ThreadPoolExecutor.runWorker(ThreadPoolExecutor.java:1149)
	at java.util.concurrent.ThreadPoolExecutor$Worker.run(ThreadPoolExecutor.java:624)
	at java.lang.Thread.run(Thread.java:748)
Exception in thread "pool-5-thread-1025" java.lang.NullPointerException
	at tourGuide.service.GpsUtilProxyServiceImpl.getUserLocation(GpsUtilProxyServiceImpl.java:24)
	at tourGuide.service.TourGuideService.trackUserLocation(TourGuideService.java:169)
	at tourGuide.service.TourGuideService.lambda$trackUserLocationList$1(TourGuideService.java:190)
	at java.util.concurrent.ThreadPoolExecutor.runWorker(ThreadPoolExecutor.java:1149)
	at java.util.concurrent.ThreadPoolExecutor$Worker.run(ThreadPoolExecutor.java:624)
	at java.lang.Thread.run(Thread.java:748)
Exception in thread "pool-5-thread-1023" java.lang.NullPointerException
	at tourGuide.service.GpsUtilProxyServiceImpl.getUserLocation(GpsUtilProxyServiceImpl.java:24)
	at tourGuide.service.TourGuideService.trackUserLocation(TourGuideService.java:169)
	at tourGuide.service.TourGuideService.lambda$trackUserLocationList$1(TourGuideService.java:190)
	at java.util.concurrent.ThreadPoolExecutor.runWorker(ThreadPoolExecutor.java:1149)
	at java.util.concurrent.ThreadPoolExecutor$Worker.run(ThreadPoolExecutor.java:624)
	at java.lang.Thread.run(Thread.java:748)
Exception in thread "pool-5-thread-1022" java.lang.NullPointerException
	at tourGuide.service.GpsUtilProxyServiceImpl.getUserLocation(GpsUtilProxyServiceImpl.java:24)
	at tourGuide.service.TourGuideService.trackUserLocation(TourGuideService.java:169)
	at tourGuide.service.TourGuideService.lambda$trackUserLocationList$1(TourGuideService.java:190)
	at java.util.concurrent.ThreadPoolExecutor.runWorker(ThreadPoolExecutor.java:1149)
	at java.util.concurrent.ThreadPoolExecutor$Worker.run(ThreadPoolExecutor.java:624)
	at java.lang.Thread.run(Thread.java:748)
Exception in thread "pool-5-thread-1021" java.lang.NullPointerException
	at tourGuide.service.GpsUtilProxyServiceImpl.getUserLocation(GpsUtilProxyServiceImpl.java:24)
	at tourGuide.service.TourGuideService.trackUserLocation(TourGuideService.java:169)
	at tourGuide.service.TourGuideService.lambda$trackUserLocationList$1(TourGuideService.java:190)
	at java.util.concurrent.ThreadPoolExecutor.runWorker(ThreadPoolExecutor.java:1149)
	at java.util.concurrent.ThreadPoolExecutor$Worker.run(ThreadPoolExecutor.java:624)
	at java.lang.Thread.run(Thread.java:748)
Exception in thread "pool-5-thread-1020" java.lang.NullPointerException
	at tourGuide.service.GpsUtilProxyServiceImpl.getUserLocation(GpsUtilProxyServiceImpl.java:24)
	at tourGuide.service.TourGuideService.trackUserLocation(TourGuideService.java:169)
	at tourGuide.service.TourGuideService.lambda$trackUserLocationList$1(TourGuideService.java:190)
	at java.util.concurrent.ThreadPoolExecutor.runWorker(ThreadPoolExecutor.java:1149)
	at java.util.concurrent.ThreadPoolExecutor$Worker.run(ThreadPoolExecutor.java:624)
	at java.lang.Thread.run(Thread.java:748)
Exception in thread "pool-5-thread-1018" java.lang.NullPointerException
	at tourGuide.service.GpsUtilProxyServiceImpl.getUserLocation(GpsUtilProxyServiceImpl.java:24)
	at tourGuide.service.TourGuideService.trackUserLocation(TourGuideService.java:169)
	at tourGuide.service.TourGuideService.lambda$trackUserLocationList$1(TourGuideService.java:190)
	at java.util.concurrent.ThreadPoolExecutor.runWorker(ThreadPoolExecutor.java:1149)
	at java.util.concurrent.ThreadPoolExecutor$Worker.run(ThreadPoolExecutor.java:624)
	at java.lang.Thread.run(Thread.java:748)
Exception in thread "pool-5-thread-1019" java.lang.NullPointerException
	at tourGuide.service.GpsUtilProxyServiceImpl.getUserLocation(GpsUtilProxyServiceImpl.java:24)
	at tourGuide.service.TourGuideService.trackUserLocation(TourGuideService.java:169)
	at tourGuide.service.TourGuideService.lambda$trackUserLocationList$1(TourGuideService.java:190)
	at java.util.concurrent.ThreadPoolExecutor.runWorker(ThreadPoolExecutor.java:1149)
	at java.util.concurrent.ThreadPoolExecutor$Worker.run(ThreadPoolExecutor.java:624)
	at java.lang.Thread.run(Thread.java:748)
Exception in thread "pool-5-thread-1017" java.lang.NullPointerException
	at tourGuide.service.GpsUtilProxyServiceImpl.getUserLocation(GpsUtilProxyServiceImpl.java:24)
	at tourGuide.service.TourGuideService.trackUserLocation(TourGuideService.java:169)
	at tourGuide.service.TourGuideService.lambda$trackUserLocationList$1(TourGuideService.java:190)
	at java.util.concurrent.ThreadPoolExecutor.runWorker(ThreadPoolExecutor.java:1149)
	at java.util.concurrent.ThreadPoolExecutor$Worker.run(ThreadPoolExecutor.java:624)
	at java.lang.Thread.run(Thread.java:748)
Exception in thread "pool-5-thread-1016" java.lang.NullPointerException
	at tourGuide.service.GpsUtilProxyServiceImpl.getUserLocation(GpsUtilProxyServiceImpl.java:24)
	at tourGuide.service.TourGuideService.trackUserLocation(TourGuideService.java:169)
	at tourGuide.service.TourGuideService.lambda$trackUserLocationList$1(TourGuideService.java:190)
	at java.util.concurrent.ThreadPoolExecutor.runWorker(ThreadPoolExecutor.java:1149)
	at java.util.concurrent.ThreadPoolExecutor$Worker.run(ThreadPoolExecutor.java:624)
	at java.lang.Thread.run(Thread.java:748)
Exception in thread "pool-5-thread-1015" java.lang.NullPointerException
	at tourGuide.service.GpsUtilProxyServiceImpl.getUserLocation(GpsUtilProxyServiceImpl.java:24)
	at tourGuide.service.TourGuideService.trackUserLocation(TourGuideService.java:169)
	at tourGuide.service.TourGuideService.lambda$trackUserLocationList$1(TourGuideService.java:190)
	at java.util.concurrent.ThreadPoolExecutor.runWorker(ThreadPoolExecutor.java:1149)
	at java.util.concurrent.ThreadPoolExecutor$Worker.run(ThreadPoolExecutor.java:624)
	at java.lang.Thread.run(Thread.java:748)
Exception in thread "pool-5-thread-1014" java.lang.NullPointerException
	at tourGuide.service.GpsUtilProxyServiceImpl.getUserLocation(GpsUtilProxyServiceImpl.java:24)
	at tourGuide.service.TourGuideService.trackUserLocation(TourGuideService.java:169)
	at tourGuide.service.TourGuideService.lambda$trackUserLocationList$1(TourGuideService.java:190)
	at java.util.concurrent.ThreadPoolExecutor.runWorker(ThreadPoolExecutor.java:1149)
	at java.util.concurrent.ThreadPoolExecutor$Worker.run(ThreadPoolExecutor.java:624)
	at java.lang.Thread.run(Thread.java:748)
Exception in thread "pool-5-thread-1013" java.lang.NullPointerException
	at tourGuide.service.GpsUtilProxyServiceImpl.getUserLocation(GpsUtilProxyServiceImpl.java:24)
	at tourGuide.service.TourGuideService.trackUserLocation(TourGuideService.java:169)
	at tourGuide.service.TourGuideService.lambda$trackUserLocationList$1(TourGuideService.java:190)
	at java.util.concurrent.ThreadPoolExecutor.runWorker(ThreadPoolExecutor.java:1149)
	at java.util.concurrent.ThreadPoolExecutor$Worker.run(ThreadPoolExecutor.java:624)
	at java.lang.Thread.run(Thread.java:748)
Exception in thread "pool-5-thread-1012" java.lang.NullPointerException
	at tourGuide.service.GpsUtilProxyServiceImpl.getUserLocation(GpsUtilProxyServiceImpl.java:24)
	at tourGuide.service.TourGuideService.trackUserLocation(TourGuideService.java:169)
	at tourGuide.service.TourGuideService.lambda$trackUserLocationList$1(TourGuideService.java:190)
	at java.util.concurrent.ThreadPoolExecutor.runWorker(ThreadPoolExecutor.java:1149)
	at java.util.concurrent.ThreadPoolExecutor$Worker.run(ThreadPoolExecutor.java:624)
	at java.lang.Thread.run(Thread.java:748)
Exception in thread "pool-5-thread-1011" java.lang.NullPointerException
	at tourGuide.service.GpsUtilProxyServiceImpl.getUserLocation(GpsUtilProxyServiceImpl.java:24)
	at tourGuide.service.TourGuideService.trackUserLocation(TourGuideService.java:169)
	at tourGuide.service.TourGuideService.lambda$trackUserLocationList$1(TourGuideService.java:190)
	at java.util.concurrent.ThreadPoolExecutor.runWorker(ThreadPoolExecutor.java:1149)
	at java.util.concurrent.ThreadPoolExecutor$Worker.run(ThreadPoolExecutor.java:624)
	at java.lang.Thread.run(Thread.java:748)
Exception in thread "pool-5-thread-1010" java.lang.NullPointerException
	at tourGuide.service.GpsUtilProxyServiceImpl.getUserLocation(GpsUtilProxyServiceImpl.java:24)
	at tourGuide.service.TourGuideService.trackUserLocation(TourGuideService.java:169)
	at tourGuide.service.TourGuideService.lambda$trackUserLocationList$1(TourGuideService.java:190)
	at java.util.concurrent.ThreadPoolExecutor.runWorker(ThreadPoolExecutor.java:1149)
	at java.util.concurrent.ThreadPoolExecutor$Worker.run(ThreadPoolExecutor.java:624)
	at java.lang.Thread.run(Thread.java:748)
Exception in thread "pool-5-thread-1009" java.lang.NullPointerException
	at tourGuide.service.GpsUtilProxyServiceImpl.getUserLocation(GpsUtilProxyServiceImpl.java:24)
	at tourGuide.service.TourGuideService.trackUserLocation(TourGuideService.java:169)
	at tourGuide.service.TourGuideService.lambda$trackUserLocationList$1(TourGuideService.java:190)
	at java.util.concurrent.ThreadPoolExecutor.runWorker(ThreadPoolExecutor.java:1149)
	at java.util.concurrent.ThreadPoolExecutor$Worker.run(ThreadPoolExecutor.java:624)
	at java.lang.Thread.run(Thread.java:748)
Exception in thread "pool-5-thread-1008" java.lang.NullPointerException
	at tourGuide.service.GpsUtilProxyServiceImpl.getUserLocation(GpsUtilProxyServiceImpl.java:24)
	at tourGuide.service.TourGuideService.trackUserLocation(TourGuideService.java:169)
	at tourGuide.service.TourGuideService.lambda$trackUserLocationList$1(TourGuideService.java:190)
	at java.util.concurrent.ThreadPoolExecutor.runWorker(ThreadPoolExecutor.java:1149)
	at java.util.concurrent.ThreadPoolExecutor$Worker.run(ThreadPoolExecutor.java:624)
	at java.lang.Thread.run(Thread.java:748)
Exception in thread "pool-5-thread-1006" java.lang.NullPointerException
	at tourGuide.service.GpsUtilProxyServiceImpl.getUserLocation(GpsUtilProxyServiceImpl.java:24)
	at tourGuide.service.TourGuideService.trackUserLocation(TourGuideService.java:169)
	at tourGuide.service.TourGuideService.lambda$trackUserLocationList$1(TourGuideService.java:190)
	at java.util.concurrent.ThreadPoolExecutor.runWorker(ThreadPoolExecutor.java:1149)
	at java.util.concurrent.ThreadPoolExecutor$Worker.run(ThreadPoolExecutor.java:624)
	at java.lang.Thread.run(Thread.java:748)
Exception in thread "pool-5-thread-1007" java.lang.NullPointerException
	at tourGuide.service.GpsUtilProxyServiceImpl.getUserLocation(GpsUtilProxyServiceImpl.java:24)
	at tourGuide.service.TourGuideService.trackUserLocation(TourGuideService.java:169)
	at tourGuide.service.TourGuideService.lambda$trackUserLocationList$1(TourGuideService.java:190)
	at java.util.concurrent.ThreadPoolExecutor.runWorker(ThreadPoolExecutor.java:1149)
	at java.util.concurrent.ThreadPoolExecutor$Worker.run(ThreadPoolExecutor.java:624)
	at java.lang.Thread.run(Thread.java:748)
Exception in thread "pool-5-thread-1005" java.lang.NullPointerException
	at tourGuide.service.GpsUtilProxyServiceImpl.getUserLocation(GpsUtilProxyServiceImpl.java:24)
	at tourGuide.service.TourGuideService.trackUserLocation(TourGuideService.java:169)
	at tourGuide.service.TourGuideService.lambda$trackUserLocationList$1(TourGuideService.java:190)
	at java.util.concurrent.ThreadPoolExecutor.runWorker(ThreadPoolExecutor.java:1149)
	at java.util.concurrent.ThreadPoolExecutor$Worker.run(ThreadPoolExecutor.java:624)
	at java.lang.Thread.run(Thread.java:748)
Exception in thread "pool-5-thread-1004" java.lang.NullPointerException
	at tourGuide.service.GpsUtilProxyServiceImpl.getUserLocation(GpsUtilProxyServiceImpl.java:24)
	at tourGuide.service.TourGuideService.trackUserLocation(TourGuideService.java:169)
	at tourGuide.service.TourGuideService.lambda$trackUserLocationList$1(TourGuideService.java:190)
	at java.util.concurrent.ThreadPoolExecutor.runWorker(ThreadPoolExecutor.java:1149)
	at java.util.concurrent.ThreadPoolExecutor$Worker.run(ThreadPoolExecutor.java:624)
	at java.lang.Thread.run(Thread.java:748)
Exception in thread "pool-5-thread-1003" java.lang.NullPointerException
	at tourGuide.service.GpsUtilProxyServiceImpl.getUserLocation(GpsUtilProxyServiceImpl.java:24)
	at tourGuide.service.TourGuideService.trackUserLocation(TourGuideService.java:169)
	at tourGuide.service.TourGuideService.lambda$trackUserLocationList$1(TourGuideService.java:190)
	at java.util.concurrent.ThreadPoolExecutor.runWorker(ThreadPoolExecutor.java:1149)
	at java.util.concurrent.ThreadPoolExecutor$Worker.run(ThreadPoolExecutor.java:624)
	at java.lang.Thread.run(Thread.java:748)
Exception in thread "pool-5-thread-1002" java.lang.NullPointerException
	at tourGuide.service.GpsUtilProxyServiceImpl.getUserLocation(GpsUtilProxyServiceImpl.java:24)
	at tourGuide.service.TourGuideService.trackUserLocation(TourGuideService.java:169)
	at tourGuide.service.TourGuideService.lambda$trackUserLocationList$1(TourGuideService.java:190)
	at java.util.concurrent.ThreadPoolExecutor.runWorker(ThreadPoolExecutor.java:1149)
	at java.util.concurrent.ThreadPoolExecutor$Worker.run(ThreadPoolExecutor.java:624)
	at java.lang.Thread.run(Thread.java:748)
Exception in thread "pool-5-thread-1001" java.lang.NullPointerException
	at tourGuide.service.GpsUtilProxyServiceImpl.getUserLocation(GpsUtilProxyServiceImpl.java:24)
	at tourGuide.service.TourGuideService.trackUserLocation(TourGuideService.java:169)
	at tourGuide.service.TourGuideService.lambda$trackUserLocationList$1(TourGuideService.java:190)
	at java.util.concurrent.ThreadPoolExecutor.runWorker(ThreadPoolExecutor.java:1149)
	at java.util.concurrent.ThreadPoolExecutor$Worker.run(ThreadPoolExecutor.java:624)
	at java.lang.Thread.run(Thread.java:748)
Exception in thread "pool-5-thread-1000" java.lang.NullPointerException
	at tourGuide.service.GpsUtilProxyServiceImpl.getUserLocation(GpsUtilProxyServiceImpl.java:24)
	at tourGuide.service.TourGuideService.trackUserLocation(TourGuideService.java:169)
	at tourGuide.service.TourGuideService.lambda$trackUserLocationList$1(TourGuideService.java:190)
	at java.util.concurrent.ThreadPoolExecutor.runWorker(ThreadPoolExecutor.java:1149)
	at java.util.concurrent.ThreadPoolExecutor$Worker.run(ThreadPoolExecutor.java:624)
	at java.lang.Thread.run(Thread.java:748)
Exception in thread "pool-5-thread-999" java.lang.NullPointerException
	at tourGuide.service.GpsUtilProxyServiceImpl.getUserLocation(GpsUtilProxyServiceImpl.java:24)
	at tourGuide.service.TourGuideService.trackUserLocation(TourGuideService.java:169)
	at tourGuide.service.TourGuideService.lambda$trackUserLocationList$1(TourGuideService.java:190)
	at java.util.concurrent.ThreadPoolExecutor.runWorker(ThreadPoolExecutor.java:1149)
	at java.util.concurrent.ThreadPoolExecutor$Worker.run(ThreadPoolExecutor.java:624)
	at java.lang.Thread.run(Thread.java:748)
Exception in thread "pool-5-thread-998" java.lang.NullPointerException
	at tourGuide.service.GpsUtilProxyServiceImpl.getUserLocation(GpsUtilProxyServiceImpl.java:24)
	at tourGuide.service.TourGuideService.trackUserLocation(TourGuideService.java:169)
	at tourGuide.service.TourGuideService.lambda$trackUserLocationList$1(TourGuideService.java:190)
	at java.util.concurrent.ThreadPoolExecutor.runWorker(ThreadPoolExecutor.java:1149)
	at java.util.concurrent.ThreadPoolExecutor$Worker.run(ThreadPoolExecutor.java:624)
	at java.lang.Thread.run(Thread.java:748)
Exception in thread "pool-5-thread-997" java.lang.NullPointerException
	at tourGuide.service.GpsUtilProxyServiceImpl.getUserLocation(GpsUtilProxyServiceImpl.java:24)
	at tourGuide.service.TourGuideService.trackUserLocation(TourGuideService.java:169)
	at tourGuide.service.TourGuideService.lambda$trackUserLocationList$1(TourGuideService.java:190)
	at java.util.concurrent.ThreadPoolExecutor.runWorker(ThreadPoolExecutor.java:1149)
	at java.util.concurrent.ThreadPoolExecutor$Worker.run(ThreadPoolExecutor.java:624)
	at java.lang.Thread.run(Thread.java:748)
Exception in thread "pool-5-thread-996" java.lang.NullPointerException
	at tourGuide.service.GpsUtilProxyServiceImpl.getUserLocation(GpsUtilProxyServiceImpl.java:24)
	at tourGuide.service.TourGuideService.trackUserLocation(TourGuideService.java:169)
	at tourGuide.service.TourGuideService.lambda$trackUserLocationList$1(TourGuideService.java:190)
	at java.util.concurrent.ThreadPoolExecutor.runWorker(ThreadPoolExecutor.java:1149)
	at java.util.concurrent.ThreadPoolExecutor$Worker.run(ThreadPoolExecutor.java:624)
	at java.lang.Thread.run(Thread.java:748)
Exception in thread "pool-5-thread-995" java.lang.NullPointerException
	at tourGuide.service.GpsUtilProxyServiceImpl.getUserLocation(GpsUtilProxyServiceImpl.java:24)
	at tourGuide.service.TourGuideService.trackUserLocation(TourGuideService.java:169)
	at tourGuide.service.TourGuideService.lambda$trackUserLocationList$1(TourGuideService.java:190)
	at java.util.concurrent.ThreadPoolExecutor.runWorker(ThreadPoolExecutor.java:1149)
	at java.util.concurrent.ThreadPoolExecutor$Worker.run(ThreadPoolExecutor.java:624)
	at java.lang.Thread.run(Thread.java:748)
Exception in thread "pool-5-thread-993" java.lang.NullPointerException
	at tourGuide.service.GpsUtilProxyServiceImpl.getUserLocation(GpsUtilProxyServiceImpl.java:24)
	at tourGuide.service.TourGuideService.trackUserLocation(TourGuideService.java:169)
	at tourGuide.service.TourGuideService.lambda$trackUserLocationList$1(TourGuideService.java:190)
	at java.util.concurrent.ThreadPoolExecutor.runWorker(ThreadPoolExecutor.java:1149)
	at java.util.concurrent.ThreadPoolExecutor$Worker.run(ThreadPoolExecutor.java:624)
	at java.lang.Thread.run(Thread.java:748)
Exception in thread "pool-5-thread-994" java.lang.NullPointerException
	at tourGuide.service.GpsUtilProxyServiceImpl.getUserLocation(GpsUtilProxyServiceImpl.java:24)
	at tourGuide.service.TourGuideService.trackUserLocation(TourGuideService.java:169)
	at tourGuide.service.TourGuideService.lambda$trackUserLocationList$1(TourGuideService.java:190)
	at java.util.concurrent.ThreadPoolExecutor.runWorker(ThreadPoolExecutor.java:1149)
	at java.util.concurrent.ThreadPoolExecutor$Worker.run(ThreadPoolExecutor.java:624)
	at java.lang.Thread.run(Thread.java:748)
Exception in thread "pool-5-thread-992" java.lang.NullPointerException
	at tourGuide.service.GpsUtilProxyServiceImpl.getUserLocation(GpsUtilProxyServiceImpl.java:24)
	at tourGuide.service.TourGuideService.trackUserLocation(TourGuideService.java:169)
	at tourGuide.service.TourGuideService.lambda$trackUserLocationList$1(TourGuideService.java:190)
	at java.util.concurrent.ThreadPoolExecutor.runWorker(ThreadPoolExecutor.java:1149)
	at java.util.concurrent.ThreadPoolExecutor$Worker.run(ThreadPoolExecutor.java:624)
	at java.lang.Thread.run(Thread.java:748)
Exception in thread "pool-5-thread-991" java.lang.NullPointerException
	at tourGuide.service.GpsUtilProxyServiceImpl.getUserLocation(GpsUtilProxyServiceImpl.java:24)
	at tourGuide.service.TourGuideService.trackUserLocation(TourGuideService.java:169)
	at tourGuide.service.TourGuideService.lambda$trackUserLocationList$1(TourGuideService.java:190)
	at java.util.concurrent.ThreadPoolExecutor.runWorker(ThreadPoolExecutor.java:1149)
	at java.util.concurrent.ThreadPoolExecutor$Worker.run(ThreadPoolExecutor.java:624)
	at java.lang.Thread.run(Thread.java:748)
Exception in thread "pool-5-thread-990" java.lang.NullPointerException
	at tourGuide.service.GpsUtilProxyServiceImpl.getUserLocation(GpsUtilProxyServiceImpl.java:24)
	at tourGuide.service.TourGuideService.trackUserLocation(TourGuideService.java:169)
	at tourGuide.service.TourGuideService.lambda$trackUserLocationList$1(TourGuideService.java:190)
	at java.util.concurrent.ThreadPoolExecutor.runWorker(ThreadPoolExecutor.java:1149)
	at java.util.concurrent.ThreadPoolExecutor$Worker.run(ThreadPoolExecutor.java:624)
	at java.lang.Thread.run(Thread.java:748)
Exception in thread "pool-5-thread-989" java.lang.NullPointerException
	at tourGuide.service.GpsUtilProxyServiceImpl.getUserLocation(GpsUtilProxyServiceImpl.java:24)
	at tourGuide.service.TourGuideService.trackUserLocation(TourGuideService.java:169)
	at tourGuide.service.TourGuideService.lambda$trackUserLocationList$1(TourGuideService.java:190)
	at java.util.concurrent.ThreadPoolExecutor.runWorker(ThreadPoolExecutor.java:1149)
	at java.util.concurrent.ThreadPoolExecutor$Worker.run(ThreadPoolExecutor.java:624)
	at java.lang.Thread.run(Thread.java:748)
Exception in thread "pool-5-thread-987" java.lang.NullPointerException
	at tourGuide.service.GpsUtilProxyServiceImpl.getUserLocation(GpsUtilProxyServiceImpl.java:24)
	at tourGuide.service.TourGuideService.trackUserLocation(TourGuideService.java:169)
	at tourGuide.service.TourGuideService.lambda$trackUserLocationList$1(TourGuideService.java:190)
	at java.util.concurrent.ThreadPoolExecutor.runWorker(ThreadPoolExecutor.java:1149)
	at java.util.concurrent.ThreadPoolExecutor$Worker.run(ThreadPoolExecutor.java:624)
	at java.lang.Thread.run(Thread.java:748)
Exception in thread "pool-5-thread-988" java.lang.NullPointerException
	at tourGuide.service.GpsUtilProxyServiceImpl.getUserLocation(GpsUtilProxyServiceImpl.java:24)
	at tourGuide.service.TourGuideService.trackUserLocation(TourGuideService.java:169)
	at tourGuide.service.TourGuideService.lambda$trackUserLocationList$1(TourGuideService.java:190)
	at java.util.concurrent.ThreadPoolExecutor.runWorker(ThreadPoolExecutor.java:1149)
	at java.util.concurrent.ThreadPoolExecutor$Worker.run(ThreadPoolExecutor.java:624)
	at java.lang.Thread.run(Thread.java:748)
Exception in thread "pool-5-thread-986" java.lang.NullPointerException
	at tourGuide.service.GpsUtilProxyServiceImpl.getUserLocation(GpsUtilProxyServiceImpl.java:24)
	at tourGuide.service.TourGuideService.trackUserLocation(TourGuideService.java:169)
	at tourGuide.service.TourGuideService.lambda$trackUserLocationList$1(TourGuideService.java:190)
	at java.util.concurrent.ThreadPoolExecutor.runWorker(ThreadPoolExecutor.java:1149)
	at java.util.concurrent.ThreadPoolExecutor$Worker.run(ThreadPoolExecutor.java:624)
	at java.lang.Thread.run(Thread.java:748)
Exception in thread "pool-5-thread-985" java.lang.NullPointerException
	at tourGuide.service.GpsUtilProxyServiceImpl.getUserLocation(GpsUtilProxyServiceImpl.java:24)
	at tourGuide.service.TourGuideService.trackUserLocation(TourGuideService.java:169)
	at tourGuide.service.TourGuideService.lambda$trackUserLocationList$1(TourGuideService.java:190)
	at java.util.concurrent.ThreadPoolExecutor.runWorker(ThreadPoolExecutor.java:1149)
	at java.util.concurrent.ThreadPoolExecutor$Worker.run(ThreadPoolExecutor.java:624)
	at java.lang.Thread.run(Thread.java:748)
Exception in thread "pool-5-thread-984" java.lang.NullPointerException
	at tourGuide.service.GpsUtilProxyServiceImpl.getUserLocation(GpsUtilProxyServiceImpl.java:24)
	at tourGuide.service.TourGuideService.trackUserLocation(TourGuideService.java:169)
	at tourGuide.service.TourGuideService.lambda$trackUserLocationList$1(TourGuideService.java:190)
	at java.util.concurrent.ThreadPoolExecutor.runWorker(ThreadPoolExecutor.java:1149)
	at java.util.concurrent.ThreadPoolExecutor$Worker.run(ThreadPoolExecutor.java:624)
	at java.lang.Thread.run(Thread.java:748)
Exception in thread "pool-5-thread-983" java.lang.NullPointerException
	at tourGuide.service.GpsUtilProxyServiceImpl.getUserLocation(GpsUtilProxyServiceImpl.java:24)
	at tourGuide.service.TourGuideService.trackUserLocation(TourGuideService.java:169)
	at tourGuide.service.TourGuideService.lambda$trackUserLocationList$1(TourGuideService.java:190)
	at java.util.concurrent.ThreadPoolExecutor.runWorker(ThreadPoolExecutor.java:1149)
	at java.util.concurrent.ThreadPoolExecutor$Worker.run(ThreadPoolExecutor.java:624)
	at java.lang.Thread.run(Thread.java:748)
Exception in thread "pool-5-thread-982" java.lang.NullPointerException
	at tourGuide.service.GpsUtilProxyServiceImpl.getUserLocation(GpsUtilProxyServiceImpl.java:24)
	at tourGuide.service.TourGuideService.trackUserLocation(TourGuideService.java:169)
	at tourGuide.service.TourGuideService.lambda$trackUserLocationList$1(TourGuideService.java:190)
	at java.util.concurrent.ThreadPoolExecutor.runWorker(ThreadPoolExecutor.java:1149)
	at java.util.concurrent.ThreadPoolExecutor$Worker.run(ThreadPoolExecutor.java:624)
	at java.lang.Thread.run(Thread.java:748)
Exception in thread "pool-5-thread-980" java.lang.NullPointerException
	at tourGuide.service.GpsUtilProxyServiceImpl.getUserLocation(GpsUtilProxyServiceImpl.java:24)
	at tourGuide.service.TourGuideService.trackUserLocation(TourGuideService.java:169)
	at tourGuide.service.TourGuideService.lambda$trackUserLocationList$1(TourGuideService.java:190)
	at java.util.concurrent.ThreadPoolExecutor.runWorker(ThreadPoolExecutor.java:1149)
	at java.util.concurrent.ThreadPoolExecutor$Worker.run(ThreadPoolExecutor.java:624)
	at java.lang.Thread.run(Thread.java:748)
Exception in thread "pool-5-thread-981" java.lang.NullPointerException
	at tourGuide.service.GpsUtilProxyServiceImpl.getUserLocation(GpsUtilProxyServiceImpl.java:24)
	at tourGuide.service.TourGuideService.trackUserLocation(TourGuideService.java:169)
	at tourGuide.service.TourGuideService.lambda$trackUserLocationList$1(TourGuideService.java:190)
	at java.util.concurrent.ThreadPoolExecutor.runWorker(ThreadPoolExecutor.java:1149)
	at java.util.concurrent.ThreadPoolExecutor$Worker.run(ThreadPoolExecutor.java:624)
	at java.lang.Thread.run(Thread.java:748)
Exception in thread "pool-5-thread-979" java.lang.NullPointerException
	at tourGuide.service.GpsUtilProxyServiceImpl.getUserLocation(GpsUtilProxyServiceImpl.java:24)
	at tourGuide.service.TourGuideService.trackUserLocation(TourGuideService.java:169)
	at tourGuide.service.TourGuideService.lambda$trackUserLocationList$1(TourGuideService.java:190)
	at java.util.concurrent.ThreadPoolExecutor.runWorker(ThreadPoolExecutor.java:1149)
	at java.util.concurrent.ThreadPoolExecutor$Worker.run(ThreadPoolExecutor.java:624)
	at java.lang.Thread.run(Thread.java:748)
Exception in thread "pool-5-thread-978" java.lang.NullPointerException
	at tourGuide.service.GpsUtilProxyServiceImpl.getUserLocation(GpsUtilProxyServiceImpl.java:24)
	at tourGuide.service.TourGuideService.trackUserLocation(TourGuideService.java:169)
	at tourGuide.service.TourGuideService.lambda$trackUserLocationList$1(TourGuideService.java:190)
	at java.util.concurrent.ThreadPoolExecutor.runWorker(ThreadPoolExecutor.java:1149)
	at java.util.concurrent.ThreadPoolExecutor$Worker.run(ThreadPoolExecutor.java:624)
	at java.lang.Thread.run(Thread.java:748)
Exception in thread "pool-5-thread-977" java.lang.NullPointerException
	at tourGuide.service.GpsUtilProxyServiceImpl.getUserLocation(GpsUtilProxyServiceImpl.java:24)
	at tourGuide.service.TourGuideService.trackUserLocation(TourGuideService.java:169)
	at tourGuide.service.TourGuideService.lambda$trackUserLocationList$1(TourGuideService.java:190)
	at java.util.concurrent.ThreadPoolExecutor.runWorker(ThreadPoolExecutor.java:1149)
	at java.util.concurrent.ThreadPoolExecutor$Worker.run(ThreadPoolExecutor.java:624)
	at java.lang.Thread.run(Thread.java:748)
Exception in thread "pool-5-thread-975" java.lang.NullPointerException
	at tourGuide.service.GpsUtilProxyServiceImpl.getUserLocation(GpsUtilProxyServiceImpl.java:24)
	at tourGuide.service.TourGuideService.trackUserLocation(TourGuideService.java:169)
	at tourGuide.service.TourGuideService.lambda$trackUserLocationList$1(TourGuideService.java:190)
	at java.util.concurrent.ThreadPoolExecutor.runWorker(ThreadPoolExecutor.java:1149)
	at java.util.concurrent.ThreadPoolExecutor$Worker.run(ThreadPoolExecutor.java:624)
	at java.lang.Thread.run(Thread.java:748)
Exception in thread "pool-5-thread-976" java.lang.NullPointerException
	at tourGuide.service.GpsUtilProxyServiceImpl.getUserLocation(GpsUtilProxyServiceImpl.java:24)
	at tourGuide.service.TourGuideService.trackUserLocation(TourGuideService.java:169)
	at tourGuide.service.TourGuideService.lambda$trackUserLocationList$1(TourGuideService.java:190)
	at java.util.concurrent.ThreadPoolExecutor.runWorker(ThreadPoolExecutor.java:1149)
	at java.util.concurrent.ThreadPoolExecutor$Worker.run(ThreadPoolExecutor.java:624)
	at java.lang.Thread.run(Thread.java:748)
Exception in thread "pool-5-thread-973" java.lang.NullPointerException
	at tourGuide.service.GpsUtilProxyServiceImpl.getUserLocation(GpsUtilProxyServiceImpl.java:24)
	at tourGuide.service.TourGuideService.trackUserLocation(TourGuideService.java:169)
	at tourGuide.service.TourGuideService.lambda$trackUserLocationList$1(TourGuideService.java:190)
	at java.util.concurrent.ThreadPoolExecutor.runWorker(ThreadPoolExecutor.java:1149)
	at java.util.concurrent.ThreadPoolExecutor$Worker.run(ThreadPoolExecutor.java:624)
	at java.lang.Thread.run(Thread.java:748)
Exception in thread "pool-5-thread-974" java.lang.NullPointerException
	at tourGuide.service.GpsUtilProxyServiceImpl.getUserLocation(GpsUtilProxyServiceImpl.java:24)
	at tourGuide.service.TourGuideService.trackUserLocation(TourGuideService.java:169)
	at tourGuide.service.TourGuideService.lambda$trackUserLocationList$1(TourGuideService.java:190)
	at java.util.concurrent.ThreadPoolExecutor.runWorker(ThreadPoolExecutor.java:1149)
	at java.util.concurrent.ThreadPoolExecutor$Worker.run(ThreadPoolExecutor.java:624)
	at java.lang.Thread.run(Thread.java:748)
Exception in thread "pool-5-thread-971" java.lang.NullPointerException
	at tourGuide.service.GpsUtilProxyServiceImpl.getUserLocation(GpsUtilProxyServiceImpl.java:24)
	at tourGuide.service.TourGuideService.trackUserLocation(TourGuideService.java:169)
	at tourGuide.service.TourGuideService.lambda$trackUserLocationList$1(TourGuideService.java:190)
	at java.util.concurrent.ThreadPoolExecutor.runWorker(ThreadPoolExecutor.java:1149)
	at java.util.concurrent.ThreadPoolExecutor$Worker.run(ThreadPoolExecutor.java:624)
	at java.lang.Thread.run(Thread.java:748)
Exception in thread "pool-5-thread-972" java.lang.NullPointerException
	at tourGuide.service.GpsUtilProxyServiceImpl.getUserLocation(GpsUtilProxyServiceImpl.java:24)
	at tourGuide.service.TourGuideService.trackUserLocation(TourGuideService.java:169)
	at tourGuide.service.TourGuideService.lambda$trackUserLocationList$1(TourGuideService.java:190)
	at java.util.concurrent.ThreadPoolExecutor.runWorker(ThreadPoolExecutor.java:1149)
	at java.util.concurrent.ThreadPoolExecutor$Worker.run(ThreadPoolExecutor.java:624)
	at java.lang.Thread.run(Thread.java:748)
Exception in thread "pool-5-thread-970" java.lang.NullPointerException
	at tourGuide.service.GpsUtilProxyServiceImpl.getUserLocation(GpsUtilProxyServiceImpl.java:24)
	at tourGuide.service.TourGuideService.trackUserLocation(TourGuideService.java:169)
	at tourGuide.service.TourGuideService.lambda$trackUserLocationList$1(TourGuideService.java:190)
	at java.util.concurrent.ThreadPoolExecutor.runWorker(ThreadPoolExecutor.java:1149)
	at java.util.concurrent.ThreadPoolExecutor$Worker.run(ThreadPoolExecutor.java:624)
	at java.lang.Thread.run(Thread.java:748)
Exception in thread "pool-5-thread-969" java.lang.NullPointerException
	at tourGuide.service.GpsUtilProxyServiceImpl.getUserLocation(GpsUtilProxyServiceImpl.java:24)
	at tourGuide.service.TourGuideService.trackUserLocation(TourGuideService.java:169)
	at tourGuide.service.TourGuideService.lambda$trackUserLocationList$1(TourGuideService.java:190)
	at java.util.concurrent.ThreadPoolExecutor.runWorker(ThreadPoolExecutor.java:1149)
	at java.util.concurrent.ThreadPoolExecutor$Worker.run(ThreadPoolExecutor.java:624)
	at java.lang.Thread.run(Thread.java:748)
Exception in thread "pool-5-thread-968" java.lang.NullPointerException
	at tourGuide.service.GpsUtilProxyServiceImpl.getUserLocation(GpsUtilProxyServiceImpl.java:24)
	at tourGuide.service.TourGuideService.trackUserLocation(TourGuideService.java:169)
	at tourGuide.service.TourGuideService.lambda$trackUserLocationList$1(TourGuideService.java:190)
	at java.util.concurrent.ThreadPoolExecutor.runWorker(ThreadPoolExecutor.java:1149)
	at java.util.concurrent.ThreadPoolExecutor$Worker.run(ThreadPoolExecutor.java:624)
	at java.lang.Thread.run(Thread.java:748)
Exception in thread "pool-5-thread-966" java.lang.NullPointerException
	at tourGuide.service.GpsUtilProxyServiceImpl.getUserLocation(GpsUtilProxyServiceImpl.java:24)
	at tourGuide.service.TourGuideService.trackUserLocation(TourGuideService.java:169)
	at tourGuide.service.TourGuideService.lambda$trackUserLocationList$1(TourGuideService.java:190)
	at java.util.concurrent.ThreadPoolExecutor.runWorker(ThreadPoolExecutor.java:1149)
	at java.util.concurrent.ThreadPoolExecutor$Worker.run(ThreadPoolExecutor.java:624)
	at java.lang.Thread.run(Thread.java:748)
Exception in thread "pool-5-thread-967" java.lang.NullPointerException
	at tourGuide.service.GpsUtilProxyServiceImpl.getUserLocation(GpsUtilProxyServiceImpl.java:24)
	at tourGuide.service.TourGuideService.trackUserLocation(TourGuideService.java:169)
	at tourGuide.service.TourGuideService.lambda$trackUserLocationList$1(TourGuideService.java:190)
	at java.util.concurrent.ThreadPoolExecutor.runWorker(ThreadPoolExecutor.java:1149)
	at java.util.concurrent.ThreadPoolExecutor$Worker.run(ThreadPoolExecutor.java:624)
	at java.lang.Thread.run(Thread.java:748)
Exception in thread "pool-5-thread-965" java.lang.NullPointerException
	at tourGuide.service.GpsUtilProxyServiceImpl.getUserLocation(GpsUtilProxyServiceImpl.java:24)
	at tourGuide.service.TourGuideService.trackUserLocation(TourGuideService.java:169)
	at tourGuide.service.TourGuideService.lambda$trackUserLocationList$1(TourGuideService.java:190)
	at java.util.concurrent.ThreadPoolExecutor.runWorker(ThreadPoolExecutor.java:1149)
	at java.util.concurrent.ThreadPoolExecutor$Worker.run(ThreadPoolExecutor.java:624)
	at java.lang.Thread.run(Thread.java:748)
Exception in thread "pool-5-thread-964" java.lang.NullPointerException
	at tourGuide.service.GpsUtilProxyServiceImpl.getUserLocation(GpsUtilProxyServiceImpl.java:24)
	at tourGuide.service.TourGuideService.trackUserLocation(TourGuideService.java:169)
	at tourGuide.service.TourGuideService.lambda$trackUserLocationList$1(TourGuideService.java:190)
	at java.util.concurrent.ThreadPoolExecutor.runWorker(ThreadPoolExecutor.java:1149)
	at java.util.concurrent.ThreadPoolExecutor$Worker.run(ThreadPoolExecutor.java:624)
	at java.lang.Thread.run(Thread.java:748)
Exception in thread "pool-5-thread-963" java.lang.NullPointerException
	at tourGuide.service.GpsUtilProxyServiceImpl.getUserLocation(GpsUtilProxyServiceImpl.java:24)
	at tourGuide.service.TourGuideService.trackUserLocation(TourGuideService.java:169)
	at tourGuide.service.TourGuideService.lambda$trackUserLocationList$1(TourGuideService.java:190)
	at java.util.concurrent.ThreadPoolExecutor.runWorker(ThreadPoolExecutor.java:1149)
	at java.util.concurrent.ThreadPoolExecutor$Worker.run(ThreadPoolExecutor.java:624)
	at java.lang.Thread.run(Thread.java:748)
Exception in thread "pool-5-thread-962" java.lang.NullPointerException
	at tourGuide.service.GpsUtilProxyServiceImpl.getUserLocation(GpsUtilProxyServiceImpl.java:24)
	at tourGuide.service.TourGuideService.trackUserLocation(TourGuideService.java:169)
	at tourGuide.service.TourGuideService.lambda$trackUserLocationList$1(TourGuideService.java:190)
	at java.util.concurrent.ThreadPoolExecutor.runWorker(ThreadPoolExecutor.java:1149)
	at java.util.concurrent.ThreadPoolExecutor$Worker.run(ThreadPoolExecutor.java:624)
	at java.lang.Thread.run(Thread.java:748)
Exception in thread "pool-5-thread-961" java.lang.NullPointerException
	at tourGuide.service.GpsUtilProxyServiceImpl.getUserLocation(GpsUtilProxyServiceImpl.java:24)
	at tourGuide.service.TourGuideService.trackUserLocation(TourGuideService.java:169)
	at tourGuide.service.TourGuideService.lambda$trackUserLocationList$1(TourGuideService.java:190)
	at java.util.concurrent.ThreadPoolExecutor.runWorker(ThreadPoolExecutor.java:1149)
	at java.util.concurrent.ThreadPoolExecutor$Worker.run(ThreadPoolExecutor.java:624)
	at java.lang.Thread.run(Thread.java:748)
Exception in thread "pool-5-thread-959" java.lang.NullPointerException
	at tourGuide.service.GpsUtilProxyServiceImpl.getUserLocation(GpsUtilProxyServiceImpl.java:24)
	at tourGuide.service.TourGuideService.trackUserLocation(TourGuideService.java:169)
	at tourGuide.service.TourGuideService.lambda$trackUserLocationList$1(TourGuideService.java:190)
	at java.util.concurrent.ThreadPoolExecutor.runWorker(ThreadPoolExecutor.java:1149)
	at java.util.concurrent.ThreadPoolExecutor$Worker.run(ThreadPoolExecutor.java:624)
	at java.lang.Thread.run(Thread.java:748)
Exception in thread "pool-5-thread-960" java.lang.NullPointerException
	at tourGuide.service.GpsUtilProxyServiceImpl.getUserLocation(GpsUtilProxyServiceImpl.java:24)
	at tourGuide.service.TourGuideService.trackUserLocation(TourGuideService.java:169)
	at tourGuide.service.TourGuideService.lambda$trackUserLocationList$1(TourGuideService.java:190)
	at java.util.concurrent.ThreadPoolExecutor.runWorker(ThreadPoolExecutor.java:1149)
	at java.util.concurrent.ThreadPoolExecutor$Worker.run(ThreadPoolExecutor.java:624)
	at java.lang.Thread.run(Thread.java:748)
Exception in thread "pool-5-thread-958" java.lang.NullPointerException
	at tourGuide.service.GpsUtilProxyServiceImpl.getUserLocation(GpsUtilProxyServiceImpl.java:24)
	at tourGuide.service.TourGuideService.trackUserLocation(TourGuideService.java:169)
	at tourGuide.service.TourGuideService.lambda$trackUserLocationList$1(TourGuideService.java:190)
	at java.util.concurrent.ThreadPoolExecutor.runWorker(ThreadPoolExecutor.java:1149)
	at java.util.concurrent.ThreadPoolExecutor$Worker.run(ThreadPoolExecutor.java:624)
	at java.lang.Thread.run(Thread.java:748)
Exception in thread "pool-5-thread-957" java.lang.NullPointerException
	at tourGuide.service.GpsUtilProxyServiceImpl.getUserLocation(GpsUtilProxyServiceImpl.java:24)
	at tourGuide.service.TourGuideService.trackUserLocation(TourGuideService.java:169)
	at tourGuide.service.TourGuideService.lambda$trackUserLocationList$1(TourGuideService.java:190)
	at java.util.concurrent.ThreadPoolExecutor.runWorker(ThreadPoolExecutor.java:1149)
	at java.util.concurrent.ThreadPoolExecutor$Worker.run(ThreadPoolExecutor.java:624)
	at java.lang.Thread.run(Thread.java:748)
Exception in thread "pool-5-thread-956" java.lang.NullPointerException
	at tourGuide.service.GpsUtilProxyServiceImpl.getUserLocation(GpsUtilProxyServiceImpl.java:24)
	at tourGuide.service.TourGuideService.trackUserLocation(TourGuideService.java:169)
	at tourGuide.service.TourGuideService.lambda$trackUserLocationList$1(TourGuideService.java:190)
	at java.util.concurrent.ThreadPoolExecutor.runWorker(ThreadPoolExecutor.java:1149)
	at java.util.concurrent.ThreadPoolExecutor$Worker.run(ThreadPoolExecutor.java:624)
	at java.lang.Thread.run(Thread.java:748)
Exception in thread "pool-5-thread-955" java.lang.NullPointerException
	at tourGuide.service.GpsUtilProxyServiceImpl.getUserLocation(GpsUtilProxyServiceImpl.java:24)
	at tourGuide.service.TourGuideService.trackUserLocation(TourGuideService.java:169)
	at tourGuide.service.TourGuideService.lambda$trackUserLocationList$1(TourGuideService.java:190)
	at java.util.concurrent.ThreadPoolExecutor.runWorker(ThreadPoolExecutor.java:1149)
	at java.util.concurrent.ThreadPoolExecutor$Worker.run(ThreadPoolExecutor.java:624)
	at java.lang.Thread.run(Thread.java:748)
Exception in thread "pool-5-thread-954" java.lang.NullPointerException
	at tourGuide.service.GpsUtilProxyServiceImpl.getUserLocation(GpsUtilProxyServiceImpl.java:24)
	at tourGuide.service.TourGuideService.trackUserLocation(TourGuideService.java:169)
	at tourGuide.service.TourGuideService.lambda$trackUserLocationList$1(TourGuideService.java:190)
	at java.util.concurrent.ThreadPoolExecutor.runWorker(ThreadPoolExecutor.java:1149)
	at java.util.concurrent.ThreadPoolExecutor$Worker.run(ThreadPoolExecutor.java:624)
	at java.lang.Thread.run(Thread.java:748)
Exception in thread "pool-5-thread-953" java.lang.NullPointerException
	at tourGuide.service.GpsUtilProxyServiceImpl.getUserLocation(GpsUtilProxyServiceImpl.java:24)
	at tourGuide.service.TourGuideService.trackUserLocation(TourGuideService.java:169)
	at tourGuide.service.TourGuideService.lambda$trackUserLocationList$1(TourGuideService.java:190)
	at java.util.concurrent.ThreadPoolExecutor.runWorker(ThreadPoolExecutor.java:1149)
	at java.util.concurrent.ThreadPoolExecutor$Worker.run(ThreadPoolExecutor.java:624)
	at java.lang.Thread.run(Thread.java:748)
Exception in thread "pool-5-thread-952" java.lang.NullPointerException
	at tourGuide.service.GpsUtilProxyServiceImpl.getUserLocation(GpsUtilProxyServiceImpl.java:24)
	at tourGuide.service.TourGuideService.trackUserLocation(TourGuideService.java:169)
	at tourGuide.service.TourGuideService.lambda$trackUserLocationList$1(TourGuideService.java:190)
	at java.util.concurrent.ThreadPoolExecutor.runWorker(ThreadPoolExecutor.java:1149)
	at java.util.concurrent.ThreadPoolExecutor$Worker.run(ThreadPoolExecutor.java:624)
	at java.lang.Thread.run(Thread.java:748)
Exception in thread "pool-5-thread-950" java.lang.NullPointerException
	at tourGuide.service.GpsUtilProxyServiceImpl.getUserLocation(GpsUtilProxyServiceImpl.java:24)
	at tourGuide.service.TourGuideService.trackUserLocation(TourGuideService.java:169)
	at tourGuide.service.TourGuideService.lambda$trackUserLocationList$1(TourGuideService.java:190)
	at java.util.concurrent.ThreadPoolExecutor.runWorker(ThreadPoolExecutor.java:1149)
	at java.util.concurrent.ThreadPoolExecutor$Worker.run(ThreadPoolExecutor.java:624)
	at java.lang.Thread.run(Thread.java:748)
Exception in thread "pool-5-thread-951" java.lang.NullPointerException
	at tourGuide.service.GpsUtilProxyServiceImpl.getUserLocation(GpsUtilProxyServiceImpl.java:24)
	at tourGuide.service.TourGuideService.trackUserLocation(TourGuideService.java:169)
	at tourGuide.service.TourGuideService.lambda$trackUserLocationList$1(TourGuideService.java:190)
	at java.util.concurrent.ThreadPoolExecutor.runWorker(ThreadPoolExecutor.java:1149)
	at java.util.concurrent.ThreadPoolExecutor$Worker.run(ThreadPoolExecutor.java:624)
	at java.lang.Thread.run(Thread.java:748)
Exception in thread "pool-5-thread-949" java.lang.NullPointerException
	at tourGuide.service.GpsUtilProxyServiceImpl.getUserLocation(GpsUtilProxyServiceImpl.java:24)
	at tourGuide.service.TourGuideService.trackUserLocation(TourGuideService.java:169)
	at tourGuide.service.TourGuideService.lambda$trackUserLocationList$1(TourGuideService.java:190)
	at java.util.concurrent.ThreadPoolExecutor.runWorker(ThreadPoolExecutor.java:1149)
	at java.util.concurrent.ThreadPoolExecutor$Worker.run(ThreadPoolExecutor.java:624)
	at java.lang.Thread.run(Thread.java:748)
Exception in thread "pool-5-thread-947" java.lang.NullPointerException
	at tourGuide.service.GpsUtilProxyServiceImpl.getUserLocation(GpsUtilProxyServiceImpl.java:24)
	at tourGuide.service.TourGuideService.trackUserLocation(TourGuideService.java:169)
	at tourGuide.service.TourGuideService.lambda$trackUserLocationList$1(TourGuideService.java:190)
	at java.util.concurrent.ThreadPoolExecutor.runWorker(ThreadPoolExecutor.java:1149)
	at java.util.concurrent.ThreadPoolExecutor$Worker.run(ThreadPoolExecutor.java:624)
	at java.lang.Thread.run(Thread.java:748)
Exception in thread "pool-5-thread-948" java.lang.NullPointerException
	at tourGuide.service.GpsUtilProxyServiceImpl.getUserLocation(GpsUtilProxyServiceImpl.java:24)
	at tourGuide.service.TourGuideService.trackUserLocation(TourGuideService.java:169)
	at tourGuide.service.TourGuideService.lambda$trackUserLocationList$1(TourGuideService.java:190)
	at java.util.concurrent.ThreadPoolExecutor.runWorker(ThreadPoolExecutor.java:1149)
	at java.util.concurrent.ThreadPoolExecutor$Worker.run(ThreadPoolExecutor.java:624)
	at java.lang.Thread.run(Thread.java:748)
Exception in thread "pool-5-thread-946" java.lang.NullPointerException
	at tourGuide.service.GpsUtilProxyServiceImpl.getUserLocation(GpsUtilProxyServiceImpl.java:24)
	at tourGuide.service.TourGuideService.trackUserLocation(TourGuideService.java:169)
	at tourGuide.service.TourGuideService.lambda$trackUserLocationList$1(TourGuideService.java:190)
	at java.util.concurrent.ThreadPoolExecutor.runWorker(ThreadPoolExecutor.java:1149)
	at java.util.concurrent.ThreadPoolExecutor$Worker.run(ThreadPoolExecutor.java:624)
	at java.lang.Thread.run(Thread.java:748)
Exception in thread "pool-5-thread-945" java.lang.NullPointerException
	at tourGuide.service.GpsUtilProxyServiceImpl.getUserLocation(GpsUtilProxyServiceImpl.java:24)
	at tourGuide.service.TourGuideService.trackUserLocation(TourGuideService.java:169)
	at tourGuide.service.TourGuideService.lambda$trackUserLocationList$1(TourGuideService.java:190)
	at java.util.concurrent.ThreadPoolExecutor.runWorker(ThreadPoolExecutor.java:1149)
	at java.util.concurrent.ThreadPoolExecutor$Worker.run(ThreadPoolExecutor.java:624)
	at java.lang.Thread.run(Thread.java:748)
Exception in thread "pool-5-thread-944" java.lang.NullPointerException
	at tourGuide.service.GpsUtilProxyServiceImpl.getUserLocation(GpsUtilProxyServiceImpl.java:24)
	at tourGuide.service.TourGuideService.trackUserLocation(TourGuideService.java:169)
	at tourGuide.service.TourGuideService.lambda$trackUserLocationList$1(TourGuideService.java:190)
	at java.util.concurrent.ThreadPoolExecutor.runWorker(ThreadPoolExecutor.java:1149)
	at java.util.concurrent.ThreadPoolExecutor$Worker.run(ThreadPoolExecutor.java:624)
	at java.lang.Thread.run(Thread.java:748)
Exception in thread "pool-5-thread-943" java.lang.NullPointerException
	at tourGuide.service.GpsUtilProxyServiceImpl.getUserLocation(GpsUtilProxyServiceImpl.java:24)
	at tourGuide.service.TourGuideService.trackUserLocation(TourGuideService.java:169)
	at tourGuide.service.TourGuideService.lambda$trackUserLocationList$1(TourGuideService.java:190)
	at java.util.concurrent.ThreadPoolExecutor.runWorker(ThreadPoolExecutor.java:1149)
	at java.util.concurrent.ThreadPoolExecutor$Worker.run(ThreadPoolExecutor.java:624)
	at java.lang.Thread.run(Thread.java:748)
Exception in thread "pool-5-thread-941" java.lang.NullPointerException
	at tourGuide.service.GpsUtilProxyServiceImpl.getUserLocation(GpsUtilProxyServiceImpl.java:24)
	at tourGuide.service.TourGuideService.trackUserLocation(TourGuideService.java:169)
	at tourGuide.service.TourGuideService.lambda$trackUserLocationList$1(TourGuideService.java:190)
	at java.util.concurrent.ThreadPoolExecutor.runWorker(ThreadPoolExecutor.java:1149)
	at java.util.concurrent.ThreadPoolExecutor$Worker.run(ThreadPoolExecutor.java:624)
	at java.lang.Thread.run(Thread.java:748)
Exception in thread "pool-5-thread-942" java.lang.NullPointerException
	at tourGuide.service.GpsUtilProxyServiceImpl.getUserLocation(GpsUtilProxyServiceImpl.java:24)
	at tourGuide.service.TourGuideService.trackUserLocation(TourGuideService.java:169)
	at tourGuide.service.TourGuideService.lambda$trackUserLocationList$1(TourGuideService.java:190)
	at java.util.concurrent.ThreadPoolExecutor.runWorker(ThreadPoolExecutor.java:1149)
	at java.util.concurrent.ThreadPoolExecutor$Worker.run(ThreadPoolExecutor.java:624)
	at java.lang.Thread.run(Thread.java:748)
Exception in thread "pool-5-thread-940" java.lang.NullPointerException
	at tourGuide.service.GpsUtilProxyServiceImpl.getUserLocation(GpsUtilProxyServiceImpl.java:24)
	at tourGuide.service.TourGuideService.trackUserLocation(TourGuideService.java:169)
	at tourGuide.service.TourGuideService.lambda$trackUserLocationList$1(TourGuideService.java:190)
	at java.util.concurrent.ThreadPoolExecutor.runWorker(ThreadPoolExecutor.java:1149)
	at java.util.concurrent.ThreadPoolExecutor$Worker.run(ThreadPoolExecutor.java:624)
	at java.lang.Thread.run(Thread.java:748)
Exception in thread "pool-5-thread-939" java.lang.NullPointerException
	at tourGuide.service.GpsUtilProxyServiceImpl.getUserLocation(GpsUtilProxyServiceImpl.java:24)
	at tourGuide.service.TourGuideService.trackUserLocation(TourGuideService.java:169)
	at tourGuide.service.TourGuideService.lambda$trackUserLocationList$1(TourGuideService.java:190)
	at java.util.concurrent.ThreadPoolExecutor.runWorker(ThreadPoolExecutor.java:1149)
	at java.util.concurrent.ThreadPoolExecutor$Worker.run(ThreadPoolExecutor.java:624)
	at java.lang.Thread.run(Thread.java:748)
Exception in thread "pool-5-thread-938" java.lang.NullPointerException
	at tourGuide.service.GpsUtilProxyServiceImpl.getUserLocation(GpsUtilProxyServiceImpl.java:24)
	at tourGuide.service.TourGuideService.trackUserLocation(TourGuideService.java:169)
	at tourGuide.service.TourGuideService.lambda$trackUserLocationList$1(TourGuideService.java:190)
	at java.util.concurrent.ThreadPoolExecutor.runWorker(ThreadPoolExecutor.java:1149)
	at java.util.concurrent.ThreadPoolExecutor$Worker.run(ThreadPoolExecutor.java:624)
	at java.lang.Thread.run(Thread.java:748)
Exception in thread "pool-5-thread-937" java.lang.NullPointerException
	at tourGuide.service.GpsUtilProxyServiceImpl.getUserLocation(GpsUtilProxyServiceImpl.java:24)
	at tourGuide.service.TourGuideService.trackUserLocation(TourGuideService.java:169)
	at tourGuide.service.TourGuideService.lambda$trackUserLocationList$1(TourGuideService.java:190)
	at java.util.concurrent.ThreadPoolExecutor.runWorker(ThreadPoolExecutor.java:1149)
	at java.util.concurrent.ThreadPoolExecutor$Worker.run(ThreadPoolExecutor.java:624)
	at java.lang.Thread.run(Thread.java:748)
Exception in thread "pool-5-thread-936" java.lang.NullPointerException
	at tourGuide.service.GpsUtilProxyServiceImpl.getUserLocation(GpsUtilProxyServiceImpl.java:24)
	at tourGuide.service.TourGuideService.trackUserLocation(TourGuideService.java:169)
	at tourGuide.service.TourGuideService.lambda$trackUserLocationList$1(TourGuideService.java:190)
	at java.util.concurrent.ThreadPoolExecutor.runWorker(ThreadPoolExecutor.java:1149)
	at java.util.concurrent.ThreadPoolExecutor$Worker.run(ThreadPoolExecutor.java:624)
	at java.lang.Thread.run(Thread.java:748)
Exception in thread "pool-5-thread-935" java.lang.NullPointerException
	at tourGuide.service.GpsUtilProxyServiceImpl.getUserLocation(GpsUtilProxyServiceImpl.java:24)
	at tourGuide.service.TourGuideService.trackUserLocation(TourGuideService.java:169)
	at tourGuide.service.TourGuideService.lambda$trackUserLocationList$1(TourGuideService.java:190)
	at java.util.concurrent.ThreadPoolExecutor.runWorker(ThreadPoolExecutor.java:1149)
	at java.util.concurrent.ThreadPoolExecutor$Worker.run(ThreadPoolExecutor.java:624)
	at java.lang.Thread.run(Thread.java:748)
Exception in thread "pool-5-thread-932" java.lang.NullPointerException
	at tourGuide.service.GpsUtilProxyServiceImpl.getUserLocation(GpsUtilProxyServiceImpl.java:24)
	at tourGuide.service.TourGuideService.trackUserLocation(TourGuideService.java:169)
	at tourGuide.service.TourGuideService.lambda$trackUserLocationList$1(TourGuideService.java:190)
	at java.util.concurrent.ThreadPoolExecutor.runWorker(ThreadPoolExecutor.java:1149)
	at java.util.concurrent.ThreadPoolExecutor$Worker.run(ThreadPoolExecutor.java:624)
	at java.lang.Thread.run(Thread.java:748)
Exception in thread "pool-5-thread-931" java.lang.NullPointerException
	at tourGuide.service.GpsUtilProxyServiceImpl.getUserLocation(GpsUtilProxyServiceImpl.java:24)
	at tourGuide.service.TourGuideService.trackUserLocation(TourGuideService.java:169)
	at tourGuide.service.TourGuideService.lambda$trackUserLocationList$1(TourGuideService.java:190)
	at java.util.concurrent.ThreadPoolExecutor.runWorker(ThreadPoolExecutor.java:1149)
	at java.util.concurrent.ThreadPoolExecutor$Worker.run(ThreadPoolExecutor.java:624)
	at java.lang.Thread.run(Thread.java:748)
Exception in thread "pool-5-thread-930" java.lang.NullPointerException
	at tourGuide.service.GpsUtilProxyServiceImpl.getUserLocation(GpsUtilProxyServiceImpl.java:24)
	at tourGuide.service.TourGuideService.trackUserLocation(TourGuideService.java:169)
	at tourGuide.service.TourGuideService.lambda$trackUserLocationList$1(TourGuideService.java:190)
	at java.util.concurrent.ThreadPoolExecutor.runWorker(ThreadPoolExecutor.java:1149)
	at java.util.concurrent.ThreadPoolExecutor$Worker.run(ThreadPoolExecutor.java:624)
	at java.lang.Thread.run(Thread.java:748)
Exception in thread "pool-5-thread-929" java.lang.NullPointerException
	at tourGuide.service.GpsUtilProxyServiceImpl.getUserLocation(GpsUtilProxyServiceImpl.java:24)
	at tourGuide.service.TourGuideService.trackUserLocation(TourGuideService.java:169)
	at tourGuide.service.TourGuideService.lambda$trackUserLocationList$1(TourGuideService.java:190)
	at java.util.concurrent.ThreadPoolExecutor.runWorker(ThreadPoolExecutor.java:1149)
	at java.util.concurrent.ThreadPoolExecutor$Worker.run(ThreadPoolExecutor.java:624)
	at java.lang.Thread.run(Thread.java:748)
Exception in thread "pool-5-thread-927" java.lang.NullPointerException
	at tourGuide.service.GpsUtilProxyServiceImpl.getUserLocation(GpsUtilProxyServiceImpl.java:24)
	at tourGuide.service.TourGuideService.trackUserLocation(TourGuideService.java:169)
	at tourGuide.service.TourGuideService.lambda$trackUserLocationList$1(TourGuideService.java:190)
	at java.util.concurrent.ThreadPoolExecutor.runWorker(ThreadPoolExecutor.java:1149)
	at java.util.concurrent.ThreadPoolExecutor$Worker.run(ThreadPoolExecutor.java:624)
	at java.lang.Thread.run(Thread.java:748)
Exception in thread "pool-5-thread-928" java.lang.NullPointerException
	at tourGuide.service.GpsUtilProxyServiceImpl.getUserLocation(GpsUtilProxyServiceImpl.java:24)
	at tourGuide.service.TourGuideService.trackUserLocation(TourGuideService.java:169)
	at tourGuide.service.TourGuideService.lambda$trackUserLocationList$1(TourGuideService.java:190)
	at java.util.concurrent.ThreadPoolExecutor.runWorker(ThreadPoolExecutor.java:1149)
	at java.util.concurrent.ThreadPoolExecutor$Worker.run(ThreadPoolExecutor.java:624)
	at java.lang.Thread.run(Thread.java:748)
Exception in thread "pool-5-thread-926" java.lang.NullPointerException
	at tourGuide.service.GpsUtilProxyServiceImpl.getUserLocation(GpsUtilProxyServiceImpl.java:24)
	at tourGuide.service.TourGuideService.trackUserLocation(TourGuideService.java:169)
	at tourGuide.service.TourGuideService.lambda$trackUserLocationList$1(TourGuideService.java:190)
	at java.util.concurrent.ThreadPoolExecutor.runWorker(ThreadPoolExecutor.java:1149)
	at java.util.concurrent.ThreadPoolExecutor$Worker.run(ThreadPoolExecutor.java:624)
	at java.lang.Thread.run(Thread.java:748)
Exception in thread "pool-5-thread-925" java.lang.NullPointerException
	at tourGuide.service.GpsUtilProxyServiceImpl.getUserLocation(GpsUtilProxyServiceImpl.java:24)
	at tourGuide.service.TourGuideService.trackUserLocation(TourGuideService.java:169)
	at tourGuide.service.TourGuideService.lambda$trackUserLocationList$1(TourGuideService.java:190)
	at java.util.concurrent.ThreadPoolExecutor.runWorker(ThreadPoolExecutor.java:1149)
	at java.util.concurrent.ThreadPoolExecutor$Worker.run(ThreadPoolExecutor.java:624)
	at java.lang.Thread.run(Thread.java:748)
Exception in thread "pool-5-thread-924" java.lang.NullPointerException
	at tourGuide.service.GpsUtilProxyServiceImpl.getUserLocation(GpsUtilProxyServiceImpl.java:24)
	at tourGuide.service.TourGuideService.trackUserLocation(TourGuideService.java:169)
	at tourGuide.service.TourGuideService.lambda$trackUserLocationList$1(TourGuideService.java:190)
	at java.util.concurrent.ThreadPoolExecutor.runWorker(ThreadPoolExecutor.java:1149)
	at java.util.concurrent.ThreadPoolExecutor$Worker.run(ThreadPoolExecutor.java:624)
	at java.lang.Thread.run(Thread.java:748)
Exception in thread "pool-5-thread-923" java.lang.NullPointerException
	at tourGuide.service.GpsUtilProxyServiceImpl.getUserLocation(GpsUtilProxyServiceImpl.java:24)
	at tourGuide.service.TourGuideService.trackUserLocation(TourGuideService.java:169)
	at tourGuide.service.TourGuideService.lambda$trackUserLocationList$1(TourGuideService.java:190)
	at java.util.concurrent.ThreadPoolExecutor.runWorker(ThreadPoolExecutor.java:1149)
	at java.util.concurrent.ThreadPoolExecutor$Worker.run(ThreadPoolExecutor.java:624)
	at java.lang.Thread.run(Thread.java:748)
Exception in thread "pool-5-thread-921" java.lang.NullPointerException
	at tourGuide.service.GpsUtilProxyServiceImpl.getUserLocation(GpsUtilProxyServiceImpl.java:24)
	at tourGuide.service.TourGuideService.trackUserLocation(TourGuideService.java:169)
	at tourGuide.service.TourGuideService.lambda$trackUserLocationList$1(TourGuideService.java:190)
	at java.util.concurrent.ThreadPoolExecutor.runWorker(ThreadPoolExecutor.java:1149)
	at java.util.concurrent.ThreadPoolExecutor$Worker.run(ThreadPoolExecutor.java:624)
	at java.lang.Thread.run(Thread.java:748)
Exception in thread "pool-5-thread-922" java.lang.NullPointerException
	at tourGuide.service.GpsUtilProxyServiceImpl.getUserLocation(GpsUtilProxyServiceImpl.java:24)
	at tourGuide.service.TourGuideService.trackUserLocation(TourGuideService.java:169)
	at tourGuide.service.TourGuideService.lambda$trackUserLocationList$1(TourGuideService.java:190)
	at java.util.concurrent.ThreadPoolExecutor.runWorker(ThreadPoolExecutor.java:1149)
	at java.util.concurrent.ThreadPoolExecutor$Worker.run(ThreadPoolExecutor.java:624)
	at java.lang.Thread.run(Thread.java:748)
Exception in thread "pool-5-thread-918" java.lang.NullPointerException
	at tourGuide.service.GpsUtilProxyServiceImpl.getUserLocation(GpsUtilProxyServiceImpl.java:24)
	at tourGuide.service.TourGuideService.trackUserLocation(TourGuideService.java:169)
	at tourGuide.service.TourGuideService.lambda$trackUserLocationList$1(TourGuideService.java:190)
	at java.util.concurrent.ThreadPoolExecutor.runWorker(ThreadPoolExecutor.java:1149)
	at java.util.concurrent.ThreadPoolExecutor$Worker.run(ThreadPoolExecutor.java:624)
	at java.lang.Thread.run(Thread.java:748)
Exception in thread "pool-5-thread-920" java.lang.NullPointerException
	at tourGuide.service.GpsUtilProxyServiceImpl.getUserLocation(GpsUtilProxyServiceImpl.java:24)
	at tourGuide.service.TourGuideService.trackUserLocation(TourGuideService.java:169)
	at tourGuide.service.TourGuideService.lambda$trackUserLocationList$1(TourGuideService.java:190)
	at java.util.concurrent.ThreadPoolExecutor.runWorker(ThreadPoolExecutor.java:1149)
	at java.util.concurrent.ThreadPoolExecutor$Worker.run(ThreadPoolExecutor.java:624)
	at java.lang.Thread.run(Thread.java:748)
Exception in thread "pool-5-thread-919" java.lang.NullPointerException
	at tourGuide.service.GpsUtilProxyServiceImpl.getUserLocation(GpsUtilProxyServiceImpl.java:24)
	at tourGuide.service.TourGuideService.trackUserLocation(TourGuideService.java:169)
	at tourGuide.service.TourGuideService.lambda$trackUserLocationList$1(TourGuideService.java:190)
	at java.util.concurrent.ThreadPoolExecutor.runWorker(ThreadPoolExecutor.java:1149)
	at java.util.concurrent.ThreadPoolExecutor$Worker.run(ThreadPoolExecutor.java:624)
	at java.lang.Thread.run(Thread.java:748)
Exception in thread "pool-5-thread-917" java.lang.NullPointerException
	at tourGuide.service.GpsUtilProxyServiceImpl.getUserLocation(GpsUtilProxyServiceImpl.java:24)
	at tourGuide.service.TourGuideService.trackUserLocation(TourGuideService.java:169)
	at tourGuide.service.TourGuideService.lambda$trackUserLocationList$1(TourGuideService.java:190)
	at java.util.concurrent.ThreadPoolExecutor.runWorker(ThreadPoolExecutor.java:1149)
	at java.util.concurrent.ThreadPoolExecutor$Worker.run(ThreadPoolExecutor.java:624)
	at java.lang.Thread.run(Thread.java:748)
Exception in thread "pool-5-thread-915" java.lang.NullPointerException
	at tourGuide.service.GpsUtilProxyServiceImpl.getUserLocation(GpsUtilProxyServiceImpl.java:24)
	at tourGuide.service.TourGuideService.trackUserLocation(TourGuideService.java:169)
	at tourGuide.service.TourGuideService.lambda$trackUserLocationList$1(TourGuideService.java:190)
	at java.util.concurrent.ThreadPoolExecutor.runWorker(ThreadPoolExecutor.java:1149)
	at java.util.concurrent.ThreadPoolExecutor$Worker.run(ThreadPoolExecutor.java:624)
	at java.lang.Thread.run(Thread.java:748)
Exception in thread "pool-5-thread-916" java.lang.NullPointerException
	at tourGuide.service.GpsUtilProxyServiceImpl.getUserLocation(GpsUtilProxyServiceImpl.java:24)
	at tourGuide.service.TourGuideService.trackUserLocation(TourGuideService.java:169)
	at tourGuide.service.TourGuideService.lambda$trackUserLocationList$1(TourGuideService.java:190)
	at java.util.concurrent.ThreadPoolExecutor.runWorker(ThreadPoolExecutor.java:1149)
	at java.util.concurrent.ThreadPoolExecutor$Worker.run(ThreadPoolExecutor.java:624)
	at java.lang.Thread.run(Thread.java:748)
Exception in thread "pool-5-thread-914" java.lang.NullPointerException
	at tourGuide.service.GpsUtilProxyServiceImpl.getUserLocation(GpsUtilProxyServiceImpl.java:24)
	at tourGuide.service.TourGuideService.trackUserLocation(TourGuideService.java:169)
	at tourGuide.service.TourGuideService.lambda$trackUserLocationList$1(TourGuideService.java:190)
	at java.util.concurrent.ThreadPoolExecutor.runWorker(ThreadPoolExecutor.java:1149)
	at java.util.concurrent.ThreadPoolExecutor$Worker.run(ThreadPoolExecutor.java:624)
	at java.lang.Thread.run(Thread.java:748)
Exception in thread "pool-5-thread-913" java.lang.NullPointerException
	at tourGuide.service.GpsUtilProxyServiceImpl.getUserLocation(GpsUtilProxyServiceImpl.java:24)
	at tourGuide.service.TourGuideService.trackUserLocation(TourGuideService.java:169)
	at tourGuide.service.TourGuideService.lambda$trackUserLocationList$1(TourGuideService.java:190)
	at java.util.concurrent.ThreadPoolExecutor.runWorker(ThreadPoolExecutor.java:1149)
	at java.util.concurrent.ThreadPoolExecutor$Worker.run(ThreadPoolExecutor.java:624)
	at java.lang.Thread.run(Thread.java:748)
Exception in thread "pool-5-thread-911" java.lang.NullPointerException
	at tourGuide.service.GpsUtilProxyServiceImpl.getUserLocation(GpsUtilProxyServiceImpl.java:24)
	at tourGuide.service.TourGuideService.trackUserLocation(TourGuideService.java:169)
	at tourGuide.service.TourGuideService.lambda$trackUserLocationList$1(TourGuideService.java:190)
	at java.util.concurrent.ThreadPoolExecutor.runWorker(ThreadPoolExecutor.java:1149)
	at java.util.concurrent.ThreadPoolExecutor$Worker.run(ThreadPoolExecutor.java:624)
	at java.lang.Thread.run(Thread.java:748)
Exception in thread "pool-5-thread-912" java.lang.NullPointerException
	at tourGuide.service.GpsUtilProxyServiceImpl.getUserLocation(GpsUtilProxyServiceImpl.java:24)
	at tourGuide.service.TourGuideService.trackUserLocation(TourGuideService.java:169)
	at tourGuide.service.TourGuideService.lambda$trackUserLocationList$1(TourGuideService.java:190)
	at java.util.concurrent.ThreadPoolExecutor.runWorker(ThreadPoolExecutor.java:1149)
	at java.util.concurrent.ThreadPoolExecutor$Worker.run(ThreadPoolExecutor.java:624)
	at java.lang.Thread.run(Thread.java:748)
Exception in thread "pool-5-thread-910" java.lang.NullPointerException
	at tourGuide.service.GpsUtilProxyServiceImpl.getUserLocation(GpsUtilProxyServiceImpl.java:24)
	at tourGuide.service.TourGuideService.trackUserLocation(TourGuideService.java:169)
	at tourGuide.service.TourGuideService.lambda$trackUserLocationList$1(TourGuideService.java:190)
	at java.util.concurrent.ThreadPoolExecutor.runWorker(ThreadPoolExecutor.java:1149)
	at java.util.concurrent.ThreadPoolExecutor$Worker.run(ThreadPoolExecutor.java:624)
	at java.lang.Thread.run(Thread.java:748)
Exception in thread "pool-5-thread-909" java.lang.NullPointerException
	at tourGuide.service.GpsUtilProxyServiceImpl.getUserLocation(GpsUtilProxyServiceImpl.java:24)
	at tourGuide.service.TourGuideService.trackUserLocation(TourGuideService.java:169)
	at tourGuide.service.TourGuideService.lambda$trackUserLocationList$1(TourGuideService.java:190)
	at java.util.concurrent.ThreadPoolExecutor.runWorker(ThreadPoolExecutor.java:1149)
	at java.util.concurrent.ThreadPoolExecutor$Worker.run(ThreadPoolExecutor.java:624)
	at java.lang.Thread.run(Thread.java:748)
Exception in thread "pool-5-thread-907" java.lang.NullPointerException
	at tourGuide.service.GpsUtilProxyServiceImpl.getUserLocation(GpsUtilProxyServiceImpl.java:24)
	at tourGuide.service.TourGuideService.trackUserLocation(TourGuideService.java:169)
	at tourGuide.service.TourGuideService.lambda$trackUserLocationList$1(TourGuideService.java:190)
	at java.util.concurrent.ThreadPoolExecutor.runWorker(ThreadPoolExecutor.java:1149)
	at java.util.concurrent.ThreadPoolExecutor$Worker.run(ThreadPoolExecutor.java:624)
	at java.lang.Thread.run(Thread.java:748)
Exception in thread "pool-5-thread-905" java.lang.NullPointerException
	at tourGuide.service.GpsUtilProxyServiceImpl.getUserLocation(GpsUtilProxyServiceImpl.java:24)
	at tourGuide.service.TourGuideService.trackUserLocation(TourGuideService.java:169)
	at tourGuide.service.TourGuideService.lambda$trackUserLocationList$1(TourGuideService.java:190)
	at java.util.concurrent.ThreadPoolExecutor.runWorker(ThreadPoolExecutor.java:1149)
	at java.util.concurrent.ThreadPoolExecutor$Worker.run(ThreadPoolExecutor.java:624)
	at java.lang.Thread.run(Thread.java:748)
Exception in thread "pool-5-thread-908" java.lang.NullPointerException
	at tourGuide.service.GpsUtilProxyServiceImpl.getUserLocation(GpsUtilProxyServiceImpl.java:24)
	at tourGuide.service.TourGuideService.trackUserLocation(TourGuideService.java:169)
	at tourGuide.service.TourGuideService.lambda$trackUserLocationList$1(TourGuideService.java:190)
	at java.util.concurrent.ThreadPoolExecutor.runWorker(ThreadPoolExecutor.java:1149)
	at java.util.concurrent.ThreadPoolExecutor$Worker.run(ThreadPoolExecutor.java:624)
	at java.lang.Thread.run(Thread.java:748)
Exception in thread "pool-5-thread-906" java.lang.NullPointerException
	at tourGuide.service.GpsUtilProxyServiceImpl.getUserLocation(GpsUtilProxyServiceImpl.java:24)
	at tourGuide.service.TourGuideService.trackUserLocation(TourGuideService.java:169)
	at tourGuide.service.TourGuideService.lambda$trackUserLocationList$1(TourGuideService.java:190)
	at java.util.concurrent.ThreadPoolExecutor.runWorker(ThreadPoolExecutor.java:1149)
	at java.util.concurrent.ThreadPoolExecutor$Worker.run(ThreadPoolExecutor.java:624)
	at java.lang.Thread.run(Thread.java:748)
Exception in thread "pool-5-thread-902" java.lang.NullPointerException
	at tourGuide.service.GpsUtilProxyServiceImpl.getUserLocation(GpsUtilProxyServiceImpl.java:24)
	at tourGuide.service.TourGuideService.trackUserLocation(TourGuideService.java:169)
	at tourGuide.service.TourGuideService.lambda$trackUserLocationList$1(TourGuideService.java:190)
	at java.util.concurrent.ThreadPoolExecutor.runWorker(ThreadPoolExecutor.java:1149)
	at java.util.concurrent.ThreadPoolExecutor$Worker.run(ThreadPoolExecutor.java:624)
	at java.lang.Thread.run(Thread.java:748)
Exception in thread "pool-5-thread-904" java.lang.NullPointerException
	at tourGuide.service.GpsUtilProxyServiceImpl.getUserLocation(GpsUtilProxyServiceImpl.java:24)
	at tourGuide.service.TourGuideService.trackUserLocation(TourGuideService.java:169)
	at tourGuide.service.TourGuideService.lambda$trackUserLocationList$1(TourGuideService.java:190)
	at java.util.concurrent.ThreadPoolExecutor.runWorker(ThreadPoolExecutor.java:1149)
	at java.util.concurrent.ThreadPoolExecutor$Worker.run(ThreadPoolExecutor.java:624)
	at java.lang.Thread.run(Thread.java:748)
Exception in thread "pool-5-thread-903" java.lang.NullPointerException
	at tourGuide.service.GpsUtilProxyServiceImpl.getUserLocation(GpsUtilProxyServiceImpl.java:24)
	at tourGuide.service.TourGuideService.trackUserLocation(TourGuideService.java:169)
	at tourGuide.service.TourGuideService.lambda$trackUserLocationList$1(TourGuideService.java:190)
	at java.util.concurrent.ThreadPoolExecutor.runWorker(ThreadPoolExecutor.java:1149)
	at java.util.concurrent.ThreadPoolExecutor$Worker.run(ThreadPoolExecutor.java:624)
	at java.lang.Thread.run(Thread.java:748)
Exception in thread "pool-5-thread-901" java.lang.NullPointerException
	at tourGuide.service.GpsUtilProxyServiceImpl.getUserLocation(GpsUtilProxyServiceImpl.java:24)
	at tourGuide.service.TourGuideService.trackUserLocation(TourGuideService.java:169)
	at tourGuide.service.TourGuideService.lambda$trackUserLocationList$1(TourGuideService.java:190)
	at java.util.concurrent.ThreadPoolExecutor.runWorker(ThreadPoolExecutor.java:1149)
	at java.util.concurrent.ThreadPoolExecutor$Worker.run(ThreadPoolExecutor.java:624)
	at java.lang.Thread.run(Thread.java:748)
Exception in thread "pool-5-thread-900" java.lang.NullPointerException
	at tourGuide.service.GpsUtilProxyServiceImpl.getUserLocation(GpsUtilProxyServiceImpl.java:24)
	at tourGuide.service.TourGuideService.trackUserLocation(TourGuideService.java:169)
	at tourGuide.service.TourGuideService.lambda$trackUserLocationList$1(TourGuideService.java:190)
	at java.util.concurrent.ThreadPoolExecutor.runWorker(ThreadPoolExecutor.java:1149)
	at java.util.concurrent.ThreadPoolExecutor$Worker.run(ThreadPoolExecutor.java:624)
	at java.lang.Thread.run(Thread.java:748)
Exception in thread "pool-5-thread-899" java.lang.NullPointerException
	at tourGuide.service.GpsUtilProxyServiceImpl.getUserLocation(GpsUtilProxyServiceImpl.java:24)
	at tourGuide.service.TourGuideService.trackUserLocation(TourGuideService.java:169)
	at tourGuide.service.TourGuideService.lambda$trackUserLocationList$1(TourGuideService.java:190)
	at java.util.concurrent.ThreadPoolExecutor.runWorker(ThreadPoolExecutor.java:1149)
	at java.util.concurrent.ThreadPoolExecutor$Worker.run(ThreadPoolExecutor.java:624)
	at java.lang.Thread.run(Thread.java:748)
Exception in thread "pool-5-thread-897" java.lang.NullPointerException
	at tourGuide.service.GpsUtilProxyServiceImpl.getUserLocation(GpsUtilProxyServiceImpl.java:24)
	at tourGuide.service.TourGuideService.trackUserLocation(TourGuideService.java:169)
	at tourGuide.service.TourGuideService.lambda$trackUserLocationList$1(TourGuideService.java:190)
	at java.util.concurrent.ThreadPoolExecutor.runWorker(ThreadPoolExecutor.java:1149)
	at java.util.concurrent.ThreadPoolExecutor$Worker.run(ThreadPoolExecutor.java:624)
	at java.lang.Thread.run(Thread.java:748)
Exception in thread "pool-5-thread-898" java.lang.NullPointerException
	at tourGuide.service.GpsUtilProxyServiceImpl.getUserLocation(GpsUtilProxyServiceImpl.java:24)
	at tourGuide.service.TourGuideService.trackUserLocation(TourGuideService.java:169)
	at tourGuide.service.TourGuideService.lambda$trackUserLocationList$1(TourGuideService.java:190)
	at java.util.concurrent.ThreadPoolExecutor.runWorker(ThreadPoolExecutor.java:1149)
	at java.util.concurrent.ThreadPoolExecutor$Worker.run(ThreadPoolExecutor.java:624)
	at java.lang.Thread.run(Thread.java:748)
Exception in thread "pool-5-thread-895" java.lang.NullPointerException
	at tourGuide.service.GpsUtilProxyServiceImpl.getUserLocation(GpsUtilProxyServiceImpl.java:24)
	at tourGuide.service.TourGuideService.trackUserLocation(TourGuideService.java:169)
	at tourGuide.service.TourGuideService.lambda$trackUserLocationList$1(TourGuideService.java:190)
	at java.util.concurrent.ThreadPoolExecutor.runWorker(ThreadPoolExecutor.java:1149)
	at java.util.concurrent.ThreadPoolExecutor$Worker.run(ThreadPoolExecutor.java:624)
	at java.lang.Thread.run(Thread.java:748)
Exception in thread "pool-5-thread-896" java.lang.NullPointerException
	at tourGuide.service.GpsUtilProxyServiceImpl.getUserLocation(GpsUtilProxyServiceImpl.java:24)
	at tourGuide.service.TourGuideService.trackUserLocation(TourGuideService.java:169)
	at tourGuide.service.TourGuideService.lambda$trackUserLocationList$1(TourGuideService.java:190)
	at java.util.concurrent.ThreadPoolExecutor.runWorker(ThreadPoolExecutor.java:1149)
	at java.util.concurrent.ThreadPoolExecutor$Worker.run(ThreadPoolExecutor.java:624)
	at java.lang.Thread.run(Thread.java:748)
Exception in thread "pool-5-thread-894" java.lang.NullPointerException
	at tourGuide.service.GpsUtilProxyServiceImpl.getUserLocation(GpsUtilProxyServiceImpl.java:24)
	at tourGuide.service.TourGuideService.trackUserLocation(TourGuideService.java:169)
	at tourGuide.service.TourGuideService.lambda$trackUserLocationList$1(TourGuideService.java:190)
	at java.util.concurrent.ThreadPoolExecutor.runWorker(ThreadPoolExecutor.java:1149)
	at java.util.concurrent.ThreadPoolExecutor$Worker.run(ThreadPoolExecutor.java:624)
	at java.lang.Thread.run(Thread.java:748)
Exception in thread "pool-5-thread-893" java.lang.NullPointerException
	at tourGuide.service.GpsUtilProxyServiceImpl.getUserLocation(GpsUtilProxyServiceImpl.java:24)
	at tourGuide.service.TourGuideService.trackUserLocation(TourGuideService.java:169)
	at tourGuide.service.TourGuideService.lambda$trackUserLocationList$1(TourGuideService.java:190)
	at java.util.concurrent.ThreadPoolExecutor.runWorker(ThreadPoolExecutor.java:1149)
	at java.util.concurrent.ThreadPoolExecutor$Worker.run(ThreadPoolExecutor.java:624)
	at java.lang.Thread.run(Thread.java:748)
Exception in thread "pool-5-thread-892" java.lang.NullPointerException
	at tourGuide.service.GpsUtilProxyServiceImpl.getUserLocation(GpsUtilProxyServiceImpl.java:24)
	at tourGuide.service.TourGuideService.trackUserLocation(TourGuideService.java:169)
	at tourGuide.service.TourGuideService.lambda$trackUserLocationList$1(TourGuideService.java:190)
	at java.util.concurrent.ThreadPoolExecutor.runWorker(ThreadPoolExecutor.java:1149)
	at java.util.concurrent.ThreadPoolExecutor$Worker.run(ThreadPoolExecutor.java:624)
	at java.lang.Thread.run(Thread.java:748)
Exception in thread "pool-5-thread-891" java.lang.NullPointerException
	at tourGuide.service.GpsUtilProxyServiceImpl.getUserLocation(GpsUtilProxyServiceImpl.java:24)
	at tourGuide.service.TourGuideService.trackUserLocation(TourGuideService.java:169)
	at tourGuide.service.TourGuideService.lambda$trackUserLocationList$1(TourGuideService.java:190)
	at java.util.concurrent.ThreadPoolExecutor.runWorker(ThreadPoolExecutor.java:1149)
	at java.util.concurrent.ThreadPoolExecutor$Worker.run(ThreadPoolExecutor.java:624)
	at java.lang.Thread.run(Thread.java:748)
Exception in thread "pool-5-thread-890" java.lang.NullPointerException
	at tourGuide.service.GpsUtilProxyServiceImpl.getUserLocation(GpsUtilProxyServiceImpl.java:24)
	at tourGuide.service.TourGuideService.trackUserLocation(TourGuideService.java:169)
	at tourGuide.service.TourGuideService.lambda$trackUserLocationList$1(TourGuideService.java:190)
	at java.util.concurrent.ThreadPoolExecutor.runWorker(ThreadPoolExecutor.java:1149)
	at java.util.concurrent.ThreadPoolExecutor$Worker.run(ThreadPoolExecutor.java:624)
	at java.lang.Thread.run(Thread.java:748)
Exception in thread "pool-5-thread-889" java.lang.NullPointerException
	at tourGuide.service.GpsUtilProxyServiceImpl.getUserLocation(GpsUtilProxyServiceImpl.java:24)
	at tourGuide.service.TourGuideService.trackUserLocation(TourGuideService.java:169)
	at tourGuide.service.TourGuideService.lambda$trackUserLocationList$1(TourGuideService.java:190)
	at java.util.concurrent.ThreadPoolExecutor.runWorker(ThreadPoolExecutor.java:1149)
	at java.util.concurrent.ThreadPoolExecutor$Worker.run(ThreadPoolExecutor.java:624)
	at java.lang.Thread.run(Thread.java:748)
Exception in thread "pool-5-thread-888" java.lang.NullPointerException
	at tourGuide.service.GpsUtilProxyServiceImpl.getUserLocation(GpsUtilProxyServiceImpl.java:24)
	at tourGuide.service.TourGuideService.trackUserLocation(TourGuideService.java:169)
	at tourGuide.service.TourGuideService.lambda$trackUserLocationList$1(TourGuideService.java:190)
	at java.util.concurrent.ThreadPoolExecutor.runWorker(ThreadPoolExecutor.java:1149)
	at java.util.concurrent.ThreadPoolExecutor$Worker.run(ThreadPoolExecutor.java:624)
	at java.lang.Thread.run(Thread.java:748)
Exception in thread "pool-5-thread-887" java.lang.NullPointerException
	at tourGuide.service.GpsUtilProxyServiceImpl.getUserLocation(GpsUtilProxyServiceImpl.java:24)
	at tourGuide.service.TourGuideService.trackUserLocation(TourGuideService.java:169)
	at tourGuide.service.TourGuideService.lambda$trackUserLocationList$1(TourGuideService.java:190)
	at java.util.concurrent.ThreadPoolExecutor.runWorker(ThreadPoolExecutor.java:1149)
	at java.util.concurrent.ThreadPoolExecutor$Worker.run(ThreadPoolExecutor.java:624)
	at java.lang.Thread.run(Thread.java:748)
Exception in thread "pool-5-thread-886" java.lang.NullPointerException
	at tourGuide.service.GpsUtilProxyServiceImpl.getUserLocation(GpsUtilProxyServiceImpl.java:24)
	at tourGuide.service.TourGuideService.trackUserLocation(TourGuideService.java:169)
	at tourGuide.service.TourGuideService.lambda$trackUserLocationList$1(TourGuideService.java:190)
	at java.util.concurrent.ThreadPoolExecutor.runWorker(ThreadPoolExecutor.java:1149)
	at java.util.concurrent.ThreadPoolExecutor$Worker.run(ThreadPoolExecutor.java:624)
	at java.lang.Thread.run(Thread.java:748)
Exception in thread "pool-5-thread-885" java.lang.NullPointerException
	at tourGuide.service.GpsUtilProxyServiceImpl.getUserLocation(GpsUtilProxyServiceImpl.java:24)
	at tourGuide.service.TourGuideService.trackUserLocation(TourGuideService.java:169)
	at tourGuide.service.TourGuideService.lambda$trackUserLocationList$1(TourGuideService.java:190)
	at java.util.concurrent.ThreadPoolExecutor.runWorker(ThreadPoolExecutor.java:1149)
	at java.util.concurrent.ThreadPoolExecutor$Worker.run(ThreadPoolExecutor.java:624)
	at java.lang.Thread.run(Thread.java:748)
Exception in thread "pool-5-thread-884" java.lang.NullPointerException
	at tourGuide.service.GpsUtilProxyServiceImpl.getUserLocation(GpsUtilProxyServiceImpl.java:24)
	at tourGuide.service.TourGuideService.trackUserLocation(TourGuideService.java:169)
	at tourGuide.service.TourGuideService.lambda$trackUserLocationList$1(TourGuideService.java:190)
	at java.util.concurrent.ThreadPoolExecutor.runWorker(ThreadPoolExecutor.java:1149)
	at java.util.concurrent.ThreadPoolExecutor$Worker.run(ThreadPoolExecutor.java:624)
	at java.lang.Thread.run(Thread.java:748)
Exception in thread "pool-5-thread-883" java.lang.NullPointerException
	at tourGuide.service.GpsUtilProxyServiceImpl.getUserLocation(GpsUtilProxyServiceImpl.java:24)
	at tourGuide.service.TourGuideService.trackUserLocation(TourGuideService.java:169)
	at tourGuide.service.TourGuideService.lambda$trackUserLocationList$1(TourGuideService.java:190)
	at java.util.concurrent.ThreadPoolExecutor.runWorker(ThreadPoolExecutor.java:1149)
	at java.util.concurrent.ThreadPoolExecutor$Worker.run(ThreadPoolExecutor.java:624)
	at java.lang.Thread.run(Thread.java:748)
Exception in thread "pool-5-thread-882" java.lang.NullPointerException
	at tourGuide.service.GpsUtilProxyServiceImpl.getUserLocation(GpsUtilProxyServiceImpl.java:24)
	at tourGuide.service.TourGuideService.trackUserLocation(TourGuideService.java:169)
	at tourGuide.service.TourGuideService.lambda$trackUserLocationList$1(TourGuideService.java:190)
	at java.util.concurrent.ThreadPoolExecutor.runWorker(ThreadPoolExecutor.java:1149)
	at java.util.concurrent.ThreadPoolExecutor$Worker.run(ThreadPoolExecutor.java:624)
	at java.lang.Thread.run(Thread.java:748)
Exception in thread "pool-5-thread-880" java.lang.NullPointerException
	at tourGuide.service.GpsUtilProxyServiceImpl.getUserLocation(GpsUtilProxyServiceImpl.java:24)
	at tourGuide.service.TourGuideService.trackUserLocation(TourGuideService.java:169)
	at tourGuide.service.TourGuideService.lambda$trackUserLocationList$1(TourGuideService.java:190)
	at java.util.concurrent.ThreadPoolExecutor.runWorker(ThreadPoolExecutor.java:1149)
	at java.util.concurrent.ThreadPoolExecutor$Worker.run(ThreadPoolExecutor.java:624)
	at java.lang.Thread.run(Thread.java:748)
Exception in thread "pool-5-thread-881" java.lang.NullPointerException
	at tourGuide.service.GpsUtilProxyServiceImpl.getUserLocation(GpsUtilProxyServiceImpl.java:24)
	at tourGuide.service.TourGuideService.trackUserLocation(TourGuideService.java:169)
	at tourGuide.service.TourGuideService.lambda$trackUserLocationList$1(TourGuideService.java:190)
	at java.util.concurrent.ThreadPoolExecutor.runWorker(ThreadPoolExecutor.java:1149)
	at java.util.concurrent.ThreadPoolExecutor$Worker.run(ThreadPoolExecutor.java:624)
	at java.lang.Thread.run(Thread.java:748)
Exception in thread "pool-5-thread-879" java.lang.NullPointerException
	at tourGuide.service.GpsUtilProxyServiceImpl.getUserLocation(GpsUtilProxyServiceImpl.java:24)
	at tourGuide.service.TourGuideService.trackUserLocation(TourGuideService.java:169)
	at tourGuide.service.TourGuideService.lambda$trackUserLocationList$1(TourGuideService.java:190)
	at java.util.concurrent.ThreadPoolExecutor.runWorker(ThreadPoolExecutor.java:1149)
	at java.util.concurrent.ThreadPoolExecutor$Worker.run(ThreadPoolExecutor.java:624)
	at java.lang.Thread.run(Thread.java:748)
Exception in thread "pool-5-thread-878" java.lang.NullPointerException
	at tourGuide.service.GpsUtilProxyServiceImpl.getUserLocation(GpsUtilProxyServiceImpl.java:24)
	at tourGuide.service.TourGuideService.trackUserLocation(TourGuideService.java:169)
	at tourGuide.service.TourGuideService.lambda$trackUserLocationList$1(TourGuideService.java:190)
	at java.util.concurrent.ThreadPoolExecutor.runWorker(ThreadPoolExecutor.java:1149)
	at java.util.concurrent.ThreadPoolExecutor$Worker.run(ThreadPoolExecutor.java:624)
	at java.lang.Thread.run(Thread.java:748)
Exception in thread "pool-5-thread-877" java.lang.NullPointerException
	at tourGuide.service.GpsUtilProxyServiceImpl.getUserLocation(GpsUtilProxyServiceImpl.java:24)
	at tourGuide.service.TourGuideService.trackUserLocation(TourGuideService.java:169)
	at tourGuide.service.TourGuideService.lambda$trackUserLocationList$1(TourGuideService.java:190)
	at java.util.concurrent.ThreadPoolExecutor.runWorker(ThreadPoolExecutor.java:1149)
	at java.util.concurrent.ThreadPoolExecutor$Worker.run(ThreadPoolExecutor.java:624)
	at java.lang.Thread.run(Thread.java:748)
Exception in thread "pool-5-thread-876" java.lang.NullPointerException
	at tourGuide.service.GpsUtilProxyServiceImpl.getUserLocation(GpsUtilProxyServiceImpl.java:24)
	at tourGuide.service.TourGuideService.trackUserLocation(TourGuideService.java:169)
	at tourGuide.service.TourGuideService.lambda$trackUserLocationList$1(TourGuideService.java:190)
	at java.util.concurrent.ThreadPoolExecutor.runWorker(ThreadPoolExecutor.java:1149)
	at java.util.concurrent.ThreadPoolExecutor$Worker.run(ThreadPoolExecutor.java:624)
	at java.lang.Thread.run(Thread.java:748)
Exception in thread "pool-5-thread-875" java.lang.NullPointerException
	at tourGuide.service.GpsUtilProxyServiceImpl.getUserLocation(GpsUtilProxyServiceImpl.java:24)
	at tourGuide.service.TourGuideService.trackUserLocation(TourGuideService.java:169)
	at tourGuide.service.TourGuideService.lambda$trackUserLocationList$1(TourGuideService.java:190)
	at java.util.concurrent.ThreadPoolExecutor.runWorker(ThreadPoolExecutor.java:1149)
	at java.util.concurrent.ThreadPoolExecutor$Worker.run(ThreadPoolExecutor.java:624)
	at java.lang.Thread.run(Thread.java:748)
Exception in thread "pool-5-thread-874" java.lang.NullPointerException
	at tourGuide.service.GpsUtilProxyServiceImpl.getUserLocation(GpsUtilProxyServiceImpl.java:24)
	at tourGuide.service.TourGuideService.trackUserLocation(TourGuideService.java:169)
	at tourGuide.service.TourGuideService.lambda$trackUserLocationList$1(TourGuideService.java:190)
	at java.util.concurrent.ThreadPoolExecutor.runWorker(ThreadPoolExecutor.java:1149)
	at java.util.concurrent.ThreadPoolExecutor$Worker.run(ThreadPoolExecutor.java:624)
	at java.lang.Thread.run(Thread.java:748)
Exception in thread "pool-5-thread-873" java.lang.NullPointerException
	at tourGuide.service.GpsUtilProxyServiceImpl.getUserLocation(GpsUtilProxyServiceImpl.java:24)
	at tourGuide.service.TourGuideService.trackUserLocation(TourGuideService.java:169)
	at tourGuide.service.TourGuideService.lambda$trackUserLocationList$1(TourGuideService.java:190)
	at java.util.concurrent.ThreadPoolExecutor.runWorker(ThreadPoolExecutor.java:1149)
	at java.util.concurrent.ThreadPoolExecutor$Worker.run(ThreadPoolExecutor.java:624)
	at java.lang.Thread.run(Thread.java:748)
Exception in thread "pool-5-thread-872" java.lang.NullPointerException
	at tourGuide.service.GpsUtilProxyServiceImpl.getUserLocation(GpsUtilProxyServiceImpl.java:24)
	at tourGuide.service.TourGuideService.trackUserLocation(TourGuideService.java:169)
	at tourGuide.service.TourGuideService.lambda$trackUserLocationList$1(TourGuideService.java:190)
	at java.util.concurrent.ThreadPoolExecutor.runWorker(ThreadPoolExecutor.java:1149)
	at java.util.concurrent.ThreadPoolExecutor$Worker.run(ThreadPoolExecutor.java:624)
	at java.lang.Thread.run(Thread.java:748)
Exception in thread "pool-5-thread-871" java.lang.NullPointerException
	at tourGuide.service.GpsUtilProxyServiceImpl.getUserLocation(GpsUtilProxyServiceImpl.java:24)
	at tourGuide.service.TourGuideService.trackUserLocation(TourGuideService.java:169)
	at tourGuide.service.TourGuideService.lambda$trackUserLocationList$1(TourGuideService.java:190)
	at java.util.concurrent.ThreadPoolExecutor.runWorker(ThreadPoolExecutor.java:1149)
	at java.util.concurrent.ThreadPoolExecutor$Worker.run(ThreadPoolExecutor.java:624)
	at java.lang.Thread.run(Thread.java:748)
Exception in thread "pool-5-thread-870" java.lang.NullPointerException
	at tourGuide.service.GpsUtilProxyServiceImpl.getUserLocation(GpsUtilProxyServiceImpl.java:24)
	at tourGuide.service.TourGuideService.trackUserLocation(TourGuideService.java:169)
	at tourGuide.service.TourGuideService.lambda$trackUserLocationList$1(TourGuideService.java:190)
	at java.util.concurrent.ThreadPoolExecutor.runWorker(ThreadPoolExecutor.java:1149)
	at java.util.concurrent.ThreadPoolExecutor$Worker.run(ThreadPoolExecutor.java:624)
	at java.lang.Thread.run(Thread.java:748)
Exception in thread "pool-5-thread-869" java.lang.NullPointerException
	at tourGuide.service.GpsUtilProxyServiceImpl.getUserLocation(GpsUtilProxyServiceImpl.java:24)
	at tourGuide.service.TourGuideService.trackUserLocation(TourGuideService.java:169)
	at tourGuide.service.TourGuideService.lambda$trackUserLocationList$1(TourGuideService.java:190)
	at java.util.concurrent.ThreadPoolExecutor.runWorker(ThreadPoolExecutor.java:1149)
	at java.util.concurrent.ThreadPoolExecutor$Worker.run(ThreadPoolExecutor.java:624)
	at java.lang.Thread.run(Thread.java:748)
Exception in thread "pool-5-thread-868" java.lang.NullPointerException
	at tourGuide.service.GpsUtilProxyServiceImpl.getUserLocation(GpsUtilProxyServiceImpl.java:24)
	at tourGuide.service.TourGuideService.trackUserLocation(TourGuideService.java:169)
	at tourGuide.service.TourGuideService.lambda$trackUserLocationList$1(TourGuideService.java:190)
	at java.util.concurrent.ThreadPoolExecutor.runWorker(ThreadPoolExecutor.java:1149)
	at java.util.concurrent.ThreadPoolExecutor$Worker.run(ThreadPoolExecutor.java:624)
	at java.lang.Thread.run(Thread.java:748)
Exception in thread "pool-5-thread-867" java.lang.NullPointerException
	at tourGuide.service.GpsUtilProxyServiceImpl.getUserLocation(GpsUtilProxyServiceImpl.java:24)
	at tourGuide.service.TourGuideService.trackUserLocation(TourGuideService.java:169)
	at tourGuide.service.TourGuideService.lambda$trackUserLocationList$1(TourGuideService.java:190)
	at java.util.concurrent.ThreadPoolExecutor.runWorker(ThreadPoolExecutor.java:1149)
	at java.util.concurrent.ThreadPoolExecutor$Worker.run(ThreadPoolExecutor.java:624)
	at java.lang.Thread.run(Thread.java:748)
Exception in thread "pool-5-thread-866" java.lang.NullPointerException
	at tourGuide.service.GpsUtilProxyServiceImpl.getUserLocation(GpsUtilProxyServiceImpl.java:24)
	at tourGuide.service.TourGuideService.trackUserLocation(TourGuideService.java:169)
	at tourGuide.service.TourGuideService.lambda$trackUserLocationList$1(TourGuideService.java:190)
	at java.util.concurrent.ThreadPoolExecutor.runWorker(ThreadPoolExecutor.java:1149)
	at java.util.concurrent.ThreadPoolExecutor$Worker.run(ThreadPoolExecutor.java:624)
	at java.lang.Thread.run(Thread.java:748)
Exception in thread "pool-5-thread-865" java.lang.NullPointerException
	at tourGuide.service.GpsUtilProxyServiceImpl.getUserLocation(GpsUtilProxyServiceImpl.java:24)
	at tourGuide.service.TourGuideService.trackUserLocation(TourGuideService.java:169)
	at tourGuide.service.TourGuideService.lambda$trackUserLocationList$1(TourGuideService.java:190)
	at java.util.concurrent.ThreadPoolExecutor.runWorker(ThreadPoolExecutor.java:1149)
	at java.util.concurrent.ThreadPoolExecutor$Worker.run(ThreadPoolExecutor.java:624)
	at java.lang.Thread.run(Thread.java:748)
Exception in thread "pool-5-thread-864" java.lang.NullPointerException
	at tourGuide.service.GpsUtilProxyServiceImpl.getUserLocation(GpsUtilProxyServiceImpl.java:24)
	at tourGuide.service.TourGuideService.trackUserLocation(TourGuideService.java:169)
	at tourGuide.service.TourGuideService.lambda$trackUserLocationList$1(TourGuideService.java:190)
	at java.util.concurrent.ThreadPoolExecutor.runWorker(ThreadPoolExecutor.java:1149)
	at java.util.concurrent.ThreadPoolExecutor$Worker.run(ThreadPoolExecutor.java:624)
	at java.lang.Thread.run(Thread.java:748)
Exception in thread "pool-5-thread-863" java.lang.NullPointerException
	at tourGuide.service.GpsUtilProxyServiceImpl.getUserLocation(GpsUtilProxyServiceImpl.java:24)
	at tourGuide.service.TourGuideService.trackUserLocation(TourGuideService.java:169)
	at tourGuide.service.TourGuideService.lambda$trackUserLocationList$1(TourGuideService.java:190)
	at java.util.concurrent.ThreadPoolExecutor.runWorker(ThreadPoolExecutor.java:1149)
	at java.util.concurrent.ThreadPoolExecutor$Worker.run(ThreadPoolExecutor.java:624)
	at java.lang.Thread.run(Thread.java:748)
Exception in thread "pool-5-thread-862" java.lang.NullPointerException
	at tourGuide.service.GpsUtilProxyServiceImpl.getUserLocation(GpsUtilProxyServiceImpl.java:24)
	at tourGuide.service.TourGuideService.trackUserLocation(TourGuideService.java:169)
	at tourGuide.service.TourGuideService.lambda$trackUserLocationList$1(TourGuideService.java:190)
	at java.util.concurrent.ThreadPoolExecutor.runWorker(ThreadPoolExecutor.java:1149)
	at java.util.concurrent.ThreadPoolExecutor$Worker.run(ThreadPoolExecutor.java:624)
	at java.lang.Thread.run(Thread.java:748)
Exception in thread "pool-5-thread-861" java.lang.NullPointerException
	at tourGuide.service.GpsUtilProxyServiceImpl.getUserLocation(GpsUtilProxyServiceImpl.java:24)
	at tourGuide.service.TourGuideService.trackUserLocation(TourGuideService.java:169)
	at tourGuide.service.TourGuideService.lambda$trackUserLocationList$1(TourGuideService.java:190)
	at java.util.concurrent.ThreadPoolExecutor.runWorker(ThreadPoolExecutor.java:1149)
	at java.util.concurrent.ThreadPoolExecutor$Worker.run(ThreadPoolExecutor.java:624)
	at java.lang.Thread.run(Thread.java:748)
Exception in thread "pool-5-thread-860" java.lang.NullPointerException
	at tourGuide.service.GpsUtilProxyServiceImpl.getUserLocation(GpsUtilProxyServiceImpl.java:24)
	at tourGuide.service.TourGuideService.trackUserLocation(TourGuideService.java:169)
	at tourGuide.service.TourGuideService.lambda$trackUserLocationList$1(TourGuideService.java:190)
	at java.util.concurrent.ThreadPoolExecutor.runWorker(ThreadPoolExecutor.java:1149)
	at java.util.concurrent.ThreadPoolExecutor$Worker.run(ThreadPoolExecutor.java:624)
	at java.lang.Thread.run(Thread.java:748)
Exception in thread "pool-5-thread-859" java.lang.NullPointerException
	at tourGuide.service.GpsUtilProxyServiceImpl.getUserLocation(GpsUtilProxyServiceImpl.java:24)
	at tourGuide.service.TourGuideService.trackUserLocation(TourGuideService.java:169)
	at tourGuide.service.TourGuideService.lambda$trackUserLocationList$1(TourGuideService.java:190)
	at java.util.concurrent.ThreadPoolExecutor.runWorker(ThreadPoolExecutor.java:1149)
	at java.util.concurrent.ThreadPoolExecutor$Worker.run(ThreadPoolExecutor.java:624)
	at java.lang.Thread.run(Thread.java:748)
Exception in thread "pool-5-thread-858" java.lang.NullPointerException
	at tourGuide.service.GpsUtilProxyServiceImpl.getUserLocation(GpsUtilProxyServiceImpl.java:24)
	at tourGuide.service.TourGuideService.trackUserLocation(TourGuideService.java:169)
	at tourGuide.service.TourGuideService.lambda$trackUserLocationList$1(TourGuideService.java:190)
	at java.util.concurrent.ThreadPoolExecutor.runWorker(ThreadPoolExecutor.java:1149)
	at java.util.concurrent.ThreadPoolExecutor$Worker.run(ThreadPoolExecutor.java:624)
	at java.lang.Thread.run(Thread.java:748)
Exception in thread "pool-5-thread-857" java.lang.NullPointerException
	at tourGuide.service.GpsUtilProxyServiceImpl.getUserLocation(GpsUtilProxyServiceImpl.java:24)
	at tourGuide.service.TourGuideService.trackUserLocation(TourGuideService.java:169)
	at tourGuide.service.TourGuideService.lambda$trackUserLocationList$1(TourGuideService.java:190)
	at java.util.concurrent.ThreadPoolExecutor.runWorker(ThreadPoolExecutor.java:1149)
	at java.util.concurrent.ThreadPoolExecutor$Worker.run(ThreadPoolExecutor.java:624)
	at java.lang.Thread.run(Thread.java:748)
Exception in thread "pool-5-thread-856" java.lang.NullPointerException
	at tourGuide.service.GpsUtilProxyServiceImpl.getUserLocation(GpsUtilProxyServiceImpl.java:24)
	at tourGuide.service.TourGuideService.trackUserLocation(TourGuideService.java:169)
	at tourGuide.service.TourGuideService.lambda$trackUserLocationList$1(TourGuideService.java:190)
	at java.util.concurrent.ThreadPoolExecutor.runWorker(ThreadPoolExecutor.java:1149)
	at java.util.concurrent.ThreadPoolExecutor$Worker.run(ThreadPoolExecutor.java:624)
	at java.lang.Thread.run(Thread.java:748)
Exception in thread "pool-5-thread-855" java.lang.NullPointerException
	at tourGuide.service.GpsUtilProxyServiceImpl.getUserLocation(GpsUtilProxyServiceImpl.java:24)
	at tourGuide.service.TourGuideService.trackUserLocation(TourGuideService.java:169)
	at tourGuide.service.TourGuideService.lambda$trackUserLocationList$1(TourGuideService.java:190)
	at java.util.concurrent.ThreadPoolExecutor.runWorker(ThreadPoolExecutor.java:1149)
	at java.util.concurrent.ThreadPoolExecutor$Worker.run(ThreadPoolExecutor.java:624)
	at java.lang.Thread.run(Thread.java:748)
Exception in thread "pool-5-thread-854" java.lang.NullPointerException
	at tourGuide.service.GpsUtilProxyServiceImpl.getUserLocation(GpsUtilProxyServiceImpl.java:24)
	at tourGuide.service.TourGuideService.trackUserLocation(TourGuideService.java:169)
	at tourGuide.service.TourGuideService.lambda$trackUserLocationList$1(TourGuideService.java:190)
	at java.util.concurrent.ThreadPoolExecutor.runWorker(ThreadPoolExecutor.java:1149)
	at java.util.concurrent.ThreadPoolExecutor$Worker.run(ThreadPoolExecutor.java:624)
	at java.lang.Thread.run(Thread.java:748)
Exception in thread "pool-5-thread-853" java.lang.NullPointerException
	at tourGuide.service.GpsUtilProxyServiceImpl.getUserLocation(GpsUtilProxyServiceImpl.java:24)
	at tourGuide.service.TourGuideService.trackUserLocation(TourGuideService.java:169)
	at tourGuide.service.TourGuideService.lambda$trackUserLocationList$1(TourGuideService.java:190)
	at java.util.concurrent.ThreadPoolExecutor.runWorker(ThreadPoolExecutor.java:1149)
	at java.util.concurrent.ThreadPoolExecutor$Worker.run(ThreadPoolExecutor.java:624)
	at java.lang.Thread.run(Thread.java:748)
Exception in thread "pool-5-thread-852" java.lang.NullPointerException
	at tourGuide.service.GpsUtilProxyServiceImpl.getUserLocation(GpsUtilProxyServiceImpl.java:24)
	at tourGuide.service.TourGuideService.trackUserLocation(TourGuideService.java:169)
	at tourGuide.service.TourGuideService.lambda$trackUserLocationList$1(TourGuideService.java:190)
	at java.util.concurrent.ThreadPoolExecutor.runWorker(ThreadPoolExecutor.java:1149)
	at java.util.concurrent.ThreadPoolExecutor$Worker.run(ThreadPoolExecutor.java:624)
	at java.lang.Thread.run(Thread.java:748)
Exception in thread "pool-5-thread-851" java.lang.NullPointerException
	at tourGuide.service.GpsUtilProxyServiceImpl.getUserLocation(GpsUtilProxyServiceImpl.java:24)
	at tourGuide.service.TourGuideService.trackUserLocation(TourGuideService.java:169)
	at tourGuide.service.TourGuideService.lambda$trackUserLocationList$1(TourGuideService.java:190)
	at java.util.concurrent.ThreadPoolExecutor.runWorker(ThreadPoolExecutor.java:1149)
	at java.util.concurrent.ThreadPoolExecutor$Worker.run(ThreadPoolExecutor.java:624)
	at java.lang.Thread.run(Thread.java:748)
Exception in thread "pool-5-thread-850" java.lang.NullPointerException
	at tourGuide.service.GpsUtilProxyServiceImpl.getUserLocation(GpsUtilProxyServiceImpl.java:24)
	at tourGuide.service.TourGuideService.trackUserLocation(TourGuideService.java:169)
	at tourGuide.service.TourGuideService.lambda$trackUserLocationList$1(TourGuideService.java:190)
	at java.util.concurrent.ThreadPoolExecutor.runWorker(ThreadPoolExecutor.java:1149)
	at java.util.concurrent.ThreadPoolExecutor$Worker.run(ThreadPoolExecutor.java:624)
	at java.lang.Thread.run(Thread.java:748)
Exception in thread "pool-5-thread-849" java.lang.NullPointerException
	at tourGuide.service.GpsUtilProxyServiceImpl.getUserLocation(GpsUtilProxyServiceImpl.java:24)
	at tourGuide.service.TourGuideService.trackUserLocation(TourGuideService.java:169)
	at tourGuide.service.TourGuideService.lambda$trackUserLocationList$1(TourGuideService.java:190)
	at java.util.concurrent.ThreadPoolExecutor.runWorker(ThreadPoolExecutor.java:1149)
	at java.util.concurrent.ThreadPoolExecutor$Worker.run(ThreadPoolExecutor.java:624)
	at java.lang.Thread.run(Thread.java:748)
Exception in thread "pool-5-thread-848" java.lang.NullPointerException
	at tourGuide.service.GpsUtilProxyServiceImpl.getUserLocation(GpsUtilProxyServiceImpl.java:24)
	at tourGuide.service.TourGuideService.trackUserLocation(TourGuideService.java:169)
	at tourGuide.service.TourGuideService.lambda$trackUserLocationList$1(TourGuideService.java:190)
	at java.util.concurrent.ThreadPoolExecutor.runWorker(ThreadPoolExecutor.java:1149)
	at java.util.concurrent.ThreadPoolExecutor$Worker.run(ThreadPoolExecutor.java:624)
	at java.lang.Thread.run(Thread.java:748)
Exception in thread "pool-5-thread-847" java.lang.NullPointerException
	at tourGuide.service.GpsUtilProxyServiceImpl.getUserLocation(GpsUtilProxyServiceImpl.java:24)
	at tourGuide.service.TourGuideService.trackUserLocation(TourGuideService.java:169)
	at tourGuide.service.TourGuideService.lambda$trackUserLocationList$1(TourGuideService.java:190)
	at java.util.concurrent.ThreadPoolExecutor.runWorker(ThreadPoolExecutor.java:1149)
	at java.util.concurrent.ThreadPoolExecutor$Worker.run(ThreadPoolExecutor.java:624)
	at java.lang.Thread.run(Thread.java:748)
Exception in thread "pool-5-thread-846" java.lang.NullPointerException
	at tourGuide.service.GpsUtilProxyServiceImpl.getUserLocation(GpsUtilProxyServiceImpl.java:24)
	at tourGuide.service.TourGuideService.trackUserLocation(TourGuideService.java:169)
	at tourGuide.service.TourGuideService.lambda$trackUserLocationList$1(TourGuideService.java:190)
	at java.util.concurrent.ThreadPoolExecutor.runWorker(ThreadPoolExecutor.java:1149)
	at java.util.concurrent.ThreadPoolExecutor$Worker.run(ThreadPoolExecutor.java:624)
	at java.lang.Thread.run(Thread.java:748)
Exception in thread "pool-5-thread-845" java.lang.NullPointerException
	at tourGuide.service.GpsUtilProxyServiceImpl.getUserLocation(GpsUtilProxyServiceImpl.java:24)
	at tourGuide.service.TourGuideService.trackUserLocation(TourGuideService.java:169)
	at tourGuide.service.TourGuideService.lambda$trackUserLocationList$1(TourGuideService.java:190)
	at java.util.concurrent.ThreadPoolExecutor.runWorker(ThreadPoolExecutor.java:1149)
	at java.util.concurrent.ThreadPoolExecutor$Worker.run(ThreadPoolExecutor.java:624)
	at java.lang.Thread.run(Thread.java:748)
Exception in thread "pool-5-thread-844" java.lang.NullPointerException
	at tourGuide.service.GpsUtilProxyServiceImpl.getUserLocation(GpsUtilProxyServiceImpl.java:24)
	at tourGuide.service.TourGuideService.trackUserLocation(TourGuideService.java:169)
	at tourGuide.service.TourGuideService.lambda$trackUserLocationList$1(TourGuideService.java:190)
	at java.util.concurrent.ThreadPoolExecutor.runWorker(ThreadPoolExecutor.java:1149)
	at java.util.concurrent.ThreadPoolExecutor$Worker.run(ThreadPoolExecutor.java:624)
	at java.lang.Thread.run(Thread.java:748)
Exception in thread "pool-5-thread-843" java.lang.NullPointerException
	at tourGuide.service.GpsUtilProxyServiceImpl.getUserLocation(GpsUtilProxyServiceImpl.java:24)
	at tourGuide.service.TourGuideService.trackUserLocation(TourGuideService.java:169)
	at tourGuide.service.TourGuideService.lambda$trackUserLocationList$1(TourGuideService.java:190)
	at java.util.concurrent.ThreadPoolExecutor.runWorker(ThreadPoolExecutor.java:1149)
	at java.util.concurrent.ThreadPoolExecutor$Worker.run(ThreadPoolExecutor.java:624)
	at java.lang.Thread.run(Thread.java:748)
Exception in thread "pool-5-thread-842" java.lang.NullPointerException
	at tourGuide.service.GpsUtilProxyServiceImpl.getUserLocation(GpsUtilProxyServiceImpl.java:24)
	at tourGuide.service.TourGuideService.trackUserLocation(TourGuideService.java:169)
	at tourGuide.service.TourGuideService.lambda$trackUserLocationList$1(TourGuideService.java:190)
	at java.util.concurrent.ThreadPoolExecutor.runWorker(ThreadPoolExecutor.java:1149)
	at java.util.concurrent.ThreadPoolExecutor$Worker.run(ThreadPoolExecutor.java:624)
	at java.lang.Thread.run(Thread.java:748)
Exception in thread "pool-5-thread-841" java.lang.NullPointerException
	at tourGuide.service.GpsUtilProxyServiceImpl.getUserLocation(GpsUtilProxyServiceImpl.java:24)
	at tourGuide.service.TourGuideService.trackUserLocation(TourGuideService.java:169)
	at tourGuide.service.TourGuideService.lambda$trackUserLocationList$1(TourGuideService.java:190)
	at java.util.concurrent.ThreadPoolExecutor.runWorker(ThreadPoolExecutor.java:1149)
	at java.util.concurrent.ThreadPoolExecutor$Worker.run(ThreadPoolExecutor.java:624)
	at java.lang.Thread.run(Thread.java:748)
Exception in thread "pool-5-thread-840" java.lang.NullPointerException
	at tourGuide.service.GpsUtilProxyServiceImpl.getUserLocation(GpsUtilProxyServiceImpl.java:24)
	at tourGuide.service.TourGuideService.trackUserLocation(TourGuideService.java:169)
	at tourGuide.service.TourGuideService.lambda$trackUserLocationList$1(TourGuideService.java:190)
	at java.util.concurrent.ThreadPoolExecutor.runWorker(ThreadPoolExecutor.java:1149)
	at java.util.concurrent.ThreadPoolExecutor$Worker.run(ThreadPoolExecutor.java:624)
	at java.lang.Thread.run(Thread.java:748)
Exception in thread "pool-5-thread-839" java.lang.NullPointerException
	at tourGuide.service.GpsUtilProxyServiceImpl.getUserLocation(GpsUtilProxyServiceImpl.java:24)
	at tourGuide.service.TourGuideService.trackUserLocation(TourGuideService.java:169)
	at tourGuide.service.TourGuideService.lambda$trackUserLocationList$1(TourGuideService.java:190)
	at java.util.concurrent.ThreadPoolExecutor.runWorker(ThreadPoolExecutor.java:1149)
	at java.util.concurrent.ThreadPoolExecutor$Worker.run(ThreadPoolExecutor.java:624)
	at java.lang.Thread.run(Thread.java:748)
Exception in thread "pool-5-thread-837" java.lang.NullPointerException
	at tourGuide.service.GpsUtilProxyServiceImpl.getUserLocation(GpsUtilProxyServiceImpl.java:24)
	at tourGuide.service.TourGuideService.trackUserLocation(TourGuideService.java:169)
	at tourGuide.service.TourGuideService.lambda$trackUserLocationList$1(TourGuideService.java:190)
	at java.util.concurrent.ThreadPoolExecutor.runWorker(ThreadPoolExecutor.java:1149)
	at java.util.concurrent.ThreadPoolExecutor$Worker.run(ThreadPoolExecutor.java:624)
	at java.lang.Thread.run(Thread.java:748)
Exception in thread "pool-5-thread-838" java.lang.NullPointerException
	at tourGuide.service.GpsUtilProxyServiceImpl.getUserLocation(GpsUtilProxyServiceImpl.java:24)
	at tourGuide.service.TourGuideService.trackUserLocation(TourGuideService.java:169)
	at tourGuide.service.TourGuideService.lambda$trackUserLocationList$1(TourGuideService.java:190)
	at java.util.concurrent.ThreadPoolExecutor.runWorker(ThreadPoolExecutor.java:1149)
	at java.util.concurrent.ThreadPoolExecutor$Worker.run(ThreadPoolExecutor.java:624)
	at java.lang.Thread.run(Thread.java:748)
Exception in thread "pool-5-thread-835" java.lang.NullPointerException
	at tourGuide.service.GpsUtilProxyServiceImpl.getUserLocation(GpsUtilProxyServiceImpl.java:24)
	at tourGuide.service.TourGuideService.trackUserLocation(TourGuideService.java:169)
	at tourGuide.service.TourGuideService.lambda$trackUserLocationList$1(TourGuideService.java:190)
	at java.util.concurrent.ThreadPoolExecutor.runWorker(ThreadPoolExecutor.java:1149)
	at java.util.concurrent.ThreadPoolExecutor$Worker.run(ThreadPoolExecutor.java:624)
	at java.lang.Thread.run(Thread.java:748)
Exception in thread "pool-5-thread-834" java.lang.NullPointerException
	at tourGuide.service.GpsUtilProxyServiceImpl.getUserLocation(GpsUtilProxyServiceImpl.java:24)
	at tourGuide.service.TourGuideService.trackUserLocation(TourGuideService.java:169)
	at tourGuide.service.TourGuideService.lambda$trackUserLocationList$1(TourGuideService.java:190)
	at java.util.concurrent.ThreadPoolExecutor.runWorker(ThreadPoolExecutor.java:1149)
	at java.util.concurrent.ThreadPoolExecutor$Worker.run(ThreadPoolExecutor.java:624)
	at java.lang.Thread.run(Thread.java:748)
Exception in thread "pool-5-thread-833" java.lang.NullPointerException
	at tourGuide.service.GpsUtilProxyServiceImpl.getUserLocation(GpsUtilProxyServiceImpl.java:24)
	at tourGuide.service.TourGuideService.trackUserLocation(TourGuideService.java:169)
	at tourGuide.service.TourGuideService.lambda$trackUserLocationList$1(TourGuideService.java:190)
	at java.util.concurrent.ThreadPoolExecutor.runWorker(ThreadPoolExecutor.java:1149)
	at java.util.concurrent.ThreadPoolExecutor$Worker.run(ThreadPoolExecutor.java:624)
	at java.lang.Thread.run(Thread.java:748)
Exception in thread "pool-5-thread-832" java.lang.NullPointerException
	at tourGuide.service.GpsUtilProxyServiceImpl.getUserLocation(GpsUtilProxyServiceImpl.java:24)
	at tourGuide.service.TourGuideService.trackUserLocation(TourGuideService.java:169)
	at tourGuide.service.TourGuideService.lambda$trackUserLocationList$1(TourGuideService.java:190)
	at java.util.concurrent.ThreadPoolExecutor.runWorker(ThreadPoolExecutor.java:1149)
	at java.util.concurrent.ThreadPoolExecutor$Worker.run(ThreadPoolExecutor.java:624)
	at java.lang.Thread.run(Thread.java:748)
Exception in thread "pool-5-thread-836" java.lang.NullPointerException
	at tourGuide.service.GpsUtilProxyServiceImpl.getUserLocation(GpsUtilProxyServiceImpl.java:24)
	at tourGuide.service.TourGuideService.trackUserLocation(TourGuideService.java:169)
	at tourGuide.service.TourGuideService.lambda$trackUserLocationList$1(TourGuideService.java:190)
	at java.util.concurrent.ThreadPoolExecutor.runWorker(ThreadPoolExecutor.java:1149)
	at java.util.concurrent.ThreadPoolExecutor$Worker.run(ThreadPoolExecutor.java:624)
	at java.lang.Thread.run(Thread.java:748)
Exception in thread "pool-5-thread-831" java.lang.NullPointerException
	at tourGuide.service.GpsUtilProxyServiceImpl.getUserLocation(GpsUtilProxyServiceImpl.java:24)
	at tourGuide.service.TourGuideService.trackUserLocation(TourGuideService.java:169)
	at tourGuide.service.TourGuideService.lambda$trackUserLocationList$1(TourGuideService.java:190)
	at java.util.concurrent.ThreadPoolExecutor.runWorker(ThreadPoolExecutor.java:1149)
	at java.util.concurrent.ThreadPoolExecutor$Worker.run(ThreadPoolExecutor.java:624)
	at java.lang.Thread.run(Thread.java:748)
Exception in thread "pool-5-thread-830" java.lang.NullPointerException
	at tourGuide.service.GpsUtilProxyServiceImpl.getUserLocation(GpsUtilProxyServiceImpl.java:24)
	at tourGuide.service.TourGuideService.trackUserLocation(TourGuideService.java:169)
	at tourGuide.service.TourGuideService.lambda$trackUserLocationList$1(TourGuideService.java:190)
	at java.util.concurrent.ThreadPoolExecutor.runWorker(ThreadPoolExecutor.java:1149)
	at java.util.concurrent.ThreadPoolExecutor$Worker.run(ThreadPoolExecutor.java:624)
	at java.lang.Thread.run(Thread.java:748)
Exception in thread "pool-5-thread-829" java.lang.NullPointerException
	at tourGuide.service.GpsUtilProxyServiceImpl.getUserLocation(GpsUtilProxyServiceImpl.java:24)
	at tourGuide.service.TourGuideService.trackUserLocation(TourGuideService.java:169)
	at tourGuide.service.TourGuideService.lambda$trackUserLocationList$1(TourGuideService.java:190)
	at java.util.concurrent.ThreadPoolExecutor.runWorker(ThreadPoolExecutor.java:1149)
	at java.util.concurrent.ThreadPoolExecutor$Worker.run(ThreadPoolExecutor.java:624)
	at java.lang.Thread.run(Thread.java:748)
Exception in thread "pool-5-thread-828" java.lang.NullPointerException
	at tourGuide.service.GpsUtilProxyServiceImpl.getUserLocation(GpsUtilProxyServiceImpl.java:24)
	at tourGuide.service.TourGuideService.trackUserLocation(TourGuideService.java:169)
	at tourGuide.service.TourGuideService.lambda$trackUserLocationList$1(TourGuideService.java:190)
	at java.util.concurrent.ThreadPoolExecutor.runWorker(ThreadPoolExecutor.java:1149)
	at java.util.concurrent.ThreadPoolExecutor$Worker.run(ThreadPoolExecutor.java:624)
	at java.lang.Thread.run(Thread.java:748)
Exception in thread "pool-5-thread-827" java.lang.NullPointerException
	at tourGuide.service.GpsUtilProxyServiceImpl.getUserLocation(GpsUtilProxyServiceImpl.java:24)
	at tourGuide.service.TourGuideService.trackUserLocation(TourGuideService.java:169)
	at tourGuide.service.TourGuideService.lambda$trackUserLocationList$1(TourGuideService.java:190)
	at java.util.concurrent.ThreadPoolExecutor.runWorker(ThreadPoolExecutor.java:1149)
	at java.util.concurrent.ThreadPoolExecutor$Worker.run(ThreadPoolExecutor.java:624)
	at java.lang.Thread.run(Thread.java:748)
Exception in thread "pool-5-thread-826" java.lang.NullPointerException
	at tourGuide.service.GpsUtilProxyServiceImpl.getUserLocation(GpsUtilProxyServiceImpl.java:24)
	at tourGuide.service.TourGuideService.trackUserLocation(TourGuideService.java:169)
	at tourGuide.service.TourGuideService.lambda$trackUserLocationList$1(TourGuideService.java:190)
	at java.util.concurrent.ThreadPoolExecutor.runWorker(ThreadPoolExecutor.java:1149)
	at java.util.concurrent.ThreadPoolExecutor$Worker.run(ThreadPoolExecutor.java:624)
	at java.lang.Thread.run(Thread.java:748)
Exception in thread "pool-5-thread-825" java.lang.NullPointerException
	at tourGuide.service.GpsUtilProxyServiceImpl.getUserLocation(GpsUtilProxyServiceImpl.java:24)
	at tourGuide.service.TourGuideService.trackUserLocation(TourGuideService.java:169)
	at tourGuide.service.TourGuideService.lambda$trackUserLocationList$1(TourGuideService.java:190)
	at java.util.concurrent.ThreadPoolExecutor.runWorker(ThreadPoolExecutor.java:1149)
	at java.util.concurrent.ThreadPoolExecutor$Worker.run(ThreadPoolExecutor.java:624)
	at java.lang.Thread.run(Thread.java:748)
Exception in thread "pool-5-thread-824" java.lang.NullPointerException
	at tourGuide.service.GpsUtilProxyServiceImpl.getUserLocation(GpsUtilProxyServiceImpl.java:24)
	at tourGuide.service.TourGuideService.trackUserLocation(TourGuideService.java:169)
	at tourGuide.service.TourGuideService.lambda$trackUserLocationList$1(TourGuideService.java:190)
	at java.util.concurrent.ThreadPoolExecutor.runWorker(ThreadPoolExecutor.java:1149)
	at java.util.concurrent.ThreadPoolExecutor$Worker.run(ThreadPoolExecutor.java:624)
	at java.lang.Thread.run(Thread.java:748)
Exception in thread "pool-5-thread-823" java.lang.NullPointerException
	at tourGuide.service.GpsUtilProxyServiceImpl.getUserLocation(GpsUtilProxyServiceImpl.java:24)
	at tourGuide.service.TourGuideService.trackUserLocation(TourGuideService.java:169)
	at tourGuide.service.TourGuideService.lambda$trackUserLocationList$1(TourGuideService.java:190)
	at java.util.concurrent.ThreadPoolExecutor.runWorker(ThreadPoolExecutor.java:1149)
	at java.util.concurrent.ThreadPoolExecutor$Worker.run(ThreadPoolExecutor.java:624)
	at java.lang.Thread.run(Thread.java:748)
Exception in thread "pool-5-thread-821" java.lang.NullPointerException
	at tourGuide.service.GpsUtilProxyServiceImpl.getUserLocation(GpsUtilProxyServiceImpl.java:24)
	at tourGuide.service.TourGuideService.trackUserLocation(TourGuideService.java:169)
	at tourGuide.service.TourGuideService.lambda$trackUserLocationList$1(TourGuideService.java:190)
	at java.util.concurrent.ThreadPoolExecutor.runWorker(ThreadPoolExecutor.java:1149)
	at java.util.concurrent.ThreadPoolExecutor$Worker.run(ThreadPoolExecutor.java:624)
	at java.lang.Thread.run(Thread.java:748)
Exception in thread "pool-5-thread-822" java.lang.NullPointerException
	at tourGuide.service.GpsUtilProxyServiceImpl.getUserLocation(GpsUtilProxyServiceImpl.java:24)
	at tourGuide.service.TourGuideService.trackUserLocation(TourGuideService.java:169)
	at tourGuide.service.TourGuideService.lambda$trackUserLocationList$1(TourGuideService.java:190)
	at java.util.concurrent.ThreadPoolExecutor.runWorker(ThreadPoolExecutor.java:1149)
	at java.util.concurrent.ThreadPoolExecutor$Worker.run(ThreadPoolExecutor.java:624)
	at java.lang.Thread.run(Thread.java:748)
Exception in thread "pool-5-thread-820" java.lang.NullPointerException
	at tourGuide.service.GpsUtilProxyServiceImpl.getUserLocation(GpsUtilProxyServiceImpl.java:24)
	at tourGuide.service.TourGuideService.trackUserLocation(TourGuideService.java:169)
	at tourGuide.service.TourGuideService.lambda$trackUserLocationList$1(TourGuideService.java:190)
	at java.util.concurrent.ThreadPoolExecutor.runWorker(ThreadPoolExecutor.java:1149)
	at java.util.concurrent.ThreadPoolExecutor$Worker.run(ThreadPoolExecutor.java:624)
	at java.lang.Thread.run(Thread.java:748)
Exception in thread "pool-5-thread-819" java.lang.NullPointerException
	at tourGuide.service.GpsUtilProxyServiceImpl.getUserLocation(GpsUtilProxyServiceImpl.java:24)
	at tourGuide.service.TourGuideService.trackUserLocation(TourGuideService.java:169)
	at tourGuide.service.TourGuideService.lambda$trackUserLocationList$1(TourGuideService.java:190)
	at java.util.concurrent.ThreadPoolExecutor.runWorker(ThreadPoolExecutor.java:1149)
	at java.util.concurrent.ThreadPoolExecutor$Worker.run(ThreadPoolExecutor.java:624)
	at java.lang.Thread.run(Thread.java:748)
Exception in thread "pool-5-thread-818" java.lang.NullPointerException
	at tourGuide.service.GpsUtilProxyServiceImpl.getUserLocation(GpsUtilProxyServiceImpl.java:24)
	at tourGuide.service.TourGuideService.trackUserLocation(TourGuideService.java:169)
	at tourGuide.service.TourGuideService.lambda$trackUserLocationList$1(TourGuideService.java:190)
	at java.util.concurrent.ThreadPoolExecutor.runWorker(ThreadPoolExecutor.java:1149)
	at java.util.concurrent.ThreadPoolExecutor$Worker.run(ThreadPoolExecutor.java:624)
	at java.lang.Thread.run(Thread.java:748)
Exception in thread "pool-5-thread-816" java.lang.NullPointerException
	at tourGuide.service.GpsUtilProxyServiceImpl.getUserLocation(GpsUtilProxyServiceImpl.java:24)
	at tourGuide.service.TourGuideService.trackUserLocation(TourGuideService.java:169)
	at tourGuide.service.TourGuideService.lambda$trackUserLocationList$1(TourGuideService.java:190)
	at java.util.concurrent.ThreadPoolExecutor.runWorker(ThreadPoolExecutor.java:1149)
	at java.util.concurrent.ThreadPoolExecutor$Worker.run(ThreadPoolExecutor.java:624)
	at java.lang.Thread.run(Thread.java:748)
Exception in thread "pool-5-thread-817" java.lang.NullPointerException
	at tourGuide.service.GpsUtilProxyServiceImpl.getUserLocation(GpsUtilProxyServiceImpl.java:24)
	at tourGuide.service.TourGuideService.trackUserLocation(TourGuideService.java:169)
	at tourGuide.service.TourGuideService.lambda$trackUserLocationList$1(TourGuideService.java:190)
	at java.util.concurrent.ThreadPoolExecutor.runWorker(ThreadPoolExecutor.java:1149)
	at java.util.concurrent.ThreadPoolExecutor$Worker.run(ThreadPoolExecutor.java:624)
	at java.lang.Thread.run(Thread.java:748)
Exception in thread "pool-5-thread-815" java.lang.NullPointerException
	at tourGuide.service.GpsUtilProxyServiceImpl.getUserLocation(GpsUtilProxyServiceImpl.java:24)
	at tourGuide.service.TourGuideService.trackUserLocation(TourGuideService.java:169)
	at tourGuide.service.TourGuideService.lambda$trackUserLocationList$1(TourGuideService.java:190)
	at java.util.concurrent.ThreadPoolExecutor.runWorker(ThreadPoolExecutor.java:1149)
	at java.util.concurrent.ThreadPoolExecutor$Worker.run(ThreadPoolExecutor.java:624)
	at java.lang.Thread.run(Thread.java:748)
Exception in thread "pool-5-thread-813" java.lang.NullPointerException
	at tourGuide.service.GpsUtilProxyServiceImpl.getUserLocation(GpsUtilProxyServiceImpl.java:24)
	at tourGuide.service.TourGuideService.trackUserLocation(TourGuideService.java:169)
	at tourGuide.service.TourGuideService.lambda$trackUserLocationList$1(TourGuideService.java:190)
	at java.util.concurrent.ThreadPoolExecutor.runWorker(ThreadPoolExecutor.java:1149)
	at java.util.concurrent.ThreadPoolExecutor$Worker.run(ThreadPoolExecutor.java:624)
	at java.lang.Thread.run(Thread.java:748)
Exception in thread "pool-5-thread-814" java.lang.NullPointerException
	at tourGuide.service.GpsUtilProxyServiceImpl.getUserLocation(GpsUtilProxyServiceImpl.java:24)
	at tourGuide.service.TourGuideService.trackUserLocation(TourGuideService.java:169)
	at tourGuide.service.TourGuideService.lambda$trackUserLocationList$1(TourGuideService.java:190)
	at java.util.concurrent.ThreadPoolExecutor.runWorker(ThreadPoolExecutor.java:1149)
	at java.util.concurrent.ThreadPoolExecutor$Worker.run(ThreadPoolExecutor.java:624)
	at java.lang.Thread.run(Thread.java:748)
Exception in thread "pool-5-thread-812" java.lang.NullPointerException
	at tourGuide.service.GpsUtilProxyServiceImpl.getUserLocation(GpsUtilProxyServiceImpl.java:24)
	at tourGuide.service.TourGuideService.trackUserLocation(TourGuideService.java:169)
	at tourGuide.service.TourGuideService.lambda$trackUserLocationList$1(TourGuideService.java:190)
	at java.util.concurrent.ThreadPoolExecutor.runWorker(ThreadPoolExecutor.java:1149)
	at java.util.concurrent.ThreadPoolExecutor$Worker.run(ThreadPoolExecutor.java:624)
	at java.lang.Thread.run(Thread.java:748)
Exception in thread "pool-5-thread-810" java.lang.NullPointerException
	at tourGuide.service.GpsUtilProxyServiceImpl.getUserLocation(GpsUtilProxyServiceImpl.java:24)
	at tourGuide.service.TourGuideService.trackUserLocation(TourGuideService.java:169)
	at tourGuide.service.TourGuideService.lambda$trackUserLocationList$1(TourGuideService.java:190)
	at java.util.concurrent.ThreadPoolExecutor.runWorker(ThreadPoolExecutor.java:1149)
	at java.util.concurrent.ThreadPoolExecutor$Worker.run(ThreadPoolExecutor.java:624)
	at java.lang.Thread.run(Thread.java:748)
Exception in thread "pool-5-thread-811" java.lang.NullPointerException
	at tourGuide.service.GpsUtilProxyServiceImpl.getUserLocation(GpsUtilProxyServiceImpl.java:24)
	at tourGuide.service.TourGuideService.trackUserLocation(TourGuideService.java:169)
	at tourGuide.service.TourGuideService.lambda$trackUserLocationList$1(TourGuideService.java:190)
	at java.util.concurrent.ThreadPoolExecutor.runWorker(ThreadPoolExecutor.java:1149)
	at java.util.concurrent.ThreadPoolExecutor$Worker.run(ThreadPoolExecutor.java:624)
	at java.lang.Thread.run(Thread.java:748)
Exception in thread "pool-5-thread-809" java.lang.NullPointerException
	at tourGuide.service.GpsUtilProxyServiceImpl.getUserLocation(GpsUtilProxyServiceImpl.java:24)
	at tourGuide.service.TourGuideService.trackUserLocation(TourGuideService.java:169)
	at tourGuide.service.TourGuideService.lambda$trackUserLocationList$1(TourGuideService.java:190)
	at java.util.concurrent.ThreadPoolExecutor.runWorker(ThreadPoolExecutor.java:1149)
	at java.util.concurrent.ThreadPoolExecutor$Worker.run(ThreadPoolExecutor.java:624)
	at java.lang.Thread.run(Thread.java:748)
Exception in thread "pool-5-thread-808" java.lang.NullPointerException
	at tourGuide.service.GpsUtilProxyServiceImpl.getUserLocation(GpsUtilProxyServiceImpl.java:24)
	at tourGuide.service.TourGuideService.trackUserLocation(TourGuideService.java:169)
	at tourGuide.service.TourGuideService.lambda$trackUserLocationList$1(TourGuideService.java:190)
	at java.util.concurrent.ThreadPoolExecutor.runWorker(ThreadPoolExecutor.java:1149)
	at java.util.concurrent.ThreadPoolExecutor$Worker.run(ThreadPoolExecutor.java:624)
	at java.lang.Thread.run(Thread.java:748)
Exception in thread "pool-5-thread-807" java.lang.NullPointerException
	at tourGuide.service.GpsUtilProxyServiceImpl.getUserLocation(GpsUtilProxyServiceImpl.java:24)
	at tourGuide.service.TourGuideService.trackUserLocation(TourGuideService.java:169)
	at tourGuide.service.TourGuideService.lambda$trackUserLocationList$1(TourGuideService.java:190)
	at java.util.concurrent.ThreadPoolExecutor.runWorker(ThreadPoolExecutor.java:1149)
	at java.util.concurrent.ThreadPoolExecutor$Worker.run(ThreadPoolExecutor.java:624)
	at java.lang.Thread.run(Thread.java:748)
Exception in thread "pool-5-thread-806" java.lang.NullPointerException
	at tourGuide.service.GpsUtilProxyServiceImpl.getUserLocation(GpsUtilProxyServiceImpl.java:24)
	at tourGuide.service.TourGuideService.trackUserLocation(TourGuideService.java:169)
	at tourGuide.service.TourGuideService.lambda$trackUserLocationList$1(TourGuideService.java:190)
	at java.util.concurrent.ThreadPoolExecutor.runWorker(ThreadPoolExecutor.java:1149)
	at java.util.concurrent.ThreadPoolExecutor$Worker.run(ThreadPoolExecutor.java:624)
	at java.lang.Thread.run(Thread.java:748)
Exception in thread "pool-5-thread-804" java.lang.NullPointerException
	at tourGuide.service.GpsUtilProxyServiceImpl.getUserLocation(GpsUtilProxyServiceImpl.java:24)
	at tourGuide.service.TourGuideService.trackUserLocation(TourGuideService.java:169)
	at tourGuide.service.TourGuideService.lambda$trackUserLocationList$1(TourGuideService.java:190)
	at java.util.concurrent.ThreadPoolExecutor.runWorker(ThreadPoolExecutor.java:1149)
	at java.util.concurrent.ThreadPoolExecutor$Worker.run(ThreadPoolExecutor.java:624)
	at java.lang.Thread.run(Thread.java:748)
Exception in thread "pool-5-thread-805" java.lang.NullPointerException
	at tourGuide.service.GpsUtilProxyServiceImpl.getUserLocation(GpsUtilProxyServiceImpl.java:24)
	at tourGuide.service.TourGuideService.trackUserLocation(TourGuideService.java:169)
	at tourGuide.service.TourGuideService.lambda$trackUserLocationList$1(TourGuideService.java:190)
	at java.util.concurrent.ThreadPoolExecutor.runWorker(ThreadPoolExecutor.java:1149)
	at java.util.concurrent.ThreadPoolExecutor$Worker.run(ThreadPoolExecutor.java:624)
	at java.lang.Thread.run(Thread.java:748)
Exception in thread "pool-5-thread-802" java.lang.NullPointerException
	at tourGuide.service.GpsUtilProxyServiceImpl.getUserLocation(GpsUtilProxyServiceImpl.java:24)
	at tourGuide.service.TourGuideService.trackUserLocation(TourGuideService.java:169)
	at tourGuide.service.TourGuideService.lambda$trackUserLocationList$1(TourGuideService.java:190)
	at java.util.concurrent.ThreadPoolExecutor.runWorker(ThreadPoolExecutor.java:1149)
	at java.util.concurrent.ThreadPoolExecutor$Worker.run(ThreadPoolExecutor.java:624)
	at java.lang.Thread.run(Thread.java:748)
Exception in thread "pool-5-thread-803" java.lang.NullPointerException
	at tourGuide.service.GpsUtilProxyServiceImpl.getUserLocation(GpsUtilProxyServiceImpl.java:24)
	at tourGuide.service.TourGuideService.trackUserLocation(TourGuideService.java:169)
	at tourGuide.service.TourGuideService.lambda$trackUserLocationList$1(TourGuideService.java:190)
	at java.util.concurrent.ThreadPoolExecutor.runWorker(ThreadPoolExecutor.java:1149)
	at java.util.concurrent.ThreadPoolExecutor$Worker.run(ThreadPoolExecutor.java:624)
	at java.lang.Thread.run(Thread.java:748)
Exception in thread "pool-5-thread-801" java.lang.NullPointerException
	at tourGuide.service.GpsUtilProxyServiceImpl.getUserLocation(GpsUtilProxyServiceImpl.java:24)
	at tourGuide.service.TourGuideService.trackUserLocation(TourGuideService.java:169)
	at tourGuide.service.TourGuideService.lambda$trackUserLocationList$1(TourGuideService.java:190)
	at java.util.concurrent.ThreadPoolExecutor.runWorker(ThreadPoolExecutor.java:1149)
	at java.util.concurrent.ThreadPoolExecutor$Worker.run(ThreadPoolExecutor.java:624)
	at java.lang.Thread.run(Thread.java:748)
Exception in thread "pool-5-thread-800" java.lang.NullPointerException
	at tourGuide.service.GpsUtilProxyServiceImpl.getUserLocation(GpsUtilProxyServiceImpl.java:24)
	at tourGuide.service.TourGuideService.trackUserLocation(TourGuideService.java:169)
	at tourGuide.service.TourGuideService.lambda$trackUserLocationList$1(TourGuideService.java:190)
	at java.util.concurrent.ThreadPoolExecutor.runWorker(ThreadPoolExecutor.java:1149)
	at java.util.concurrent.ThreadPoolExecutor$Worker.run(ThreadPoolExecutor.java:624)
	at java.lang.Thread.run(Thread.java:748)
Exception in thread "pool-5-thread-799" java.lang.NullPointerException
	at tourGuide.service.GpsUtilProxyServiceImpl.getUserLocation(GpsUtilProxyServiceImpl.java:24)
	at tourGuide.service.TourGuideService.trackUserLocation(TourGuideService.java:169)
	at tourGuide.service.TourGuideService.lambda$trackUserLocationList$1(TourGuideService.java:190)
	at java.util.concurrent.ThreadPoolExecutor.runWorker(ThreadPoolExecutor.java:1149)
	at java.util.concurrent.ThreadPoolExecutor$Worker.run(ThreadPoolExecutor.java:624)
	at java.lang.Thread.run(Thread.java:748)
Exception in thread "pool-5-thread-798" java.lang.NullPointerException
	at tourGuide.service.GpsUtilProxyServiceImpl.getUserLocation(GpsUtilProxyServiceImpl.java:24)
	at tourGuide.service.TourGuideService.trackUserLocation(TourGuideService.java:169)
	at tourGuide.service.TourGuideService.lambda$trackUserLocationList$1(TourGuideService.java:190)
	at java.util.concurrent.ThreadPoolExecutor.runWorker(ThreadPoolExecutor.java:1149)
	at java.util.concurrent.ThreadPoolExecutor$Worker.run(ThreadPoolExecutor.java:624)
	at java.lang.Thread.run(Thread.java:748)
Exception in thread "pool-5-thread-796" java.lang.NullPointerException
	at tourGuide.service.GpsUtilProxyServiceImpl.getUserLocation(GpsUtilProxyServiceImpl.java:24)
	at tourGuide.service.TourGuideService.trackUserLocation(TourGuideService.java:169)
	at tourGuide.service.TourGuideService.lambda$trackUserLocationList$1(TourGuideService.java:190)
	at java.util.concurrent.ThreadPoolExecutor.runWorker(ThreadPoolExecutor.java:1149)
	at java.util.concurrent.ThreadPoolExecutor$Worker.run(ThreadPoolExecutor.java:624)
	at java.lang.Thread.run(Thread.java:748)
Exception in thread "pool-5-thread-797" java.lang.NullPointerException
	at tourGuide.service.GpsUtilProxyServiceImpl.getUserLocation(GpsUtilProxyServiceImpl.java:24)
	at tourGuide.service.TourGuideService.trackUserLocation(TourGuideService.java:169)
	at tourGuide.service.TourGuideService.lambda$trackUserLocationList$1(TourGuideService.java:190)
	at java.util.concurrent.ThreadPoolExecutor.runWorker(ThreadPoolExecutor.java:1149)
	at java.util.concurrent.ThreadPoolExecutor$Worker.run(ThreadPoolExecutor.java:624)
	at java.lang.Thread.run(Thread.java:748)
Exception in thread "pool-5-thread-795" java.lang.NullPointerException
	at tourGuide.service.GpsUtilProxyServiceImpl.getUserLocation(GpsUtilProxyServiceImpl.java:24)
	at tourGuide.service.TourGuideService.trackUserLocation(TourGuideService.java:169)
	at tourGuide.service.TourGuideService.lambda$trackUserLocationList$1(TourGuideService.java:190)
	at java.util.concurrent.ThreadPoolExecutor.runWorker(ThreadPoolExecutor.java:1149)
	at java.util.concurrent.ThreadPoolExecutor$Worker.run(ThreadPoolExecutor.java:624)
	at java.lang.Thread.run(Thread.java:748)
Exception in thread "pool-5-thread-794" java.lang.NullPointerException
	at tourGuide.service.GpsUtilProxyServiceImpl.getUserLocation(GpsUtilProxyServiceImpl.java:24)
	at tourGuide.service.TourGuideService.trackUserLocation(TourGuideService.java:169)
	at tourGuide.service.TourGuideService.lambda$trackUserLocationList$1(TourGuideService.java:190)
	at java.util.concurrent.ThreadPoolExecutor.runWorker(ThreadPoolExecutor.java:1149)
	at java.util.concurrent.ThreadPoolExecutor$Worker.run(ThreadPoolExecutor.java:624)
	at java.lang.Thread.run(Thread.java:748)
Exception in thread "pool-5-thread-793" java.lang.NullPointerException
	at tourGuide.service.GpsUtilProxyServiceImpl.getUserLocation(GpsUtilProxyServiceImpl.java:24)
	at tourGuide.service.TourGuideService.trackUserLocation(TourGuideService.java:169)
	at tourGuide.service.TourGuideService.lambda$trackUserLocationList$1(TourGuideService.java:190)
	at java.util.concurrent.ThreadPoolExecutor.runWorker(ThreadPoolExecutor.java:1149)
	at java.util.concurrent.ThreadPoolExecutor$Worker.run(ThreadPoolExecutor.java:624)
	at java.lang.Thread.run(Thread.java:748)
Exception in thread "pool-5-thread-791" java.lang.NullPointerException
	at tourGuide.service.GpsUtilProxyServiceImpl.getUserLocation(GpsUtilProxyServiceImpl.java:24)
	at tourGuide.service.TourGuideService.trackUserLocation(TourGuideService.java:169)
	at tourGuide.service.TourGuideService.lambda$trackUserLocationList$1(TourGuideService.java:190)
	at java.util.concurrent.ThreadPoolExecutor.runWorker(ThreadPoolExecutor.java:1149)
	at java.util.concurrent.ThreadPoolExecutor$Worker.run(ThreadPoolExecutor.java:624)
	at java.lang.Thread.run(Thread.java:748)
Exception in thread "pool-5-thread-790" java.lang.NullPointerException
	at tourGuide.service.GpsUtilProxyServiceImpl.getUserLocation(GpsUtilProxyServiceImpl.java:24)
	at tourGuide.service.TourGuideService.trackUserLocation(TourGuideService.java:169)
	at tourGuide.service.TourGuideService.lambda$trackUserLocationList$1(TourGuideService.java:190)
	at java.util.concurrent.ThreadPoolExecutor.runWorker(ThreadPoolExecutor.java:1149)
	at java.util.concurrent.ThreadPoolExecutor$Worker.run(ThreadPoolExecutor.java:624)
	at java.lang.Thread.run(Thread.java:748)
Exception in thread "pool-5-thread-792" java.lang.NullPointerException
	at tourGuide.service.GpsUtilProxyServiceImpl.getUserLocation(GpsUtilProxyServiceImpl.java:24)
	at tourGuide.service.TourGuideService.trackUserLocation(TourGuideService.java:169)
	at tourGuide.service.TourGuideService.lambda$trackUserLocationList$1(TourGuideService.java:190)
	at java.util.concurrent.ThreadPoolExecutor.runWorker(ThreadPoolExecutor.java:1149)
	at java.util.concurrent.ThreadPoolExecutor$Worker.run(ThreadPoolExecutor.java:624)
	at java.lang.Thread.run(Thread.java:748)
Exception in thread "pool-5-thread-789" java.lang.NullPointerException
	at tourGuide.service.GpsUtilProxyServiceImpl.getUserLocation(GpsUtilProxyServiceImpl.java:24)
	at tourGuide.service.TourGuideService.trackUserLocation(TourGuideService.java:169)
	at tourGuide.service.TourGuideService.lambda$trackUserLocationList$1(TourGuideService.java:190)
	at java.util.concurrent.ThreadPoolExecutor.runWorker(ThreadPoolExecutor.java:1149)
	at java.util.concurrent.ThreadPoolExecutor$Worker.run(ThreadPoolExecutor.java:624)
	at java.lang.Thread.run(Thread.java:748)
Exception in thread "pool-5-thread-788" java.lang.NullPointerException
	at tourGuide.service.GpsUtilProxyServiceImpl.getUserLocation(GpsUtilProxyServiceImpl.java:24)
	at tourGuide.service.TourGuideService.trackUserLocation(TourGuideService.java:169)
	at tourGuide.service.TourGuideService.lambda$trackUserLocationList$1(TourGuideService.java:190)
	at java.util.concurrent.ThreadPoolExecutor.runWorker(ThreadPoolExecutor.java:1149)
	at java.util.concurrent.ThreadPoolExecutor$Worker.run(ThreadPoolExecutor.java:624)
	at java.lang.Thread.run(Thread.java:748)
Exception in thread "pool-5-thread-787" java.lang.NullPointerException
	at tourGuide.service.GpsUtilProxyServiceImpl.getUserLocation(GpsUtilProxyServiceImpl.java:24)
	at tourGuide.service.TourGuideService.trackUserLocation(TourGuideService.java:169)
	at tourGuide.service.TourGuideService.lambda$trackUserLocationList$1(TourGuideService.java:190)
	at java.util.concurrent.ThreadPoolExecutor.runWorker(ThreadPoolExecutor.java:1149)
	at java.util.concurrent.ThreadPoolExecutor$Worker.run(ThreadPoolExecutor.java:624)
	at java.lang.Thread.run(Thread.java:748)
Exception in thread "pool-5-thread-786" java.lang.NullPointerException
	at tourGuide.service.GpsUtilProxyServiceImpl.getUserLocation(GpsUtilProxyServiceImpl.java:24)
	at tourGuide.service.TourGuideService.trackUserLocation(TourGuideService.java:169)
	at tourGuide.service.TourGuideService.lambda$trackUserLocationList$1(TourGuideService.java:190)
	at java.util.concurrent.ThreadPoolExecutor.runWorker(ThreadPoolExecutor.java:1149)
	at java.util.concurrent.ThreadPoolExecutor$Worker.run(ThreadPoolExecutor.java:624)
	at java.lang.Thread.run(Thread.java:748)
Exception in thread "pool-5-thread-785" java.lang.NullPointerException
	at tourGuide.service.GpsUtilProxyServiceImpl.getUserLocation(GpsUtilProxyServiceImpl.java:24)
	at tourGuide.service.TourGuideService.trackUserLocation(TourGuideService.java:169)
	at tourGuide.service.TourGuideService.lambda$trackUserLocationList$1(TourGuideService.java:190)
	at java.util.concurrent.ThreadPoolExecutor.runWorker(ThreadPoolExecutor.java:1149)
	at java.util.concurrent.ThreadPoolExecutor$Worker.run(ThreadPoolExecutor.java:624)
	at java.lang.Thread.run(Thread.java:748)
Exception in thread "pool-5-thread-784" java.lang.NullPointerException
	at tourGuide.service.GpsUtilProxyServiceImpl.getUserLocation(GpsUtilProxyServiceImpl.java:24)
	at tourGuide.service.TourGuideService.trackUserLocation(TourGuideService.java:169)
	at tourGuide.service.TourGuideService.lambda$trackUserLocationList$1(TourGuideService.java:190)
	at java.util.concurrent.ThreadPoolExecutor.runWorker(ThreadPoolExecutor.java:1149)
	at java.util.concurrent.ThreadPoolExecutor$Worker.run(ThreadPoolExecutor.java:624)
	at java.lang.Thread.run(Thread.java:748)
Exception in thread "pool-5-thread-783" java.lang.NullPointerException
	at tourGuide.service.GpsUtilProxyServiceImpl.getUserLocation(GpsUtilProxyServiceImpl.java:24)
	at tourGuide.service.TourGuideService.trackUserLocation(TourGuideService.java:169)
	at tourGuide.service.TourGuideService.lambda$trackUserLocationList$1(TourGuideService.java:190)
	at java.util.concurrent.ThreadPoolExecutor.runWorker(ThreadPoolExecutor.java:1149)
	at java.util.concurrent.ThreadPoolExecutor$Worker.run(ThreadPoolExecutor.java:624)
	at java.lang.Thread.run(Thread.java:748)
Exception in thread "pool-5-thread-781" java.lang.NullPointerException
	at tourGuide.service.GpsUtilProxyServiceImpl.getUserLocation(GpsUtilProxyServiceImpl.java:24)
	at tourGuide.service.TourGuideService.trackUserLocation(TourGuideService.java:169)
	at tourGuide.service.TourGuideService.lambda$trackUserLocationList$1(TourGuideService.java:190)
	at java.util.concurrent.ThreadPoolExecutor.runWorker(ThreadPoolExecutor.java:1149)
	at java.util.concurrent.ThreadPoolExecutor$Worker.run(ThreadPoolExecutor.java:624)
	at java.lang.Thread.run(Thread.java:748)
Exception in thread "pool-5-thread-782" java.lang.NullPointerException
	at tourGuide.service.GpsUtilProxyServiceImpl.getUserLocation(GpsUtilProxyServiceImpl.java:24)
	at tourGuide.service.TourGuideService.trackUserLocation(TourGuideService.java:169)
	at tourGuide.service.TourGuideService.lambda$trackUserLocationList$1(TourGuideService.java:190)
	at java.util.concurrent.ThreadPoolExecutor.runWorker(ThreadPoolExecutor.java:1149)
	at java.util.concurrent.ThreadPoolExecutor$Worker.run(ThreadPoolExecutor.java:624)
	at java.lang.Thread.run(Thread.java:748)
Exception in thread "pool-5-thread-779" java.lang.NullPointerException
	at tourGuide.service.GpsUtilProxyServiceImpl.getUserLocation(GpsUtilProxyServiceImpl.java:24)
	at tourGuide.service.TourGuideService.trackUserLocation(TourGuideService.java:169)
	at tourGuide.service.TourGuideService.lambda$trackUserLocationList$1(TourGuideService.java:190)
	at java.util.concurrent.ThreadPoolExecutor.runWorker(ThreadPoolExecutor.java:1149)
	at java.util.concurrent.ThreadPoolExecutor$Worker.run(ThreadPoolExecutor.java:624)
	at java.lang.Thread.run(Thread.java:748)
Exception in thread "pool-5-thread-780" java.lang.NullPointerException
	at tourGuide.service.GpsUtilProxyServiceImpl.getUserLocation(GpsUtilProxyServiceImpl.java:24)
	at tourGuide.service.TourGuideService.trackUserLocation(TourGuideService.java:169)
	at tourGuide.service.TourGuideService.lambda$trackUserLocationList$1(TourGuideService.java:190)
	at java.util.concurrent.ThreadPoolExecutor.runWorker(ThreadPoolExecutor.java:1149)
	at java.util.concurrent.ThreadPoolExecutor$Worker.run(ThreadPoolExecutor.java:624)
	at java.lang.Thread.run(Thread.java:748)
Exception in thread "pool-5-thread-778" java.lang.NullPointerException
	at tourGuide.service.GpsUtilProxyServiceImpl.getUserLocation(GpsUtilProxyServiceImpl.java:24)
	at tourGuide.service.TourGuideService.trackUserLocation(TourGuideService.java:169)
	at tourGuide.service.TourGuideService.lambda$trackUserLocationList$1(TourGuideService.java:190)
	at java.util.concurrent.ThreadPoolExecutor.runWorker(ThreadPoolExecutor.java:1149)
	at java.util.concurrent.ThreadPoolExecutor$Worker.run(ThreadPoolExecutor.java:624)
	at java.lang.Thread.run(Thread.java:748)
Exception in thread "pool-5-thread-777" java.lang.NullPointerException
	at tourGuide.service.GpsUtilProxyServiceImpl.getUserLocation(GpsUtilProxyServiceImpl.java:24)
	at tourGuide.service.TourGuideService.trackUserLocation(TourGuideService.java:169)
	at tourGuide.service.TourGuideService.lambda$trackUserLocationList$1(TourGuideService.java:190)
	at java.util.concurrent.ThreadPoolExecutor.runWorker(ThreadPoolExecutor.java:1149)
	at java.util.concurrent.ThreadPoolExecutor$Worker.run(ThreadPoolExecutor.java:624)
	at java.lang.Thread.run(Thread.java:748)
Exception in thread "pool-5-thread-775" java.lang.NullPointerException
	at tourGuide.service.GpsUtilProxyServiceImpl.getUserLocation(GpsUtilProxyServiceImpl.java:24)
	at tourGuide.service.TourGuideService.trackUserLocation(TourGuideService.java:169)
	at tourGuide.service.TourGuideService.lambda$trackUserLocationList$1(TourGuideService.java:190)
	at java.util.concurrent.ThreadPoolExecutor.runWorker(ThreadPoolExecutor.java:1149)
	at java.util.concurrent.ThreadPoolExecutor$Worker.run(ThreadPoolExecutor.java:624)
	at java.lang.Thread.run(Thread.java:748)
Exception in thread "pool-5-thread-776" java.lang.NullPointerException
	at tourGuide.service.GpsUtilProxyServiceImpl.getUserLocation(GpsUtilProxyServiceImpl.java:24)
	at tourGuide.service.TourGuideService.trackUserLocation(TourGuideService.java:169)
	at tourGuide.service.TourGuideService.lambda$trackUserLocationList$1(TourGuideService.java:190)
	at java.util.concurrent.ThreadPoolExecutor.runWorker(ThreadPoolExecutor.java:1149)
	at java.util.concurrent.ThreadPoolExecutor$Worker.run(ThreadPoolExecutor.java:624)
	at java.lang.Thread.run(Thread.java:748)
Exception in thread "pool-5-thread-774" java.lang.NullPointerException
	at tourGuide.service.GpsUtilProxyServiceImpl.getUserLocation(GpsUtilProxyServiceImpl.java:24)
	at tourGuide.service.TourGuideService.trackUserLocation(TourGuideService.java:169)
	at tourGuide.service.TourGuideService.lambda$trackUserLocationList$1(TourGuideService.java:190)
	at java.util.concurrent.ThreadPoolExecutor.runWorker(ThreadPoolExecutor.java:1149)
	at java.util.concurrent.ThreadPoolExecutor$Worker.run(ThreadPoolExecutor.java:624)
	at java.lang.Thread.run(Thread.java:748)
Exception in thread "pool-5-thread-773" java.lang.NullPointerException
	at tourGuide.service.GpsUtilProxyServiceImpl.getUserLocation(GpsUtilProxyServiceImpl.java:24)
	at tourGuide.service.TourGuideService.trackUserLocation(TourGuideService.java:169)
	at tourGuide.service.TourGuideService.lambda$trackUserLocationList$1(TourGuideService.java:190)
	at java.util.concurrent.ThreadPoolExecutor.runWorker(ThreadPoolExecutor.java:1149)
	at java.util.concurrent.ThreadPoolExecutor$Worker.run(ThreadPoolExecutor.java:624)
	at java.lang.Thread.run(Thread.java:748)
Exception in thread "pool-5-thread-772" java.lang.NullPointerException
	at tourGuide.service.GpsUtilProxyServiceImpl.getUserLocation(GpsUtilProxyServiceImpl.java:24)
	at tourGuide.service.TourGuideService.trackUserLocation(TourGuideService.java:169)
	at tourGuide.service.TourGuideService.lambda$trackUserLocationList$1(TourGuideService.java:190)
	at java.util.concurrent.ThreadPoolExecutor.runWorker(ThreadPoolExecutor.java:1149)
	at java.util.concurrent.ThreadPoolExecutor$Worker.run(ThreadPoolExecutor.java:624)
	at java.lang.Thread.run(Thread.java:748)
Exception in thread "pool-5-thread-770" java.lang.NullPointerException
	at tourGuide.service.GpsUtilProxyServiceImpl.getUserLocation(GpsUtilProxyServiceImpl.java:24)
	at tourGuide.service.TourGuideService.trackUserLocation(TourGuideService.java:169)
	at tourGuide.service.TourGuideService.lambda$trackUserLocationList$1(TourGuideService.java:190)
	at java.util.concurrent.ThreadPoolExecutor.runWorker(ThreadPoolExecutor.java:1149)
	at java.util.concurrent.ThreadPoolExecutor$Worker.run(ThreadPoolExecutor.java:624)
	at java.lang.Thread.run(Thread.java:748)
Exception in thread "pool-5-thread-771" java.lang.NullPointerException
	at tourGuide.service.GpsUtilProxyServiceImpl.getUserLocation(GpsUtilProxyServiceImpl.java:24)
	at tourGuide.service.TourGuideService.trackUserLocation(TourGuideService.java:169)
	at tourGuide.service.TourGuideService.lambda$trackUserLocationList$1(TourGuideService.java:190)
	at java.util.concurrent.ThreadPoolExecutor.runWorker(ThreadPoolExecutor.java:1149)
	at java.util.concurrent.ThreadPoolExecutor$Worker.run(ThreadPoolExecutor.java:624)
	at java.lang.Thread.run(Thread.java:748)
Exception in thread "pool-5-thread-768" java.lang.NullPointerException
	at tourGuide.service.GpsUtilProxyServiceImpl.getUserLocation(GpsUtilProxyServiceImpl.java:24)
	at tourGuide.service.TourGuideService.trackUserLocation(TourGuideService.java:169)
	at tourGuide.service.TourGuideService.lambda$trackUserLocationList$1(TourGuideService.java:190)
	at java.util.concurrent.ThreadPoolExecutor.runWorker(ThreadPoolExecutor.java:1149)
	at java.util.concurrent.ThreadPoolExecutor$Worker.run(ThreadPoolExecutor.java:624)
	at java.lang.Thread.run(Thread.java:748)
Exception in thread "pool-5-thread-769" java.lang.NullPointerException
	at tourGuide.service.GpsUtilProxyServiceImpl.getUserLocation(GpsUtilProxyServiceImpl.java:24)
	at tourGuide.service.TourGuideService.trackUserLocation(TourGuideService.java:169)
	at tourGuide.service.TourGuideService.lambda$trackUserLocationList$1(TourGuideService.java:190)
	at java.util.concurrent.ThreadPoolExecutor.runWorker(ThreadPoolExecutor.java:1149)
	at java.util.concurrent.ThreadPoolExecutor$Worker.run(ThreadPoolExecutor.java:624)
	at java.lang.Thread.run(Thread.java:748)
Exception in thread "pool-5-thread-767" java.lang.NullPointerException
	at tourGuide.service.GpsUtilProxyServiceImpl.getUserLocation(GpsUtilProxyServiceImpl.java:24)
	at tourGuide.service.TourGuideService.trackUserLocation(TourGuideService.java:169)
	at tourGuide.service.TourGuideService.lambda$trackUserLocationList$1(TourGuideService.java:190)
	at java.util.concurrent.ThreadPoolExecutor.runWorker(ThreadPoolExecutor.java:1149)
	at java.util.concurrent.ThreadPoolExecutor$Worker.run(ThreadPoolExecutor.java:624)
	at java.lang.Thread.run(Thread.java:748)
Exception in thread "pool-5-thread-766" java.lang.NullPointerException
	at tourGuide.service.GpsUtilProxyServiceImpl.getUserLocation(GpsUtilProxyServiceImpl.java:24)
	at tourGuide.service.TourGuideService.trackUserLocation(TourGuideService.java:169)
	at tourGuide.service.TourGuideService.lambda$trackUserLocationList$1(TourGuideService.java:190)
	at java.util.concurrent.ThreadPoolExecutor.runWorker(ThreadPoolExecutor.java:1149)
	at java.util.concurrent.ThreadPoolExecutor$Worker.run(ThreadPoolExecutor.java:624)
	at java.lang.Thread.run(Thread.java:748)
Exception in thread "pool-5-thread-764" java.lang.NullPointerException
	at tourGuide.service.GpsUtilProxyServiceImpl.getUserLocation(GpsUtilProxyServiceImpl.java:24)
	at tourGuide.service.TourGuideService.trackUserLocation(TourGuideService.java:169)
	at tourGuide.service.TourGuideService.lambda$trackUserLocationList$1(TourGuideService.java:190)
	at java.util.concurrent.ThreadPoolExecutor.runWorker(ThreadPoolExecutor.java:1149)
	at java.util.concurrent.ThreadPoolExecutor$Worker.run(ThreadPoolExecutor.java:624)
	at java.lang.Thread.run(Thread.java:748)
Exception in thread "pool-5-thread-765" java.lang.NullPointerException
	at tourGuide.service.GpsUtilProxyServiceImpl.getUserLocation(GpsUtilProxyServiceImpl.java:24)
	at tourGuide.service.TourGuideService.trackUserLocation(TourGuideService.java:169)
	at tourGuide.service.TourGuideService.lambda$trackUserLocationList$1(TourGuideService.java:190)
	at java.util.concurrent.ThreadPoolExecutor.runWorker(ThreadPoolExecutor.java:1149)
	at java.util.concurrent.ThreadPoolExecutor$Worker.run(ThreadPoolExecutor.java:624)
	at java.lang.Thread.run(Thread.java:748)
Exception in thread "pool-5-thread-763" java.lang.NullPointerException
	at tourGuide.service.GpsUtilProxyServiceImpl.getUserLocation(GpsUtilProxyServiceImpl.java:24)
	at tourGuide.service.TourGuideService.trackUserLocation(TourGuideService.java:169)
	at tourGuide.service.TourGuideService.lambda$trackUserLocationList$1(TourGuideService.java:190)
	at java.util.concurrent.ThreadPoolExecutor.runWorker(ThreadPoolExecutor.java:1149)
	at java.util.concurrent.ThreadPoolExecutor$Worker.run(ThreadPoolExecutor.java:624)
	at java.lang.Thread.run(Thread.java:748)
Exception in thread "pool-5-thread-762" java.lang.NullPointerException
	at tourGuide.service.GpsUtilProxyServiceImpl.getUserLocation(GpsUtilProxyServiceImpl.java:24)
	at tourGuide.service.TourGuideService.trackUserLocation(TourGuideService.java:169)
	at tourGuide.service.TourGuideService.lambda$trackUserLocationList$1(TourGuideService.java:190)
	at java.util.concurrent.ThreadPoolExecutor.runWorker(ThreadPoolExecutor.java:1149)
	at java.util.concurrent.ThreadPoolExecutor$Worker.run(ThreadPoolExecutor.java:624)
	at java.lang.Thread.run(Thread.java:748)
Exception in thread "pool-5-thread-760" java.lang.NullPointerException
	at tourGuide.service.GpsUtilProxyServiceImpl.getUserLocation(GpsUtilProxyServiceImpl.java:24)
	at tourGuide.service.TourGuideService.trackUserLocation(TourGuideService.java:169)
	at tourGuide.service.TourGuideService.lambda$trackUserLocationList$1(TourGuideService.java:190)
	at java.util.concurrent.ThreadPoolExecutor.runWorker(ThreadPoolExecutor.java:1149)
	at java.util.concurrent.ThreadPoolExecutor$Worker.run(ThreadPoolExecutor.java:624)
	at java.lang.Thread.run(Thread.java:748)
Exception in thread "pool-5-thread-759" java.lang.NullPointerException
	at tourGuide.service.GpsUtilProxyServiceImpl.getUserLocation(GpsUtilProxyServiceImpl.java:24)
	at tourGuide.service.TourGuideService.trackUserLocation(TourGuideService.java:169)
	at tourGuide.service.TourGuideService.lambda$trackUserLocationList$1(TourGuideService.java:190)
	at java.util.concurrent.ThreadPoolExecutor.runWorker(ThreadPoolExecutor.java:1149)
	at java.util.concurrent.ThreadPoolExecutor$Worker.run(ThreadPoolExecutor.java:624)
	at java.lang.Thread.run(Thread.java:748)
Exception in thread "pool-5-thread-761" java.lang.NullPointerException
	at tourGuide.service.GpsUtilProxyServiceImpl.getUserLocation(GpsUtilProxyServiceImpl.java:24)
	at tourGuide.service.TourGuideService.trackUserLocation(TourGuideService.java:169)
	at tourGuide.service.TourGuideService.lambda$trackUserLocationList$1(TourGuideService.java:190)
	at java.util.concurrent.ThreadPoolExecutor.runWorker(ThreadPoolExecutor.java:1149)
	at java.util.concurrent.ThreadPoolExecutor$Worker.run(ThreadPoolExecutor.java:624)
	at java.lang.Thread.run(Thread.java:748)
Exception in thread "pool-5-thread-758" java.lang.NullPointerException
	at tourGuide.service.GpsUtilProxyServiceImpl.getUserLocation(GpsUtilProxyServiceImpl.java:24)
	at tourGuide.service.TourGuideService.trackUserLocation(TourGuideService.java:169)
	at tourGuide.service.TourGuideService.lambda$trackUserLocationList$1(TourGuideService.java:190)
	at java.util.concurrent.ThreadPoolExecutor.runWorker(ThreadPoolExecutor.java:1149)
	at java.util.concurrent.ThreadPoolExecutor$Worker.run(ThreadPoolExecutor.java:624)
	at java.lang.Thread.run(Thread.java:748)
Exception in thread "pool-5-thread-756" java.lang.NullPointerException
	at tourGuide.service.GpsUtilProxyServiceImpl.getUserLocation(GpsUtilProxyServiceImpl.java:24)
	at tourGuide.service.TourGuideService.trackUserLocation(TourGuideService.java:169)
	at tourGuide.service.TourGuideService.lambda$trackUserLocationList$1(TourGuideService.java:190)
	at java.util.concurrent.ThreadPoolExecutor.runWorker(ThreadPoolExecutor.java:1149)
	at java.util.concurrent.ThreadPoolExecutor$Worker.run(ThreadPoolExecutor.java:624)
	at java.lang.Thread.run(Thread.java:748)
Exception in thread "pool-5-thread-757" java.lang.NullPointerException
	at tourGuide.service.GpsUtilProxyServiceImpl.getUserLocation(GpsUtilProxyServiceImpl.java:24)
	at tourGuide.service.TourGuideService.trackUserLocation(TourGuideService.java:169)
	at tourGuide.service.TourGuideService.lambda$trackUserLocationList$1(TourGuideService.java:190)
	at java.util.concurrent.ThreadPoolExecutor.runWorker(ThreadPoolExecutor.java:1149)
	at java.util.concurrent.ThreadPoolExecutor$Worker.run(ThreadPoolExecutor.java:624)
	at java.lang.Thread.run(Thread.java:748)
Exception in thread "pool-5-thread-755" java.lang.NullPointerException
	at tourGuide.service.GpsUtilProxyServiceImpl.getUserLocation(GpsUtilProxyServiceImpl.java:24)
	at tourGuide.service.TourGuideService.trackUserLocation(TourGuideService.java:169)
	at tourGuide.service.TourGuideService.lambda$trackUserLocationList$1(TourGuideService.java:190)
	at java.util.concurrent.ThreadPoolExecutor.runWorker(ThreadPoolExecutor.java:1149)
	at java.util.concurrent.ThreadPoolExecutor$Worker.run(ThreadPoolExecutor.java:624)
	at java.lang.Thread.run(Thread.java:748)
Exception in thread "pool-5-thread-754" java.lang.NullPointerException
	at tourGuide.service.GpsUtilProxyServiceImpl.getUserLocation(GpsUtilProxyServiceImpl.java:24)
	at tourGuide.service.TourGuideService.trackUserLocation(TourGuideService.java:169)
	at tourGuide.service.TourGuideService.lambda$trackUserLocationList$1(TourGuideService.java:190)
	at java.util.concurrent.ThreadPoolExecutor.runWorker(ThreadPoolExecutor.java:1149)
	at java.util.concurrent.ThreadPoolExecutor$Worker.run(ThreadPoolExecutor.java:624)
	at java.lang.Thread.run(Thread.java:748)
Exception in thread "pool-5-thread-753" java.lang.NullPointerException
	at tourGuide.service.GpsUtilProxyServiceImpl.getUserLocation(GpsUtilProxyServiceImpl.java:24)
	at tourGuide.service.TourGuideService.trackUserLocation(TourGuideService.java:169)
	at tourGuide.service.TourGuideService.lambda$trackUserLocationList$1(TourGuideService.java:190)
	at java.util.concurrent.ThreadPoolExecutor.runWorker(ThreadPoolExecutor.java:1149)
	at java.util.concurrent.ThreadPoolExecutor$Worker.run(ThreadPoolExecutor.java:624)
	at java.lang.Thread.run(Thread.java:748)
Exception in thread "pool-5-thread-752" java.lang.NullPointerException
	at tourGuide.service.GpsUtilProxyServiceImpl.getUserLocation(GpsUtilProxyServiceImpl.java:24)
	at tourGuide.service.TourGuideService.trackUserLocation(TourGuideService.java:169)
	at tourGuide.service.TourGuideService.lambda$trackUserLocationList$1(TourGuideService.java:190)
	at java.util.concurrent.ThreadPoolExecutor.runWorker(ThreadPoolExecutor.java:1149)
	at java.util.concurrent.ThreadPoolExecutor$Worker.run(ThreadPoolExecutor.java:624)
	at java.lang.Thread.run(Thread.java:748)
Exception in thread "pool-5-thread-750" java.lang.NullPointerException
	at tourGuide.service.GpsUtilProxyServiceImpl.getUserLocation(GpsUtilProxyServiceImpl.java:24)
	at tourGuide.service.TourGuideService.trackUserLocation(TourGuideService.java:169)
	at tourGuide.service.TourGuideService.lambda$trackUserLocationList$1(TourGuideService.java:190)
	at java.util.concurrent.ThreadPoolExecutor.runWorker(ThreadPoolExecutor.java:1149)
	at java.util.concurrent.ThreadPoolExecutor$Worker.run(ThreadPoolExecutor.java:624)
	at java.lang.Thread.run(Thread.java:748)
Exception in thread "pool-5-thread-751" java.lang.NullPointerException
	at tourGuide.service.GpsUtilProxyServiceImpl.getUserLocation(GpsUtilProxyServiceImpl.java:24)
	at tourGuide.service.TourGuideService.trackUserLocation(TourGuideService.java:169)
	at tourGuide.service.TourGuideService.lambda$trackUserLocationList$1(TourGuideService.java:190)
	at java.util.concurrent.ThreadPoolExecutor.runWorker(ThreadPoolExecutor.java:1149)
	at java.util.concurrent.ThreadPoolExecutor$Worker.run(ThreadPoolExecutor.java:624)
	at java.lang.Thread.run(Thread.java:748)
Exception in thread "pool-5-thread-749" java.lang.NullPointerException
	at tourGuide.service.GpsUtilProxyServiceImpl.getUserLocation(GpsUtilProxyServiceImpl.java:24)
	at tourGuide.service.TourGuideService.trackUserLocation(TourGuideService.java:169)
	at tourGuide.service.TourGuideService.lambda$trackUserLocationList$1(TourGuideService.java:190)
	at java.util.concurrent.ThreadPoolExecutor.runWorker(ThreadPoolExecutor.java:1149)
	at java.util.concurrent.ThreadPoolExecutor$Worker.run(ThreadPoolExecutor.java:624)
	at java.lang.Thread.run(Thread.java:748)
Exception in thread "pool-5-thread-748" java.lang.NullPointerException
	at tourGuide.service.GpsUtilProxyServiceImpl.getUserLocation(GpsUtilProxyServiceImpl.java:24)
	at tourGuide.service.TourGuideService.trackUserLocation(TourGuideService.java:169)
	at tourGuide.service.TourGuideService.lambda$trackUserLocationList$1(TourGuideService.java:190)
	at java.util.concurrent.ThreadPoolExecutor.runWorker(ThreadPoolExecutor.java:1149)
	at java.util.concurrent.ThreadPoolExecutor$Worker.run(ThreadPoolExecutor.java:624)
	at java.lang.Thread.run(Thread.java:748)
Exception in thread "pool-5-thread-747" java.lang.NullPointerException
	at tourGuide.service.GpsUtilProxyServiceImpl.getUserLocation(GpsUtilProxyServiceImpl.java:24)
	at tourGuide.service.TourGuideService.trackUserLocation(TourGuideService.java:169)
	at tourGuide.service.TourGuideService.lambda$trackUserLocationList$1(TourGuideService.java:190)
	at java.util.concurrent.ThreadPoolExecutor.runWorker(ThreadPoolExecutor.java:1149)
	at java.util.concurrent.ThreadPoolExecutor$Worker.run(ThreadPoolExecutor.java:624)
	at java.lang.Thread.run(Thread.java:748)
Exception in thread "pool-5-thread-746" java.lang.NullPointerException
	at tourGuide.service.GpsUtilProxyServiceImpl.getUserLocation(GpsUtilProxyServiceImpl.java:24)
	at tourGuide.service.TourGuideService.trackUserLocation(TourGuideService.java:169)
	at tourGuide.service.TourGuideService.lambda$trackUserLocationList$1(TourGuideService.java:190)
	at java.util.concurrent.ThreadPoolExecutor.runWorker(ThreadPoolExecutor.java:1149)
	at java.util.concurrent.ThreadPoolExecutor$Worker.run(ThreadPoolExecutor.java:624)
	at java.lang.Thread.run(Thread.java:748)
Exception in thread "pool-5-thread-745" java.lang.NullPointerException
	at tourGuide.service.GpsUtilProxyServiceImpl.getUserLocation(GpsUtilProxyServiceImpl.java:24)
	at tourGuide.service.TourGuideService.trackUserLocation(TourGuideService.java:169)
	at tourGuide.service.TourGuideService.lambda$trackUserLocationList$1(TourGuideService.java:190)
	at java.util.concurrent.ThreadPoolExecutor.runWorker(ThreadPoolExecutor.java:1149)
	at java.util.concurrent.ThreadPoolExecutor$Worker.run(ThreadPoolExecutor.java:624)
	at java.lang.Thread.run(Thread.java:748)
Exception in thread "pool-5-thread-744" java.lang.NullPointerException
	at tourGuide.service.GpsUtilProxyServiceImpl.getUserLocation(GpsUtilProxyServiceImpl.java:24)
	at tourGuide.service.TourGuideService.trackUserLocation(TourGuideService.java:169)
	at tourGuide.service.TourGuideService.lambda$trackUserLocationList$1(TourGuideService.java:190)
	at java.util.concurrent.ThreadPoolExecutor.runWorker(ThreadPoolExecutor.java:1149)
	at java.util.concurrent.ThreadPoolExecutor$Worker.run(ThreadPoolExecutor.java:624)
	at java.lang.Thread.run(Thread.java:748)
Exception in thread "pool-5-thread-743" java.lang.NullPointerException
	at tourGuide.service.GpsUtilProxyServiceImpl.getUserLocation(GpsUtilProxyServiceImpl.java:24)
	at tourGuide.service.TourGuideService.trackUserLocation(TourGuideService.java:169)
	at tourGuide.service.TourGuideService.lambda$trackUserLocationList$1(TourGuideService.java:190)
	at java.util.concurrent.ThreadPoolExecutor.runWorker(ThreadPoolExecutor.java:1149)
	at java.util.concurrent.ThreadPoolExecutor$Worker.run(ThreadPoolExecutor.java:624)
	at java.lang.Thread.run(Thread.java:748)
Exception in thread "pool-5-thread-741" java.lang.NullPointerException
	at tourGuide.service.GpsUtilProxyServiceImpl.getUserLocation(GpsUtilProxyServiceImpl.java:24)
	at tourGuide.service.TourGuideService.trackUserLocation(TourGuideService.java:169)
	at tourGuide.service.TourGuideService.lambda$trackUserLocationList$1(TourGuideService.java:190)
	at java.util.concurrent.ThreadPoolExecutor.runWorker(ThreadPoolExecutor.java:1149)
	at java.util.concurrent.ThreadPoolExecutor$Worker.run(ThreadPoolExecutor.java:624)
	at java.lang.Thread.run(Thread.java:748)
Exception in thread "pool-5-thread-740" java.lang.NullPointerException
	at tourGuide.service.GpsUtilProxyServiceImpl.getUserLocation(GpsUtilProxyServiceImpl.java:24)
	at tourGuide.service.TourGuideService.trackUserLocation(TourGuideService.java:169)
	at tourGuide.service.TourGuideService.lambda$trackUserLocationList$1(TourGuideService.java:190)
	at java.util.concurrent.ThreadPoolExecutor.runWorker(ThreadPoolExecutor.java:1149)
	at java.util.concurrent.ThreadPoolExecutor$Worker.run(ThreadPoolExecutor.java:624)
	at java.lang.Thread.run(Thread.java:748)
Exception in thread "pool-5-thread-742" java.lang.NullPointerException
	at tourGuide.service.GpsUtilProxyServiceImpl.getUserLocation(GpsUtilProxyServiceImpl.java:24)
	at tourGuide.service.TourGuideService.trackUserLocation(TourGuideService.java:169)
	at tourGuide.service.TourGuideService.lambda$trackUserLocationList$1(TourGuideService.java:190)
	at java.util.concurrent.ThreadPoolExecutor.runWorker(ThreadPoolExecutor.java:1149)
	at java.util.concurrent.ThreadPoolExecutor$Worker.run(ThreadPoolExecutor.java:624)
	at java.lang.Thread.run(Thread.java:748)
Exception in thread "pool-5-thread-739" java.lang.NullPointerException
	at tourGuide.service.GpsUtilProxyServiceImpl.getUserLocation(GpsUtilProxyServiceImpl.java:24)
	at tourGuide.service.TourGuideService.trackUserLocation(TourGuideService.java:169)
	at tourGuide.service.TourGuideService.lambda$trackUserLocationList$1(TourGuideService.java:190)
	at java.util.concurrent.ThreadPoolExecutor.runWorker(ThreadPoolExecutor.java:1149)
	at java.util.concurrent.ThreadPoolExecutor$Worker.run(ThreadPoolExecutor.java:624)
	at java.lang.Thread.run(Thread.java:748)
Exception in thread "pool-5-thread-737" java.lang.NullPointerException
	at tourGuide.service.GpsUtilProxyServiceImpl.getUserLocation(GpsUtilProxyServiceImpl.java:24)
	at tourGuide.service.TourGuideService.trackUserLocation(TourGuideService.java:169)
	at tourGuide.service.TourGuideService.lambda$trackUserLocationList$1(TourGuideService.java:190)
	at java.util.concurrent.ThreadPoolExecutor.runWorker(ThreadPoolExecutor.java:1149)
	at java.util.concurrent.ThreadPoolExecutor$Worker.run(ThreadPoolExecutor.java:624)
	at java.lang.Thread.run(Thread.java:748)
Exception in thread "pool-5-thread-736" java.lang.NullPointerException
	at tourGuide.service.GpsUtilProxyServiceImpl.getUserLocation(GpsUtilProxyServiceImpl.java:24)
	at tourGuide.service.TourGuideService.trackUserLocation(TourGuideService.java:169)
	at tourGuide.service.TourGuideService.lambda$trackUserLocationList$1(TourGuideService.java:190)
	at java.util.concurrent.ThreadPoolExecutor.runWorker(ThreadPoolExecutor.java:1149)
	at java.util.concurrent.ThreadPoolExecutor$Worker.run(ThreadPoolExecutor.java:624)
	at java.lang.Thread.run(Thread.java:748)
Exception in thread "pool-5-thread-735" java.lang.NullPointerException
	at tourGuide.service.GpsUtilProxyServiceImpl.getUserLocation(GpsUtilProxyServiceImpl.java:24)
	at tourGuide.service.TourGuideService.trackUserLocation(TourGuideService.java:169)
	at tourGuide.service.TourGuideService.lambda$trackUserLocationList$1(TourGuideService.java:190)
	at java.util.concurrent.ThreadPoolExecutor.runWorker(ThreadPoolExecutor.java:1149)
	at java.util.concurrent.ThreadPoolExecutor$Worker.run(ThreadPoolExecutor.java:624)
	at java.lang.Thread.run(Thread.java:748)
Exception in thread "pool-5-thread-734" java.lang.NullPointerException
	at tourGuide.service.GpsUtilProxyServiceImpl.getUserLocation(GpsUtilProxyServiceImpl.java:24)
	at tourGuide.service.TourGuideService.trackUserLocation(TourGuideService.java:169)
	at tourGuide.service.TourGuideService.lambda$trackUserLocationList$1(TourGuideService.java:190)
	at java.util.concurrent.ThreadPoolExecutor.runWorker(ThreadPoolExecutor.java:1149)
	at java.util.concurrent.ThreadPoolExecutor$Worker.run(ThreadPoolExecutor.java:624)
	at java.lang.Thread.run(Thread.java:748)
Exception in thread "pool-5-thread-733" java.lang.NullPointerException
	at tourGuide.service.GpsUtilProxyServiceImpl.getUserLocation(GpsUtilProxyServiceImpl.java:24)
	at tourGuide.service.TourGuideService.trackUserLocation(TourGuideService.java:169)
	at tourGuide.service.TourGuideService.lambda$trackUserLocationList$1(TourGuideService.java:190)
	at java.util.concurrent.ThreadPoolExecutor.runWorker(ThreadPoolExecutor.java:1149)
	at java.util.concurrent.ThreadPoolExecutor$Worker.run(ThreadPoolExecutor.java:624)
	at java.lang.Thread.run(Thread.java:748)
Exception in thread "pool-5-thread-738" java.lang.NullPointerException
	at tourGuide.service.GpsUtilProxyServiceImpl.getUserLocation(GpsUtilProxyServiceImpl.java:24)
	at tourGuide.service.TourGuideService.trackUserLocation(TourGuideService.java:169)
	at tourGuide.service.TourGuideService.lambda$trackUserLocationList$1(TourGuideService.java:190)
	at java.util.concurrent.ThreadPoolExecutor.runWorker(ThreadPoolExecutor.java:1149)
	at java.util.concurrent.ThreadPoolExecutor$Worker.run(ThreadPoolExecutor.java:624)
	at java.lang.Thread.run(Thread.java:748)
Exception in thread "pool-5-thread-732" java.lang.NullPointerException
	at tourGuide.service.GpsUtilProxyServiceImpl.getUserLocation(GpsUtilProxyServiceImpl.java:24)
	at tourGuide.service.TourGuideService.trackUserLocation(TourGuideService.java:169)
	at tourGuide.service.TourGuideService.lambda$trackUserLocationList$1(TourGuideService.java:190)
	at java.util.concurrent.ThreadPoolExecutor.runWorker(ThreadPoolExecutor.java:1149)
	at java.util.concurrent.ThreadPoolExecutor$Worker.run(ThreadPoolExecutor.java:624)
	at java.lang.Thread.run(Thread.java:748)
Exception in thread "pool-5-thread-731" java.lang.NullPointerException
	at tourGuide.service.GpsUtilProxyServiceImpl.getUserLocation(GpsUtilProxyServiceImpl.java:24)
	at tourGuide.service.TourGuideService.trackUserLocation(TourGuideService.java:169)
	at tourGuide.service.TourGuideService.lambda$trackUserLocationList$1(TourGuideService.java:190)
	at java.util.concurrent.ThreadPoolExecutor.runWorker(ThreadPoolExecutor.java:1149)
	at java.util.concurrent.ThreadPoolExecutor$Worker.run(ThreadPoolExecutor.java:624)
	at java.lang.Thread.run(Thread.java:748)
Exception in thread "pool-5-thread-730" java.lang.NullPointerException
	at tourGuide.service.GpsUtilProxyServiceImpl.getUserLocation(GpsUtilProxyServiceImpl.java:24)
	at tourGuide.service.TourGuideService.trackUserLocation(TourGuideService.java:169)
	at tourGuide.service.TourGuideService.lambda$trackUserLocationList$1(TourGuideService.java:190)
	at java.util.concurrent.ThreadPoolExecutor.runWorker(ThreadPoolExecutor.java:1149)
	at java.util.concurrent.ThreadPoolExecutor$Worker.run(ThreadPoolExecutor.java:624)
	at java.lang.Thread.run(Thread.java:748)
Exception in thread "pool-5-thread-729" java.lang.NullPointerException
	at tourGuide.service.GpsUtilProxyServiceImpl.getUserLocation(GpsUtilProxyServiceImpl.java:24)
	at tourGuide.service.TourGuideService.trackUserLocation(TourGuideService.java:169)
	at tourGuide.service.TourGuideService.lambda$trackUserLocationList$1(TourGuideService.java:190)
	at java.util.concurrent.ThreadPoolExecutor.runWorker(ThreadPoolExecutor.java:1149)
	at java.util.concurrent.ThreadPoolExecutor$Worker.run(ThreadPoolExecutor.java:624)
	at java.lang.Thread.run(Thread.java:748)
Exception in thread "pool-5-thread-728" java.lang.NullPointerException
	at tourGuide.service.GpsUtilProxyServiceImpl.getUserLocation(GpsUtilProxyServiceImpl.java:24)
	at tourGuide.service.TourGuideService.trackUserLocation(TourGuideService.java:169)
	at tourGuide.service.TourGuideService.lambda$trackUserLocationList$1(TourGuideService.java:190)
	at java.util.concurrent.ThreadPoolExecutor.runWorker(ThreadPoolExecutor.java:1149)
	at java.util.concurrent.ThreadPoolExecutor$Worker.run(ThreadPoolExecutor.java:624)
	at java.lang.Thread.run(Thread.java:748)
Exception in thread "pool-5-thread-727" java.lang.NullPointerException
	at tourGuide.service.GpsUtilProxyServiceImpl.getUserLocation(GpsUtilProxyServiceImpl.java:24)
	at tourGuide.service.TourGuideService.trackUserLocation(TourGuideService.java:169)
	at tourGuide.service.TourGuideService.lambda$trackUserLocationList$1(TourGuideService.java:190)
	at java.util.concurrent.ThreadPoolExecutor.runWorker(ThreadPoolExecutor.java:1149)
	at java.util.concurrent.ThreadPoolExecutor$Worker.run(ThreadPoolExecutor.java:624)
	at java.lang.Thread.run(Thread.java:748)
Exception in thread "pool-5-thread-726" java.lang.NullPointerException
	at tourGuide.service.GpsUtilProxyServiceImpl.getUserLocation(GpsUtilProxyServiceImpl.java:24)
	at tourGuide.service.TourGuideService.trackUserLocation(TourGuideService.java:169)
	at tourGuide.service.TourGuideService.lambda$trackUserLocationList$1(TourGuideService.java:190)
	at java.util.concurrent.ThreadPoolExecutor.runWorker(ThreadPoolExecutor.java:1149)
	at java.util.concurrent.ThreadPoolExecutor$Worker.run(ThreadPoolExecutor.java:624)
	at java.lang.Thread.run(Thread.java:748)
Exception in thread "pool-5-thread-725" java.lang.NullPointerException
	at tourGuide.service.GpsUtilProxyServiceImpl.getUserLocation(GpsUtilProxyServiceImpl.java:24)
	at tourGuide.service.TourGuideService.trackUserLocation(TourGuideService.java:169)
	at tourGuide.service.TourGuideService.lambda$trackUserLocationList$1(TourGuideService.java:190)
	at java.util.concurrent.ThreadPoolExecutor.runWorker(ThreadPoolExecutor.java:1149)
	at java.util.concurrent.ThreadPoolExecutor$Worker.run(ThreadPoolExecutor.java:624)
	at java.lang.Thread.run(Thread.java:748)
Exception in thread "pool-5-thread-724" java.lang.NullPointerException
	at tourGuide.service.GpsUtilProxyServiceImpl.getUserLocation(GpsUtilProxyServiceImpl.java:24)
	at tourGuide.service.TourGuideService.trackUserLocation(TourGuideService.java:169)
	at tourGuide.service.TourGuideService.lambda$trackUserLocationList$1(TourGuideService.java:190)
	at java.util.concurrent.ThreadPoolExecutor.runWorker(ThreadPoolExecutor.java:1149)
	at java.util.concurrent.ThreadPoolExecutor$Worker.run(ThreadPoolExecutor.java:624)
	at java.lang.Thread.run(Thread.java:748)
Exception in thread "pool-5-thread-723" java.lang.NullPointerException
	at tourGuide.service.GpsUtilProxyServiceImpl.getUserLocation(GpsUtilProxyServiceImpl.java:24)
	at tourGuide.service.TourGuideService.trackUserLocation(TourGuideService.java:169)
	at tourGuide.service.TourGuideService.lambda$trackUserLocationList$1(TourGuideService.java:190)
	at java.util.concurrent.ThreadPoolExecutor.runWorker(ThreadPoolExecutor.java:1149)
	at java.util.concurrent.ThreadPoolExecutor$Worker.run(ThreadPoolExecutor.java:624)
	at java.lang.Thread.run(Thread.java:748)
Exception in thread "pool-5-thread-722" java.lang.NullPointerException
	at tourGuide.service.GpsUtilProxyServiceImpl.getUserLocation(GpsUtilProxyServiceImpl.java:24)
	at tourGuide.service.TourGuideService.trackUserLocation(TourGuideService.java:169)
	at tourGuide.service.TourGuideService.lambda$trackUserLocationList$1(TourGuideService.java:190)
	at java.util.concurrent.ThreadPoolExecutor.runWorker(ThreadPoolExecutor.java:1149)
	at java.util.concurrent.ThreadPoolExecutor$Worker.run(ThreadPoolExecutor.java:624)
	at java.lang.Thread.run(Thread.java:748)
Exception in thread "pool-5-thread-721" java.lang.NullPointerException
	at tourGuide.service.GpsUtilProxyServiceImpl.getUserLocation(GpsUtilProxyServiceImpl.java:24)
	at tourGuide.service.TourGuideService.trackUserLocation(TourGuideService.java:169)
	at tourGuide.service.TourGuideService.lambda$trackUserLocationList$1(TourGuideService.java:190)
	at java.util.concurrent.ThreadPoolExecutor.runWorker(ThreadPoolExecutor.java:1149)
	at java.util.concurrent.ThreadPoolExecutor$Worker.run(ThreadPoolExecutor.java:624)
	at java.lang.Thread.run(Thread.java:748)
Exception in thread "pool-5-thread-720" java.lang.NullPointerException
	at tourGuide.service.GpsUtilProxyServiceImpl.getUserLocation(GpsUtilProxyServiceImpl.java:24)
	at tourGuide.service.TourGuideService.trackUserLocation(TourGuideService.java:169)
	at tourGuide.service.TourGuideService.lambda$trackUserLocationList$1(TourGuideService.java:190)
	at java.util.concurrent.ThreadPoolExecutor.runWorker(ThreadPoolExecutor.java:1149)
	at java.util.concurrent.ThreadPoolExecutor$Worker.run(ThreadPoolExecutor.java:624)
	at java.lang.Thread.run(Thread.java:748)
Exception in thread "pool-5-thread-718" java.lang.NullPointerException
	at tourGuide.service.GpsUtilProxyServiceImpl.getUserLocation(GpsUtilProxyServiceImpl.java:24)
	at tourGuide.service.TourGuideService.trackUserLocation(TourGuideService.java:169)
	at tourGuide.service.TourGuideService.lambda$trackUserLocationList$1(TourGuideService.java:190)
	at java.util.concurrent.ThreadPoolExecutor.runWorker(ThreadPoolExecutor.java:1149)
	at java.util.concurrent.ThreadPoolExecutor$Worker.run(ThreadPoolExecutor.java:624)
	at java.lang.Thread.run(Thread.java:748)
Exception in thread "pool-5-thread-717" java.lang.NullPointerException
	at tourGuide.service.GpsUtilProxyServiceImpl.getUserLocation(GpsUtilProxyServiceImpl.java:24)
	at tourGuide.service.TourGuideService.trackUserLocation(TourGuideService.java:169)
	at tourGuide.service.TourGuideService.lambda$trackUserLocationList$1(TourGuideService.java:190)
	at java.util.concurrent.ThreadPoolExecutor.runWorker(ThreadPoolExecutor.java:1149)
	at java.util.concurrent.ThreadPoolExecutor$Worker.run(ThreadPoolExecutor.java:624)
	at java.lang.Thread.run(Thread.java:748)
Exception in thread "pool-5-thread-716" java.lang.NullPointerException
	at tourGuide.service.GpsUtilProxyServiceImpl.getUserLocation(GpsUtilProxyServiceImpl.java:24)
	at tourGuide.service.TourGuideService.trackUserLocation(TourGuideService.java:169)
	at tourGuide.service.TourGuideService.lambda$trackUserLocationList$1(TourGuideService.java:190)
	at java.util.concurrent.ThreadPoolExecutor.runWorker(ThreadPoolExecutor.java:1149)
	at java.util.concurrent.ThreadPoolExecutor$Worker.run(ThreadPoolExecutor.java:624)
	at java.lang.Thread.run(Thread.java:748)
Exception in thread "pool-5-thread-715" java.lang.NullPointerException
	at tourGuide.service.GpsUtilProxyServiceImpl.getUserLocation(GpsUtilProxyServiceImpl.java:24)
	at tourGuide.service.TourGuideService.trackUserLocation(TourGuideService.java:169)
	at tourGuide.service.TourGuideService.lambda$trackUserLocationList$1(TourGuideService.java:190)
	at java.util.concurrent.ThreadPoolExecutor.runWorker(ThreadPoolExecutor.java:1149)
	at java.util.concurrent.ThreadPoolExecutor$Worker.run(ThreadPoolExecutor.java:624)
	at java.lang.Thread.run(Thread.java:748)
Exception in thread "pool-5-thread-719" java.lang.NullPointerException
	at tourGuide.service.GpsUtilProxyServiceImpl.getUserLocation(GpsUtilProxyServiceImpl.java:24)
	at tourGuide.service.TourGuideService.trackUserLocation(TourGuideService.java:169)
	at tourGuide.service.TourGuideService.lambda$trackUserLocationList$1(TourGuideService.java:190)
	at java.util.concurrent.ThreadPoolExecutor.runWorker(ThreadPoolExecutor.java:1149)
	at java.util.concurrent.ThreadPoolExecutor$Worker.run(ThreadPoolExecutor.java:624)
	at java.lang.Thread.run(Thread.java:748)
Exception in thread "pool-5-thread-713" java.lang.NullPointerException
	at tourGuide.service.GpsUtilProxyServiceImpl.getUserLocation(GpsUtilProxyServiceImpl.java:24)
	at tourGuide.service.TourGuideService.trackUserLocation(TourGuideService.java:169)
	at tourGuide.service.TourGuideService.lambda$trackUserLocationList$1(TourGuideService.java:190)
	at java.util.concurrent.ThreadPoolExecutor.runWorker(ThreadPoolExecutor.java:1149)
	at java.util.concurrent.ThreadPoolExecutor$Worker.run(ThreadPoolExecutor.java:624)
	at java.lang.Thread.run(Thread.java:748)
Exception in thread "pool-5-thread-714" java.lang.NullPointerException
	at tourGuide.service.GpsUtilProxyServiceImpl.getUserLocation(GpsUtilProxyServiceImpl.java:24)
	at tourGuide.service.TourGuideService.trackUserLocation(TourGuideService.java:169)
	at tourGuide.service.TourGuideService.lambda$trackUserLocationList$1(TourGuideService.java:190)
	at java.util.concurrent.ThreadPoolExecutor.runWorker(ThreadPoolExecutor.java:1149)
	at java.util.concurrent.ThreadPoolExecutor$Worker.run(ThreadPoolExecutor.java:624)
	at java.lang.Thread.run(Thread.java:748)
Exception in thread "pool-5-thread-712" java.lang.NullPointerException
	at tourGuide.service.GpsUtilProxyServiceImpl.getUserLocation(GpsUtilProxyServiceImpl.java:24)
	at tourGuide.service.TourGuideService.trackUserLocation(TourGuideService.java:169)
	at tourGuide.service.TourGuideService.lambda$trackUserLocationList$1(TourGuideService.java:190)
	at java.util.concurrent.ThreadPoolExecutor.runWorker(ThreadPoolExecutor.java:1149)
	at java.util.concurrent.ThreadPoolExecutor$Worker.run(ThreadPoolExecutor.java:624)
	at java.lang.Thread.run(Thread.java:748)
Exception in thread "pool-5-thread-711" java.lang.NullPointerException
	at tourGuide.service.GpsUtilProxyServiceImpl.getUserLocation(GpsUtilProxyServiceImpl.java:24)
	at tourGuide.service.TourGuideService.trackUserLocation(TourGuideService.java:169)
	at tourGuide.service.TourGuideService.lambda$trackUserLocationList$1(TourGuideService.java:190)
	at java.util.concurrent.ThreadPoolExecutor.runWorker(ThreadPoolExecutor.java:1149)
	at java.util.concurrent.ThreadPoolExecutor$Worker.run(ThreadPoolExecutor.java:624)
	at java.lang.Thread.run(Thread.java:748)
Exception in thread "pool-5-thread-710" java.lang.NullPointerException
	at tourGuide.service.GpsUtilProxyServiceImpl.getUserLocation(GpsUtilProxyServiceImpl.java:24)
	at tourGuide.service.TourGuideService.trackUserLocation(TourGuideService.java:169)
	at tourGuide.service.TourGuideService.lambda$trackUserLocationList$1(TourGuideService.java:190)
	at java.util.concurrent.ThreadPoolExecutor.runWorker(ThreadPoolExecutor.java:1149)
	at java.util.concurrent.ThreadPoolExecutor$Worker.run(ThreadPoolExecutor.java:624)
	at java.lang.Thread.run(Thread.java:748)
Exception in thread "pool-5-thread-708" java.lang.NullPointerException
	at tourGuide.service.GpsUtilProxyServiceImpl.getUserLocation(GpsUtilProxyServiceImpl.java:24)
	at tourGuide.service.TourGuideService.trackUserLocation(TourGuideService.java:169)
	at tourGuide.service.TourGuideService.lambda$trackUserLocationList$1(TourGuideService.java:190)
	at java.util.concurrent.ThreadPoolExecutor.runWorker(ThreadPoolExecutor.java:1149)
	at java.util.concurrent.ThreadPoolExecutor$Worker.run(ThreadPoolExecutor.java:624)
	at java.lang.Thread.run(Thread.java:748)
Exception in thread "pool-5-thread-709" java.lang.NullPointerException
	at tourGuide.service.GpsUtilProxyServiceImpl.getUserLocation(GpsUtilProxyServiceImpl.java:24)
	at tourGuide.service.TourGuideService.trackUserLocation(TourGuideService.java:169)
	at tourGuide.service.TourGuideService.lambda$trackUserLocationList$1(TourGuideService.java:190)
	at java.util.concurrent.ThreadPoolExecutor.runWorker(ThreadPoolExecutor.java:1149)
	at java.util.concurrent.ThreadPoolExecutor$Worker.run(ThreadPoolExecutor.java:624)
	at java.lang.Thread.run(Thread.java:748)
Exception in thread "pool-5-thread-707" java.lang.NullPointerException
	at tourGuide.service.GpsUtilProxyServiceImpl.getUserLocation(GpsUtilProxyServiceImpl.java:24)
	at tourGuide.service.TourGuideService.trackUserLocation(TourGuideService.java:169)
	at tourGuide.service.TourGuideService.lambda$trackUserLocationList$1(TourGuideService.java:190)
	at java.util.concurrent.ThreadPoolExecutor.runWorker(ThreadPoolExecutor.java:1149)
	at java.util.concurrent.ThreadPoolExecutor$Worker.run(ThreadPoolExecutor.java:624)
	at java.lang.Thread.run(Thread.java:748)
Exception in thread "pool-5-thread-705" java.lang.NullPointerException
	at tourGuide.service.GpsUtilProxyServiceImpl.getUserLocation(GpsUtilProxyServiceImpl.java:24)
	at tourGuide.service.TourGuideService.trackUserLocation(TourGuideService.java:169)
	at tourGuide.service.TourGuideService.lambda$trackUserLocationList$1(TourGuideService.java:190)
	at java.util.concurrent.ThreadPoolExecutor.runWorker(ThreadPoolExecutor.java:1149)
	at java.util.concurrent.ThreadPoolExecutor$Worker.run(ThreadPoolExecutor.java:624)
	at java.lang.Thread.run(Thread.java:748)
Exception in thread "pool-5-thread-704" java.lang.NullPointerException
	at tourGuide.service.GpsUtilProxyServiceImpl.getUserLocation(GpsUtilProxyServiceImpl.java:24)
	at tourGuide.service.TourGuideService.trackUserLocation(TourGuideService.java:169)
	at tourGuide.service.TourGuideService.lambda$trackUserLocationList$1(TourGuideService.java:190)
	at java.util.concurrent.ThreadPoolExecutor.runWorker(ThreadPoolExecutor.java:1149)
	at java.util.concurrent.ThreadPoolExecutor$Worker.run(ThreadPoolExecutor.java:624)
	at java.lang.Thread.run(Thread.java:748)
Exception in thread "pool-5-thread-706" java.lang.NullPointerException
	at tourGuide.service.GpsUtilProxyServiceImpl.getUserLocation(GpsUtilProxyServiceImpl.java:24)
	at tourGuide.service.TourGuideService.trackUserLocation(TourGuideService.java:169)
	at tourGuide.service.TourGuideService.lambda$trackUserLocationList$1(TourGuideService.java:190)
	at java.util.concurrent.ThreadPoolExecutor.runWorker(ThreadPoolExecutor.java:1149)
	at java.util.concurrent.ThreadPoolExecutor$Worker.run(ThreadPoolExecutor.java:624)
	at java.lang.Thread.run(Thread.java:748)
Exception in thread "pool-5-thread-702" java.lang.NullPointerException
	at tourGuide.service.GpsUtilProxyServiceImpl.getUserLocation(GpsUtilProxyServiceImpl.java:24)
	at tourGuide.service.TourGuideService.trackUserLocation(TourGuideService.java:169)
	at tourGuide.service.TourGuideService.lambda$trackUserLocationList$1(TourGuideService.java:190)
	at java.util.concurrent.ThreadPoolExecutor.runWorker(ThreadPoolExecutor.java:1149)
	at java.util.concurrent.ThreadPoolExecutor$Worker.run(ThreadPoolExecutor.java:624)
	at java.lang.Thread.run(Thread.java:748)
Exception in thread "pool-5-thread-703" java.lang.NullPointerException
	at tourGuide.service.GpsUtilProxyServiceImpl.getUserLocation(GpsUtilProxyServiceImpl.java:24)
	at tourGuide.service.TourGuideService.trackUserLocation(TourGuideService.java:169)
	at tourGuide.service.TourGuideService.lambda$trackUserLocationList$1(TourGuideService.java:190)
	at java.util.concurrent.ThreadPoolExecutor.runWorker(ThreadPoolExecutor.java:1149)
	at java.util.concurrent.ThreadPoolExecutor$Worker.run(ThreadPoolExecutor.java:624)
	at java.lang.Thread.run(Thread.java:748)
Exception in thread "pool-5-thread-701" java.lang.NullPointerException
	at tourGuide.service.GpsUtilProxyServiceImpl.getUserLocation(GpsUtilProxyServiceImpl.java:24)
	at tourGuide.service.TourGuideService.trackUserLocation(TourGuideService.java:169)
	at tourGuide.service.TourGuideService.lambda$trackUserLocationList$1(TourGuideService.java:190)
	at java.util.concurrent.ThreadPoolExecutor.runWorker(ThreadPoolExecutor.java:1149)
	at java.util.concurrent.ThreadPoolExecutor$Worker.run(ThreadPoolExecutor.java:624)
	at java.lang.Thread.run(Thread.java:748)
Exception in thread "pool-5-thread-699" java.lang.NullPointerException
	at tourGuide.service.GpsUtilProxyServiceImpl.getUserLocation(GpsUtilProxyServiceImpl.java:24)
	at tourGuide.service.TourGuideService.trackUserLocation(TourGuideService.java:169)
	at tourGuide.service.TourGuideService.lambda$trackUserLocationList$1(TourGuideService.java:190)
	at java.util.concurrent.ThreadPoolExecutor.runWorker(ThreadPoolExecutor.java:1149)
	at java.util.concurrent.ThreadPoolExecutor$Worker.run(ThreadPoolExecutor.java:624)
	at java.lang.Thread.run(Thread.java:748)
Exception in thread "pool-5-thread-698" java.lang.NullPointerException
	at tourGuide.service.GpsUtilProxyServiceImpl.getUserLocation(GpsUtilProxyServiceImpl.java:24)
	at tourGuide.service.TourGuideService.trackUserLocation(TourGuideService.java:169)
	at tourGuide.service.TourGuideService.lambda$trackUserLocationList$1(TourGuideService.java:190)
	at java.util.concurrent.ThreadPoolExecutor.runWorker(ThreadPoolExecutor.java:1149)
	at java.util.concurrent.ThreadPoolExecutor$Worker.run(ThreadPoolExecutor.java:624)
	at java.lang.Thread.run(Thread.java:748)
Exception in thread "pool-5-thread-700" java.lang.NullPointerException
	at tourGuide.service.GpsUtilProxyServiceImpl.getUserLocation(GpsUtilProxyServiceImpl.java:24)
	at tourGuide.service.TourGuideService.trackUserLocation(TourGuideService.java:169)
	at tourGuide.service.TourGuideService.lambda$trackUserLocationList$1(TourGuideService.java:190)
	at java.util.concurrent.ThreadPoolExecutor.runWorker(ThreadPoolExecutor.java:1149)
	at java.util.concurrent.ThreadPoolExecutor$Worker.run(ThreadPoolExecutor.java:624)
	at java.lang.Thread.run(Thread.java:748)
Exception in thread "pool-5-thread-697" java.lang.NullPointerException
	at tourGuide.service.GpsUtilProxyServiceImpl.getUserLocation(GpsUtilProxyServiceImpl.java:24)
	at tourGuide.service.TourGuideService.trackUserLocation(TourGuideService.java:169)
	at tourGuide.service.TourGuideService.lambda$trackUserLocationList$1(TourGuideService.java:190)
	at java.util.concurrent.ThreadPoolExecutor.runWorker(ThreadPoolExecutor.java:1149)
	at java.util.concurrent.ThreadPoolExecutor$Worker.run(ThreadPoolExecutor.java:624)
	at java.lang.Thread.run(Thread.java:748)
Exception in thread "pool-5-thread-696" java.lang.NullPointerException
	at tourGuide.service.GpsUtilProxyServiceImpl.getUserLocation(GpsUtilProxyServiceImpl.java:24)
	at tourGuide.service.TourGuideService.trackUserLocation(TourGuideService.java:169)
	at tourGuide.service.TourGuideService.lambda$trackUserLocationList$1(TourGuideService.java:190)
	at java.util.concurrent.ThreadPoolExecutor.runWorker(ThreadPoolExecutor.java:1149)
	at java.util.concurrent.ThreadPoolExecutor$Worker.run(ThreadPoolExecutor.java:624)
	at java.lang.Thread.run(Thread.java:748)
Exception in thread "pool-5-thread-695" java.lang.NullPointerException
	at tourGuide.service.GpsUtilProxyServiceImpl.getUserLocation(GpsUtilProxyServiceImpl.java:24)
	at tourGuide.service.TourGuideService.trackUserLocation(TourGuideService.java:169)
	at tourGuide.service.TourGuideService.lambda$trackUserLocationList$1(TourGuideService.java:190)
	at java.util.concurrent.ThreadPoolExecutor.runWorker(ThreadPoolExecutor.java:1149)
	at java.util.concurrent.ThreadPoolExecutor$Worker.run(ThreadPoolExecutor.java:624)
	at java.lang.Thread.run(Thread.java:748)
Exception in thread "pool-5-thread-694" java.lang.NullPointerException
	at tourGuide.service.GpsUtilProxyServiceImpl.getUserLocation(GpsUtilProxyServiceImpl.java:24)
	at tourGuide.service.TourGuideService.trackUserLocation(TourGuideService.java:169)
	at tourGuide.service.TourGuideService.lambda$trackUserLocationList$1(TourGuideService.java:190)
	at java.util.concurrent.ThreadPoolExecutor.runWorker(ThreadPoolExecutor.java:1149)
	at java.util.concurrent.ThreadPoolExecutor$Worker.run(ThreadPoolExecutor.java:624)
	at java.lang.Thread.run(Thread.java:748)
Exception in thread "pool-5-thread-692" java.lang.NullPointerException
	at tourGuide.service.GpsUtilProxyServiceImpl.getUserLocation(GpsUtilProxyServiceImpl.java:24)
	at tourGuide.service.TourGuideService.trackUserLocation(TourGuideService.java:169)
	at tourGuide.service.TourGuideService.lambda$trackUserLocationList$1(TourGuideService.java:190)
	at java.util.concurrent.ThreadPoolExecutor.runWorker(ThreadPoolExecutor.java:1149)
	at java.util.concurrent.ThreadPoolExecutor$Worker.run(ThreadPoolExecutor.java:624)
	at java.lang.Thread.run(Thread.java:748)
Exception in thread "pool-5-thread-691" java.lang.NullPointerException
	at tourGuide.service.GpsUtilProxyServiceImpl.getUserLocation(GpsUtilProxyServiceImpl.java:24)
	at tourGuide.service.TourGuideService.trackUserLocation(TourGuideService.java:169)
	at tourGuide.service.TourGuideService.lambda$trackUserLocationList$1(TourGuideService.java:190)
	at java.util.concurrent.ThreadPoolExecutor.runWorker(ThreadPoolExecutor.java:1149)
	at java.util.concurrent.ThreadPoolExecutor$Worker.run(ThreadPoolExecutor.java:624)
	at java.lang.Thread.run(Thread.java:748)
Exception in thread "pool-5-thread-693" java.lang.NullPointerException
	at tourGuide.service.GpsUtilProxyServiceImpl.getUserLocation(GpsUtilProxyServiceImpl.java:24)
	at tourGuide.service.TourGuideService.trackUserLocation(TourGuideService.java:169)
	at tourGuide.service.TourGuideService.lambda$trackUserLocationList$1(TourGuideService.java:190)
	at java.util.concurrent.ThreadPoolExecutor.runWorker(ThreadPoolExecutor.java:1149)
	at java.util.concurrent.ThreadPoolExecutor$Worker.run(ThreadPoolExecutor.java:624)
	at java.lang.Thread.run(Thread.java:748)
Exception in thread "pool-5-thread-690" java.lang.NullPointerException
	at tourGuide.service.GpsUtilProxyServiceImpl.getUserLocation(GpsUtilProxyServiceImpl.java:24)
	at tourGuide.service.TourGuideService.trackUserLocation(TourGuideService.java:169)
	at tourGuide.service.TourGuideService.lambda$trackUserLocationList$1(TourGuideService.java:190)
	at java.util.concurrent.ThreadPoolExecutor.runWorker(ThreadPoolExecutor.java:1149)
	at java.util.concurrent.ThreadPoolExecutor$Worker.run(ThreadPoolExecutor.java:624)
	at java.lang.Thread.run(Thread.java:748)
Exception in thread "pool-5-thread-689" java.lang.NullPointerException
	at tourGuide.service.GpsUtilProxyServiceImpl.getUserLocation(GpsUtilProxyServiceImpl.java:24)
	at tourGuide.service.TourGuideService.trackUserLocation(TourGuideService.java:169)
	at tourGuide.service.TourGuideService.lambda$trackUserLocationList$1(TourGuideService.java:190)
	at java.util.concurrent.ThreadPoolExecutor.runWorker(ThreadPoolExecutor.java:1149)
	at java.util.concurrent.ThreadPoolExecutor$Worker.run(ThreadPoolExecutor.java:624)
	at java.lang.Thread.run(Thread.java:748)
Exception in thread "pool-5-thread-688" java.lang.NullPointerException
	at tourGuide.service.GpsUtilProxyServiceImpl.getUserLocation(GpsUtilProxyServiceImpl.java:24)
	at tourGuide.service.TourGuideService.trackUserLocation(TourGuideService.java:169)
	at tourGuide.service.TourGuideService.lambda$trackUserLocationList$1(TourGuideService.java:190)
	at java.util.concurrent.ThreadPoolExecutor.runWorker(ThreadPoolExecutor.java:1149)
	at java.util.concurrent.ThreadPoolExecutor$Worker.run(ThreadPoolExecutor.java:624)
	at java.lang.Thread.run(Thread.java:748)
Exception in thread "pool-5-thread-687" java.lang.NullPointerException
	at tourGuide.service.GpsUtilProxyServiceImpl.getUserLocation(GpsUtilProxyServiceImpl.java:24)
	at tourGuide.service.TourGuideService.trackUserLocation(TourGuideService.java:169)
	at tourGuide.service.TourGuideService.lambda$trackUserLocationList$1(TourGuideService.java:190)
	at java.util.concurrent.ThreadPoolExecutor.runWorker(ThreadPoolExecutor.java:1149)
	at java.util.concurrent.ThreadPoolExecutor$Worker.run(ThreadPoolExecutor.java:624)
	at java.lang.Thread.run(Thread.java:748)
Exception in thread "pool-5-thread-686" java.lang.NullPointerException
	at tourGuide.service.GpsUtilProxyServiceImpl.getUserLocation(GpsUtilProxyServiceImpl.java:24)
	at tourGuide.service.TourGuideService.trackUserLocation(TourGuideService.java:169)
	at tourGuide.service.TourGuideService.lambda$trackUserLocationList$1(TourGuideService.java:190)
	at java.util.concurrent.ThreadPoolExecutor.runWorker(ThreadPoolExecutor.java:1149)
	at java.util.concurrent.ThreadPoolExecutor$Worker.run(ThreadPoolExecutor.java:624)
	at java.lang.Thread.run(Thread.java:748)
Exception in thread "pool-5-thread-684" java.lang.NullPointerException
	at tourGuide.service.GpsUtilProxyServiceImpl.getUserLocation(GpsUtilProxyServiceImpl.java:24)
	at tourGuide.service.TourGuideService.trackUserLocation(TourGuideService.java:169)
	at tourGuide.service.TourGuideService.lambda$trackUserLocationList$1(TourGuideService.java:190)
	at java.util.concurrent.ThreadPoolExecutor.runWorker(ThreadPoolExecutor.java:1149)
	at java.util.concurrent.ThreadPoolExecutor$Worker.run(ThreadPoolExecutor.java:624)
	at java.lang.Thread.run(Thread.java:748)
Exception in thread "pool-5-thread-685" java.lang.NullPointerException
	at tourGuide.service.GpsUtilProxyServiceImpl.getUserLocation(GpsUtilProxyServiceImpl.java:24)
	at tourGuide.service.TourGuideService.trackUserLocation(TourGuideService.java:169)
	at tourGuide.service.TourGuideService.lambda$trackUserLocationList$1(TourGuideService.java:190)
	at java.util.concurrent.ThreadPoolExecutor.runWorker(ThreadPoolExecutor.java:1149)
	at java.util.concurrent.ThreadPoolExecutor$Worker.run(ThreadPoolExecutor.java:624)
	at java.lang.Thread.run(Thread.java:748)
Exception in thread "pool-5-thread-683" java.lang.NullPointerException
	at tourGuide.service.GpsUtilProxyServiceImpl.getUserLocation(GpsUtilProxyServiceImpl.java:24)
	at tourGuide.service.TourGuideService.trackUserLocation(TourGuideService.java:169)
	at tourGuide.service.TourGuideService.lambda$trackUserLocationList$1(TourGuideService.java:190)
	at java.util.concurrent.ThreadPoolExecutor.runWorker(ThreadPoolExecutor.java:1149)
	at java.util.concurrent.ThreadPoolExecutor$Worker.run(ThreadPoolExecutor.java:624)
	at java.lang.Thread.run(Thread.java:748)
Exception in thread "pool-5-thread-682" java.lang.NullPointerException
	at tourGuide.service.GpsUtilProxyServiceImpl.getUserLocation(GpsUtilProxyServiceImpl.java:24)
	at tourGuide.service.TourGuideService.trackUserLocation(TourGuideService.java:169)
	at tourGuide.service.TourGuideService.lambda$trackUserLocationList$1(TourGuideService.java:190)
	at java.util.concurrent.ThreadPoolExecutor.runWorker(ThreadPoolExecutor.java:1149)
	at java.util.concurrent.ThreadPoolExecutor$Worker.run(ThreadPoolExecutor.java:624)
	at java.lang.Thread.run(Thread.java:748)
Exception in thread "pool-5-thread-681" java.lang.NullPointerException
	at tourGuide.service.GpsUtilProxyServiceImpl.getUserLocation(GpsUtilProxyServiceImpl.java:24)
	at tourGuide.service.TourGuideService.trackUserLocation(TourGuideService.java:169)
	at tourGuide.service.TourGuideService.lambda$trackUserLocationList$1(TourGuideService.java:190)
	at java.util.concurrent.ThreadPoolExecutor.runWorker(ThreadPoolExecutor.java:1149)
	at java.util.concurrent.ThreadPoolExecutor$Worker.run(ThreadPoolExecutor.java:624)
	at java.lang.Thread.run(Thread.java:748)
Exception in thread "pool-5-thread-680" java.lang.NullPointerException
	at tourGuide.service.GpsUtilProxyServiceImpl.getUserLocation(GpsUtilProxyServiceImpl.java:24)
	at tourGuide.service.TourGuideService.trackUserLocation(TourGuideService.java:169)
	at tourGuide.service.TourGuideService.lambda$trackUserLocationList$1(TourGuideService.java:190)
	at java.util.concurrent.ThreadPoolExecutor.runWorker(ThreadPoolExecutor.java:1149)
	at java.util.concurrent.ThreadPoolExecutor$Worker.run(ThreadPoolExecutor.java:624)
	at java.lang.Thread.run(Thread.java:748)
Exception in thread "pool-5-thread-679" java.lang.NullPointerException
	at tourGuide.service.GpsUtilProxyServiceImpl.getUserLocation(GpsUtilProxyServiceImpl.java:24)
	at tourGuide.service.TourGuideService.trackUserLocation(TourGuideService.java:169)
	at tourGuide.service.TourGuideService.lambda$trackUserLocationList$1(TourGuideService.java:190)
	at java.util.concurrent.ThreadPoolExecutor.runWorker(ThreadPoolExecutor.java:1149)
	at java.util.concurrent.ThreadPoolExecutor$Worker.run(ThreadPoolExecutor.java:624)
	at java.lang.Thread.run(Thread.java:748)
Exception in thread "pool-5-thread-678" java.lang.NullPointerException
	at tourGuide.service.GpsUtilProxyServiceImpl.getUserLocation(GpsUtilProxyServiceImpl.java:24)
	at tourGuide.service.TourGuideService.trackUserLocation(TourGuideService.java:169)
	at tourGuide.service.TourGuideService.lambda$trackUserLocationList$1(TourGuideService.java:190)
	at java.util.concurrent.ThreadPoolExecutor.runWorker(ThreadPoolExecutor.java:1149)
	at java.util.concurrent.ThreadPoolExecutor$Worker.run(ThreadPoolExecutor.java:624)
	at java.lang.Thread.run(Thread.java:748)
Exception in thread "pool-5-thread-676" java.lang.NullPointerException
	at tourGuide.service.GpsUtilProxyServiceImpl.getUserLocation(GpsUtilProxyServiceImpl.java:24)
	at tourGuide.service.TourGuideService.trackUserLocation(TourGuideService.java:169)
	at tourGuide.service.TourGuideService.lambda$trackUserLocationList$1(TourGuideService.java:190)
	at java.util.concurrent.ThreadPoolExecutor.runWorker(ThreadPoolExecutor.java:1149)
	at java.util.concurrent.ThreadPoolExecutor$Worker.run(ThreadPoolExecutor.java:624)
	at java.lang.Thread.run(Thread.java:748)
Exception in thread "pool-5-thread-675" java.lang.NullPointerException
	at tourGuide.service.GpsUtilProxyServiceImpl.getUserLocation(GpsUtilProxyServiceImpl.java:24)
	at tourGuide.service.TourGuideService.trackUserLocation(TourGuideService.java:169)
	at tourGuide.service.TourGuideService.lambda$trackUserLocationList$1(TourGuideService.java:190)
	at java.util.concurrent.ThreadPoolExecutor.runWorker(ThreadPoolExecutor.java:1149)
	at java.util.concurrent.ThreadPoolExecutor$Worker.run(ThreadPoolExecutor.java:624)
	at java.lang.Thread.run(Thread.java:748)
Exception in thread "pool-5-thread-677" java.lang.NullPointerException
	at tourGuide.service.GpsUtilProxyServiceImpl.getUserLocation(GpsUtilProxyServiceImpl.java:24)
	at tourGuide.service.TourGuideService.trackUserLocation(TourGuideService.java:169)
	at tourGuide.service.TourGuideService.lambda$trackUserLocationList$1(TourGuideService.java:190)
	at java.util.concurrent.ThreadPoolExecutor.runWorker(ThreadPoolExecutor.java:1149)
	at java.util.concurrent.ThreadPoolExecutor$Worker.run(ThreadPoolExecutor.java:624)
	at java.lang.Thread.run(Thread.java:748)
Exception in thread "pool-5-thread-674" java.lang.NullPointerException
	at tourGuide.service.GpsUtilProxyServiceImpl.getUserLocation(GpsUtilProxyServiceImpl.java:24)
	at tourGuide.service.TourGuideService.trackUserLocation(TourGuideService.java:169)
	at tourGuide.service.TourGuideService.lambda$trackUserLocationList$1(TourGuideService.java:190)
	at java.util.concurrent.ThreadPoolExecutor.runWorker(ThreadPoolExecutor.java:1149)
	at java.util.concurrent.ThreadPoolExecutor$Worker.run(ThreadPoolExecutor.java:624)
	at java.lang.Thread.run(Thread.java:748)
Exception in thread "pool-5-thread-673" java.lang.NullPointerException
	at tourGuide.service.GpsUtilProxyServiceImpl.getUserLocation(GpsUtilProxyServiceImpl.java:24)
	at tourGuide.service.TourGuideService.trackUserLocation(TourGuideService.java:169)
	at tourGuide.service.TourGuideService.lambda$trackUserLocationList$1(TourGuideService.java:190)
	at java.util.concurrent.ThreadPoolExecutor.runWorker(ThreadPoolExecutor.java:1149)
	at java.util.concurrent.ThreadPoolExecutor$Worker.run(ThreadPoolExecutor.java:624)
	at java.lang.Thread.run(Thread.java:748)
Exception in thread "pool-5-thread-672" java.lang.NullPointerException
	at tourGuide.service.GpsUtilProxyServiceImpl.getUserLocation(GpsUtilProxyServiceImpl.java:24)
	at tourGuide.service.TourGuideService.trackUserLocation(TourGuideService.java:169)
	at tourGuide.service.TourGuideService.lambda$trackUserLocationList$1(TourGuideService.java:190)
	at java.util.concurrent.ThreadPoolExecutor.runWorker(ThreadPoolExecutor.java:1149)
	at java.util.concurrent.ThreadPoolExecutor$Worker.run(ThreadPoolExecutor.java:624)
	at java.lang.Thread.run(Thread.java:748)
Exception in thread "pool-5-thread-671" java.lang.NullPointerException
	at tourGuide.service.GpsUtilProxyServiceImpl.getUserLocation(GpsUtilProxyServiceImpl.java:24)
	at tourGuide.service.TourGuideService.trackUserLocation(TourGuideService.java:169)
	at tourGuide.service.TourGuideService.lambda$trackUserLocationList$1(TourGuideService.java:190)
	at java.util.concurrent.ThreadPoolExecutor.runWorker(ThreadPoolExecutor.java:1149)
	at java.util.concurrent.ThreadPoolExecutor$Worker.run(ThreadPoolExecutor.java:624)
	at java.lang.Thread.run(Thread.java:748)
Exception in thread "pool-5-thread-670" java.lang.NullPointerException
	at tourGuide.service.GpsUtilProxyServiceImpl.getUserLocation(GpsUtilProxyServiceImpl.java:24)
	at tourGuide.service.TourGuideService.trackUserLocation(TourGuideService.java:169)
	at tourGuide.service.TourGuideService.lambda$trackUserLocationList$1(TourGuideService.java:190)
	at java.util.concurrent.ThreadPoolExecutor.runWorker(ThreadPoolExecutor.java:1149)
	at java.util.concurrent.ThreadPoolExecutor$Worker.run(ThreadPoolExecutor.java:624)
	at java.lang.Thread.run(Thread.java:748)
Exception in thread "pool-5-thread-583" java.lang.NullPointerException
	at tourGuide.service.GpsUtilProxyServiceImpl.getUserLocation(GpsUtilProxyServiceImpl.java:24)
	at tourGuide.service.TourGuideService.trackUserLocation(TourGuideService.java:169)
	at tourGuide.service.TourGuideService.lambda$trackUserLocationList$1(TourGuideService.java:190)
	at java.util.concurrent.ThreadPoolExecutor.runWorker(ThreadPoolExecutor.java:1149)
	at java.util.concurrent.ThreadPoolExecutor$Worker.run(ThreadPoolExecutor.java:624)
	at java.lang.Thread.run(Thread.java:748)
Exception in thread "pool-5-thread-1038" java.lang.NullPointerException
	at tourGuide.service.GpsUtilProxyServiceImpl.getUserLocation(GpsUtilProxyServiceImpl.java:24)
	at tourGuide.service.TourGuideService.trackUserLocation(TourGuideService.java:169)
	at tourGuide.service.TourGuideService.lambda$trackUserLocationList$1(TourGuideService.java:190)
	at java.util.concurrent.ThreadPoolExecutor.runWorker(ThreadPoolExecutor.java:1149)
	at java.util.concurrent.ThreadPoolExecutor$Worker.run(ThreadPoolExecutor.java:624)
	at java.lang.Thread.run(Thread.java:748)
Exception in thread "pool-5-thread-1278" java.lang.NullPointerException
	at tourGuide.service.GpsUtilProxyServiceImpl.getUserLocation(GpsUtilProxyServiceImpl.java:24)
	at tourGuide.service.TourGuideService.trackUserLocation(TourGuideService.java:169)
	at tourGuide.service.TourGuideService.lambda$trackUserLocationList$1(TourGuideService.java:190)
	at java.util.concurrent.ThreadPoolExecutor.runWorker(ThreadPoolExecutor.java:1149)
	at java.util.concurrent.ThreadPoolExecutor$Worker.run(ThreadPoolExecutor.java:624)
	at java.lang.Thread.run(Thread.java:748)
Exception in thread "pool-5-thread-1237" java.lang.NullPointerException
	at tourGuide.service.GpsUtilProxyServiceImpl.getUserLocation(GpsUtilProxyServiceImpl.java:24)
	at tourGuide.service.TourGuideService.trackUserLocation(TourGuideService.java:169)
	at tourGuide.service.TourGuideService.lambda$trackUserLocationList$1(TourGuideService.java:190)
	at java.util.concurrent.ThreadPoolExecutor.runWorker(ThreadPoolExecutor.java:1149)
	at java.util.concurrent.ThreadPoolExecutor$Worker.run(ThreadPoolExecutor.java:624)
	at java.lang.Thread.run(Thread.java:748)
Exception in thread "pool-5-thread-1124" java.lang.NullPointerException
	at tourGuide.service.GpsUtilProxyServiceImpl.getUserLocation(GpsUtilProxyServiceImpl.java:24)
	at tourGuide.service.TourGuideService.trackUserLocation(TourGuideService.java:169)
	at tourGuide.service.TourGuideService.lambda$trackUserLocationList$1(TourGuideService.java:190)
	at java.util.concurrent.ThreadPoolExecutor.runWorker(ThreadPoolExecutor.java:1149)
	at java.util.concurrent.ThreadPoolExecutor$Worker.run(ThreadPoolExecutor.java:624)
	at java.lang.Thread.run(Thread.java:748)
Exception in thread "pool-4-thread-841" java.lang.NullPointerException
	at tourGuide.service.GpsUtilProxyServiceImpl.getUserLocation(GpsUtilProxyServiceImpl.java:24)
	at tourGuide.service.TourGuideService.trackUserLocation(TourGuideService.java:169)
	at tourGuide.service.TourGuideService.lambda$trackUserLocationList$1(TourGuideService.java:190)
	at java.util.concurrent.ThreadPoolExecutor.runWorker(ThreadPoolExecutor.java:1149)
	at java.util.concurrent.ThreadPoolExecutor$Worker.run(ThreadPoolExecutor.java:624)
	at java.lang.Thread.run(Thread.java:748)
Exception in thread "pool-4-thread-843" java.lang.NullPointerException
	at tourGuide.service.GpsUtilProxyServiceImpl.getUserLocation(GpsUtilProxyServiceImpl.java:24)
	at tourGuide.service.TourGuideService.trackUserLocation(TourGuideService.java:169)
	at tourGuide.service.TourGuideService.lambda$trackUserLocationList$1(TourGuideService.java:190)
	at java.util.concurrent.ThreadPoolExecutor.runWorker(ThreadPoolExecutor.java:1149)
	at java.util.concurrent.ThreadPoolExecutor$Worker.run(ThreadPoolExecutor.java:624)
	at java.lang.Thread.run(Thread.java:748)
Exception in thread "pool-4-thread-844" java.lang.NullPointerException
	at tourGuide.service.GpsUtilProxyServiceImpl.getUserLocation(GpsUtilProxyServiceImpl.java:24)
	at tourGuide.service.TourGuideService.trackUserLocation(TourGuideService.java:169)
	at tourGuide.service.TourGuideService.lambda$trackUserLocationList$1(TourGuideService.java:190)
	at java.util.concurrent.ThreadPoolExecutor.runWorker(ThreadPoolExecutor.java:1149)
	at java.util.concurrent.ThreadPoolExecutor$Worker.run(ThreadPoolExecutor.java:624)
	at java.lang.Thread.run(Thread.java:748)
Exception in thread "pool-4-thread-846" java.lang.NullPointerException
	at tourGuide.service.GpsUtilProxyServiceImpl.getUserLocation(GpsUtilProxyServiceImpl.java:24)
	at tourGuide.service.TourGuideService.trackUserLocation(TourGuideService.java:169)
	at tourGuide.service.TourGuideService.lambda$trackUserLocationList$1(TourGuideService.java:190)
	at java.util.concurrent.ThreadPoolExecutor.runWorker(ThreadPoolExecutor.java:1149)
	at java.util.concurrent.ThreadPoolExecutor$Worker.run(ThreadPoolExecutor.java:624)
	at java.lang.Thread.run(Thread.java:748)
Exception in thread "pool-4-thread-850" java.lang.NullPointerException
	at tourGuide.service.GpsUtilProxyServiceImpl.getUserLocation(GpsUtilProxyServiceImpl.java:24)
	at tourGuide.service.TourGuideService.trackUserLocation(TourGuideService.java:169)
	at tourGuide.service.TourGuideService.lambda$trackUserLocationList$1(TourGuideService.java:190)
	at java.util.concurrent.ThreadPoolExecutor.runWorker(ThreadPoolExecutor.java:1149)
	at java.util.concurrent.ThreadPoolExecutor$Worker.run(ThreadPoolExecutor.java:624)
	at java.lang.Thread.run(Thread.java:748)
Exception in thread "pool-4-thread-852" java.lang.NullPointerException
	at tourGuide.service.GpsUtilProxyServiceImpl.getUserLocation(GpsUtilProxyServiceImpl.java:24)
	at tourGuide.service.TourGuideService.trackUserLocation(TourGuideService.java:169)
	at tourGuide.service.TourGuideService.lambda$trackUserLocationList$1(TourGuideService.java:190)
	at java.util.concurrent.ThreadPoolExecutor.runWorker(ThreadPoolExecutor.java:1149)
	at java.util.concurrent.ThreadPoolExecutor$Worker.run(ThreadPoolExecutor.java:624)
	at java.lang.Thread.run(Thread.java:748)
Exception in thread "pool-4-thread-853" java.lang.NullPointerException
	at tourGuide.service.GpsUtilProxyServiceImpl.getUserLocation(GpsUtilProxyServiceImpl.java:24)
	at tourGuide.service.TourGuideService.trackUserLocation(TourGuideService.java:169)
	at tourGuide.service.TourGuideService.lambda$trackUserLocationList$1(TourGuideService.java:190)
	at java.util.concurrent.ThreadPoolExecutor.runWorker(ThreadPoolExecutor.java:1149)
	at java.util.concurrent.ThreadPoolExecutor$Worker.run(ThreadPoolExecutor.java:624)
	at java.lang.Thread.run(Thread.java:748)
Exception in thread "pool-4-thread-866" java.lang.NullPointerException
	at tourGuide.service.GpsUtilProxyServiceImpl.getUserLocation(GpsUtilProxyServiceImpl.java:24)
	at tourGuide.service.TourGuideService.trackUserLocation(TourGuideService.java:169)
	at tourGuide.service.TourGuideService.lambda$trackUserLocationList$1(TourGuideService.java:190)
	at java.util.concurrent.ThreadPoolExecutor.runWorker(ThreadPoolExecutor.java:1149)
	at java.util.concurrent.ThreadPoolExecutor$Worker.run(ThreadPoolExecutor.java:624)
	at java.lang.Thread.run(Thread.java:748)
Exception in thread "pool-4-thread-854" java.lang.NullPointerException
	at tourGuide.service.GpsUtilProxyServiceImpl.getUserLocation(GpsUtilProxyServiceImpl.java:24)
	at tourGuide.service.TourGuideService.trackUserLocation(TourGuideService.java:169)
	at tourGuide.service.TourGuideService.lambda$trackUserLocationList$1(TourGuideService.java:190)
	at java.util.concurrent.ThreadPoolExecutor.runWorker(ThreadPoolExecutor.java:1149)
	at java.util.concurrent.ThreadPoolExecutor$Worker.run(ThreadPoolExecutor.java:624)
	at java.lang.Thread.run(Thread.java:748)
Exception in thread "pool-4-thread-865" java.lang.NullPointerException
	at tourGuide.service.GpsUtilProxyServiceImpl.getUserLocation(GpsUtilProxyServiceImpl.java:24)
	at tourGuide.service.TourGuideService.trackUserLocation(TourGuideService.java:169)
	at tourGuide.service.TourGuideService.lambda$trackUserLocationList$1(TourGuideService.java:190)
	at java.util.concurrent.ThreadPoolExecutor.runWorker(ThreadPoolExecutor.java:1149)
	at java.util.concurrent.ThreadPoolExecutor$Worker.run(ThreadPoolExecutor.java:624)
	at java.lang.Thread.run(Thread.java:748)
Exception in thread "pool-4-thread-864" java.lang.NullPointerException
	at tourGuide.service.GpsUtilProxyServiceImpl.getUserLocation(GpsUtilProxyServiceImpl.java:24)
	at tourGuide.service.TourGuideService.trackUserLocation(TourGuideService.java:169)
	at tourGuide.service.TourGuideService.lambda$trackUserLocationList$1(TourGuideService.java:190)
	at java.util.concurrent.ThreadPoolExecutor.runWorker(ThreadPoolExecutor.java:1149)
	at java.util.concurrent.ThreadPoolExecutor$Worker.run(ThreadPoolExecutor.java:624)
	at java.lang.Thread.run(Thread.java:748)
Exception in thread "pool-4-thread-863" java.lang.NullPointerException
	at tourGuide.service.GpsUtilProxyServiceImpl.getUserLocation(GpsUtilProxyServiceImpl.java:24)
	at tourGuide.service.TourGuideService.trackUserLocation(TourGuideService.java:169)
	at tourGuide.service.TourGuideService.lambda$trackUserLocationList$1(TourGuideService.java:190)
	at java.util.concurrent.ThreadPoolExecutor.runWorker(ThreadPoolExecutor.java:1149)
	at java.util.concurrent.ThreadPoolExecutor$Worker.run(ThreadPoolExecutor.java:624)
	at java.lang.Thread.run(Thread.java:748)
Exception in thread "pool-4-thread-862" java.lang.NullPointerException
	at tourGuide.service.GpsUtilProxyServiceImpl.getUserLocation(GpsUtilProxyServiceImpl.java:24)
	at tourGuide.service.TourGuideService.trackUserLocation(TourGuideService.java:169)
	at tourGuide.service.TourGuideService.lambda$trackUserLocationList$1(TourGuideService.java:190)
	at java.util.concurrent.ThreadPoolExecutor.runWorker(ThreadPoolExecutor.java:1149)
	at java.util.concurrent.ThreadPoolExecutor$Worker.run(ThreadPoolExecutor.java:624)
	at java.lang.Thread.run(Thread.java:748)
Exception in thread "pool-4-thread-859" java.lang.NullPointerException
	at tourGuide.service.GpsUtilProxyServiceImpl.getUserLocation(GpsUtilProxyServiceImpl.java:24)
	at tourGuide.service.TourGuideService.trackUserLocation(TourGuideService.java:169)
	at tourGuide.service.TourGuideService.lambda$trackUserLocationList$1(TourGuideService.java:190)
	at java.util.concurrent.ThreadPoolExecutor.runWorker(ThreadPoolExecutor.java:1149)
	at java.util.concurrent.ThreadPoolExecutor$Worker.run(ThreadPoolExecutor.java:624)
	at java.lang.Thread.run(Thread.java:748)
Exception in thread "pool-4-thread-858" java.lang.NullPointerException
	at tourGuide.service.GpsUtilProxyServiceImpl.getUserLocation(GpsUtilProxyServiceImpl.java:24)
	at tourGuide.service.TourGuideService.trackUserLocation(TourGuideService.java:169)
	at tourGuide.service.TourGuideService.lambda$trackUserLocationList$1(TourGuideService.java:190)
	at java.util.concurrent.ThreadPoolExecutor.runWorker(ThreadPoolExecutor.java:1149)
	at java.util.concurrent.ThreadPoolExecutor$Worker.run(ThreadPoolExecutor.java:624)
	at java.lang.Thread.run(Thread.java:748)
Exception in thread "pool-4-thread-869" java.lang.NullPointerException
	at tourGuide.service.GpsUtilProxyServiceImpl.getUserLocation(GpsUtilProxyServiceImpl.java:24)
	at tourGuide.service.TourGuideService.trackUserLocation(TourGuideService.java:169)
	at tourGuide.service.TourGuideService.lambda$trackUserLocationList$1(TourGuideService.java:190)
	at java.util.concurrent.ThreadPoolExecutor.runWorker(ThreadPoolExecutor.java:1149)
	at java.util.concurrent.ThreadPoolExecutor$Worker.run(ThreadPoolExecutor.java:624)
	at java.lang.Thread.run(Thread.java:748)
Exception in thread "pool-4-thread-1031" java.lang.NullPointerException
	at tourGuide.service.GpsUtilProxyServiceImpl.getUserLocation(GpsUtilProxyServiceImpl.java:24)
	at tourGuide.service.TourGuideService.trackUserLocation(TourGuideService.java:169)
	at tourGuide.service.TourGuideService.lambda$trackUserLocationList$1(TourGuideService.java:190)
	at java.util.concurrent.ThreadPoolExecutor.runWorker(ThreadPoolExecutor.java:1149)
	at java.util.concurrent.ThreadPoolExecutor$Worker.run(ThreadPoolExecutor.java:624)
	at java.lang.Thread.run(Thread.java:748)
Exception in thread "pool-4-thread-1090" java.lang.NullPointerException
	at tourGuide.service.GpsUtilProxyServiceImpl.getUserLocation(GpsUtilProxyServiceImpl.java:24)
	at tourGuide.service.TourGuideService.trackUserLocation(TourGuideService.java:169)
	at tourGuide.service.TourGuideService.lambda$trackUserLocationList$1(TourGuideService.java:190)
	at java.util.concurrent.ThreadPoolExecutor.runWorker(ThreadPoolExecutor.java:1149)
	at java.util.concurrent.ThreadPoolExecutor$Worker.run(ThreadPoolExecutor.java:624)
	at java.lang.Thread.run(Thread.java:748)
Exception in thread "pool-4-thread-861" java.lang.NullPointerException
	at tourGuide.service.GpsUtilProxyServiceImpl.getUserLocation(GpsUtilProxyServiceImpl.java:24)
	at tourGuide.service.TourGuideService.trackUserLocation(TourGuideService.java:169)
	at tourGuide.service.TourGuideService.lambda$trackUserLocationList$1(TourGuideService.java:190)
	at java.util.concurrent.ThreadPoolExecutor.runWorker(ThreadPoolExecutor.java:1149)
	at java.util.concurrent.ThreadPoolExecutor$Worker.run(ThreadPoolExecutor.java:624)
	at java.lang.Thread.run(Thread.java:748)
Exception in thread "pool-4-thread-1039" java.lang.NullPointerException
	at tourGuide.service.GpsUtilProxyServiceImpl.getUserLocation(GpsUtilProxyServiceImpl.java:24)
	at tourGuide.service.TourGuideService.trackUserLocation(TourGuideService.java:169)
	at tourGuide.service.TourGuideService.lambda$trackUserLocationList$1(TourGuideService.java:190)
	at java.util.concurrent.ThreadPoolExecutor.runWorker(ThreadPoolExecutor.java:1149)
	at java.util.concurrent.ThreadPoolExecutor$Worker.run(ThreadPoolExecutor.java:624)
	at java.lang.Thread.run(Thread.java:748)
Exception in thread "pool-4-thread-1034" java.lang.NullPointerException
	at tourGuide.service.GpsUtilProxyServiceImpl.getUserLocation(GpsUtilProxyServiceImpl.java:24)
	at tourGuide.service.TourGuideService.trackUserLocation(TourGuideService.java:169)
	at tourGuide.service.TourGuideService.lambda$trackUserLocationList$1(TourGuideService.java:190)
	at java.util.concurrent.ThreadPoolExecutor.runWorker(ThreadPoolExecutor.java:1149)
	at java.util.concurrent.ThreadPoolExecutor$Worker.run(ThreadPoolExecutor.java:624)
	at java.lang.Thread.run(Thread.java:748)
Exception in thread "pool-4-thread-1035" java.lang.NullPointerException
	at tourGuide.service.GpsUtilProxyServiceImpl.getUserLocation(GpsUtilProxyServiceImpl.java:24)
	at tourGuide.service.TourGuideService.trackUserLocation(TourGuideService.java:169)
	at tourGuide.service.TourGuideService.lambda$trackUserLocationList$1(TourGuideService.java:190)
	at java.util.concurrent.ThreadPoolExecutor.runWorker(ThreadPoolExecutor.java:1149)
	at java.util.concurrent.ThreadPoolExecutor$Worker.run(ThreadPoolExecutor.java:624)
	at java.lang.Thread.run(Thread.java:748)
Exception in thread "pool-4-thread-1037" java.lang.NullPointerException
	at tourGuide.service.GpsUtilProxyServiceImpl.getUserLocation(GpsUtilProxyServiceImpl.java:24)
	at tourGuide.service.TourGuideService.trackUserLocation(TourGuideService.java:169)
	at tourGuide.service.TourGuideService.lambda$trackUserLocationList$1(TourGuideService.java:190)
	at java.util.concurrent.ThreadPoolExecutor.runWorker(ThreadPoolExecutor.java:1149)
	at java.util.concurrent.ThreadPoolExecutor$Worker.run(ThreadPoolExecutor.java:624)
	at java.lang.Thread.run(Thread.java:748)
Exception in thread "pool-4-thread-958" java.lang.NullPointerException
	at tourGuide.service.GpsUtilProxyServiceImpl.getUserLocation(GpsUtilProxyServiceImpl.java:24)
	at tourGuide.service.TourGuideService.trackUserLocation(TourGuideService.java:169)
	at tourGuide.service.TourGuideService.lambda$trackUserLocationList$1(TourGuideService.java:190)
	at java.util.concurrent.ThreadPoolExecutor.runWorker(ThreadPoolExecutor.java:1149)
	at java.util.concurrent.ThreadPoolExecutor$Worker.run(ThreadPoolExecutor.java:624)
	at java.lang.Thread.run(Thread.java:748)
Exception in thread "pool-4-thread-1041" java.lang.NullPointerException
	at tourGuide.service.GpsUtilProxyServiceImpl.getUserLocation(GpsUtilProxyServiceImpl.java:24)
	at tourGuide.service.TourGuideService.trackUserLocation(TourGuideService.java:169)
	at tourGuide.service.TourGuideService.lambda$trackUserLocationList$1(TourGuideService.java:190)
	at java.util.concurrent.ThreadPoolExecutor.runWorker(ThreadPoolExecutor.java:1149)
	at java.util.concurrent.ThreadPoolExecutor$Worker.run(ThreadPoolExecutor.java:624)
	at java.lang.Thread.run(Thread.java:748)
Exception in thread "pool-4-thread-868" java.lang.NullPointerException
	at tourGuide.service.GpsUtilProxyServiceImpl.getUserLocation(GpsUtilProxyServiceImpl.java:24)
	at tourGuide.service.TourGuideService.trackUserLocation(TourGuideService.java:169)
	at tourGuide.service.TourGuideService.lambda$trackUserLocationList$1(TourGuideService.java:190)
	at java.util.concurrent.ThreadPoolExecutor.runWorker(ThreadPoolExecutor.java:1149)
	at java.util.concurrent.ThreadPoolExecutor$Worker.run(ThreadPoolExecutor.java:624)
	at java.lang.Thread.run(Thread.java:748)
Exception in thread "pool-4-thread-851" java.lang.NullPointerException
	at tourGuide.service.GpsUtilProxyServiceImpl.getUserLocation(GpsUtilProxyServiceImpl.java:24)
	at tourGuide.service.TourGuideService.trackUserLocation(TourGuideService.java:169)
	at tourGuide.service.TourGuideService.lambda$trackUserLocationList$1(TourGuideService.java:190)
	at java.util.concurrent.ThreadPoolExecutor.runWorker(ThreadPoolExecutor.java:1149)
	at java.util.concurrent.ThreadPoolExecutor$Worker.run(ThreadPoolExecutor.java:624)
	at java.lang.Thread.run(Thread.java:748)
Exception in thread "pool-4-thread-845" java.lang.NullPointerException
	at tourGuide.service.GpsUtilProxyServiceImpl.getUserLocation(GpsUtilProxyServiceImpl.java:24)
	at tourGuide.service.TourGuideService.trackUserLocation(TourGuideService.java:169)
	at tourGuide.service.TourGuideService.lambda$trackUserLocationList$1(TourGuideService.java:190)
	at java.util.concurrent.ThreadPoolExecutor.runWorker(ThreadPoolExecutor.java:1149)
	at java.util.concurrent.ThreadPoolExecutor$Worker.run(ThreadPoolExecutor.java:624)
	at java.lang.Thread.run(Thread.java:748)
Exception in thread "pool-4-thread-832" java.lang.NullPointerException
	at tourGuide.service.GpsUtilProxyServiceImpl.getUserLocation(GpsUtilProxyServiceImpl.java:24)
	at tourGuide.service.TourGuideService.trackUserLocation(TourGuideService.java:169)
	at tourGuide.service.TourGuideService.lambda$trackUserLocationList$1(TourGuideService.java:190)
	at java.util.concurrent.ThreadPoolExecutor.runWorker(ThreadPoolExecutor.java:1149)
	at java.util.concurrent.ThreadPoolExecutor$Worker.run(ThreadPoolExecutor.java:624)
	at java.lang.Thread.run(Thread.java:748)
Exception in thread "pool-4-thread-849" java.lang.NullPointerException
	at tourGuide.service.GpsUtilProxyServiceImpl.getUserLocation(GpsUtilProxyServiceImpl.java:24)
	at tourGuide.service.TourGuideService.trackUserLocation(TourGuideService.java:169)
	at tourGuide.service.TourGuideService.lambda$trackUserLocationList$1(TourGuideService.java:190)
	at java.util.concurrent.ThreadPoolExecutor.runWorker(ThreadPoolExecutor.java:1149)
	at java.util.concurrent.ThreadPoolExecutor$Worker.run(ThreadPoolExecutor.java:624)
	at java.lang.Thread.run(Thread.java:748)
Exception in thread "pool-4-thread-1427" java.lang.NullPointerException
	at tourGuide.service.GpsUtilProxyServiceImpl.getUserLocation(GpsUtilProxyServiceImpl.java:24)
	at tourGuide.service.TourGuideService.trackUserLocation(TourGuideService.java:169)
	at tourGuide.service.TourGuideService.lambda$trackUserLocationList$1(TourGuideService.java:190)
	at java.util.concurrent.ThreadPoolExecutor.runWorker(ThreadPoolExecutor.java:1149)
	at java.util.concurrent.ThreadPoolExecutor$Worker.run(ThreadPoolExecutor.java:624)
	at java.lang.Thread.run(Thread.java:748)
Exception in thread "pool-4-thread-1426" java.lang.NullPointerException
	at tourGuide.service.GpsUtilProxyServiceImpl.getUserLocation(GpsUtilProxyServiceImpl.java:24)
	at tourGuide.service.TourGuideService.trackUserLocation(TourGuideService.java:169)
	at tourGuide.service.TourGuideService.lambda$trackUserLocationList$1(TourGuideService.java:190)
	at java.util.concurrent.ThreadPoolExecutor.runWorker(ThreadPoolExecutor.java:1149)
	at java.util.concurrent.ThreadPoolExecutor$Worker.run(ThreadPoolExecutor.java:624)
	at java.lang.Thread.run(Thread.java:748)
Exception in thread "pool-4-thread-1425" java.lang.NullPointerException
	at tourGuide.service.GpsUtilProxyServiceImpl.getUserLocation(GpsUtilProxyServiceImpl.java:24)
	at tourGuide.service.TourGuideService.trackUserLocation(TourGuideService.java:169)
	at tourGuide.service.TourGuideService.lambda$trackUserLocationList$1(TourGuideService.java:190)
	at java.util.concurrent.ThreadPoolExecutor.runWorker(ThreadPoolExecutor.java:1149)
	at java.util.concurrent.ThreadPoolExecutor$Worker.run(ThreadPoolExecutor.java:624)
	at java.lang.Thread.run(Thread.java:748)
Exception in thread "pool-4-thread-1421" java.lang.NullPointerException
	at tourGuide.service.GpsUtilProxyServiceImpl.getUserLocation(GpsUtilProxyServiceImpl.java:24)
	at tourGuide.service.TourGuideService.trackUserLocation(TourGuideService.java:169)
	at tourGuide.service.TourGuideService.lambda$trackUserLocationList$1(TourGuideService.java:190)
	at java.util.concurrent.ThreadPoolExecutor.runWorker(ThreadPoolExecutor.java:1149)
	at java.util.concurrent.ThreadPoolExecutor$Worker.run(ThreadPoolExecutor.java:624)
	at java.lang.Thread.run(Thread.java:748)
Exception in thread "pool-4-thread-1422" java.lang.NullPointerException
	at tourGuide.service.GpsUtilProxyServiceImpl.getUserLocation(GpsUtilProxyServiceImpl.java:24)
	at tourGuide.service.TourGuideService.trackUserLocation(TourGuideService.java:169)
	at tourGuide.service.TourGuideService.lambda$trackUserLocationList$1(TourGuideService.java:190)
	at java.util.concurrent.ThreadPoolExecutor.runWorker(ThreadPoolExecutor.java:1149)
	at java.util.concurrent.ThreadPoolExecutor$Worker.run(ThreadPoolExecutor.java:624)
	at java.lang.Thread.run(Thread.java:748)
Exception in thread "pool-4-thread-1424" java.lang.NullPointerException
	at tourGuide.service.GpsUtilProxyServiceImpl.getUserLocation(GpsUtilProxyServiceImpl.java:24)
	at tourGuide.service.TourGuideService.trackUserLocation(TourGuideService.java:169)
	at tourGuide.service.TourGuideService.lambda$trackUserLocationList$1(TourGuideService.java:190)
	at java.util.concurrent.ThreadPoolExecutor.runWorker(ThreadPoolExecutor.java:1149)
	at java.util.concurrent.ThreadPoolExecutor$Worker.run(ThreadPoolExecutor.java:624)
	at java.lang.Thread.run(Thread.java:748)
Exception in thread "pool-4-thread-1423" java.lang.NullPointerException
	at tourGuide.service.GpsUtilProxyServiceImpl.getUserLocation(GpsUtilProxyServiceImpl.java:24)
	at tourGuide.service.TourGuideService.trackUserLocation(TourGuideService.java:169)
	at tourGuide.service.TourGuideService.lambda$trackUserLocationList$1(TourGuideService.java:190)
	at java.util.concurrent.ThreadPoolExecutor.runWorker(ThreadPoolExecutor.java:1149)
	at java.util.concurrent.ThreadPoolExecutor$Worker.run(ThreadPoolExecutor.java:624)
	at java.lang.Thread.run(Thread.java:748)
Exception in thread "pool-4-thread-1420" java.lang.NullPointerException
	at tourGuide.service.GpsUtilProxyServiceImpl.getUserLocation(GpsUtilProxyServiceImpl.java:24)
	at tourGuide.service.TourGuideService.trackUserLocation(TourGuideService.java:169)
	at tourGuide.service.TourGuideService.lambda$trackUserLocationList$1(TourGuideService.java:190)
	at java.util.concurrent.ThreadPoolExecutor.runWorker(ThreadPoolExecutor.java:1149)
	at java.util.concurrent.ThreadPoolExecutor$Worker.run(ThreadPoolExecutor.java:624)
	at java.lang.Thread.run(Thread.java:748)
Exception in thread "pool-4-thread-1418" java.lang.NullPointerException
	at tourGuide.service.GpsUtilProxyServiceImpl.getUserLocation(GpsUtilProxyServiceImpl.java:24)
	at tourGuide.service.TourGuideService.trackUserLocation(TourGuideService.java:169)
	at tourGuide.service.TourGuideService.lambda$trackUserLocationList$1(TourGuideService.java:190)
	at java.util.concurrent.ThreadPoolExecutor.runWorker(ThreadPoolExecutor.java:1149)
	at java.util.concurrent.ThreadPoolExecutor$Worker.run(ThreadPoolExecutor.java:624)
	at java.lang.Thread.run(Thread.java:748)
Exception in thread "pool-4-thread-1419" java.lang.NullPointerException
	at tourGuide.service.GpsUtilProxyServiceImpl.getUserLocation(GpsUtilProxyServiceImpl.java:24)
	at tourGuide.service.TourGuideService.trackUserLocation(TourGuideService.java:169)
	at tourGuide.service.TourGuideService.lambda$trackUserLocationList$1(TourGuideService.java:190)
	at java.util.concurrent.ThreadPoolExecutor.runWorker(ThreadPoolExecutor.java:1149)
	at java.util.concurrent.ThreadPoolExecutor$Worker.run(ThreadPoolExecutor.java:624)
	at java.lang.Thread.run(Thread.java:748)
Exception in thread "pool-4-thread-1414" java.lang.NullPointerException
	at tourGuide.service.GpsUtilProxyServiceImpl.getUserLocation(GpsUtilProxyServiceImpl.java:24)
	at tourGuide.service.TourGuideService.trackUserLocation(TourGuideService.java:169)
	at tourGuide.service.TourGuideService.lambda$trackUserLocationList$1(TourGuideService.java:190)
	at java.util.concurrent.ThreadPoolExecutor.runWorker(ThreadPoolExecutor.java:1149)
	at java.util.concurrent.ThreadPoolExecutor$Worker.run(ThreadPoolExecutor.java:624)
	at java.lang.Thread.run(Thread.java:748)
Exception in thread "pool-4-thread-1416" java.lang.NullPointerException
	at tourGuide.service.GpsUtilProxyServiceImpl.getUserLocation(GpsUtilProxyServiceImpl.java:24)
	at tourGuide.service.TourGuideService.trackUserLocation(TourGuideService.java:169)
	at tourGuide.service.TourGuideService.lambda$trackUserLocationList$1(TourGuideService.java:190)
	at java.util.concurrent.ThreadPoolExecutor.runWorker(ThreadPoolExecutor.java:1149)
	at java.util.concurrent.ThreadPoolExecutor$Worker.run(ThreadPoolExecutor.java:624)
	at java.lang.Thread.run(Thread.java:748)
Exception in thread "pool-4-thread-1417" java.lang.NullPointerException
	at tourGuide.service.GpsUtilProxyServiceImpl.getUserLocation(GpsUtilProxyServiceImpl.java:24)
	at tourGuide.service.TourGuideService.trackUserLocation(TourGuideService.java:169)
	at tourGuide.service.TourGuideService.lambda$trackUserLocationList$1(TourGuideService.java:190)
	at java.util.concurrent.ThreadPoolExecutor.runWorker(ThreadPoolExecutor.java:1149)
	at java.util.concurrent.ThreadPoolExecutor$Worker.run(ThreadPoolExecutor.java:624)
	at java.lang.Thread.run(Thread.java:748)
Exception in thread "pool-4-thread-1412" java.lang.NullPointerException
	at tourGuide.service.GpsUtilProxyServiceImpl.getUserLocation(GpsUtilProxyServiceImpl.java:24)
	at tourGuide.service.TourGuideService.trackUserLocation(TourGuideService.java:169)
	at tourGuide.service.TourGuideService.lambda$trackUserLocationList$1(TourGuideService.java:190)
	at java.util.concurrent.ThreadPoolExecutor.runWorker(ThreadPoolExecutor.java:1149)
	at java.util.concurrent.ThreadPoolExecutor$Worker.run(ThreadPoolExecutor.java:624)
	at java.lang.Thread.run(Thread.java:748)
Exception in thread "pool-4-thread-1415" java.lang.NullPointerException
	at tourGuide.service.GpsUtilProxyServiceImpl.getUserLocation(GpsUtilProxyServiceImpl.java:24)
	at tourGuide.service.TourGuideService.trackUserLocation(TourGuideService.java:169)
	at tourGuide.service.TourGuideService.lambda$trackUserLocationList$1(TourGuideService.java:190)
	at java.util.concurrent.ThreadPoolExecutor.runWorker(ThreadPoolExecutor.java:1149)
	at java.util.concurrent.ThreadPoolExecutor$Worker.run(ThreadPoolExecutor.java:624)
	at java.lang.Thread.run(Thread.java:748)
Exception in thread "pool-4-thread-1410" java.lang.NullPointerException
	at tourGuide.service.GpsUtilProxyServiceImpl.getUserLocation(GpsUtilProxyServiceImpl.java:24)
	at tourGuide.service.TourGuideService.trackUserLocation(TourGuideService.java:169)
	at tourGuide.service.TourGuideService.lambda$trackUserLocationList$1(TourGuideService.java:190)
	at java.util.concurrent.ThreadPoolExecutor.runWorker(ThreadPoolExecutor.java:1149)
	at java.util.concurrent.ThreadPoolExecutor$Worker.run(ThreadPoolExecutor.java:624)
	at java.lang.Thread.run(Thread.java:748)
Exception in thread "pool-4-thread-1413" java.lang.NullPointerException
	at tourGuide.service.GpsUtilProxyServiceImpl.getUserLocation(GpsUtilProxyServiceImpl.java:24)
	at tourGuide.service.TourGuideService.trackUserLocation(TourGuideService.java:169)
	at tourGuide.service.TourGuideService.lambda$trackUserLocationList$1(TourGuideService.java:190)
	at java.util.concurrent.ThreadPoolExecutor.runWorker(ThreadPoolExecutor.java:1149)
	at java.util.concurrent.ThreadPoolExecutor$Worker.run(ThreadPoolExecutor.java:624)
	at java.lang.Thread.run(Thread.java:748)
Exception in thread "pool-4-thread-1409" java.lang.NullPointerException
	at tourGuide.service.GpsUtilProxyServiceImpl.getUserLocation(GpsUtilProxyServiceImpl.java:24)
	at tourGuide.service.TourGuideService.trackUserLocation(TourGuideService.java:169)
	at tourGuide.service.TourGuideService.lambda$trackUserLocationList$1(TourGuideService.java:190)
	at java.util.concurrent.ThreadPoolExecutor.runWorker(ThreadPoolExecutor.java:1149)
	at java.util.concurrent.ThreadPoolExecutor$Worker.run(ThreadPoolExecutor.java:624)
	at java.lang.Thread.run(Thread.java:748)
Exception in thread "pool-4-thread-1408" java.lang.NullPointerException
	at tourGuide.service.GpsUtilProxyServiceImpl.getUserLocation(GpsUtilProxyServiceImpl.java:24)
	at tourGuide.service.TourGuideService.trackUserLocation(TourGuideService.java:169)
	at tourGuide.service.TourGuideService.lambda$trackUserLocationList$1(TourGuideService.java:190)
	at java.util.concurrent.ThreadPoolExecutor.runWorker(ThreadPoolExecutor.java:1149)
	at java.util.concurrent.ThreadPoolExecutor$Worker.run(ThreadPoolExecutor.java:624)
	at java.lang.Thread.run(Thread.java:748)
Exception in thread "pool-4-thread-1411" java.lang.NullPointerException
	at tourGuide.service.GpsUtilProxyServiceImpl.getUserLocation(GpsUtilProxyServiceImpl.java:24)
	at tourGuide.service.TourGuideService.trackUserLocation(TourGuideService.java:169)
	at tourGuide.service.TourGuideService.lambda$trackUserLocationList$1(TourGuideService.java:190)
	at java.util.concurrent.ThreadPoolExecutor.runWorker(ThreadPoolExecutor.java:1149)
	at java.util.concurrent.ThreadPoolExecutor$Worker.run(ThreadPoolExecutor.java:624)
	at java.lang.Thread.run(Thread.java:748)
Exception in thread "pool-4-thread-1405" java.lang.NullPointerException
	at tourGuide.service.GpsUtilProxyServiceImpl.getUserLocation(GpsUtilProxyServiceImpl.java:24)
	at tourGuide.service.TourGuideService.trackUserLocation(TourGuideService.java:169)
	at tourGuide.service.TourGuideService.lambda$trackUserLocationList$1(TourGuideService.java:190)
	at java.util.concurrent.ThreadPoolExecutor.runWorker(ThreadPoolExecutor.java:1149)
	at java.util.concurrent.ThreadPoolExecutor$Worker.run(ThreadPoolExecutor.java:624)
	at java.lang.Thread.run(Thread.java:748)
Exception in thread "pool-4-thread-1407" java.lang.NullPointerException
	at tourGuide.service.GpsUtilProxyServiceImpl.getUserLocation(GpsUtilProxyServiceImpl.java:24)
	at tourGuide.service.TourGuideService.trackUserLocation(TourGuideService.java:169)
	at tourGuide.service.TourGuideService.lambda$trackUserLocationList$1(TourGuideService.java:190)
	at java.util.concurrent.ThreadPoolExecutor.runWorker(ThreadPoolExecutor.java:1149)
	at java.util.concurrent.ThreadPoolExecutor$Worker.run(ThreadPoolExecutor.java:624)
	at java.lang.Thread.run(Thread.java:748)
Exception in thread "pool-4-thread-1404" java.lang.NullPointerException
	at tourGuide.service.GpsUtilProxyServiceImpl.getUserLocation(GpsUtilProxyServiceImpl.java:24)
	at tourGuide.service.TourGuideService.trackUserLocation(TourGuideService.java:169)
	at tourGuide.service.TourGuideService.lambda$trackUserLocationList$1(TourGuideService.java:190)
	at java.util.concurrent.ThreadPoolExecutor.runWorker(ThreadPoolExecutor.java:1149)
	at java.util.concurrent.ThreadPoolExecutor$Worker.run(ThreadPoolExecutor.java:624)
	at java.lang.Thread.run(Thread.java:748)
Exception in thread "pool-4-thread-1403" java.lang.NullPointerException
	at tourGuide.service.GpsUtilProxyServiceImpl.getUserLocation(GpsUtilProxyServiceImpl.java:24)
	at tourGuide.service.TourGuideService.trackUserLocation(TourGuideService.java:169)
	at tourGuide.service.TourGuideService.lambda$trackUserLocationList$1(TourGuideService.java:190)
	at java.util.concurrent.ThreadPoolExecutor.runWorker(ThreadPoolExecutor.java:1149)
	at java.util.concurrent.ThreadPoolExecutor$Worker.run(ThreadPoolExecutor.java:624)
	at java.lang.Thread.run(Thread.java:748)
Exception in thread "pool-4-thread-1406" java.lang.NullPointerException
	at tourGuide.service.GpsUtilProxyServiceImpl.getUserLocation(GpsUtilProxyServiceImpl.java:24)
	at tourGuide.service.TourGuideService.trackUserLocation(TourGuideService.java:169)
	at tourGuide.service.TourGuideService.lambda$trackUserLocationList$1(TourGuideService.java:190)
	at java.util.concurrent.ThreadPoolExecutor.runWorker(ThreadPoolExecutor.java:1149)
	at java.util.concurrent.ThreadPoolExecutor$Worker.run(ThreadPoolExecutor.java:624)
	at java.lang.Thread.run(Thread.java:748)
Exception in thread "pool-4-thread-1402" java.lang.NullPointerException
	at tourGuide.service.GpsUtilProxyServiceImpl.getUserLocation(GpsUtilProxyServiceImpl.java:24)
	at tourGuide.service.TourGuideService.trackUserLocation(TourGuideService.java:169)
	at tourGuide.service.TourGuideService.lambda$trackUserLocationList$1(TourGuideService.java:190)
	at java.util.concurrent.ThreadPoolExecutor.runWorker(ThreadPoolExecutor.java:1149)
	at java.util.concurrent.ThreadPoolExecutor$Worker.run(ThreadPoolExecutor.java:624)
	at java.lang.Thread.run(Thread.java:748)
Exception in thread "pool-4-thread-1401" java.lang.NullPointerException
	at tourGuide.service.GpsUtilProxyServiceImpl.getUserLocation(GpsUtilProxyServiceImpl.java:24)
	at tourGuide.service.TourGuideService.trackUserLocation(TourGuideService.java:169)
	at tourGuide.service.TourGuideService.lambda$trackUserLocationList$1(TourGuideService.java:190)
	at java.util.concurrent.ThreadPoolExecutor.runWorker(ThreadPoolExecutor.java:1149)
	at java.util.concurrent.ThreadPoolExecutor$Worker.run(ThreadPoolExecutor.java:624)
	at java.lang.Thread.run(Thread.java:748)
Exception in thread "pool-4-thread-1398" java.lang.NullPointerException
	at tourGuide.service.GpsUtilProxyServiceImpl.getUserLocation(GpsUtilProxyServiceImpl.java:24)
	at tourGuide.service.TourGuideService.trackUserLocation(TourGuideService.java:169)
	at tourGuide.service.TourGuideService.lambda$trackUserLocationList$1(TourGuideService.java:190)
	at java.util.concurrent.ThreadPoolExecutor.runWorker(ThreadPoolExecutor.java:1149)
	at java.util.concurrent.ThreadPoolExecutor$Worker.run(ThreadPoolExecutor.java:624)
	at java.lang.Thread.run(Thread.java:748)
Exception in thread "pool-4-thread-1397" java.lang.NullPointerException
	at tourGuide.service.GpsUtilProxyServiceImpl.getUserLocation(GpsUtilProxyServiceImpl.java:24)
	at tourGuide.service.TourGuideService.trackUserLocation(TourGuideService.java:169)
	at tourGuide.service.TourGuideService.lambda$trackUserLocationList$1(TourGuideService.java:190)
	at java.util.concurrent.ThreadPoolExecutor.runWorker(ThreadPoolExecutor.java:1149)
	at java.util.concurrent.ThreadPoolExecutor$Worker.run(ThreadPoolExecutor.java:624)
	at java.lang.Thread.run(Thread.java:748)
Exception in thread "pool-4-thread-1395" java.lang.NullPointerException
	at tourGuide.service.GpsUtilProxyServiceImpl.getUserLocation(GpsUtilProxyServiceImpl.java:24)
	at tourGuide.service.TourGuideService.trackUserLocation(TourGuideService.java:169)
	at tourGuide.service.TourGuideService.lambda$trackUserLocationList$1(TourGuideService.java:190)
	at java.util.concurrent.ThreadPoolExecutor.runWorker(ThreadPoolExecutor.java:1149)
	at java.util.concurrent.ThreadPoolExecutor$Worker.run(ThreadPoolExecutor.java:624)
	at java.lang.Thread.run(Thread.java:748)
Exception in thread "pool-4-thread-1396" java.lang.NullPointerException
	at tourGuide.service.GpsUtilProxyServiceImpl.getUserLocation(GpsUtilProxyServiceImpl.java:24)
	at tourGuide.service.TourGuideService.trackUserLocation(TourGuideService.java:169)
	at tourGuide.service.TourGuideService.lambda$trackUserLocationList$1(TourGuideService.java:190)
	at java.util.concurrent.ThreadPoolExecutor.runWorker(ThreadPoolExecutor.java:1149)
	at java.util.concurrent.ThreadPoolExecutor$Worker.run(ThreadPoolExecutor.java:624)
	at java.lang.Thread.run(Thread.java:748)
Exception in thread "pool-4-thread-1400" java.lang.NullPointerException
	at tourGuide.service.GpsUtilProxyServiceImpl.getUserLocation(GpsUtilProxyServiceImpl.java:24)
	at tourGuide.service.TourGuideService.trackUserLocation(TourGuideService.java:169)
	at tourGuide.service.TourGuideService.lambda$trackUserLocationList$1(TourGuideService.java:190)
	at java.util.concurrent.ThreadPoolExecutor.runWorker(ThreadPoolExecutor.java:1149)
	at java.util.concurrent.ThreadPoolExecutor$Worker.run(ThreadPoolExecutor.java:624)
	at java.lang.Thread.run(Thread.java:748)
Exception in thread "pool-4-thread-1393" java.lang.NullPointerException
	at tourGuide.service.GpsUtilProxyServiceImpl.getUserLocation(GpsUtilProxyServiceImpl.java:24)
	at tourGuide.service.TourGuideService.trackUserLocation(TourGuideService.java:169)
	at tourGuide.service.TourGuideService.lambda$trackUserLocationList$1(TourGuideService.java:190)
	at java.util.concurrent.ThreadPoolExecutor.runWorker(ThreadPoolExecutor.java:1149)
	at java.util.concurrent.ThreadPoolExecutor$Worker.run(ThreadPoolExecutor.java:624)
	at java.lang.Thread.run(Thread.java:748)
Exception in thread "pool-4-thread-1394" java.lang.NullPointerException
	at tourGuide.service.GpsUtilProxyServiceImpl.getUserLocation(GpsUtilProxyServiceImpl.java:24)
	at tourGuide.service.TourGuideService.trackUserLocation(TourGuideService.java:169)
	at tourGuide.service.TourGuideService.lambda$trackUserLocationList$1(TourGuideService.java:190)
	at java.util.concurrent.ThreadPoolExecutor.runWorker(ThreadPoolExecutor.java:1149)
	at java.util.concurrent.ThreadPoolExecutor$Worker.run(ThreadPoolExecutor.java:624)
	at java.lang.Thread.run(Thread.java:748)
Exception in thread "pool-4-thread-1392" java.lang.NullPointerException
	at tourGuide.service.GpsUtilProxyServiceImpl.getUserLocation(GpsUtilProxyServiceImpl.java:24)
	at tourGuide.service.TourGuideService.trackUserLocation(TourGuideService.java:169)
	at tourGuide.service.TourGuideService.lambda$trackUserLocationList$1(TourGuideService.java:190)
	at java.util.concurrent.ThreadPoolExecutor.runWorker(ThreadPoolExecutor.java:1149)
	at java.util.concurrent.ThreadPoolExecutor$Worker.run(ThreadPoolExecutor.java:624)
	at java.lang.Thread.run(Thread.java:748)
Exception in thread "pool-4-thread-1399" java.lang.NullPointerException
	at tourGuide.service.GpsUtilProxyServiceImpl.getUserLocation(GpsUtilProxyServiceImpl.java:24)
	at tourGuide.service.TourGuideService.trackUserLocation(TourGuideService.java:169)
	at tourGuide.service.TourGuideService.lambda$trackUserLocationList$1(TourGuideService.java:190)
	at java.util.concurrent.ThreadPoolExecutor.runWorker(ThreadPoolExecutor.java:1149)
	at java.util.concurrent.ThreadPoolExecutor$Worker.run(ThreadPoolExecutor.java:624)
	at java.lang.Thread.run(Thread.java:748)
Exception in thread "pool-4-thread-1391" java.lang.NullPointerException
	at tourGuide.service.GpsUtilProxyServiceImpl.getUserLocation(GpsUtilProxyServiceImpl.java:24)
	at tourGuide.service.TourGuideService.trackUserLocation(TourGuideService.java:169)
	at tourGuide.service.TourGuideService.lambda$trackUserLocationList$1(TourGuideService.java:190)
	at java.util.concurrent.ThreadPoolExecutor.runWorker(ThreadPoolExecutor.java:1149)
	at java.util.concurrent.ThreadPoolExecutor$Worker.run(ThreadPoolExecutor.java:624)
	at java.lang.Thread.run(Thread.java:748)
Exception in thread "pool-4-thread-1390" java.lang.NullPointerException
	at tourGuide.service.GpsUtilProxyServiceImpl.getUserLocation(GpsUtilProxyServiceImpl.java:24)
	at tourGuide.service.TourGuideService.trackUserLocation(TourGuideService.java:169)
	at tourGuide.service.TourGuideService.lambda$trackUserLocationList$1(TourGuideService.java:190)
	at java.util.concurrent.ThreadPoolExecutor.runWorker(ThreadPoolExecutor.java:1149)
	at java.util.concurrent.ThreadPoolExecutor$Worker.run(ThreadPoolExecutor.java:624)
	at java.lang.Thread.run(Thread.java:748)
Exception in thread "pool-4-thread-1388" java.lang.NullPointerException
	at tourGuide.service.GpsUtilProxyServiceImpl.getUserLocation(GpsUtilProxyServiceImpl.java:24)
	at tourGuide.service.TourGuideService.trackUserLocation(TourGuideService.java:169)
	at tourGuide.service.TourGuideService.lambda$trackUserLocationList$1(TourGuideService.java:190)
	at java.util.concurrent.ThreadPoolExecutor.runWorker(ThreadPoolExecutor.java:1149)
	at java.util.concurrent.ThreadPoolExecutor$Worker.run(ThreadPoolExecutor.java:624)
	at java.lang.Thread.run(Thread.java:748)
Exception in thread "pool-4-thread-1385" java.lang.NullPointerException
	at tourGuide.service.GpsUtilProxyServiceImpl.getUserLocation(GpsUtilProxyServiceImpl.java:24)
	at tourGuide.service.TourGuideService.trackUserLocation(TourGuideService.java:169)
	at tourGuide.service.TourGuideService.lambda$trackUserLocationList$1(TourGuideService.java:190)
	at java.util.concurrent.ThreadPoolExecutor.runWorker(ThreadPoolExecutor.java:1149)
	at java.util.concurrent.ThreadPoolExecutor$Worker.run(ThreadPoolExecutor.java:624)
	at java.lang.Thread.run(Thread.java:748)
Exception in thread "pool-4-thread-1387" java.lang.NullPointerException
	at tourGuide.service.GpsUtilProxyServiceImpl.getUserLocation(GpsUtilProxyServiceImpl.java:24)
	at tourGuide.service.TourGuideService.trackUserLocation(TourGuideService.java:169)
	at tourGuide.service.TourGuideService.lambda$trackUserLocationList$1(TourGuideService.java:190)
	at java.util.concurrent.ThreadPoolExecutor.runWorker(ThreadPoolExecutor.java:1149)
	at java.util.concurrent.ThreadPoolExecutor$Worker.run(ThreadPoolExecutor.java:624)
	at java.lang.Thread.run(Thread.java:748)
Exception in thread "pool-4-thread-1382" java.lang.NullPointerException
	at tourGuide.service.GpsUtilProxyServiceImpl.getUserLocation(GpsUtilProxyServiceImpl.java:24)
	at tourGuide.service.TourGuideService.trackUserLocation(TourGuideService.java:169)
	at tourGuide.service.TourGuideService.lambda$trackUserLocationList$1(TourGuideService.java:190)
	at java.util.concurrent.ThreadPoolExecutor.runWorker(ThreadPoolExecutor.java:1149)
	at java.util.concurrent.ThreadPoolExecutor$Worker.run(ThreadPoolExecutor.java:624)
	at java.lang.Thread.run(Thread.java:748)
Exception in thread "pool-4-thread-1384" java.lang.NullPointerException
	at tourGuide.service.GpsUtilProxyServiceImpl.getUserLocation(GpsUtilProxyServiceImpl.java:24)
	at tourGuide.service.TourGuideService.trackUserLocation(TourGuideService.java:169)
	at tourGuide.service.TourGuideService.lambda$trackUserLocationList$1(TourGuideService.java:190)
	at java.util.concurrent.ThreadPoolExecutor.runWorker(ThreadPoolExecutor.java:1149)
	at java.util.concurrent.ThreadPoolExecutor$Worker.run(ThreadPoolExecutor.java:624)
	at java.lang.Thread.run(Thread.java:748)
Exception in thread "pool-4-thread-1386" java.lang.NullPointerException
	at tourGuide.service.GpsUtilProxyServiceImpl.getUserLocation(GpsUtilProxyServiceImpl.java:24)
	at tourGuide.service.TourGuideService.trackUserLocation(TourGuideService.java:169)
	at tourGuide.service.TourGuideService.lambda$trackUserLocationList$1(TourGuideService.java:190)
	at java.util.concurrent.ThreadPoolExecutor.runWorker(ThreadPoolExecutor.java:1149)
	at java.util.concurrent.ThreadPoolExecutor$Worker.run(ThreadPoolExecutor.java:624)
	at java.lang.Thread.run(Thread.java:748)
Exception in thread "pool-4-thread-1381" java.lang.NullPointerException
	at tourGuide.service.GpsUtilProxyServiceImpl.getUserLocation(GpsUtilProxyServiceImpl.java:24)
	at tourGuide.service.TourGuideService.trackUserLocation(TourGuideService.java:169)
	at tourGuide.service.TourGuideService.lambda$trackUserLocationList$1(TourGuideService.java:190)
	at java.util.concurrent.ThreadPoolExecutor.runWorker(ThreadPoolExecutor.java:1149)
	at java.util.concurrent.ThreadPoolExecutor$Worker.run(ThreadPoolExecutor.java:624)
	at java.lang.Thread.run(Thread.java:748)
Exception in thread "pool-4-thread-1389" java.lang.NullPointerException
	at tourGuide.service.GpsUtilProxyServiceImpl.getUserLocation(GpsUtilProxyServiceImpl.java:24)
	at tourGuide.service.TourGuideService.trackUserLocation(TourGuideService.java:169)
	at tourGuide.service.TourGuideService.lambda$trackUserLocationList$1(TourGuideService.java:190)
	at java.util.concurrent.ThreadPoolExecutor.runWorker(ThreadPoolExecutor.java:1149)
	at java.util.concurrent.ThreadPoolExecutor$Worker.run(ThreadPoolExecutor.java:624)
	at java.lang.Thread.run(Thread.java:748)
Exception in thread "pool-4-thread-1380" java.lang.NullPointerException
	at tourGuide.service.GpsUtilProxyServiceImpl.getUserLocation(GpsUtilProxyServiceImpl.java:24)
	at tourGuide.service.TourGuideService.trackUserLocation(TourGuideService.java:169)
	at tourGuide.service.TourGuideService.lambda$trackUserLocationList$1(TourGuideService.java:190)
	at java.util.concurrent.ThreadPoolExecutor.runWorker(ThreadPoolExecutor.java:1149)
	at java.util.concurrent.ThreadPoolExecutor$Worker.run(ThreadPoolExecutor.java:624)
	at java.lang.Thread.run(Thread.java:748)
Exception in thread "pool-4-thread-1378" java.lang.NullPointerException
	at tourGuide.service.GpsUtilProxyServiceImpl.getUserLocation(GpsUtilProxyServiceImpl.java:24)
	at tourGuide.service.TourGuideService.trackUserLocation(TourGuideService.java:169)
	at tourGuide.service.TourGuideService.lambda$trackUserLocationList$1(TourGuideService.java:190)
	at java.util.concurrent.ThreadPoolExecutor.runWorker(ThreadPoolExecutor.java:1149)
	at java.util.concurrent.ThreadPoolExecutor$Worker.run(ThreadPoolExecutor.java:624)
	at java.lang.Thread.run(Thread.java:748)
Exception in thread "pool-4-thread-1377" java.lang.NullPointerException
	at tourGuide.service.GpsUtilProxyServiceImpl.getUserLocation(GpsUtilProxyServiceImpl.java:24)
	at tourGuide.service.TourGuideService.trackUserLocation(TourGuideService.java:169)
	at tourGuide.service.TourGuideService.lambda$trackUserLocationList$1(TourGuideService.java:190)
	at java.util.concurrent.ThreadPoolExecutor.runWorker(ThreadPoolExecutor.java:1149)
	at java.util.concurrent.ThreadPoolExecutor$Worker.run(ThreadPoolExecutor.java:624)
	at java.lang.Thread.run(Thread.java:748)
Exception in thread "pool-4-thread-1383" java.lang.NullPointerException
	at tourGuide.service.GpsUtilProxyServiceImpl.getUserLocation(GpsUtilProxyServiceImpl.java:24)
	at tourGuide.service.TourGuideService.trackUserLocation(TourGuideService.java:169)
	at tourGuide.service.TourGuideService.lambda$trackUserLocationList$1(TourGuideService.java:190)
	at java.util.concurrent.ThreadPoolExecutor.runWorker(ThreadPoolExecutor.java:1149)
	at java.util.concurrent.ThreadPoolExecutor$Worker.run(ThreadPoolExecutor.java:624)
	at java.lang.Thread.run(Thread.java:748)
Exception in thread "pool-4-thread-1379" java.lang.NullPointerException
	at tourGuide.service.GpsUtilProxyServiceImpl.getUserLocation(GpsUtilProxyServiceImpl.java:24)
	at tourGuide.service.TourGuideService.trackUserLocation(TourGuideService.java:169)
	at tourGuide.service.TourGuideService.lambda$trackUserLocationList$1(TourGuideService.java:190)
	at java.util.concurrent.ThreadPoolExecutor.runWorker(ThreadPoolExecutor.java:1149)
	at java.util.concurrent.ThreadPoolExecutor$Worker.run(ThreadPoolExecutor.java:624)
	at java.lang.Thread.run(Thread.java:748)
Exception in thread "pool-4-thread-1376" java.lang.NullPointerException
	at tourGuide.service.GpsUtilProxyServiceImpl.getUserLocation(GpsUtilProxyServiceImpl.java:24)
	at tourGuide.service.TourGuideService.trackUserLocation(TourGuideService.java:169)
	at tourGuide.service.TourGuideService.lambda$trackUserLocationList$1(TourGuideService.java:190)
	at java.util.concurrent.ThreadPoolExecutor.runWorker(ThreadPoolExecutor.java:1149)
	at java.util.concurrent.ThreadPoolExecutor$Worker.run(ThreadPoolExecutor.java:624)
	at java.lang.Thread.run(Thread.java:748)
Exception in thread "pool-4-thread-1373" java.lang.NullPointerException
	at tourGuide.service.GpsUtilProxyServiceImpl.getUserLocation(GpsUtilProxyServiceImpl.java:24)
	at tourGuide.service.TourGuideService.trackUserLocation(TourGuideService.java:169)
	at tourGuide.service.TourGuideService.lambda$trackUserLocationList$1(TourGuideService.java:190)
	at java.util.concurrent.ThreadPoolExecutor.runWorker(ThreadPoolExecutor.java:1149)
	at java.util.concurrent.ThreadPoolExecutor$Worker.run(ThreadPoolExecutor.java:624)
	at java.lang.Thread.run(Thread.java:748)
Exception in thread "pool-4-thread-1374" java.lang.NullPointerException
	at tourGuide.service.GpsUtilProxyServiceImpl.getUserLocation(GpsUtilProxyServiceImpl.java:24)
	at tourGuide.service.TourGuideService.trackUserLocation(TourGuideService.java:169)
	at tourGuide.service.TourGuideService.lambda$trackUserLocationList$1(TourGuideService.java:190)
	at java.util.concurrent.ThreadPoolExecutor.runWorker(ThreadPoolExecutor.java:1149)
	at java.util.concurrent.ThreadPoolExecutor$Worker.run(ThreadPoolExecutor.java:624)
	at java.lang.Thread.run(Thread.java:748)
Exception in thread "pool-4-thread-1372" java.lang.NullPointerException
	at tourGuide.service.GpsUtilProxyServiceImpl.getUserLocation(GpsUtilProxyServiceImpl.java:24)
	at tourGuide.service.TourGuideService.trackUserLocation(TourGuideService.java:169)
	at tourGuide.service.TourGuideService.lambda$trackUserLocationList$1(TourGuideService.java:190)
	at java.util.concurrent.ThreadPoolExecutor.runWorker(ThreadPoolExecutor.java:1149)
	at java.util.concurrent.ThreadPoolExecutor$Worker.run(ThreadPoolExecutor.java:624)
	at java.lang.Thread.run(Thread.java:748)
Exception in thread "pool-4-thread-1370" java.lang.NullPointerException
	at tourGuide.service.GpsUtilProxyServiceImpl.getUserLocation(GpsUtilProxyServiceImpl.java:24)
	at tourGuide.service.TourGuideService.trackUserLocation(TourGuideService.java:169)
	at tourGuide.service.TourGuideService.lambda$trackUserLocationList$1(TourGuideService.java:190)
	at java.util.concurrent.ThreadPoolExecutor.runWorker(ThreadPoolExecutor.java:1149)
	at java.util.concurrent.ThreadPoolExecutor$Worker.run(ThreadPoolExecutor.java:624)
	at java.lang.Thread.run(Thread.java:748)
Exception in thread "pool-4-thread-1375" java.lang.NullPointerException
	at tourGuide.service.GpsUtilProxyServiceImpl.getUserLocation(GpsUtilProxyServiceImpl.java:24)
	at tourGuide.service.TourGuideService.trackUserLocation(TourGuideService.java:169)
	at tourGuide.service.TourGuideService.lambda$trackUserLocationList$1(TourGuideService.java:190)
	at java.util.concurrent.ThreadPoolExecutor.runWorker(ThreadPoolExecutor.java:1149)
	at java.util.concurrent.ThreadPoolExecutor$Worker.run(ThreadPoolExecutor.java:624)
	at java.lang.Thread.run(Thread.java:748)
Exception in thread "pool-4-thread-1368" java.lang.NullPointerException
	at tourGuide.service.GpsUtilProxyServiceImpl.getUserLocation(GpsUtilProxyServiceImpl.java:24)
	at tourGuide.service.TourGuideService.trackUserLocation(TourGuideService.java:169)
	at tourGuide.service.TourGuideService.lambda$trackUserLocationList$1(TourGuideService.java:190)
	at java.util.concurrent.ThreadPoolExecutor.runWorker(ThreadPoolExecutor.java:1149)
	at java.util.concurrent.ThreadPoolExecutor$Worker.run(ThreadPoolExecutor.java:624)
	at java.lang.Thread.run(Thread.java:748)
Exception in thread "pool-4-thread-1367" java.lang.NullPointerException
	at tourGuide.service.GpsUtilProxyServiceImpl.getUserLocation(GpsUtilProxyServiceImpl.java:24)
	at tourGuide.service.TourGuideService.trackUserLocation(TourGuideService.java:169)
	at tourGuide.service.TourGuideService.lambda$trackUserLocationList$1(TourGuideService.java:190)
	at java.util.concurrent.ThreadPoolExecutor.runWorker(ThreadPoolExecutor.java:1149)
	at java.util.concurrent.ThreadPoolExecutor$Worker.run(ThreadPoolExecutor.java:624)
	at java.lang.Thread.run(Thread.java:748)
Exception in thread "pool-4-thread-1371" java.lang.NullPointerException
	at tourGuide.service.GpsUtilProxyServiceImpl.getUserLocation(GpsUtilProxyServiceImpl.java:24)
	at tourGuide.service.TourGuideService.trackUserLocation(TourGuideService.java:169)
	at tourGuide.service.TourGuideService.lambda$trackUserLocationList$1(TourGuideService.java:190)
	at java.util.concurrent.ThreadPoolExecutor.runWorker(ThreadPoolExecutor.java:1149)
	at java.util.concurrent.ThreadPoolExecutor$Worker.run(ThreadPoolExecutor.java:624)
	at java.lang.Thread.run(Thread.java:748)
Exception in thread "pool-4-thread-1369" java.lang.NullPointerException
	at tourGuide.service.GpsUtilProxyServiceImpl.getUserLocation(GpsUtilProxyServiceImpl.java:24)
	at tourGuide.service.TourGuideService.trackUserLocation(TourGuideService.java:169)
	at tourGuide.service.TourGuideService.lambda$trackUserLocationList$1(TourGuideService.java:190)
	at java.util.concurrent.ThreadPoolExecutor.runWorker(ThreadPoolExecutor.java:1149)
	at java.util.concurrent.ThreadPoolExecutor$Worker.run(ThreadPoolExecutor.java:624)
	at java.lang.Thread.run(Thread.java:748)
Exception in thread "pool-4-thread-1365" java.lang.NullPointerException
	at tourGuide.service.GpsUtilProxyServiceImpl.getUserLocation(GpsUtilProxyServiceImpl.java:24)
	at tourGuide.service.TourGuideService.trackUserLocation(TourGuideService.java:169)
	at tourGuide.service.TourGuideService.lambda$trackUserLocationList$1(TourGuideService.java:190)
	at java.util.concurrent.ThreadPoolExecutor.runWorker(ThreadPoolExecutor.java:1149)
	at java.util.concurrent.ThreadPoolExecutor$Worker.run(ThreadPoolExecutor.java:624)
	at java.lang.Thread.run(Thread.java:748)
Exception in thread "pool-4-thread-1364" java.lang.NullPointerException
	at tourGuide.service.GpsUtilProxyServiceImpl.getUserLocation(GpsUtilProxyServiceImpl.java:24)
	at tourGuide.service.TourGuideService.trackUserLocation(TourGuideService.java:169)
	at tourGuide.service.TourGuideService.lambda$trackUserLocationList$1(TourGuideService.java:190)
	at java.util.concurrent.ThreadPoolExecutor.runWorker(ThreadPoolExecutor.java:1149)
	at java.util.concurrent.ThreadPoolExecutor$Worker.run(ThreadPoolExecutor.java:624)
	at java.lang.Thread.run(Thread.java:748)
Exception in thread "pool-4-thread-1362" java.lang.NullPointerException
	at tourGuide.service.GpsUtilProxyServiceImpl.getUserLocation(GpsUtilProxyServiceImpl.java:24)
	at tourGuide.service.TourGuideService.trackUserLocation(TourGuideService.java:169)
	at tourGuide.service.TourGuideService.lambda$trackUserLocationList$1(TourGuideService.java:190)
	at java.util.concurrent.ThreadPoolExecutor.runWorker(ThreadPoolExecutor.java:1149)
	at java.util.concurrent.ThreadPoolExecutor$Worker.run(ThreadPoolExecutor.java:624)
	at java.lang.Thread.run(Thread.java:748)
Exception in thread "pool-4-thread-1359" java.lang.NullPointerException
	at tourGuide.service.GpsUtilProxyServiceImpl.getUserLocation(GpsUtilProxyServiceImpl.java:24)
	at tourGuide.service.TourGuideService.trackUserLocation(TourGuideService.java:169)
	at tourGuide.service.TourGuideService.lambda$trackUserLocationList$1(TourGuideService.java:190)
	at java.util.concurrent.ThreadPoolExecutor.runWorker(ThreadPoolExecutor.java:1149)
	at java.util.concurrent.ThreadPoolExecutor$Worker.run(ThreadPoolExecutor.java:624)
	at java.lang.Thread.run(Thread.java:748)
Exception in thread "pool-4-thread-1366" java.lang.NullPointerException
	at tourGuide.service.GpsUtilProxyServiceImpl.getUserLocation(GpsUtilProxyServiceImpl.java:24)
	at tourGuide.service.TourGuideService.trackUserLocation(TourGuideService.java:169)
	at tourGuide.service.TourGuideService.lambda$trackUserLocationList$1(TourGuideService.java:190)
	at java.util.concurrent.ThreadPoolExecutor.runWorker(ThreadPoolExecutor.java:1149)
	at java.util.concurrent.ThreadPoolExecutor$Worker.run(ThreadPoolExecutor.java:624)
	at java.lang.Thread.run(Thread.java:748)
Exception in thread "pool-4-thread-1361" java.lang.NullPointerException
	at tourGuide.service.GpsUtilProxyServiceImpl.getUserLocation(GpsUtilProxyServiceImpl.java:24)
	at tourGuide.service.TourGuideService.trackUserLocation(TourGuideService.java:169)
	at tourGuide.service.TourGuideService.lambda$trackUserLocationList$1(TourGuideService.java:190)
	at java.util.concurrent.ThreadPoolExecutor.runWorker(ThreadPoolExecutor.java:1149)
	at java.util.concurrent.ThreadPoolExecutor$Worker.run(ThreadPoolExecutor.java:624)
	at java.lang.Thread.run(Thread.java:748)
Exception in thread "pool-4-thread-1360" java.lang.NullPointerException
	at tourGuide.service.GpsUtilProxyServiceImpl.getUserLocation(GpsUtilProxyServiceImpl.java:24)
	at tourGuide.service.TourGuideService.trackUserLocation(TourGuideService.java:169)
	at tourGuide.service.TourGuideService.lambda$trackUserLocationList$1(TourGuideService.java:190)
	at java.util.concurrent.ThreadPoolExecutor.runWorker(ThreadPoolExecutor.java:1149)
	at java.util.concurrent.ThreadPoolExecutor$Worker.run(ThreadPoolExecutor.java:624)
	at java.lang.Thread.run(Thread.java:748)
Exception in thread "pool-4-thread-1356" java.lang.NullPointerException
	at tourGuide.service.GpsUtilProxyServiceImpl.getUserLocation(GpsUtilProxyServiceImpl.java:24)
	at tourGuide.service.TourGuideService.trackUserLocation(TourGuideService.java:169)
	at tourGuide.service.TourGuideService.lambda$trackUserLocationList$1(TourGuideService.java:190)
	at java.util.concurrent.ThreadPoolExecutor.runWorker(ThreadPoolExecutor.java:1149)
	at java.util.concurrent.ThreadPoolExecutor$Worker.run(ThreadPoolExecutor.java:624)
	at java.lang.Thread.run(Thread.java:748)
Exception in thread "pool-4-thread-1355" java.lang.NullPointerException
	at tourGuide.service.GpsUtilProxyServiceImpl.getUserLocation(GpsUtilProxyServiceImpl.java:24)
	at tourGuide.service.TourGuideService.trackUserLocation(TourGuideService.java:169)
	at tourGuide.service.TourGuideService.lambda$trackUserLocationList$1(TourGuideService.java:190)
	at java.util.concurrent.ThreadPoolExecutor.runWorker(ThreadPoolExecutor.java:1149)
	at java.util.concurrent.ThreadPoolExecutor$Worker.run(ThreadPoolExecutor.java:624)
	at java.lang.Thread.run(Thread.java:748)
Exception in thread "pool-4-thread-1354" java.lang.NullPointerException
	at tourGuide.service.GpsUtilProxyServiceImpl.getUserLocation(GpsUtilProxyServiceImpl.java:24)
	at tourGuide.service.TourGuideService.trackUserLocation(TourGuideService.java:169)
	at tourGuide.service.TourGuideService.lambda$trackUserLocationList$1(TourGuideService.java:190)
	at java.util.concurrent.ThreadPoolExecutor.runWorker(ThreadPoolExecutor.java:1149)
	at java.util.concurrent.ThreadPoolExecutor$Worker.run(ThreadPoolExecutor.java:624)
	at java.lang.Thread.run(Thread.java:748)
Exception in thread "pool-4-thread-1353" java.lang.NullPointerException
	at tourGuide.service.GpsUtilProxyServiceImpl.getUserLocation(GpsUtilProxyServiceImpl.java:24)
	at tourGuide.service.TourGuideService.trackUserLocation(TourGuideService.java:169)
	at tourGuide.service.TourGuideService.lambda$trackUserLocationList$1(TourGuideService.java:190)
	at java.util.concurrent.ThreadPoolExecutor.runWorker(ThreadPoolExecutor.java:1149)
	at java.util.concurrent.ThreadPoolExecutor$Worker.run(ThreadPoolExecutor.java:624)
	at java.lang.Thread.run(Thread.java:748)
Exception in thread "pool-4-thread-1352" java.lang.NullPointerException
	at tourGuide.service.GpsUtilProxyServiceImpl.getUserLocation(GpsUtilProxyServiceImpl.java:24)
	at tourGuide.service.TourGuideService.trackUserLocation(TourGuideService.java:169)
	at tourGuide.service.TourGuideService.lambda$trackUserLocationList$1(TourGuideService.java:190)
	at java.util.concurrent.ThreadPoolExecutor.runWorker(ThreadPoolExecutor.java:1149)
	at java.util.concurrent.ThreadPoolExecutor$Worker.run(ThreadPoolExecutor.java:624)
	at java.lang.Thread.run(Thread.java:748)
Exception in thread "pool-4-thread-1358" java.lang.NullPointerException
	at tourGuide.service.GpsUtilProxyServiceImpl.getUserLocation(GpsUtilProxyServiceImpl.java:24)
	at tourGuide.service.TourGuideService.trackUserLocation(TourGuideService.java:169)
	at tourGuide.service.TourGuideService.lambda$trackUserLocationList$1(TourGuideService.java:190)
	at java.util.concurrent.ThreadPoolExecutor.runWorker(ThreadPoolExecutor.java:1149)
	at java.util.concurrent.ThreadPoolExecutor$Worker.run(ThreadPoolExecutor.java:624)
	at java.lang.Thread.run(Thread.java:748)
Exception in thread "pool-4-thread-1350" java.lang.NullPointerException
	at tourGuide.service.GpsUtilProxyServiceImpl.getUserLocation(GpsUtilProxyServiceImpl.java:24)
	at tourGuide.service.TourGuideService.trackUserLocation(TourGuideService.java:169)
	at tourGuide.service.TourGuideService.lambda$trackUserLocationList$1(TourGuideService.java:190)
	at java.util.concurrent.ThreadPoolExecutor.runWorker(ThreadPoolExecutor.java:1149)
	at java.util.concurrent.ThreadPoolExecutor$Worker.run(ThreadPoolExecutor.java:624)
	at java.lang.Thread.run(Thread.java:748)
Exception in thread "pool-4-thread-1351" java.lang.NullPointerException
	at tourGuide.service.GpsUtilProxyServiceImpl.getUserLocation(GpsUtilProxyServiceImpl.java:24)
	at tourGuide.service.TourGuideService.trackUserLocation(TourGuideService.java:169)
	at tourGuide.service.TourGuideService.lambda$trackUserLocationList$1(TourGuideService.java:190)
	at java.util.concurrent.ThreadPoolExecutor.runWorker(ThreadPoolExecutor.java:1149)
	at java.util.concurrent.ThreadPoolExecutor$Worker.run(ThreadPoolExecutor.java:624)
	at java.lang.Thread.run(Thread.java:748)
Exception in thread "pool-4-thread-1347" java.lang.NullPointerException
	at tourGuide.service.GpsUtilProxyServiceImpl.getUserLocation(GpsUtilProxyServiceImpl.java:24)
	at tourGuide.service.TourGuideService.trackUserLocation(TourGuideService.java:169)
	at tourGuide.service.TourGuideService.lambda$trackUserLocationList$1(TourGuideService.java:190)
	at java.util.concurrent.ThreadPoolExecutor.runWorker(ThreadPoolExecutor.java:1149)
	at java.util.concurrent.ThreadPoolExecutor$Worker.run(ThreadPoolExecutor.java:624)
	at java.lang.Thread.run(Thread.java:748)
Exception in thread "pool-4-thread-1349" java.lang.NullPointerException
	at tourGuide.service.GpsUtilProxyServiceImpl.getUserLocation(GpsUtilProxyServiceImpl.java:24)
	at tourGuide.service.TourGuideService.trackUserLocation(TourGuideService.java:169)
	at tourGuide.service.TourGuideService.lambda$trackUserLocationList$1(TourGuideService.java:190)
	at java.util.concurrent.ThreadPoolExecutor.runWorker(ThreadPoolExecutor.java:1149)
	at java.util.concurrent.ThreadPoolExecutor$Worker.run(ThreadPoolExecutor.java:624)
	at java.lang.Thread.run(Thread.java:748)
Exception in thread "pool-4-thread-1346" java.lang.NullPointerException
	at tourGuide.service.GpsUtilProxyServiceImpl.getUserLocation(GpsUtilProxyServiceImpl.java:24)
	at tourGuide.service.TourGuideService.trackUserLocation(TourGuideService.java:169)
	at tourGuide.service.TourGuideService.lambda$trackUserLocationList$1(TourGuideService.java:190)
	at java.util.concurrent.ThreadPoolExecutor.runWorker(ThreadPoolExecutor.java:1149)
	at java.util.concurrent.ThreadPoolExecutor$Worker.run(ThreadPoolExecutor.java:624)
	at java.lang.Thread.run(Thread.java:748)
Exception in thread "pool-4-thread-1348" java.lang.NullPointerException
	at tourGuide.service.GpsUtilProxyServiceImpl.getUserLocation(GpsUtilProxyServiceImpl.java:24)
	at tourGuide.service.TourGuideService.trackUserLocation(TourGuideService.java:169)
	at tourGuide.service.TourGuideService.lambda$trackUserLocationList$1(TourGuideService.java:190)
	at java.util.concurrent.ThreadPoolExecutor.runWorker(ThreadPoolExecutor.java:1149)
	at java.util.concurrent.ThreadPoolExecutor$Worker.run(ThreadPoolExecutor.java:624)
	at java.lang.Thread.run(Thread.java:748)
Exception in thread "pool-4-thread-1345" java.lang.NullPointerException
	at tourGuide.service.GpsUtilProxyServiceImpl.getUserLocation(GpsUtilProxyServiceImpl.java:24)
	at tourGuide.service.TourGuideService.trackUserLocation(TourGuideService.java:169)
	at tourGuide.service.TourGuideService.lambda$trackUserLocationList$1(TourGuideService.java:190)
	at java.util.concurrent.ThreadPoolExecutor.runWorker(ThreadPoolExecutor.java:1149)
	at java.util.concurrent.ThreadPoolExecutor$Worker.run(ThreadPoolExecutor.java:624)
	at java.lang.Thread.run(Thread.java:748)
Exception in thread "pool-4-thread-1357" java.lang.NullPointerException
	at tourGuide.service.GpsUtilProxyServiceImpl.getUserLocation(GpsUtilProxyServiceImpl.java:24)
	at tourGuide.service.TourGuideService.trackUserLocation(TourGuideService.java:169)
	at tourGuide.service.TourGuideService.lambda$trackUserLocationList$1(TourGuideService.java:190)
	at java.util.concurrent.ThreadPoolExecutor.runWorker(ThreadPoolExecutor.java:1149)
	at java.util.concurrent.ThreadPoolExecutor$Worker.run(ThreadPoolExecutor.java:624)
	at java.lang.Thread.run(Thread.java:748)
Exception in thread "pool-4-thread-1344" java.lang.NullPointerException
	at tourGuide.service.GpsUtilProxyServiceImpl.getUserLocation(GpsUtilProxyServiceImpl.java:24)
	at tourGuide.service.TourGuideService.trackUserLocation(TourGuideService.java:169)
	at tourGuide.service.TourGuideService.lambda$trackUserLocationList$1(TourGuideService.java:190)
	at java.util.concurrent.ThreadPoolExecutor.runWorker(ThreadPoolExecutor.java:1149)
	at java.util.concurrent.ThreadPoolExecutor$Worker.run(ThreadPoolExecutor.java:624)
	at java.lang.Thread.run(Thread.java:748)
Exception in thread "pool-4-thread-1159" java.lang.NullPointerException
	at tourGuide.service.GpsUtilProxyServiceImpl.getUserLocation(GpsUtilProxyServiceImpl.java:24)
	at tourGuide.service.TourGuideService.trackUserLocation(TourGuideService.java:169)
	at tourGuide.service.TourGuideService.lambda$trackUserLocationList$1(TourGuideService.java:190)
	at java.util.concurrent.ThreadPoolExecutor.runWorker(ThreadPoolExecutor.java:1149)
	at java.util.concurrent.ThreadPoolExecutor$Worker.run(ThreadPoolExecutor.java:624)
	at java.lang.Thread.run(Thread.java:748)
Exception in thread "pool-4-thread-1158" java.lang.NullPointerException
	at tourGuide.service.GpsUtilProxyServiceImpl.getUserLocation(GpsUtilProxyServiceImpl.java:24)
	at tourGuide.service.TourGuideService.trackUserLocation(TourGuideService.java:169)
	at tourGuide.service.TourGuideService.lambda$trackUserLocationList$1(TourGuideService.java:190)
	at java.util.concurrent.ThreadPoolExecutor.runWorker(ThreadPoolExecutor.java:1149)
	at java.util.concurrent.ThreadPoolExecutor$Worker.run(ThreadPoolExecutor.java:624)
	at java.lang.Thread.run(Thread.java:748)
Exception in thread "pool-4-thread-1161" java.lang.NullPointerException
	at tourGuide.service.GpsUtilProxyServiceImpl.getUserLocation(GpsUtilProxyServiceImpl.java:24)
	at tourGuide.service.TourGuideService.trackUserLocation(TourGuideService.java:169)
	at tourGuide.service.TourGuideService.lambda$trackUserLocationList$1(TourGuideService.java:190)
	at java.util.concurrent.ThreadPoolExecutor.runWorker(ThreadPoolExecutor.java:1149)
	at java.util.concurrent.ThreadPoolExecutor$Worker.run(ThreadPoolExecutor.java:624)
	at java.lang.Thread.run(Thread.java:748)
Exception in thread "pool-4-thread-1162" java.lang.NullPointerException
	at tourGuide.service.GpsUtilProxyServiceImpl.getUserLocation(GpsUtilProxyServiceImpl.java:24)
	at tourGuide.service.TourGuideService.trackUserLocation(TourGuideService.java:169)
	at tourGuide.service.TourGuideService.lambda$trackUserLocationList$1(TourGuideService.java:190)
	at java.util.concurrent.ThreadPoolExecutor.runWorker(ThreadPoolExecutor.java:1149)
	at java.util.concurrent.ThreadPoolExecutor$Worker.run(ThreadPoolExecutor.java:624)
	at java.lang.Thread.run(Thread.java:748)
Exception in thread "pool-4-thread-1164" java.lang.NullPointerException
	at tourGuide.service.GpsUtilProxyServiceImpl.getUserLocation(GpsUtilProxyServiceImpl.java:24)
	at tourGuide.service.TourGuideService.trackUserLocation(TourGuideService.java:169)
	at tourGuide.service.TourGuideService.lambda$trackUserLocationList$1(TourGuideService.java:190)
	at java.util.concurrent.ThreadPoolExecutor.runWorker(ThreadPoolExecutor.java:1149)
	at java.util.concurrent.ThreadPoolExecutor$Worker.run(ThreadPoolExecutor.java:624)
	at java.lang.Thread.run(Thread.java:748)
Exception in thread "pool-4-thread-1168" java.lang.NullPointerException
	at tourGuide.service.GpsUtilProxyServiceImpl.getUserLocation(GpsUtilProxyServiceImpl.java:24)
	at tourGuide.service.TourGuideService.trackUserLocation(TourGuideService.java:169)
	at tourGuide.service.TourGuideService.lambda$trackUserLocationList$1(TourGuideService.java:190)
	at java.util.concurrent.ThreadPoolExecutor.runWorker(ThreadPoolExecutor.java:1149)
	at java.util.concurrent.ThreadPoolExecutor$Worker.run(ThreadPoolExecutor.java:624)
	at java.lang.Thread.run(Thread.java:748)
Exception in thread "pool-4-thread-1165" java.lang.NullPointerException
	at tourGuide.service.GpsUtilProxyServiceImpl.getUserLocation(GpsUtilProxyServiceImpl.java:24)
	at tourGuide.service.TourGuideService.trackUserLocation(TourGuideService.java:169)
	at tourGuide.service.TourGuideService.lambda$trackUserLocationList$1(TourGuideService.java:190)
	at java.util.concurrent.ThreadPoolExecutor.runWorker(ThreadPoolExecutor.java:1149)
	at java.util.concurrent.ThreadPoolExecutor$Worker.run(ThreadPoolExecutor.java:624)
	at java.lang.Thread.run(Thread.java:748)
Exception in thread "pool-4-thread-1166" java.lang.NullPointerException
	at tourGuide.service.GpsUtilProxyServiceImpl.getUserLocation(GpsUtilProxyServiceImpl.java:24)
	at tourGuide.service.TourGuideService.trackUserLocation(TourGuideService.java:169)
	at tourGuide.service.TourGuideService.lambda$trackUserLocationList$1(TourGuideService.java:190)
	at java.util.concurrent.ThreadPoolExecutor.runWorker(ThreadPoolExecutor.java:1149)
	at java.util.concurrent.ThreadPoolExecutor$Worker.run(ThreadPoolExecutor.java:624)
	at java.lang.Thread.run(Thread.java:748)
Exception in thread "pool-4-thread-1169" java.lang.NullPointerException
	at tourGuide.service.GpsUtilProxyServiceImpl.getUserLocation(GpsUtilProxyServiceImpl.java:24)
	at tourGuide.service.TourGuideService.trackUserLocation(TourGuideService.java:169)
	at tourGuide.service.TourGuideService.lambda$trackUserLocationList$1(TourGuideService.java:190)
	at java.util.concurrent.ThreadPoolExecutor.runWorker(ThreadPoolExecutor.java:1149)
	at java.util.concurrent.ThreadPoolExecutor$Worker.run(ThreadPoolExecutor.java:624)
	at java.lang.Thread.run(Thread.java:748)
Exception in thread "pool-4-thread-1167" java.lang.NullPointerException
	at tourGuide.service.GpsUtilProxyServiceImpl.getUserLocation(GpsUtilProxyServiceImpl.java:24)
	at tourGuide.service.TourGuideService.trackUserLocation(TourGuideService.java:169)
	at tourGuide.service.TourGuideService.lambda$trackUserLocationList$1(TourGuideService.java:190)
	at java.util.concurrent.ThreadPoolExecutor.runWorker(ThreadPoolExecutor.java:1149)
	at java.util.concurrent.ThreadPoolExecutor$Worker.run(ThreadPoolExecutor.java:624)
	at java.lang.Thread.run(Thread.java:748)
Exception in thread "pool-4-thread-1170" java.lang.NullPointerException
	at tourGuide.service.GpsUtilProxyServiceImpl.getUserLocation(GpsUtilProxyServiceImpl.java:24)
	at tourGuide.service.TourGuideService.trackUserLocation(TourGuideService.java:169)
	at tourGuide.service.TourGuideService.lambda$trackUserLocationList$1(TourGuideService.java:190)
	at java.util.concurrent.ThreadPoolExecutor.runWorker(ThreadPoolExecutor.java:1149)
	at java.util.concurrent.ThreadPoolExecutor$Worker.run(ThreadPoolExecutor.java:624)
	at java.lang.Thread.run(Thread.java:748)
Exception in thread "pool-4-thread-1172" java.lang.NullPointerException
	at tourGuide.service.GpsUtilProxyServiceImpl.getUserLocation(GpsUtilProxyServiceImpl.java:24)
	at tourGuide.service.TourGuideService.trackUserLocation(TourGuideService.java:169)
	at tourGuide.service.TourGuideService.lambda$trackUserLocationList$1(TourGuideService.java:190)
	at java.util.concurrent.ThreadPoolExecutor.runWorker(ThreadPoolExecutor.java:1149)
	at java.util.concurrent.ThreadPoolExecutor$Worker.run(ThreadPoolExecutor.java:624)
	at java.lang.Thread.run(Thread.java:748)
Exception in thread "pool-4-thread-1174" java.lang.NullPointerException
	at tourGuide.service.GpsUtilProxyServiceImpl.getUserLocation(GpsUtilProxyServiceImpl.java:24)
	at tourGuide.service.TourGuideService.trackUserLocation(TourGuideService.java:169)
	at tourGuide.service.TourGuideService.lambda$trackUserLocationList$1(TourGuideService.java:190)
	at java.util.concurrent.ThreadPoolExecutor.runWorker(ThreadPoolExecutor.java:1149)
	at java.util.concurrent.ThreadPoolExecutor$Worker.run(ThreadPoolExecutor.java:624)
	at java.lang.Thread.run(Thread.java:748)
Exception in thread "pool-4-thread-1176" java.lang.NullPointerException
	at tourGuide.service.GpsUtilProxyServiceImpl.getUserLocation(GpsUtilProxyServiceImpl.java:24)
	at tourGuide.service.TourGuideService.trackUserLocation(TourGuideService.java:169)
	at tourGuide.service.TourGuideService.lambda$trackUserLocationList$1(TourGuideService.java:190)
	at java.util.concurrent.ThreadPoolExecutor.runWorker(ThreadPoolExecutor.java:1149)
	at java.util.concurrent.ThreadPoolExecutor$Worker.run(ThreadPoolExecutor.java:624)
	at java.lang.Thread.run(Thread.java:748)
Exception in thread "pool-4-thread-1175" java.lang.NullPointerException
	at tourGuide.service.GpsUtilProxyServiceImpl.getUserLocation(GpsUtilProxyServiceImpl.java:24)
	at tourGuide.service.TourGuideService.trackUserLocation(TourGuideService.java:169)
	at tourGuide.service.TourGuideService.lambda$trackUserLocationList$1(TourGuideService.java:190)
	at java.util.concurrent.ThreadPoolExecutor.runWorker(ThreadPoolExecutor.java:1149)
	at java.util.concurrent.ThreadPoolExecutor$Worker.run(ThreadPoolExecutor.java:624)
	at java.lang.Thread.run(Thread.java:748)
Exception in thread "pool-4-thread-1178" java.lang.NullPointerException
	at tourGuide.service.GpsUtilProxyServiceImpl.getUserLocation(GpsUtilProxyServiceImpl.java:24)
	at tourGuide.service.TourGuideService.trackUserLocation(TourGuideService.java:169)
	at tourGuide.service.TourGuideService.lambda$trackUserLocationList$1(TourGuideService.java:190)
	at java.util.concurrent.ThreadPoolExecutor.runWorker(ThreadPoolExecutor.java:1149)
	at java.util.concurrent.ThreadPoolExecutor$Worker.run(ThreadPoolExecutor.java:624)
	at java.lang.Thread.run(Thread.java:748)
Exception in thread "pool-4-thread-1177" java.lang.NullPointerException
	at tourGuide.service.GpsUtilProxyServiceImpl.getUserLocation(GpsUtilProxyServiceImpl.java:24)
	at tourGuide.service.TourGuideService.trackUserLocation(TourGuideService.java:169)
	at tourGuide.service.TourGuideService.lambda$trackUserLocationList$1(TourGuideService.java:190)
	at java.util.concurrent.ThreadPoolExecutor.runWorker(ThreadPoolExecutor.java:1149)
	at java.util.concurrent.ThreadPoolExecutor$Worker.run(ThreadPoolExecutor.java:624)
	at java.lang.Thread.run(Thread.java:748)
Exception in thread "pool-4-thread-1180" java.lang.NullPointerException
	at tourGuide.service.GpsUtilProxyServiceImpl.getUserLocation(GpsUtilProxyServiceImpl.java:24)
	at tourGuide.service.TourGuideService.trackUserLocation(TourGuideService.java:169)
	at tourGuide.service.TourGuideService.lambda$trackUserLocationList$1(TourGuideService.java:190)
	at java.util.concurrent.ThreadPoolExecutor.runWorker(ThreadPoolExecutor.java:1149)
	at java.util.concurrent.ThreadPoolExecutor$Worker.run(ThreadPoolExecutor.java:624)
	at java.lang.Thread.run(Thread.java:748)
Exception in thread "pool-4-thread-1179" java.lang.NullPointerException
	at tourGuide.service.GpsUtilProxyServiceImpl.getUserLocation(GpsUtilProxyServiceImpl.java:24)
	at tourGuide.service.TourGuideService.trackUserLocation(TourGuideService.java:169)
	at tourGuide.service.TourGuideService.lambda$trackUserLocationList$1(TourGuideService.java:190)
	at java.util.concurrent.ThreadPoolExecutor.runWorker(ThreadPoolExecutor.java:1149)
	at java.util.concurrent.ThreadPoolExecutor$Worker.run(ThreadPoolExecutor.java:624)
	at java.lang.Thread.run(Thread.java:748)
Exception in thread "pool-4-thread-1182" java.lang.NullPointerException
	at tourGuide.service.GpsUtilProxyServiceImpl.getUserLocation(GpsUtilProxyServiceImpl.java:24)
	at tourGuide.service.TourGuideService.trackUserLocation(TourGuideService.java:169)
	at tourGuide.service.TourGuideService.lambda$trackUserLocationList$1(TourGuideService.java:190)
	at java.util.concurrent.ThreadPoolExecutor.runWorker(ThreadPoolExecutor.java:1149)
	at java.util.concurrent.ThreadPoolExecutor$Worker.run(ThreadPoolExecutor.java:624)
	at java.lang.Thread.run(Thread.java:748)
Exception in thread "pool-4-thread-1181" java.lang.NullPointerException
	at tourGuide.service.GpsUtilProxyServiceImpl.getUserLocation(GpsUtilProxyServiceImpl.java:24)
	at tourGuide.service.TourGuideService.trackUserLocation(TourGuideService.java:169)
	at tourGuide.service.TourGuideService.lambda$trackUserLocationList$1(TourGuideService.java:190)
	at java.util.concurrent.ThreadPoolExecutor.runWorker(ThreadPoolExecutor.java:1149)
	at java.util.concurrent.ThreadPoolExecutor$Worker.run(ThreadPoolExecutor.java:624)
	at java.lang.Thread.run(Thread.java:748)
Exception in thread "pool-4-thread-1183" java.lang.NullPointerException
	at tourGuide.service.GpsUtilProxyServiceImpl.getUserLocation(GpsUtilProxyServiceImpl.java:24)
	at tourGuide.service.TourGuideService.trackUserLocation(TourGuideService.java:169)
	at tourGuide.service.TourGuideService.lambda$trackUserLocationList$1(TourGuideService.java:190)
	at java.util.concurrent.ThreadPoolExecutor.runWorker(ThreadPoolExecutor.java:1149)
	at java.util.concurrent.ThreadPoolExecutor$Worker.run(ThreadPoolExecutor.java:624)
	at java.lang.Thread.run(Thread.java:748)
Exception in thread "pool-4-thread-1185" java.lang.NullPointerException
	at tourGuide.service.GpsUtilProxyServiceImpl.getUserLocation(GpsUtilProxyServiceImpl.java:24)
	at tourGuide.service.TourGuideService.trackUserLocation(TourGuideService.java:169)
	at tourGuide.service.TourGuideService.lambda$trackUserLocationList$1(TourGuideService.java:190)
	at java.util.concurrent.ThreadPoolExecutor.runWorker(ThreadPoolExecutor.java:1149)
	at java.util.concurrent.ThreadPoolExecutor$Worker.run(ThreadPoolExecutor.java:624)
	at java.lang.Thread.run(Thread.java:748)
Exception in thread "pool-4-thread-1186" java.lang.NullPointerException
	at tourGuide.service.GpsUtilProxyServiceImpl.getUserLocation(GpsUtilProxyServiceImpl.java:24)
	at tourGuide.service.TourGuideService.trackUserLocation(TourGuideService.java:169)
	at tourGuide.service.TourGuideService.lambda$trackUserLocationList$1(TourGuideService.java:190)
	at java.util.concurrent.ThreadPoolExecutor.runWorker(ThreadPoolExecutor.java:1149)
	at java.util.concurrent.ThreadPoolExecutor$Worker.run(ThreadPoolExecutor.java:624)
	at java.lang.Thread.run(Thread.java:748)
Exception in thread "pool-4-thread-1191" java.lang.NullPointerException
	at tourGuide.service.GpsUtilProxyServiceImpl.getUserLocation(GpsUtilProxyServiceImpl.java:24)
	at tourGuide.service.TourGuideService.trackUserLocation(TourGuideService.java:169)
	at tourGuide.service.TourGuideService.lambda$trackUserLocationList$1(TourGuideService.java:190)
	at java.util.concurrent.ThreadPoolExecutor.runWorker(ThreadPoolExecutor.java:1149)
	at java.util.concurrent.ThreadPoolExecutor$Worker.run(ThreadPoolExecutor.java:624)
	at java.lang.Thread.run(Thread.java:748)
Exception in thread "pool-4-thread-1188" java.lang.NullPointerException
	at tourGuide.service.GpsUtilProxyServiceImpl.getUserLocation(GpsUtilProxyServiceImpl.java:24)
	at tourGuide.service.TourGuideService.trackUserLocation(TourGuideService.java:169)
	at tourGuide.service.TourGuideService.lambda$trackUserLocationList$1(TourGuideService.java:190)
	at java.util.concurrent.ThreadPoolExecutor.runWorker(ThreadPoolExecutor.java:1149)
	at java.util.concurrent.ThreadPoolExecutor$Worker.run(ThreadPoolExecutor.java:624)
	at java.lang.Thread.run(Thread.java:748)
Exception in thread "pool-4-thread-1190" java.lang.NullPointerException
	at tourGuide.service.GpsUtilProxyServiceImpl.getUserLocation(GpsUtilProxyServiceImpl.java:24)
	at tourGuide.service.TourGuideService.trackUserLocation(TourGuideService.java:169)
	at tourGuide.service.TourGuideService.lambda$trackUserLocationList$1(TourGuideService.java:190)
	at java.util.concurrent.ThreadPoolExecutor.runWorker(ThreadPoolExecutor.java:1149)
	at java.util.concurrent.ThreadPoolExecutor$Worker.run(ThreadPoolExecutor.java:624)
	at java.lang.Thread.run(Thread.java:748)
Exception in thread "pool-4-thread-1193" java.lang.NullPointerException
	at tourGuide.service.GpsUtilProxyServiceImpl.getUserLocation(GpsUtilProxyServiceImpl.java:24)
	at tourGuide.service.TourGuideService.trackUserLocation(TourGuideService.java:169)
	at tourGuide.service.TourGuideService.lambda$trackUserLocationList$1(TourGuideService.java:190)
	at java.util.concurrent.ThreadPoolExecutor.runWorker(ThreadPoolExecutor.java:1149)
	at java.util.concurrent.ThreadPoolExecutor$Worker.run(ThreadPoolExecutor.java:624)
	at java.lang.Thread.run(Thread.java:748)
Exception in thread "pool-4-thread-1194" java.lang.NullPointerException
	at tourGuide.service.GpsUtilProxyServiceImpl.getUserLocation(GpsUtilProxyServiceImpl.java:24)
	at tourGuide.service.TourGuideService.trackUserLocation(TourGuideService.java:169)
	at tourGuide.service.TourGuideService.lambda$trackUserLocationList$1(TourGuideService.java:190)
	at java.util.concurrent.ThreadPoolExecutor.runWorker(ThreadPoolExecutor.java:1149)
	at java.util.concurrent.ThreadPoolExecutor$Worker.run(ThreadPoolExecutor.java:624)
	at java.lang.Thread.run(Thread.java:748)
Exception in thread "pool-4-thread-1189" java.lang.NullPointerException
	at tourGuide.service.GpsUtilProxyServiceImpl.getUserLocation(GpsUtilProxyServiceImpl.java:24)
	at tourGuide.service.TourGuideService.trackUserLocation(TourGuideService.java:169)
	at tourGuide.service.TourGuideService.lambda$trackUserLocationList$1(TourGuideService.java:190)
	at java.util.concurrent.ThreadPoolExecutor.runWorker(ThreadPoolExecutor.java:1149)
	at java.util.concurrent.ThreadPoolExecutor$Worker.run(ThreadPoolExecutor.java:624)
	at java.lang.Thread.run(Thread.java:748)
Exception in thread "pool-4-thread-1192" java.lang.NullPointerException
	at tourGuide.service.GpsUtilProxyServiceImpl.getUserLocation(GpsUtilProxyServiceImpl.java:24)
	at tourGuide.service.TourGuideService.trackUserLocation(TourGuideService.java:169)
	at tourGuide.service.TourGuideService.lambda$trackUserLocationList$1(TourGuideService.java:190)
	at java.util.concurrent.ThreadPoolExecutor.runWorker(ThreadPoolExecutor.java:1149)
	at java.util.concurrent.ThreadPoolExecutor$Worker.run(ThreadPoolExecutor.java:624)
	at java.lang.Thread.run(Thread.java:748)
Exception in thread "pool-4-thread-1198" java.lang.NullPointerException
	at tourGuide.service.GpsUtilProxyServiceImpl.getUserLocation(GpsUtilProxyServiceImpl.java:24)
	at tourGuide.service.TourGuideService.trackUserLocation(TourGuideService.java:169)
	at tourGuide.service.TourGuideService.lambda$trackUserLocationList$1(TourGuideService.java:190)
	at java.util.concurrent.ThreadPoolExecutor.runWorker(ThreadPoolExecutor.java:1149)
	at java.util.concurrent.ThreadPoolExecutor$Worker.run(ThreadPoolExecutor.java:624)
	at java.lang.Thread.run(Thread.java:748)
Exception in thread "pool-4-thread-1196" java.lang.NullPointerException
	at tourGuide.service.GpsUtilProxyServiceImpl.getUserLocation(GpsUtilProxyServiceImpl.java:24)
	at tourGuide.service.TourGuideService.trackUserLocation(TourGuideService.java:169)
	at tourGuide.service.TourGuideService.lambda$trackUserLocationList$1(TourGuideService.java:190)
	at java.util.concurrent.ThreadPoolExecutor.runWorker(ThreadPoolExecutor.java:1149)
	at java.util.concurrent.ThreadPoolExecutor$Worker.run(ThreadPoolExecutor.java:624)
	at java.lang.Thread.run(Thread.java:748)
Exception in thread "pool-4-thread-1197" java.lang.NullPointerException
	at tourGuide.service.GpsUtilProxyServiceImpl.getUserLocation(GpsUtilProxyServiceImpl.java:24)
	at tourGuide.service.TourGuideService.trackUserLocation(TourGuideService.java:169)
	at tourGuide.service.TourGuideService.lambda$trackUserLocationList$1(TourGuideService.java:190)
	at java.util.concurrent.ThreadPoolExecutor.runWorker(ThreadPoolExecutor.java:1149)
	at java.util.concurrent.ThreadPoolExecutor$Worker.run(ThreadPoolExecutor.java:624)
	at java.lang.Thread.run(Thread.java:748)
Exception in thread "pool-4-thread-1199" java.lang.NullPointerException
	at tourGuide.service.GpsUtilProxyServiceImpl.getUserLocation(GpsUtilProxyServiceImpl.java:24)
	at tourGuide.service.TourGuideService.trackUserLocation(TourGuideService.java:169)
	at tourGuide.service.TourGuideService.lambda$trackUserLocationList$1(TourGuideService.java:190)
	at java.util.concurrent.ThreadPoolExecutor.runWorker(ThreadPoolExecutor.java:1149)
	at java.util.concurrent.ThreadPoolExecutor$Worker.run(ThreadPoolExecutor.java:624)
	at java.lang.Thread.run(Thread.java:748)
Exception in thread "pool-4-thread-1205" java.lang.NullPointerException
	at tourGuide.service.GpsUtilProxyServiceImpl.getUserLocation(GpsUtilProxyServiceImpl.java:24)
	at tourGuide.service.TourGuideService.trackUserLocation(TourGuideService.java:169)
	at tourGuide.service.TourGuideService.lambda$trackUserLocationList$1(TourGuideService.java:190)
	at java.util.concurrent.ThreadPoolExecutor.runWorker(ThreadPoolExecutor.java:1149)
	at java.util.concurrent.ThreadPoolExecutor$Worker.run(ThreadPoolExecutor.java:624)
	at java.lang.Thread.run(Thread.java:748)
Exception in thread "pool-4-thread-1206" java.lang.NullPointerException
	at tourGuide.service.GpsUtilProxyServiceImpl.getUserLocation(GpsUtilProxyServiceImpl.java:24)
	at tourGuide.service.TourGuideService.trackUserLocation(TourGuideService.java:169)
	at tourGuide.service.TourGuideService.lambda$trackUserLocationList$1(TourGuideService.java:190)
	at java.util.concurrent.ThreadPoolExecutor.runWorker(ThreadPoolExecutor.java:1149)
	at java.util.concurrent.ThreadPoolExecutor$Worker.run(ThreadPoolExecutor.java:624)
	at java.lang.Thread.run(Thread.java:748)
Exception in thread "pool-4-thread-1203" java.lang.NullPointerException
	at tourGuide.service.GpsUtilProxyServiceImpl.getUserLocation(GpsUtilProxyServiceImpl.java:24)
	at tourGuide.service.TourGuideService.trackUserLocation(TourGuideService.java:169)
	at tourGuide.service.TourGuideService.lambda$trackUserLocationList$1(TourGuideService.java:190)
	at java.util.concurrent.ThreadPoolExecutor.runWorker(ThreadPoolExecutor.java:1149)
	at java.util.concurrent.ThreadPoolExecutor$Worker.run(ThreadPoolExecutor.java:624)
	at java.lang.Thread.run(Thread.java:748)
Exception in thread "pool-4-thread-1208" java.lang.NullPointerException
	at tourGuide.service.GpsUtilProxyServiceImpl.getUserLocation(GpsUtilProxyServiceImpl.java:24)
	at tourGuide.service.TourGuideService.trackUserLocation(TourGuideService.java:169)
	at tourGuide.service.TourGuideService.lambda$trackUserLocationList$1(TourGuideService.java:190)
	at java.util.concurrent.ThreadPoolExecutor.runWorker(ThreadPoolExecutor.java:1149)
	at java.util.concurrent.ThreadPoolExecutor$Worker.run(ThreadPoolExecutor.java:624)
	at java.lang.Thread.run(Thread.java:748)
Exception in thread "pool-4-thread-1318" java.lang.NullPointerException
	at tourGuide.service.GpsUtilProxyServiceImpl.getUserLocation(GpsUtilProxyServiceImpl.java:24)
	at tourGuide.service.TourGuideService.trackUserLocation(TourGuideService.java:169)
	at tourGuide.service.TourGuideService.lambda$trackUserLocationList$1(TourGuideService.java:190)
	at java.util.concurrent.ThreadPoolExecutor.runWorker(ThreadPoolExecutor.java:1149)
	at java.util.concurrent.ThreadPoolExecutor$Worker.run(ThreadPoolExecutor.java:624)
	at java.lang.Thread.run(Thread.java:748)
Exception in thread "pool-4-thread-1215" java.lang.NullPointerException
	at tourGuide.service.GpsUtilProxyServiceImpl.getUserLocation(GpsUtilProxyServiceImpl.java:24)
	at tourGuide.service.TourGuideService.trackUserLocation(TourGuideService.java:169)
	at tourGuide.service.TourGuideService.lambda$trackUserLocationList$1(TourGuideService.java:190)
	at java.util.concurrent.ThreadPoolExecutor.runWorker(ThreadPoolExecutor.java:1149)
	at java.util.concurrent.ThreadPoolExecutor$Worker.run(ThreadPoolExecutor.java:624)
	at java.lang.Thread.run(Thread.java:748)
Exception in thread "pool-4-thread-1213" java.lang.NullPointerException
	at tourGuide.service.GpsUtilProxyServiceImpl.getUserLocation(GpsUtilProxyServiceImpl.java:24)
	at tourGuide.service.TourGuideService.trackUserLocation(TourGuideService.java:169)
	at tourGuide.service.TourGuideService.lambda$trackUserLocationList$1(TourGuideService.java:190)
	at java.util.concurrent.ThreadPoolExecutor.runWorker(ThreadPoolExecutor.java:1149)
	at java.util.concurrent.ThreadPoolExecutor$Worker.run(ThreadPoolExecutor.java:624)
	at java.lang.Thread.run(Thread.java:748)
Exception in thread "pool-4-thread-1216" java.lang.NullPointerException
	at tourGuide.service.GpsUtilProxyServiceImpl.getUserLocation(GpsUtilProxyServiceImpl.java:24)
	at tourGuide.service.TourGuideService.trackUserLocation(TourGuideService.java:169)
	at tourGuide.service.TourGuideService.lambda$trackUserLocationList$1(TourGuideService.java:190)
	at java.util.concurrent.ThreadPoolExecutor.runWorker(ThreadPoolExecutor.java:1149)
	at java.util.concurrent.ThreadPoolExecutor$Worker.run(ThreadPoolExecutor.java:624)
	at java.lang.Thread.run(Thread.java:748)
Exception in thread "pool-4-thread-1212" java.lang.NullPointerException
	at tourGuide.service.GpsUtilProxyServiceImpl.getUserLocation(GpsUtilProxyServiceImpl.java:24)
	at tourGuide.service.TourGuideService.trackUserLocation(TourGuideService.java:169)
	at tourGuide.service.TourGuideService.lambda$trackUserLocationList$1(TourGuideService.java:190)
	at java.util.concurrent.ThreadPoolExecutor.runWorker(ThreadPoolExecutor.java:1149)
	at java.util.concurrent.ThreadPoolExecutor$Worker.run(ThreadPoolExecutor.java:624)
	at java.lang.Thread.run(Thread.java:748)
Exception in thread "pool-4-thread-1217" java.lang.NullPointerException
	at tourGuide.service.GpsUtilProxyServiceImpl.getUserLocation(GpsUtilProxyServiceImpl.java:24)
	at tourGuide.service.TourGuideService.trackUserLocation(TourGuideService.java:169)
	at tourGuide.service.TourGuideService.lambda$trackUserLocationList$1(TourGuideService.java:190)
	at java.util.concurrent.ThreadPoolExecutor.runWorker(ThreadPoolExecutor.java:1149)
	at java.util.concurrent.ThreadPoolExecutor$Worker.run(ThreadPoolExecutor.java:624)
	at java.lang.Thread.run(Thread.java:748)
Exception in thread "pool-4-thread-1218" java.lang.NullPointerException
	at tourGuide.service.GpsUtilProxyServiceImpl.getUserLocation(GpsUtilProxyServiceImpl.java:24)
	at tourGuide.service.TourGuideService.trackUserLocation(TourGuideService.java:169)
	at tourGuide.service.TourGuideService.lambda$trackUserLocationList$1(TourGuideService.java:190)
	at java.util.concurrent.ThreadPoolExecutor.runWorker(ThreadPoolExecutor.java:1149)
	at java.util.concurrent.ThreadPoolExecutor$Worker.run(ThreadPoolExecutor.java:624)
	at java.lang.Thread.run(Thread.java:748)
Exception in thread "pool-4-thread-1219" java.lang.NullPointerException
	at tourGuide.service.GpsUtilProxyServiceImpl.getUserLocation(GpsUtilProxyServiceImpl.java:24)
	at tourGuide.service.TourGuideService.trackUserLocation(TourGuideService.java:169)
	at tourGuide.service.TourGuideService.lambda$trackUserLocationList$1(TourGuideService.java:190)
	at java.util.concurrent.ThreadPoolExecutor.runWorker(ThreadPoolExecutor.java:1149)
	at java.util.concurrent.ThreadPoolExecutor$Worker.run(ThreadPoolExecutor.java:624)
	at java.lang.Thread.run(Thread.java:748)
Exception in thread "pool-4-thread-1220" java.lang.NullPointerException
	at tourGuide.service.GpsUtilProxyServiceImpl.getUserLocation(GpsUtilProxyServiceImpl.java:24)
	at tourGuide.service.TourGuideService.trackUserLocation(TourGuideService.java:169)
	at tourGuide.service.TourGuideService.lambda$trackUserLocationList$1(TourGuideService.java:190)
	at java.util.concurrent.ThreadPoolExecutor.runWorker(ThreadPoolExecutor.java:1149)
	at java.util.concurrent.ThreadPoolExecutor$Worker.run(ThreadPoolExecutor.java:624)
	at java.lang.Thread.run(Thread.java:748)
Exception in thread "pool-4-thread-1237" java.lang.NullPointerException
	at tourGuide.service.GpsUtilProxyServiceImpl.getUserLocation(GpsUtilProxyServiceImpl.java:24)
	at tourGuide.service.TourGuideService.trackUserLocation(TourGuideService.java:169)
	at tourGuide.service.TourGuideService.lambda$trackUserLocationList$1(TourGuideService.java:190)
	at java.util.concurrent.ThreadPoolExecutor.runWorker(ThreadPoolExecutor.java:1149)
	at java.util.concurrent.ThreadPoolExecutor$Worker.run(ThreadPoolExecutor.java:624)
	at java.lang.Thread.run(Thread.java:748)
Exception in thread "pool-4-thread-1222" java.lang.NullPointerException
	at tourGuide.service.GpsUtilProxyServiceImpl.getUserLocation(GpsUtilProxyServiceImpl.java:24)
	at tourGuide.service.TourGuideService.trackUserLocation(TourGuideService.java:169)
	at tourGuide.service.TourGuideService.lambda$trackUserLocationList$1(TourGuideService.java:190)
	at java.util.concurrent.ThreadPoolExecutor.runWorker(ThreadPoolExecutor.java:1149)
	at java.util.concurrent.ThreadPoolExecutor$Worker.run(ThreadPoolExecutor.java:624)
	at java.lang.Thread.run(Thread.java:748)
Exception in thread "pool-4-thread-1223" java.lang.NullPointerException
	at tourGuide.service.GpsUtilProxyServiceImpl.getUserLocation(GpsUtilProxyServiceImpl.java:24)
	at tourGuide.service.TourGuideService.trackUserLocation(TourGuideService.java:169)
	at tourGuide.service.TourGuideService.lambda$trackUserLocationList$1(TourGuideService.java:190)
	at java.util.concurrent.ThreadPoolExecutor.runWorker(ThreadPoolExecutor.java:1149)
	at java.util.concurrent.ThreadPoolExecutor$Worker.run(ThreadPoolExecutor.java:624)
	at java.lang.Thread.run(Thread.java:748)
Exception in thread "pool-4-thread-1232" java.lang.NullPointerException
	at tourGuide.service.GpsUtilProxyServiceImpl.getUserLocation(GpsUtilProxyServiceImpl.java:24)
	at tourGuide.service.TourGuideService.trackUserLocation(TourGuideService.java:169)
	at tourGuide.service.TourGuideService.lambda$trackUserLocationList$1(TourGuideService.java:190)
	at java.util.concurrent.ThreadPoolExecutor.runWorker(ThreadPoolExecutor.java:1149)
	at java.util.concurrent.ThreadPoolExecutor$Worker.run(ThreadPoolExecutor.java:624)
	at java.lang.Thread.run(Thread.java:748)
Exception in thread "pool-4-thread-1225" java.lang.NullPointerException
	at tourGuide.service.GpsUtilProxyServiceImpl.getUserLocation(GpsUtilProxyServiceImpl.java:24)
	at tourGuide.service.TourGuideService.trackUserLocation(TourGuideService.java:169)
	at tourGuide.service.TourGuideService.lambda$trackUserLocationList$1(TourGuideService.java:190)
	at java.util.concurrent.ThreadPoolExecutor.runWorker(ThreadPoolExecutor.java:1149)
	at java.util.concurrent.ThreadPoolExecutor$Worker.run(ThreadPoolExecutor.java:624)
	at java.lang.Thread.run(Thread.java:748)
Exception in thread "pool-4-thread-1224" java.lang.NullPointerException
	at tourGuide.service.GpsUtilProxyServiceImpl.getUserLocation(GpsUtilProxyServiceImpl.java:24)
	at tourGuide.service.TourGuideService.trackUserLocation(TourGuideService.java:169)
	at tourGuide.service.TourGuideService.lambda$trackUserLocationList$1(TourGuideService.java:190)
	at java.util.concurrent.ThreadPoolExecutor.runWorker(ThreadPoolExecutor.java:1149)
	at java.util.concurrent.ThreadPoolExecutor$Worker.run(ThreadPoolExecutor.java:624)
	at java.lang.Thread.run(Thread.java:748)
Exception in thread "pool-4-thread-1230" java.lang.NullPointerException
	at tourGuide.service.GpsUtilProxyServiceImpl.getUserLocation(GpsUtilProxyServiceImpl.java:24)
	at tourGuide.service.TourGuideService.trackUserLocation(TourGuideService.java:169)
	at tourGuide.service.TourGuideService.lambda$trackUserLocationList$1(TourGuideService.java:190)
	at java.util.concurrent.ThreadPoolExecutor.runWorker(ThreadPoolExecutor.java:1149)
	at java.util.concurrent.ThreadPoolExecutor$Worker.run(ThreadPoolExecutor.java:624)
	at java.lang.Thread.run(Thread.java:748)
Exception in thread "pool-4-thread-1226" java.lang.NullPointerException
	at tourGuide.service.GpsUtilProxyServiceImpl.getUserLocation(GpsUtilProxyServiceImpl.java:24)
	at tourGuide.service.TourGuideService.trackUserLocation(TourGuideService.java:169)
	at tourGuide.service.TourGuideService.lambda$trackUserLocationList$1(TourGuideService.java:190)
	at java.util.concurrent.ThreadPoolExecutor.runWorker(ThreadPoolExecutor.java:1149)
	at java.util.concurrent.ThreadPoolExecutor$Worker.run(ThreadPoolExecutor.java:624)
	at java.lang.Thread.run(Thread.java:748)
Exception in thread "pool-4-thread-1227" java.lang.NullPointerException
	at tourGuide.service.GpsUtilProxyServiceImpl.getUserLocation(GpsUtilProxyServiceImpl.java:24)
	at tourGuide.service.TourGuideService.trackUserLocation(TourGuideService.java:169)
	at tourGuide.service.TourGuideService.lambda$trackUserLocationList$1(TourGuideService.java:190)
	at java.util.concurrent.ThreadPoolExecutor.runWorker(ThreadPoolExecutor.java:1149)
	at java.util.concurrent.ThreadPoolExecutor$Worker.run(ThreadPoolExecutor.java:624)
	at java.lang.Thread.run(Thread.java:748)
Exception in thread "pool-4-thread-1247" java.lang.NullPointerException
	at tourGuide.service.GpsUtilProxyServiceImpl.getUserLocation(GpsUtilProxyServiceImpl.java:24)
	at tourGuide.service.TourGuideService.trackUserLocation(TourGuideService.java:169)
	at tourGuide.service.TourGuideService.lambda$trackUserLocationList$1(TourGuideService.java:190)
	at java.util.concurrent.ThreadPoolExecutor.runWorker(ThreadPoolExecutor.java:1149)
	at java.util.concurrent.ThreadPoolExecutor$Worker.run(ThreadPoolExecutor.java:624)
	at java.lang.Thread.run(Thread.java:748)
Exception in thread "pool-4-thread-1240" java.lang.NullPointerException
	at tourGuide.service.GpsUtilProxyServiceImpl.getUserLocation(GpsUtilProxyServiceImpl.java:24)
	at tourGuide.service.TourGuideService.trackUserLocation(TourGuideService.java:169)
	at tourGuide.service.TourGuideService.lambda$trackUserLocationList$1(TourGuideService.java:190)
	at java.util.concurrent.ThreadPoolExecutor.runWorker(ThreadPoolExecutor.java:1149)
	at java.util.concurrent.ThreadPoolExecutor$Worker.run(ThreadPoolExecutor.java:624)
	at java.lang.Thread.run(Thread.java:748)
Exception in thread "pool-4-thread-1229" java.lang.NullPointerException
	at tourGuide.service.GpsUtilProxyServiceImpl.getUserLocation(GpsUtilProxyServiceImpl.java:24)
	at tourGuide.service.TourGuideService.trackUserLocation(TourGuideService.java:169)
	at tourGuide.service.TourGuideService.lambda$trackUserLocationList$1(TourGuideService.java:190)
	at java.util.concurrent.ThreadPoolExecutor.runWorker(ThreadPoolExecutor.java:1149)
	at java.util.concurrent.ThreadPoolExecutor$Worker.run(ThreadPoolExecutor.java:624)
	at java.lang.Thread.run(Thread.java:748)
Exception in thread "pool-4-thread-1239" java.lang.NullPointerException
	at tourGuide.service.GpsUtilProxyServiceImpl.getUserLocation(GpsUtilProxyServiceImpl.java:24)
	at tourGuide.service.TourGuideService.trackUserLocation(TourGuideService.java:169)
	at tourGuide.service.TourGuideService.lambda$trackUserLocationList$1(TourGuideService.java:190)
	at java.util.concurrent.ThreadPoolExecutor.runWorker(ThreadPoolExecutor.java:1149)
	at java.util.concurrent.ThreadPoolExecutor$Worker.run(ThreadPoolExecutor.java:624)
	at java.lang.Thread.run(Thread.java:748)
Exception in thread "pool-4-thread-1242" java.lang.NullPointerException
	at tourGuide.service.GpsUtilProxyServiceImpl.getUserLocation(GpsUtilProxyServiceImpl.java:24)
	at tourGuide.service.TourGuideService.trackUserLocation(TourGuideService.java:169)
	at tourGuide.service.TourGuideService.lambda$trackUserLocationList$1(TourGuideService.java:190)
	at java.util.concurrent.ThreadPoolExecutor.runWorker(ThreadPoolExecutor.java:1149)
	at java.util.concurrent.ThreadPoolExecutor$Worker.run(ThreadPoolExecutor.java:624)
	at java.lang.Thread.run(Thread.java:748)
Exception in thread "pool-4-thread-1231" java.lang.NullPointerException
	at tourGuide.service.GpsUtilProxyServiceImpl.getUserLocation(GpsUtilProxyServiceImpl.java:24)
	at tourGuide.service.TourGuideService.trackUserLocation(TourGuideService.java:169)
	at tourGuide.service.TourGuideService.lambda$trackUserLocationList$1(TourGuideService.java:190)
	at java.util.concurrent.ThreadPoolExecutor.runWorker(ThreadPoolExecutor.java:1149)
	at java.util.concurrent.ThreadPoolExecutor$Worker.run(ThreadPoolExecutor.java:624)
	at java.lang.Thread.run(Thread.java:748)
Exception in thread "pool-4-thread-1241" java.lang.NullPointerException
	at tourGuide.service.GpsUtilProxyServiceImpl.getUserLocation(GpsUtilProxyServiceImpl.java:24)
	at tourGuide.service.TourGuideService.trackUserLocation(TourGuideService.java:169)
	at tourGuide.service.TourGuideService.lambda$trackUserLocationList$1(TourGuideService.java:190)
	at java.util.concurrent.ThreadPoolExecutor.runWorker(ThreadPoolExecutor.java:1149)
	at java.util.concurrent.ThreadPoolExecutor$Worker.run(ThreadPoolExecutor.java:624)
	at java.lang.Thread.run(Thread.java:748)
Exception in thread "pool-4-thread-1234" java.lang.NullPointerException
	at tourGuide.service.GpsUtilProxyServiceImpl.getUserLocation(GpsUtilProxyServiceImpl.java:24)
	at tourGuide.service.TourGuideService.trackUserLocation(TourGuideService.java:169)
	at tourGuide.service.TourGuideService.lambda$trackUserLocationList$1(TourGuideService.java:190)
	at java.util.concurrent.ThreadPoolExecutor.runWorker(ThreadPoolExecutor.java:1149)
	at java.util.concurrent.ThreadPoolExecutor$Worker.run(ThreadPoolExecutor.java:624)
	at java.lang.Thread.run(Thread.java:748)
Exception in thread "pool-4-thread-1233" java.lang.NullPointerException
	at tourGuide.service.GpsUtilProxyServiceImpl.getUserLocation(GpsUtilProxyServiceImpl.java:24)
	at tourGuide.service.TourGuideService.trackUserLocation(TourGuideService.java:169)
	at tourGuide.service.TourGuideService.lambda$trackUserLocationList$1(TourGuideService.java:190)
	at java.util.concurrent.ThreadPoolExecutor.runWorker(ThreadPoolExecutor.java:1149)
	at java.util.concurrent.ThreadPoolExecutor$Worker.run(ThreadPoolExecutor.java:624)
	at java.lang.Thread.run(Thread.java:748)
Exception in thread "pool-4-thread-1243" java.lang.NullPointerException
	at tourGuide.service.GpsUtilProxyServiceImpl.getUserLocation(GpsUtilProxyServiceImpl.java:24)
	at tourGuide.service.TourGuideService.trackUserLocation(TourGuideService.java:169)
	at tourGuide.service.TourGuideService.lambda$trackUserLocationList$1(TourGuideService.java:190)
	at java.util.concurrent.ThreadPoolExecutor.runWorker(ThreadPoolExecutor.java:1149)
	at java.util.concurrent.ThreadPoolExecutor$Worker.run(ThreadPoolExecutor.java:624)
	at java.lang.Thread.run(Thread.java:748)
Exception in thread "pool-4-thread-1249" java.lang.NullPointerException
	at tourGuide.service.GpsUtilProxyServiceImpl.getUserLocation(GpsUtilProxyServiceImpl.java:24)
	at tourGuide.service.TourGuideService.trackUserLocation(TourGuideService.java:169)
	at tourGuide.service.TourGuideService.lambda$trackUserLocationList$1(TourGuideService.java:190)
	at java.util.concurrent.ThreadPoolExecutor.runWorker(ThreadPoolExecutor.java:1149)
	at java.util.concurrent.ThreadPoolExecutor$Worker.run(ThreadPoolExecutor.java:624)
	at java.lang.Thread.run(Thread.java:748)
Exception in thread "pool-4-thread-1235" java.lang.NullPointerException
	at tourGuide.service.GpsUtilProxyServiceImpl.getUserLocation(GpsUtilProxyServiceImpl.java:24)
	at tourGuide.service.TourGuideService.trackUserLocation(TourGuideService.java:169)
	at tourGuide.service.TourGuideService.lambda$trackUserLocationList$1(TourGuideService.java:190)
	at java.util.concurrent.ThreadPoolExecutor.runWorker(ThreadPoolExecutor.java:1149)
	at java.util.concurrent.ThreadPoolExecutor$Worker.run(ThreadPoolExecutor.java:624)
	at java.lang.Thread.run(Thread.java:748)
Exception in thread "pool-4-thread-1236" java.lang.NullPointerException
	at tourGuide.service.GpsUtilProxyServiceImpl.getUserLocation(GpsUtilProxyServiceImpl.java:24)
	at tourGuide.service.TourGuideService.trackUserLocation(TourGuideService.java:169)
	at tourGuide.service.TourGuideService.lambda$trackUserLocationList$1(TourGuideService.java:190)
	at java.util.concurrent.ThreadPoolExecutor.runWorker(ThreadPoolExecutor.java:1149)
	at java.util.concurrent.ThreadPoolExecutor$Worker.run(ThreadPoolExecutor.java:624)
	at java.lang.Thread.run(Thread.java:748)
Exception in thread "pool-4-thread-1238" java.lang.NullPointerException
	at tourGuide.service.GpsUtilProxyServiceImpl.getUserLocation(GpsUtilProxyServiceImpl.java:24)
	at tourGuide.service.TourGuideService.trackUserLocation(TourGuideService.java:169)
	at tourGuide.service.TourGuideService.lambda$trackUserLocationList$1(TourGuideService.java:190)
	at java.util.concurrent.ThreadPoolExecutor.runWorker(ThreadPoolExecutor.java:1149)
	at java.util.concurrent.ThreadPoolExecutor$Worker.run(ThreadPoolExecutor.java:624)
	at java.lang.Thread.run(Thread.java:748)
Exception in thread "pool-4-thread-1248" java.lang.NullPointerException
	at tourGuide.service.GpsUtilProxyServiceImpl.getUserLocation(GpsUtilProxyServiceImpl.java:24)
	at tourGuide.service.TourGuideService.trackUserLocation(TourGuideService.java:169)
	at tourGuide.service.TourGuideService.lambda$trackUserLocationList$1(TourGuideService.java:190)
	at java.util.concurrent.ThreadPoolExecutor.runWorker(ThreadPoolExecutor.java:1149)
	at java.util.concurrent.ThreadPoolExecutor$Worker.run(ThreadPoolExecutor.java:624)
	at java.lang.Thread.run(Thread.java:748)
Exception in thread "pool-4-thread-1244" java.lang.NullPointerException
	at tourGuide.service.GpsUtilProxyServiceImpl.getUserLocation(GpsUtilProxyServiceImpl.java:24)
	at tourGuide.service.TourGuideService.trackUserLocation(TourGuideService.java:169)
	at tourGuide.service.TourGuideService.lambda$trackUserLocationList$1(TourGuideService.java:190)
	at java.util.concurrent.ThreadPoolExecutor.runWorker(ThreadPoolExecutor.java:1149)
	at java.util.concurrent.ThreadPoolExecutor$Worker.run(ThreadPoolExecutor.java:624)
	at java.lang.Thread.run(Thread.java:748)
Exception in thread "pool-4-thread-1245" java.lang.NullPointerException
	at tourGuide.service.GpsUtilProxyServiceImpl.getUserLocation(GpsUtilProxyServiceImpl.java:24)
	at tourGuide.service.TourGuideService.trackUserLocation(TourGuideService.java:169)
	at tourGuide.service.TourGuideService.lambda$trackUserLocationList$1(TourGuideService.java:190)
	at java.util.concurrent.ThreadPoolExecutor.runWorker(ThreadPoolExecutor.java:1149)
	at java.util.concurrent.ThreadPoolExecutor$Worker.run(ThreadPoolExecutor.java:624)
	at java.lang.Thread.run(Thread.java:748)
Exception in thread "pool-4-thread-1246" java.lang.NullPointerException
	at tourGuide.service.GpsUtilProxyServiceImpl.getUserLocation(GpsUtilProxyServiceImpl.java:24)
	at tourGuide.service.TourGuideService.trackUserLocation(TourGuideService.java:169)
	at tourGuide.service.TourGuideService.lambda$trackUserLocationList$1(TourGuideService.java:190)
	at java.util.concurrent.ThreadPoolExecutor.runWorker(ThreadPoolExecutor.java:1149)
	at java.util.concurrent.ThreadPoolExecutor$Worker.run(ThreadPoolExecutor.java:624)
	at java.lang.Thread.run(Thread.java:748)
Exception in thread "pool-4-thread-1251" java.lang.NullPointerException
	at tourGuide.service.GpsUtilProxyServiceImpl.getUserLocation(GpsUtilProxyServiceImpl.java:24)
	at tourGuide.service.TourGuideService.trackUserLocation(TourGuideService.java:169)
	at tourGuide.service.TourGuideService.lambda$trackUserLocationList$1(TourGuideService.java:190)
	at java.util.concurrent.ThreadPoolExecutor.runWorker(ThreadPoolExecutor.java:1149)
	at java.util.concurrent.ThreadPoolExecutor$Worker.run(ThreadPoolExecutor.java:624)
	at java.lang.Thread.run(Thread.java:748)
Exception in thread "pool-4-thread-1253" java.lang.NullPointerException
	at tourGuide.service.GpsUtilProxyServiceImpl.getUserLocation(GpsUtilProxyServiceImpl.java:24)
	at tourGuide.service.TourGuideService.trackUserLocation(TourGuideService.java:169)
	at tourGuide.service.TourGuideService.lambda$trackUserLocationList$1(TourGuideService.java:190)
	at java.util.concurrent.ThreadPoolExecutor.runWorker(ThreadPoolExecutor.java:1149)
	at java.util.concurrent.ThreadPoolExecutor$Worker.run(ThreadPoolExecutor.java:624)
	at java.lang.Thread.run(Thread.java:748)
Exception in thread "pool-4-thread-1252" java.lang.NullPointerException
	at tourGuide.service.GpsUtilProxyServiceImpl.getUserLocation(GpsUtilProxyServiceImpl.java:24)
	at tourGuide.service.TourGuideService.trackUserLocation(TourGuideService.java:169)
	at tourGuide.service.TourGuideService.lambda$trackUserLocationList$1(TourGuideService.java:190)
	at java.util.concurrent.ThreadPoolExecutor.runWorker(ThreadPoolExecutor.java:1149)
	at java.util.concurrent.ThreadPoolExecutor$Worker.run(ThreadPoolExecutor.java:624)
	at java.lang.Thread.run(Thread.java:748)
Exception in thread "pool-4-thread-1254" java.lang.NullPointerException
	at tourGuide.service.GpsUtilProxyServiceImpl.getUserLocation(GpsUtilProxyServiceImpl.java:24)
	at tourGuide.service.TourGuideService.trackUserLocation(TourGuideService.java:169)
	at tourGuide.service.TourGuideService.lambda$trackUserLocationList$1(TourGuideService.java:190)
	at java.util.concurrent.ThreadPoolExecutor.runWorker(ThreadPoolExecutor.java:1149)
	at java.util.concurrent.ThreadPoolExecutor$Worker.run(ThreadPoolExecutor.java:624)
	at java.lang.Thread.run(Thread.java:748)
Exception in thread "pool-4-thread-1339" java.lang.NullPointerException
	at tourGuide.service.GpsUtilProxyServiceImpl.getUserLocation(GpsUtilProxyServiceImpl.java:24)
	at tourGuide.service.TourGuideService.trackUserLocation(TourGuideService.java:169)
	at tourGuide.service.TourGuideService.lambda$trackUserLocationList$1(TourGuideService.java:190)
	at java.util.concurrent.ThreadPoolExecutor.runWorker(ThreadPoolExecutor.java:1149)
	at java.util.concurrent.ThreadPoolExecutor$Worker.run(ThreadPoolExecutor.java:624)
	at java.lang.Thread.run(Thread.java:748)
Exception in thread "pool-4-thread-1200" java.lang.NullPointerException
	at tourGuide.service.GpsUtilProxyServiceImpl.getUserLocation(GpsUtilProxyServiceImpl.java:24)
	at tourGuide.service.TourGuideService.trackUserLocation(TourGuideService.java:169)
	at tourGuide.service.TourGuideService.lambda$trackUserLocationList$1(TourGuideService.java:190)
	at java.util.concurrent.ThreadPoolExecutor.runWorker(ThreadPoolExecutor.java:1149)
	at java.util.concurrent.ThreadPoolExecutor$Worker.run(ThreadPoolExecutor.java:624)
	at java.lang.Thread.run(Thread.java:748)
Exception in thread "pool-4-thread-1255" java.lang.NullPointerException
	at tourGuide.service.GpsUtilProxyServiceImpl.getUserLocation(GpsUtilProxyServiceImpl.java:24)
	at tourGuide.service.TourGuideService.trackUserLocation(TourGuideService.java:169)
	at tourGuide.service.TourGuideService.lambda$trackUserLocationList$1(TourGuideService.java:190)
	at java.util.concurrent.ThreadPoolExecutor.runWorker(ThreadPoolExecutor.java:1149)
	at java.util.concurrent.ThreadPoolExecutor$Worker.run(ThreadPoolExecutor.java:624)
	at java.lang.Thread.run(Thread.java:748)
Exception in thread "pool-4-thread-1256" java.lang.NullPointerException
	at tourGuide.service.GpsUtilProxyServiceImpl.getUserLocation(GpsUtilProxyServiceImpl.java:24)
	at tourGuide.service.TourGuideService.trackUserLocation(TourGuideService.java:169)
	at tourGuide.service.TourGuideService.lambda$trackUserLocationList$1(TourGuideService.java:190)
	at java.util.concurrent.ThreadPoolExecutor.runWorker(ThreadPoolExecutor.java:1149)
	at java.util.concurrent.ThreadPoolExecutor$Worker.run(ThreadPoolExecutor.java:624)
	at java.lang.Thread.run(Thread.java:748)
Exception in thread "pool-4-thread-1262" java.lang.NullPointerException
	at tourGuide.service.GpsUtilProxyServiceImpl.getUserLocation(GpsUtilProxyServiceImpl.java:24)
	at tourGuide.service.TourGuideService.trackUserLocation(TourGuideService.java:169)
	at tourGuide.service.TourGuideService.lambda$trackUserLocationList$1(TourGuideService.java:190)
	at java.util.concurrent.ThreadPoolExecutor.runWorker(ThreadPoolExecutor.java:1149)
	at java.util.concurrent.ThreadPoolExecutor$Worker.run(ThreadPoolExecutor.java:624)
	at java.lang.Thread.run(Thread.java:748)
Exception in thread "pool-4-thread-1202" java.lang.NullPointerException
	at tourGuide.service.GpsUtilProxyServiceImpl.getUserLocation(GpsUtilProxyServiceImpl.java:24)
	at tourGuide.service.TourGuideService.trackUserLocation(TourGuideService.java:169)
	at tourGuide.service.TourGuideService.lambda$trackUserLocationList$1(TourGuideService.java:190)
	at java.util.concurrent.ThreadPoolExecutor.runWorker(ThreadPoolExecutor.java:1149)
	at java.util.concurrent.ThreadPoolExecutor$Worker.run(ThreadPoolExecutor.java:624)
	at java.lang.Thread.run(Thread.java:748)
Exception in thread "pool-4-thread-1257" java.lang.NullPointerException
	at tourGuide.service.GpsUtilProxyServiceImpl.getUserLocation(GpsUtilProxyServiceImpl.java:24)
	at tourGuide.service.TourGuideService.trackUserLocation(TourGuideService.java:169)
	at tourGuide.service.TourGuideService.lambda$trackUserLocationList$1(TourGuideService.java:190)
	at java.util.concurrent.ThreadPoolExecutor.runWorker(ThreadPoolExecutor.java:1149)
	at java.util.concurrent.ThreadPoolExecutor$Worker.run(ThreadPoolExecutor.java:624)
	at java.lang.Thread.run(Thread.java:748)
Exception in thread "pool-4-thread-1259" java.lang.NullPointerException
	at tourGuide.service.GpsUtilProxyServiceImpl.getUserLocation(GpsUtilProxyServiceImpl.java:24)
	at tourGuide.service.TourGuideService.trackUserLocation(TourGuideService.java:169)
	at tourGuide.service.TourGuideService.lambda$trackUserLocationList$1(TourGuideService.java:190)
	at java.util.concurrent.ThreadPoolExecutor.runWorker(ThreadPoolExecutor.java:1149)
	at java.util.concurrent.ThreadPoolExecutor$Worker.run(ThreadPoolExecutor.java:624)
	at java.lang.Thread.run(Thread.java:748)
Exception in thread "pool-4-thread-1258" java.lang.NullPointerException
	at tourGuide.service.GpsUtilProxyServiceImpl.getUserLocation(GpsUtilProxyServiceImpl.java:24)
	at tourGuide.service.TourGuideService.trackUserLocation(TourGuideService.java:169)
	at tourGuide.service.TourGuideService.lambda$trackUserLocationList$1(TourGuideService.java:190)
	at java.util.concurrent.ThreadPoolExecutor.runWorker(ThreadPoolExecutor.java:1149)
	at java.util.concurrent.ThreadPoolExecutor$Worker.run(ThreadPoolExecutor.java:624)
	at java.lang.Thread.run(Thread.java:748)
Exception in thread "pool-4-thread-1260" java.lang.NullPointerException
	at tourGuide.service.GpsUtilProxyServiceImpl.getUserLocation(GpsUtilProxyServiceImpl.java:24)
	at tourGuide.service.TourGuideService.trackUserLocation(TourGuideService.java:169)
	at tourGuide.service.TourGuideService.lambda$trackUserLocationList$1(TourGuideService.java:190)
	at java.util.concurrent.ThreadPoolExecutor.runWorker(ThreadPoolExecutor.java:1149)
	at java.util.concurrent.ThreadPoolExecutor$Worker.run(ThreadPoolExecutor.java:624)
	at java.lang.Thread.run(Thread.java:748)
Exception in thread "pool-4-thread-1263" java.lang.NullPointerException
	at tourGuide.service.GpsUtilProxyServiceImpl.getUserLocation(GpsUtilProxyServiceImpl.java:24)
	at tourGuide.service.TourGuideService.trackUserLocation(TourGuideService.java:169)
	at tourGuide.service.TourGuideService.lambda$trackUserLocationList$1(TourGuideService.java:190)
	at java.util.concurrent.ThreadPoolExecutor.runWorker(ThreadPoolExecutor.java:1149)
	at java.util.concurrent.ThreadPoolExecutor$Worker.run(ThreadPoolExecutor.java:624)
	at java.lang.Thread.run(Thread.java:748)
Exception in thread "pool-4-thread-1261" java.lang.NullPointerException
	at tourGuide.service.GpsUtilProxyServiceImpl.getUserLocation(GpsUtilProxyServiceImpl.java:24)
	at tourGuide.service.TourGuideService.trackUserLocation(TourGuideService.java:169)
	at tourGuide.service.TourGuideService.lambda$trackUserLocationList$1(TourGuideService.java:190)
	at java.util.concurrent.ThreadPoolExecutor.runWorker(ThreadPoolExecutor.java:1149)
	at java.util.concurrent.ThreadPoolExecutor$Worker.run(ThreadPoolExecutor.java:624)
	at java.lang.Thread.run(Thread.java:748)
Exception in thread "pool-4-thread-1265" java.lang.NullPointerException
	at tourGuide.service.GpsUtilProxyServiceImpl.getUserLocation(GpsUtilProxyServiceImpl.java:24)
	at tourGuide.service.TourGuideService.trackUserLocation(TourGuideService.java:169)
	at tourGuide.service.TourGuideService.lambda$trackUserLocationList$1(TourGuideService.java:190)
	at java.util.concurrent.ThreadPoolExecutor.runWorker(ThreadPoolExecutor.java:1149)
	at java.util.concurrent.ThreadPoolExecutor$Worker.run(ThreadPoolExecutor.java:624)
	at java.lang.Thread.run(Thread.java:748)
Exception in thread "pool-4-thread-1267" java.lang.NullPointerException
	at tourGuide.service.GpsUtilProxyServiceImpl.getUserLocation(GpsUtilProxyServiceImpl.java:24)
	at tourGuide.service.TourGuideService.trackUserLocation(TourGuideService.java:169)
	at tourGuide.service.TourGuideService.lambda$trackUserLocationList$1(TourGuideService.java:190)
	at java.util.concurrent.ThreadPoolExecutor.runWorker(ThreadPoolExecutor.java:1149)
	at java.util.concurrent.ThreadPoolExecutor$Worker.run(ThreadPoolExecutor.java:624)
	at java.lang.Thread.run(Thread.java:748)
Exception in thread "pool-4-thread-1266" java.lang.NullPointerException
	at tourGuide.service.GpsUtilProxyServiceImpl.getUserLocation(GpsUtilProxyServiceImpl.java:24)
	at tourGuide.service.TourGuideService.trackUserLocation(TourGuideService.java:169)
	at tourGuide.service.TourGuideService.lambda$trackUserLocationList$1(TourGuideService.java:190)
	at java.util.concurrent.ThreadPoolExecutor.runWorker(ThreadPoolExecutor.java:1149)
	at java.util.concurrent.ThreadPoolExecutor$Worker.run(ThreadPoolExecutor.java:624)
	at java.lang.Thread.run(Thread.java:748)
Exception in thread "pool-4-thread-1269" java.lang.NullPointerException
	at tourGuide.service.GpsUtilProxyServiceImpl.getUserLocation(GpsUtilProxyServiceImpl.java:24)
	at tourGuide.service.TourGuideService.trackUserLocation(TourGuideService.java:169)
	at tourGuide.service.TourGuideService.lambda$trackUserLocationList$1(TourGuideService.java:190)
	at java.util.concurrent.ThreadPoolExecutor.runWorker(ThreadPoolExecutor.java:1149)
	at java.util.concurrent.ThreadPoolExecutor$Worker.run(ThreadPoolExecutor.java:624)
	at java.lang.Thread.run(Thread.java:748)
Exception in thread "pool-4-thread-1273" java.lang.NullPointerException
	at tourGuide.service.GpsUtilProxyServiceImpl.getUserLocation(GpsUtilProxyServiceImpl.java:24)
	at tourGuide.service.TourGuideService.trackUserLocation(TourGuideService.java:169)
	at tourGuide.service.TourGuideService.lambda$trackUserLocationList$1(TourGuideService.java:190)
	at java.util.concurrent.ThreadPoolExecutor.runWorker(ThreadPoolExecutor.java:1149)
	at java.util.concurrent.ThreadPoolExecutor$Worker.run(ThreadPoolExecutor.java:624)
	at java.lang.Thread.run(Thread.java:748)
Exception in thread "pool-4-thread-1268" java.lang.NullPointerException
	at tourGuide.service.GpsUtilProxyServiceImpl.getUserLocation(GpsUtilProxyServiceImpl.java:24)
	at tourGuide.service.TourGuideService.trackUserLocation(TourGuideService.java:169)
	at tourGuide.service.TourGuideService.lambda$trackUserLocationList$1(TourGuideService.java:190)
	at java.util.concurrent.ThreadPoolExecutor.runWorker(ThreadPoolExecutor.java:1149)
	at java.util.concurrent.ThreadPoolExecutor$Worker.run(ThreadPoolExecutor.java:624)
	at java.lang.Thread.run(Thread.java:748)
Exception in thread "pool-4-thread-1270" java.lang.NullPointerException
	at tourGuide.service.GpsUtilProxyServiceImpl.getUserLocation(GpsUtilProxyServiceImpl.java:24)
	at tourGuide.service.TourGuideService.trackUserLocation(TourGuideService.java:169)
	at tourGuide.service.TourGuideService.lambda$trackUserLocationList$1(TourGuideService.java:190)
	at java.util.concurrent.ThreadPoolExecutor.runWorker(ThreadPoolExecutor.java:1149)
	at java.util.concurrent.ThreadPoolExecutor$Worker.run(ThreadPoolExecutor.java:624)
	at java.lang.Thread.run(Thread.java:748)
Exception in thread "pool-4-thread-1271" java.lang.NullPointerException
	at tourGuide.service.GpsUtilProxyServiceImpl.getUserLocation(GpsUtilProxyServiceImpl.java:24)
	at tourGuide.service.TourGuideService.trackUserLocation(TourGuideService.java:169)
	at tourGuide.service.TourGuideService.lambda$trackUserLocationList$1(TourGuideService.java:190)
	at java.util.concurrent.ThreadPoolExecutor.runWorker(ThreadPoolExecutor.java:1149)
	at java.util.concurrent.ThreadPoolExecutor$Worker.run(ThreadPoolExecutor.java:624)
	at java.lang.Thread.run(Thread.java:748)
Exception in thread "pool-4-thread-1272" java.lang.NullPointerException
	at tourGuide.service.GpsUtilProxyServiceImpl.getUserLocation(GpsUtilProxyServiceImpl.java:24)
	at tourGuide.service.TourGuideService.trackUserLocation(TourGuideService.java:169)
	at tourGuide.service.TourGuideService.lambda$trackUserLocationList$1(TourGuideService.java:190)
	at java.util.concurrent.ThreadPoolExecutor.runWorker(ThreadPoolExecutor.java:1149)
	at java.util.concurrent.ThreadPoolExecutor$Worker.run(ThreadPoolExecutor.java:624)
	at java.lang.Thread.run(Thread.java:748)
Exception in thread "pool-4-thread-1276" java.lang.NullPointerException
	at tourGuide.service.GpsUtilProxyServiceImpl.getUserLocation(GpsUtilProxyServiceImpl.java:24)
	at tourGuide.service.TourGuideService.trackUserLocation(TourGuideService.java:169)
	at tourGuide.service.TourGuideService.lambda$trackUserLocationList$1(TourGuideService.java:190)
	at java.util.concurrent.ThreadPoolExecutor.runWorker(ThreadPoolExecutor.java:1149)
	at java.util.concurrent.ThreadPoolExecutor$Worker.run(ThreadPoolExecutor.java:624)
	at java.lang.Thread.run(Thread.java:748)
Exception in thread "pool-4-thread-1274" java.lang.NullPointerException
	at tourGuide.service.GpsUtilProxyServiceImpl.getUserLocation(GpsUtilProxyServiceImpl.java:24)
	at tourGuide.service.TourGuideService.trackUserLocation(TourGuideService.java:169)
	at tourGuide.service.TourGuideService.lambda$trackUserLocationList$1(TourGuideService.java:190)
	at java.util.concurrent.ThreadPoolExecutor.runWorker(ThreadPoolExecutor.java:1149)
	at java.util.concurrent.ThreadPoolExecutor$Worker.run(ThreadPoolExecutor.java:624)
	at java.lang.Thread.run(Thread.java:748)
Exception in thread "pool-4-thread-1275" java.lang.NullPointerException
	at tourGuide.service.GpsUtilProxyServiceImpl.getUserLocation(GpsUtilProxyServiceImpl.java:24)
	at tourGuide.service.TourGuideService.trackUserLocation(TourGuideService.java:169)
	at tourGuide.service.TourGuideService.lambda$trackUserLocationList$1(TourGuideService.java:190)
	at java.util.concurrent.ThreadPoolExecutor.runWorker(ThreadPoolExecutor.java:1149)
	at java.util.concurrent.ThreadPoolExecutor$Worker.run(ThreadPoolExecutor.java:624)
	at java.lang.Thread.run(Thread.java:748)
Exception in thread "pool-4-thread-1277" java.lang.NullPointerException
	at tourGuide.service.GpsUtilProxyServiceImpl.getUserLocation(GpsUtilProxyServiceImpl.java:24)
	at tourGuide.service.TourGuideService.trackUserLocation(TourGuideService.java:169)
	at tourGuide.service.TourGuideService.lambda$trackUserLocationList$1(TourGuideService.java:190)
	at java.util.concurrent.ThreadPoolExecutor.runWorker(ThreadPoolExecutor.java:1149)
	at java.util.concurrent.ThreadPoolExecutor$Worker.run(ThreadPoolExecutor.java:624)
	at java.lang.Thread.run(Thread.java:748)
Exception in thread "pool-4-thread-1279" java.lang.NullPointerException
	at tourGuide.service.GpsUtilProxyServiceImpl.getUserLocation(GpsUtilProxyServiceImpl.java:24)
	at tourGuide.service.TourGuideService.trackUserLocation(TourGuideService.java:169)
	at tourGuide.service.TourGuideService.lambda$trackUserLocationList$1(TourGuideService.java:190)
	at java.util.concurrent.ThreadPoolExecutor.runWorker(ThreadPoolExecutor.java:1149)
	at java.util.concurrent.ThreadPoolExecutor$Worker.run(ThreadPoolExecutor.java:624)
	at java.lang.Thread.run(Thread.java:748)
Exception in thread "pool-4-thread-1280" java.lang.NullPointerException
	at tourGuide.service.GpsUtilProxyServiceImpl.getUserLocation(GpsUtilProxyServiceImpl.java:24)
	at tourGuide.service.TourGuideService.trackUserLocation(TourGuideService.java:169)
	at tourGuide.service.TourGuideService.lambda$trackUserLocationList$1(TourGuideService.java:190)
	at java.util.concurrent.ThreadPoolExecutor.runWorker(ThreadPoolExecutor.java:1149)
	at java.util.concurrent.ThreadPoolExecutor$Worker.run(ThreadPoolExecutor.java:624)
	at java.lang.Thread.run(Thread.java:748)
Exception in thread "pool-4-thread-1278" java.lang.NullPointerException
	at tourGuide.service.GpsUtilProxyServiceImpl.getUserLocation(GpsUtilProxyServiceImpl.java:24)
	at tourGuide.service.TourGuideService.trackUserLocation(TourGuideService.java:169)
	at tourGuide.service.TourGuideService.lambda$trackUserLocationList$1(TourGuideService.java:190)
	at java.util.concurrent.ThreadPoolExecutor.runWorker(ThreadPoolExecutor.java:1149)
	at java.util.concurrent.ThreadPoolExecutor$Worker.run(ThreadPoolExecutor.java:624)
	at java.lang.Thread.run(Thread.java:748)
Exception in thread "pool-4-thread-1281" java.lang.NullPointerException
	at tourGuide.service.GpsUtilProxyServiceImpl.getUserLocation(GpsUtilProxyServiceImpl.java:24)
	at tourGuide.service.TourGuideService.trackUserLocation(TourGuideService.java:169)
	at tourGuide.service.TourGuideService.lambda$trackUserLocationList$1(TourGuideService.java:190)
	at java.util.concurrent.ThreadPoolExecutor.runWorker(ThreadPoolExecutor.java:1149)
	at java.util.concurrent.ThreadPoolExecutor$Worker.run(ThreadPoolExecutor.java:624)
	at java.lang.Thread.run(Thread.java:748)
Exception in thread "pool-4-thread-1282" java.lang.NullPointerException
	at tourGuide.service.GpsUtilProxyServiceImpl.getUserLocation(GpsUtilProxyServiceImpl.java:24)
	at tourGuide.service.TourGuideService.trackUserLocation(TourGuideService.java:169)
	at tourGuide.service.TourGuideService.lambda$trackUserLocationList$1(TourGuideService.java:190)
	at java.util.concurrent.ThreadPoolExecutor.runWorker(ThreadPoolExecutor.java:1149)
	at java.util.concurrent.ThreadPoolExecutor$Worker.run(ThreadPoolExecutor.java:624)
	at java.lang.Thread.run(Thread.java:748)
]]></system-err>
</testsuite>
