<?xml version="1.0" encoding="UTF-8"?>
<testsuite name="tourGuide.TI.TestProxiesService" tests="1" skipped="0" failures="0" errors="0" timestamp="2020-10-20T09:59:26" hostname="PO709427VW10SC2" time="0.037">
  <properties/>
  <testcase name="getProviderName_giveinfo_returnProvider()" classname="tourGuide.TI.TestProxiesService" time="0.037"/>
  <system-out><![CDATA[2020-10-20 11:59:26.290  INFO 6328 --- [    Test worker] .b.t.c.SpringBootTestContextBootstrapper : Neither @ContextConfiguration nor @ContextHierarchy found for test class [tourGuide.TI.TestProxiesService], using SpringBootContextLoader
2020-10-20 11:59:26.290  INFO 6328 --- [    Test worker] o.s.t.c.support.AbstractContextLoader    : Could not detect default resource locations for test class [tourGuide.TI.TestProxiesService]: no resource found for suffixes {-context.xml, Context.groovy}.
2020-10-20 11:59:26.290  INFO 6328 --- [    Test worker] t.c.s.AnnotationConfigContextLoaderUtils : Could not detect default configuration classes for test class [tourGuide.TI.TestProxiesService]: TestProxiesService does not declare any static, non-private, non-final, nested classes annotated with @Configuration.
2020-10-20 11:59:26.307  INFO 6328 --- [    Test worker] .b.t.c.SpringBootTestContextBootstrapper : Found @SpringBootConfiguration tourGuide.Application for test class tourGuide.TI.TestProxiesService
2020-10-20 11:59:26.307  INFO 6328 --- [    Test worker] .b.t.c.SpringBootTestContextBootstrapper : Loaded default TestExecutionListener class names from location [META-INF/spring.factories]: [org.springframework.boot.test.autoconfigure.restdocs.RestDocsTestExecutionListener, org.springframework.boot.test.autoconfigure.web.client.MockRestServiceServerResetTestExecutionListener, org.springframework.boot.test.autoconfigure.web.servlet.MockMvcPrintOnlyOnFailureTestExecutionListener, org.springframework.boot.test.autoconfigure.web.servlet.WebDriverTestExecutionListener, org.springframework.boot.test.mock.mockito.MockitoTestExecutionListener, org.springframework.boot.test.mock.mockito.ResetMocksTestExecutionListener, org.springframework.test.context.web.ServletTestExecutionListener, org.springframework.test.context.support.DirtiesContextBeforeModesTestExecutionListener, org.springframework.test.context.support.DependencyInjectionTestExecutionListener, org.springframework.test.context.support.DirtiesContextTestExecutionListener, org.springframework.test.context.transaction.TransactionalTestExecutionListener, org.springframework.test.context.jdbc.SqlScriptsTestExecutionListener, org.springframework.test.context.event.EventPublishingTestExecutionListener]
2020-10-20 11:59:26.321  INFO 6328 --- [    Test worker] .b.t.c.SpringBootTestContextBootstrapper : Using TestExecutionListeners: [org.springframework.test.context.web.ServletTestExecutionListener@3e2e29c9, org.springframework.test.context.support.DirtiesContextBeforeModesTestExecutionListener@1d7c09a, org.springframework.boot.test.mock.mockito.MockitoTestExecutionListener@300e9e97, org.springframework.boot.test.autoconfigure.SpringBootDependencyInjectionTestExecutionListener@2daac568, org.springframework.test.context.support.DirtiesContextTestExecutionListener@6205c175, org.springframework.test.context.event.EventPublishingTestExecutionListener@5de91ebf, org.springframework.boot.test.autoconfigure.restdocs.RestDocsTestExecutionListener@1957d9b3, org.springframework.boot.test.autoconfigure.web.client.MockRestServiceServerResetTestExecutionListener@62adce74, org.springframework.boot.test.autoconfigure.web.servlet.MockMvcPrintOnlyOnFailureTestExecutionListener@2e6fb53d, org.springframework.boot.test.autoconfigure.web.servlet.WebDriverTestExecutionListener@3be64aa9, org.springframework.boot.test.mock.mockito.ResetMocksTestExecutionListener@1c5b8627]
]]></system-out>
  <system-err><![CDATA[]]></system-err>
</testsuite>
