<?xml version="1.0" encoding="UTF-8"?>
<testsuite name="tourGuide.TI.TestTourGuideService" tests="8" skipped="0" failures="0" errors="0" timestamp="2020-11-09T16:52:42" hostname="PC-Eric" time="1.905">
  <properties/>
  <testcase name="getUserLocation()" classname="tourGuide.TI.TestTourGuideService" time="0.126"/>
  <testcase name="addUser()" classname="tourGuide.TI.TestTourGuideService" time="0.004"/>
  <testcase name="getUserPreference()" classname="tourGuide.TI.TestTourGuideService" time="0.004"/>
  <testcase name="getTripDeals()" classname="tourGuide.TI.TestTourGuideService" time="0.079"/>
  <testcase name="getAllUsers()" classname="tourGuide.TI.TestTourGuideService" time="0.004"/>
  <testcase name="getAllCurrentLocations()" classname="tourGuide.TI.TestTourGuideService" time="0.129"/>
  <testcase name="trackUser()" classname="tourGuide.TI.TestTourGuideService" time="0.101"/>
  <testcase name="getNearbyAttractions()" classname="tourGuide.TI.TestTourGuideService" time="1.449"/>
  <system-out><![CDATA[
  .   ____          _            __ _ _
 /\\ / ___'_ __ _ _(_)_ __  __ _ \ \ \ \
( ( )\___ | '_ | '_| | '_ \/ _` | \ \ \ \
 \\/  ___)| |_)| | | | | || (_| |  ) ) ) )
  '  |____| .__|_| |_|_| |_\__, | / / / /
 =========|_|==============|___/=/_/_/_/
 :: Spring Boot ::        (v2.2.5.RELEASE)

2020-11-09 17:52:39.698  INFO 21448 --- [    Test worker] tourGuide.TI.TestTourGuideService        : No active profile set, falling back to default profiles: default
2020-11-09 17:52:40.457  INFO 21448 --- [    Test worker] tourGuide.service.TourGuideService       : TestMode enabled
2020-11-09 17:52:40.590  WARN 21448 --- [    Test worker] c.n.c.sources.URLConfigurationSource     : No URLs will be polled as dynamic configuration sources.
2020-11-09 17:52:40.592  INFO 21448 --- [    Test worker] c.n.c.sources.URLConfigurationSource     : To enable URLs as dynamic configuration sources, define System property archaius.configurationSource.additionalUrls or make config.properties available on classpath.
2020-11-09 17:52:42.494  INFO 21448 --- [    Test worker] tourGuide.TI.TestTourGuideService        : Started TestTourGuideService in 5.414 seconds (JVM running for 88.005)
2020-11-09 17:52:42.504  INFO 21448 --- [    Test worker] tourGuide.service.TourGuideService       : TestMode enabled
2020-11-09 17:52:42.629  INFO 21448 --- [    Test worker] tourGuide.service.TourGuideService       : TestMode enabled
2020-11-09 17:52:42.634  INFO 21448 --- [    Test worker] tourGuide.service.TourGuideService       : TestMode enabled
2020-11-09 17:52:42.639  INFO 21448 --- [    Test worker] tourGuide.service.TourGuideService       : TestMode enabled
2020-11-09 17:52:42.721  INFO 21448 --- [    Test worker] tourGuide.service.TourGuideService       : TestMode enabled
2020-11-09 17:52:42.727  INFO 21448 --- [    Test worker] tourGuide.service.TourGuideService       : TestMode enabled
2020-11-09 17:52:42.856  INFO 21448 --- [    Test worker] tourGuide.service.TourGuideService       : TestMode enabled
2020-11-09 17:52:42.959  INFO 21448 --- [    Test worker] tourGuide.service.TourGuideService       : TestMode enabled
]]></system-out>
  <system-err><![CDATA[]]></system-err>
</testsuite>
