<?xml version="1.0" encoding="UTF-8"?>
<testsuite name="tourGuide.TI.TestRewardsService" tests="3" skipped="0" failures="0" errors="0" timestamp="2020-10-19T15:20:46" hostname="PO709427VW10SC2" time="14.056">
  <properties/>
  <testcase name="nearAllAttractions()" classname="tourGuide.TI.TestRewardsService" time="13.565"/>
  <testcase name="userGetRewards()" classname="tourGuide.TI.TestRewardsService" time="0.472"/>
  <testcase name="isWithinAttractionProximity()" classname="tourGuide.TI.TestRewardsService" time="0.012"/>
  <system-out><![CDATA[2020-10-19 17:20:43.611  INFO 11624 --- [    Test worker] .b.t.c.SpringBootTestContextBootstrapper : Neither @ContextConfiguration nor @ContextHierarchy found for test class [tourGuide.TI.TestRewardsService], using SpringBootContextLoader
2020-10-19 17:20:43.611  INFO 11624 --- [    Test worker] o.s.t.c.support.AbstractContextLoader    : Could not detect default resource locations for test class [tourGuide.TI.TestRewardsService]: no resource found for suffixes {-context.xml, Context.groovy}.
2020-10-19 17:20:43.611  INFO 11624 --- [    Test worker] t.c.s.AnnotationConfigContextLoaderUtils : Could not detect default configuration classes for test class [tourGuide.TI.TestRewardsService]: TestRewardsService does not declare any static, non-private, non-final, nested classes annotated with @Configuration.
2020-10-19 17:20:43.611  INFO 11624 --- [    Test worker] .b.t.c.SpringBootTestContextBootstrapper : Found @SpringBootConfiguration tourGuide.Application for test class tourGuide.TI.TestRewardsService
2020-10-19 17:20:43.611  INFO 11624 --- [    Test worker] .b.t.c.SpringBootTestContextBootstrapper : Loaded default TestExecutionListener class names from location [META-INF/spring.factories]: [org.springframework.boot.test.autoconfigure.restdocs.RestDocsTestExecutionListener, org.springframework.boot.test.autoconfigure.web.client.MockRestServiceServerResetTestExecutionListener, org.springframework.boot.test.autoconfigure.web.servlet.MockMvcPrintOnlyOnFailureTestExecutionListener, org.springframework.boot.test.autoconfigure.web.servlet.WebDriverTestExecutionListener, org.springframework.boot.test.mock.mockito.MockitoTestExecutionListener, org.springframework.boot.test.mock.mockito.ResetMocksTestExecutionListener, org.springframework.test.context.web.ServletTestExecutionListener, org.springframework.test.context.support.DirtiesContextBeforeModesTestExecutionListener, org.springframework.test.context.support.DependencyInjectionTestExecutionListener, org.springframework.test.context.support.DirtiesContextTestExecutionListener, org.springframework.test.context.transaction.TransactionalTestExecutionListener, org.springframework.test.context.jdbc.SqlScriptsTestExecutionListener, org.springframework.test.context.event.EventPublishingTestExecutionListener]
2020-10-19 17:20:43.611  INFO 11624 --- [    Test worker] .b.t.c.SpringBootTestContextBootstrapper : Using TestExecutionListeners: [org.springframework.test.context.web.ServletTestExecutionListener@673260f7, org.springframework.test.context.support.DirtiesContextBeforeModesTestExecutionListener@66a1ef0b, org.springframework.boot.test.mock.mockito.MockitoTestExecutionListener@62d7e80f, org.springframework.boot.test.autoconfigure.SpringBootDependencyInjectionTestExecutionListener@6b48aff3, org.springframework.test.context.support.DirtiesContextTestExecutionListener@1f094fb5, org.springframework.test.context.event.EventPublishingTestExecutionListener@763922e8, org.springframework.boot.test.autoconfigure.restdocs.RestDocsTestExecutionListener@2bf33bb0, org.springframework.boot.test.autoconfigure.web.client.MockRestServiceServerResetTestExecutionListener@5ea2e0a, org.springframework.boot.test.autoconfigure.web.servlet.MockMvcPrintOnlyOnFailureTestExecutionListener@50cbade5, org.springframework.boot.test.autoconfigure.web.servlet.WebDriverTestExecutionListener@6fdafb76, org.springframework.boot.test.mock.mockito.ResetMocksTestExecutionListener@5dc67386]

  .   ____          _            __ _ _
 /\\ / ___'_ __ _ _(_)_ __  __ _ \ \ \ \
( ( )\___ | '_ | '_| | '_ \/ _` | \ \ \ \
 \\/  ___)| |_)| | | | | || (_| |  ) ) ) )
  '  |____| .__|_| |_|_| |_\__, | / / / /
 =========|_|==============|___/=/_/_/_/
 :: Spring Boot ::        (v2.2.5.RELEASE)

2020-10-19 17:20:44.608  INFO 11624 --- [    Test worker] o.s.cloud.context.scope.GenericScope     : BeanFactory id=f524bb29-5289-3ca7-9d05-ff59a80afdb5
2020-10-19 17:20:44.639  INFO 11624 --- [    Test worker] trationDelegate$BeanPostProcessorChecker : Bean 'tourGuide.proxies.GpsUtilProxy' of type [org.springframework.cloud.openfeign.FeignClientFactoryBean] is not eligible for getting processed by all BeanPostProcessors (for example: not eligible for auto-proxying)
2020-10-19 17:20:44.639  INFO 11624 --- [    Test worker] trationDelegate$BeanPostProcessorChecker : Bean 'tourGuide.proxies.RewardCentralProxy' of type [org.springframework.cloud.openfeign.FeignClientFactoryBean] is not eligible for getting processed by all BeanPostProcessors (for example: not eligible for auto-proxying)
2020-10-19 17:20:44.639  INFO 11624 --- [    Test worker] trationDelegate$BeanPostProcessorChecker : Bean 'tourGuide.proxies.TripPricerProxy' of type [org.springframework.cloud.openfeign.FeignClientFactoryBean] is not eligible for getting processed by all BeanPostProcessors (for example: not eligible for auto-proxying)
2020-10-19 17:20:45.327  WARN 11624 --- [    Test worker] o.s.c.n.a.ArchaiusAutoConfiguration      : Netflix ConfigurationManager has already been installed, unable to re-install
2020-10-19 17:20:45.529  INFO 11624 --- [    Test worker] o.s.s.concurrent.ThreadPoolTaskExecutor  : Initializing ExecutorService 'applicationTaskExecutor'
2020-10-19 17:20:46.154  INFO 11624 --- [    Test worker] o.s.b.a.e.web.EndpointLinksResolver      : Exposing 2 endpoint(s) beneath base path '/actuator'
2020-10-19 17:21:00.329  INFO 11624 --- [    Test worker] o.s.s.concurrent.ThreadPoolTaskExecutor  : Shutting down ExecutorService 'applicationTaskExecutor'
]]></system-out>
  <system-err><![CDATA[]]></system-err>
</testsuite>
