<?xml version="1.0" encoding="UTF-8"?>
<testsuite name="tourGuide.TI.TestProxiesService" tests="2" skipped="0" failures="0" errors="0" timestamp="2020-10-19T15:20:43" hostname="PO709427VW10SC2" time="0.346">
  <properties/>
  <testcase name="getAttractionRewardPoints_giveUUID_returnReward()" classname="tourGuide.TI.TestProxiesService" time="0.332"/>
  <testcase name="getProviderName_giveinfo_returnProvider()" classname="tourGuide.TI.TestProxiesService" time="0.013"/>
  <system-out><![CDATA[2020-10-19 17:20:43.229  INFO 11624 --- [    Test worker] .b.t.c.SpringBootTestContextBootstrapper : Neither @ContextConfiguration nor @ContextHierarchy found for test class [tourGuide.TI.TestProxiesService], using SpringBootContextLoader
2020-10-19 17:20:43.245  INFO 11624 --- [    Test worker] o.s.t.c.support.AbstractContextLoader    : Could not detect default resource locations for test class [tourGuide.TI.TestProxiesService]: no resource found for suffixes {-context.xml, Context.groovy}.
2020-10-19 17:20:43.245  INFO 11624 --- [    Test worker] t.c.s.AnnotationConfigContextLoaderUtils : Could not detect default configuration classes for test class [tourGuide.TI.TestProxiesService]: TestProxiesService does not declare any static, non-private, non-final, nested classes annotated with @Configuration.
2020-10-19 17:20:43.245  INFO 11624 --- [    Test worker] .b.t.c.SpringBootTestContextBootstrapper : Found @SpringBootConfiguration tourGuide.Application for test class tourGuide.TI.TestProxiesService
2020-10-19 17:20:43.245  INFO 11624 --- [    Test worker] .b.t.c.SpringBootTestContextBootstrapper : Loaded default TestExecutionListener class names from location [META-INF/spring.factories]: [org.springframework.boot.test.autoconfigure.restdocs.RestDocsTestExecutionListener, org.springframework.boot.test.autoconfigure.web.client.MockRestServiceServerResetTestExecutionListener, org.springframework.boot.test.autoconfigure.web.servlet.MockMvcPrintOnlyOnFailureTestExecutionListener, org.springframework.boot.test.autoconfigure.web.servlet.WebDriverTestExecutionListener, org.springframework.boot.test.mock.mockito.MockitoTestExecutionListener, org.springframework.boot.test.mock.mockito.ResetMocksTestExecutionListener, org.springframework.test.context.web.ServletTestExecutionListener, org.springframework.test.context.support.DirtiesContextBeforeModesTestExecutionListener, org.springframework.test.context.support.DependencyInjectionTestExecutionListener, org.springframework.test.context.support.DirtiesContextTestExecutionListener, org.springframework.test.context.transaction.TransactionalTestExecutionListener, org.springframework.test.context.jdbc.SqlScriptsTestExecutionListener, org.springframework.test.context.event.EventPublishingTestExecutionListener]
2020-10-19 17:20:43.245  INFO 11624 --- [    Test worker] .b.t.c.SpringBootTestContextBootstrapper : Using TestExecutionListeners: [org.springframework.test.context.web.ServletTestExecutionListener@53854018, org.springframework.test.context.support.DirtiesContextBeforeModesTestExecutionListener@3562ccf9, org.springframework.boot.test.mock.mockito.MockitoTestExecutionListener@3b2a30c2, org.springframework.boot.test.autoconfigure.SpringBootDependencyInjectionTestExecutionListener@448e1616, org.springframework.test.context.support.DirtiesContextTestExecutionListener@3d721b1f, org.springframework.test.context.event.EventPublishingTestExecutionListener@1ed41d4c, org.springframework.boot.test.autoconfigure.restdocs.RestDocsTestExecutionListener@74928274, org.springframework.boot.test.autoconfigure.web.client.MockRestServiceServerResetTestExecutionListener@40981456, org.springframework.boot.test.autoconfigure.web.servlet.MockMvcPrintOnlyOnFailureTestExecutionListener@6d9f55b9, org.springframework.boot.test.autoconfigure.web.servlet.WebDriverTestExecutionListener@539f0b3b, org.springframework.boot.test.mock.mockito.ResetMocksTestExecutionListener@33feb21e]
]]></system-out>
  <system-err><![CDATA[]]></system-err>
</testsuite>
