<?xml version="1.0" encoding="UTF-8"?>
<testsuite name="tourGuide.TU.TestTourGuideControlerTU" tests="3" skipped="0" failures="0" errors="0" timestamp="2020-11-09T16:52:54" hostname="PC-Eric" time="0.088">
  <properties/>
  <testcase name="getIndex_noCondition_okIsDone()" classname="tourGuide.TU.TestTourGuideControlerTU" time="0.011"/>
  <testcase name="getUserPreference_existingUserName_UserPreferenceIsDone()" classname="tourGuide.TU.TestTourGuideControlerTU" time="0.06"/>
  <testcase name="getRewards_existingUserName_RewardIsDone()" classname="tourGuide.TU.TestTourGuideControlerTU" time="0.013"/>
  <system-out><![CDATA[
  .   ____          _            __ _ _
 /\\ / ___'_ __ _ _(_)_ __  __ _ \ \ \ \
( ( )\___ | '_ | '_| | '_ \/ _` | \ \ \ \
 \\/  ___)| |_)| | | | | || (_| |  ) ) ) )
  '  |____| .__|_| |_|_| |_\__, | / / / /
 =========|_|==============|___/=/_/_/_/
 :: Spring Boot ::        (v2.2.5.RELEASE)

2020-11-09 17:52:51.233  INFO 21448 --- [    Test worker] tourGuide.TU.TestTourGuideControlerTU    : No active profile set, falling back to default profiles: default
2020-11-09 17:52:52.528  WARN 21448 --- [    Test worker] c.n.c.sources.URLConfigurationSource     : No URLs will be polled as dynamic configuration sources.
2020-11-09 17:52:52.530  INFO 21448 --- [    Test worker] c.n.c.sources.URLConfigurationSource     : To enable URLs as dynamic configuration sources, define System property archaius.configurationSource.additionalUrls or make config.properties available on classpath.
2020-11-09 17:52:54.420  INFO 21448 --- [    Test worker] tourGuide.TU.TestTourGuideControlerTU    : Started TestTourGuideControlerTU in 5.8 seconds (JVM running for 99.93)
2020-11-09 17:52:54.486  INFO 21448 --- [    Test worker] tourGuide.TourGuideController            : Start getUserPreference
2020-11-09 17:52:54.511  INFO 21448 --- [    Test worker] tourGuide.TourGuideController            : Start getRewards
]]></system-out>
  <system-err><![CDATA[]]></system-err>
</testsuite>
