<?xml version="1.0" encoding="UTF-8"?>
<testsuite name="tourGuide.TestPerformance" tests="1" skipped="0" failures="0" errors="0" timestamp="2020-09-16T15:20:35" hostname="UC715467VW7JAV" time="1.36">
  <properties/>
  <testcase name="highVolumeGetRewards" classname="tourGuide.TestPerformance" time="1.36"/>
  <system-out><![CDATA[17:20:35.987 [Test worker] DEBUG tourGuide.TestPerformance - Start highVolumeGetRewards
17:20:36.112 [Test worker] INFO tourGuide.service.TourGuideService - TestMode enabled
17:20:36.112 [Test worker] DEBUG tourGuide.service.TourGuideService - Initializing users
17:20:36.347 [Test worker] DEBUG tourGuide.service.TourGuideService - Created 10 internal test users.
17:20:36.347 [Test worker] DEBUG tourGuide.service.TourGuideService - Finished initializing users
17:20:36.362 [Test worker] DEBUG tourGuide.tracker.Tracker - tracker submit
17:20:36.409 [Test worker] DEBUG tourGuide.TestPerformance - start exec
17:20:36.409 [pool-4-thread-1] DEBUG tourGuide.service.RewardsService - calculateRewards_standard start
17:20:36.409 [pool-4-thread-5] DEBUG tourGuide.service.RewardsService - calculateRewards_standard start
17:20:36.425 [Test worker] DEBUG tourGuide.TestPerformance - shutdown
17:20:36.425 [pool-4-thread-2] DEBUG tourGuide.service.RewardsService - calculateRewards_standard start
17:20:36.441 [pool-4-thread-6] DEBUG tourGuide.service.RewardsService - calculateRewards_standard start
17:20:36.441 [pool-4-thread-10] DEBUG tourGuide.service.RewardsService - calculateRewards_standard start
17:20:36.441 [pool-4-thread-9] DEBUG tourGuide.service.RewardsService - calculateRewards_standard start
17:20:36.441 [pool-3-thread-1] DEBUG tourGuide.tracker.Tracker - Begin Tracker. Tracking 10 users.
17:20:36.456 [pool-4-thread-4] DEBUG tourGuide.service.RewardsService - calculateRewards_standard start
17:20:36.456 [pool-4-thread-8] DEBUG tourGuide.service.RewardsService - calculateRewards_standard start
17:20:36.472 [pool-4-thread-7] DEBUG tourGuide.service.RewardsService - calculateRewards_standard start
17:20:36.472 [pool-4-thread-3] DEBUG tourGuide.service.RewardsService - calculateRewards_standard start
17:20:36.520 [pool-4-thread-4] DEBUG tourGuide.service.RewardsService - calculateRewards_standard End
17:20:36.677 [pool-4-thread-7] DEBUG tourGuide.service.RewardsService - calculateRewards_standard End
17:20:36.732 [pool-4-thread-6] DEBUG tourGuide.service.RewardsService - calculateRewards_standard End
17:20:36.835 [pool-4-thread-3] DEBUG tourGuide.service.RewardsService - calculateRewards_standard End
17:20:36.859 [pool-4-thread-5] DEBUG tourGuide.service.RewardsService - calculateRewards_standard End
17:20:37.029 [pool-4-thread-10] DEBUG tourGuide.service.RewardsService - calculateRewards_standard End
17:20:37.220 [pool-4-thread-1] DEBUG tourGuide.service.RewardsService - calculateRewards_standard End
17:20:37.227 [pool-4-thread-9] DEBUG tourGuide.service.RewardsService - calculateRewards_standard End
17:20:37.232 [pool-4-thread-2] DEBUG tourGuide.service.RewardsService - calculateRewards_standard End
17:20:37.350 [pool-4-thread-8] DEBUG tourGuide.service.RewardsService - calculateRewards_standard End
17:20:37.351 [Test worker] DEBUG tourGuide.TestPerformance - end
highVolumeGetRewards: Time Elapsed: 1 seconds.
17:20:37.351 [Test worker] DEBUG tourGuide.TestPerformance - End of highVolumeGetRewards
]]></system-out>
  <system-err><![CDATA[sept. 16, 2020 5:20:36 PM org.javamoney.moneta.DefaultMonetaryContextFactory createMonetaryContextNonNullConfig
INFOS: Using custom MathContext: precision=256, roundingMode=HALF_EVEN
]]></system-err>
</testsuite>
