<?xml version="1.0" encoding="UTF-8"?>
<testsuite name="tourGuide.TI.TestRewardsService" tests="3" skipped="0" failures="0" errors="0" timestamp="2020-11-09T16:52:26" hostname="PC-Eric" time="10.315">
  <properties/>
  <testcase name="nearAllAttractions()" classname="tourGuide.TI.TestRewardsService" time="10.021"/>
  <testcase name="userGetRewards()" classname="tourGuide.TI.TestRewardsService" time="0.274"/>
  <testcase name="isWithinAttractionProximity()" classname="tourGuide.TI.TestRewardsService" time="0.019"/>
  <system-out><![CDATA[
  .   ____          _            __ _ _
 /\\ / ___'_ __ _ _(_)_ __  __ _ \ \ \ \
( ( )\___ | '_ | '_| | '_ \/ _` | \ \ \ \
 \\/  ___)| |_)| | | | | || (_| |  ) ) ) )
  '  |____| .__|_| |_|_| |_\__, | / / / /
 =========|_|==============|___/=/_/_/_/
 :: Spring Boot ::        (v2.2.5.RELEASE)

2020-11-09 17:52:24.155  INFO 21448 --- [    Test worker] tourGuide.TI.TestRewardsService          : No active profile set, falling back to default profiles: default
2020-11-09 17:52:24.809  INFO 21448 --- [    Test worker] tourGuide.service.TourGuideService       : TestMode enabled
2020-11-09 17:52:26.744  INFO 21448 --- [    Test worker] tourGuide.TI.TestRewardsService          : Started TestRewardsService in 5.198 seconds (JVM running for 72.255)
2020-11-09 17:52:26.753  INFO 21448 --- [    Test worker] tourGuide.service.TourGuideService       : TestMode enabled
2020-11-09 17:52:36.776  INFO 21448 --- [    Test worker] tourGuide.service.TourGuideService       : TestMode enabled
]]></system-out>
  <system-err><![CDATA[]]></system-err>
</testsuite>
