<?xml version="1.0" encoding="UTF-8"?>
<testsuite name="tourGuide.TI.TestControlerTourGuide" tests="7" skipped="0" failures="0" errors="0" timestamp="2020-11-09T16:51:35" hostname="PC-Eric" time="45.957">
  <properties/>
  <testcase name="getLocation_existingUserName_aLocationIsDone()" classname="tourGuide.TI.TestControlerTourGuide" time="7.688"/>
  <testcase name="setUserPreference_existingUserName_okdIsDone()" classname="tourGuide.TI.TestControlerTourGuide" time="6.38"/>
  <testcase name="getAllCurrentLocations_inAllCase_okdIsDone()" classname="tourGuide.TI.TestControlerTourGuide" time="6.175"/>
  <testcase name="setUserPreference_inexistingUserName_errorISReturn()" classname="tourGuide.TI.TestControlerTourGuide" time="6.02"/>
  <testcase name="getNearbyAttractionsV2_existingUserName_okdIsDone()" classname="tourGuide.TI.TestControlerTourGuide" time="7.703"/>
  <testcase name="getTripDeals_existingUserName_aTripIsDone()" classname="tourGuide.TI.TestControlerTourGuide" time="6.008"/>
  <testcase name="getUserPreference_inexistingUserName_errorIsReturn()" classname="tourGuide.TI.TestControlerTourGuide" time="5.97"/>
  <system-out><![CDATA[
  .   ____          _            __ _ _
 /\\ / ___'_ __ _ _(_)_ __  __ _ \ \ \ \
( ( )\___ | '_ | '_| | '_ \/ _` | \ \ \ \
 \\/  ___)| |_)| | | | | || (_| |  ) ) ) )
  '  |____| .__|_| |_|_| |_\__, | / / / /
 =========|_|==============|___/=/_/_/_/
 :: Spring Boot ::        (v2.2.5.RELEASE)

2020-11-09 17:51:24.873  INFO 21448 --- [    Test worker] tourGuide.TI.TestControlerTourGuide      : No active profile set, falling back to default profiles: default
2020-11-09 17:51:29.366  INFO 21448 --- [    Test worker] tourGuide.service.TourGuideService       : TestMode enabled
2020-11-09 17:51:29.439  INFO 21448 --- [    Test worker] o.j.m.DefaultMonetaryContextFactory      : Using custom MathContext: precision=256, roundingMode=HALF_EVEN
2020-11-09 17:51:30.228  WARN 21448 --- [    Test worker] c.n.c.sources.URLConfigurationSource     : No URLs will be polled as dynamic configuration sources.
2020-11-09 17:51:30.229  INFO 21448 --- [    Test worker] c.n.c.sources.URLConfigurationSource     : To enable URLs as dynamic configuration sources, define System property archaius.configurationSource.additionalUrls or make config.properties available on classpath.
2020-11-09 17:51:30.257  WARN 21448 --- [    Test worker] c.n.c.sources.URLConfigurationSource     : No URLs will be polled as dynamic configuration sources.
2020-11-09 17:51:30.259  INFO 21448 --- [    Test worker] c.n.c.sources.URLConfigurationSource     : To enable URLs as dynamic configuration sources, define System property archaius.configurationSource.additionalUrls or make config.properties available on classpath.
2020-11-09 17:51:35.136  INFO 21448 --- [    Test worker] tourGuide.TI.TestControlerTourGuide      : Started TestControlerTourGuide in 14.903 seconds (JVM running for 20.647)

  .   ____          _            __ _ _
 /\\ / ___'_ __ _ _(_)_ __  __ _ \ \ \ \
( ( )\___ | '_ | '_| | '_ \/ _` | \ \ \ \
 \\/  ___)| |_)| | | | | || (_| |  ) ) ) )
  '  |____| .__|_| |_|_| |_\__, | / / / /
 =========|_|==============|___/=/_/_/_/
 :: Spring Boot ::        (v2.2.5.RELEASE)

2020-11-09 17:51:38.162  INFO 21448 --- [    Test worker] tourGuide.TI.TestControlerTourGuide      : No active profile set, falling back to default profiles: default
2020-11-09 17:51:39.078  INFO 21448 --- [    Test worker] tourGuide.service.TourGuideService       : TestMode enabled
2020-11-09 17:51:39.686  WARN 21448 --- [    Test worker] c.n.c.sources.URLConfigurationSource     : No URLs will be polled as dynamic configuration sources.
2020-11-09 17:51:39.686  INFO 21448 --- [    Test worker] c.n.c.sources.URLConfigurationSource     : To enable URLs as dynamic configuration sources, define System property archaius.configurationSource.additionalUrls or make config.properties available on classpath.
2020-11-09 17:51:42.170  INFO 21448 --- [    Test worker] tourGuide.TI.TestControlerTourGuide      : Started TestControlerTourGuide in 6.7 seconds (JVM running for 27.68)
2020-11-09 17:51:42.985  INFO 21448 --- [    Test worker] tourGuide.TourGuideController            : Start getLocation

  .   ____          _            __ _ _
 /\\ / ___'_ __ _ _(_)_ __  __ _ \ \ \ \
( ( )\___ | '_ | '_| | '_ \/ _` | \ \ \ \
 \\/  ___)| |_)| | | | | || (_| |  ) ) ) )
  '  |____| .__|_| |_|_| |_\__, | / / / /
 =========|_|==============|___/=/_/_/_/
 :: Spring Boot ::        (v2.2.5.RELEASE)

2020-11-09 17:51:45.865  INFO 21448 --- [    Test worker] tourGuide.TI.TestControlerTourGuide      : No active profile set, falling back to default profiles: default
2020-11-09 17:51:46.644  INFO 21448 --- [    Test worker] tourGuide.service.TourGuideService       : TestMode enabled
2020-11-09 17:51:47.140  WARN 21448 --- [    Test worker] c.n.c.sources.URLConfigurationSource     : No URLs will be polled as dynamic configuration sources.
2020-11-09 17:51:47.151  INFO 21448 --- [    Test worker] c.n.c.sources.URLConfigurationSource     : To enable URLs as dynamic configuration sources, define System property archaius.configurationSource.additionalUrls or make config.properties available on classpath.
2020-11-09 17:51:49.417  INFO 21448 --- [    Test worker] tourGuide.TI.TestControlerTourGuide      : Started TestControlerTourGuide in 6.281 seconds (JVM running for 34.928)

  .   ____          _            __ _ _
 /\\ / ___'_ __ _ _(_)_ __  __ _ \ \ \ \
( ( )\___ | '_ | '_| | '_ \/ _` | \ \ \ \
 \\/  ___)| |_)| | | | | || (_| |  ) ) ) )
  '  |____| .__|_| |_|_| |_\__, | / / / /
 =========|_|==============|___/=/_/_/_/
 :: Spring Boot ::        (v2.2.5.RELEASE)

2020-11-09 17:51:52.123  INFO 21448 --- [    Test worker] tourGuide.TI.TestControlerTourGuide      : No active profile set, falling back to default profiles: default
2020-11-09 17:51:52.898  INFO 21448 --- [    Test worker] tourGuide.service.TourGuideService       : TestMode enabled
2020-11-09 17:51:53.453  WARN 21448 --- [    Test worker] c.n.c.sources.URLConfigurationSource     : No URLs will be polled as dynamic configuration sources.
2020-11-09 17:51:53.469  INFO 21448 --- [    Test worker] c.n.c.sources.URLConfigurationSource     : To enable URLs as dynamic configuration sources, define System property archaius.configurationSource.additionalUrls or make config.properties available on classpath.
2020-11-09 17:51:55.632  INFO 21448 --- [    Test worker] tourGuide.TI.TestControlerTourGuide      : Started TestControlerTourGuide in 6.118 seconds (JVM running for 41.142)
2020-11-09 17:51:55.643  INFO 21448 --- [    Test worker] tourGuide.TourGuideController            : Start getAllCurrentLocations

  .   ____          _            __ _ _
 /\\ / ___'_ __ _ _(_)_ __  __ _ \ \ \ \
( ( )\___ | '_ | '_| | '_ \/ _` | \ \ \ \
 \\/  ___)| |_)| | | | | || (_| |  ) ) ) )
  '  |____| .__|_| |_|_| |_\__, | / / / /
 =========|_|==============|___/=/_/_/_/
 :: Spring Boot ::        (v2.2.5.RELEASE)

2020-11-09 17:51:58.254  INFO 21448 --- [    Test worker] tourGuide.TI.TestControlerTourGuide      : No active profile set, falling back to default profiles: default
2020-11-09 17:51:58.994  INFO 21448 --- [    Test worker] tourGuide.service.TourGuideService       : TestMode enabled
2020-11-09 17:51:59.406  WARN 21448 --- [    Test worker] c.n.c.sources.URLConfigurationSource     : No URLs will be polled as dynamic configuration sources.
2020-11-09 17:51:59.407  INFO 21448 --- [    Test worker] c.n.c.sources.URLConfigurationSource     : To enable URLs as dynamic configuration sources, define System property archaius.configurationSource.additionalUrls or make config.properties available on classpath.
2020-11-09 17:52:01.656  INFO 21448 --- [    Test worker] tourGuide.TI.TestControlerTourGuide      : Started TestControlerTourGuide in 5.968 seconds (JVM running for 47.166)
2020-11-09 17:52:01.675 ERROR 21448 --- [    Test worker] tourGuide.TourGuideController            :  this username does not exist : internalUser99999999
2020-11-09 17:52:01.676 ERROR 21448 --- [    Test worker] t.exceptions.UserNameNotFoundException   :  this username does not exist : internalUser99999999

  .   ____          _            __ _ _
 /\\ / ___'_ __ _ _(_)_ __  __ _ \ \ \ \
( ( )\___ | '_ | '_| | '_ \/ _` | \ \ \ \
 \\/  ___)| |_)| | | | | || (_| |  ) ) ) )
  '  |____| .__|_| |_|_| |_\__, | / / / /
 =========|_|==============|___/=/_/_/_/
 :: Spring Boot ::        (v2.2.5.RELEASE)

2020-11-09 17:52:04.278  INFO 21448 --- [    Test worker] tourGuide.TI.TestControlerTourGuide      : No active profile set, falling back to default profiles: default
2020-11-09 17:52:04.980  INFO 21448 --- [    Test worker] tourGuide.service.TourGuideService       : TestMode enabled
2020-11-09 17:52:05.378  WARN 21448 --- [    Test worker] c.n.c.sources.URLConfigurationSource     : No URLs will be polled as dynamic configuration sources.
2020-11-09 17:52:05.378  INFO 21448 --- [    Test worker] c.n.c.sources.URLConfigurationSource     : To enable URLs as dynamic configuration sources, define System property archaius.configurationSource.additionalUrls or make config.properties available on classpath.
2020-11-09 17:52:07.553  INFO 21448 --- [    Test worker] tourGuide.TI.TestControlerTourGuide      : Started TestControlerTourGuide in 5.849 seconds (JVM running for 53.063)
2020-11-09 17:52:07.563  INFO 21448 --- [    Test worker] tourGuide.TourGuideController            : Start getNearbyAttractions

  .   ____          _            __ _ _
 /\\ / ___'_ __ _ _(_)_ __  __ _ \ \ \ \
( ( )\___ | '_ | '_| | '_ \/ _` | \ \ \ \
 \\/  ___)| |_)| | | | | || (_| |  ) ) ) )
  '  |____| .__|_| |_|_| |_\__, | / / / /
 =========|_|==============|___/=/_/_/_/
 :: Spring Boot ::        (v2.2.5.RELEASE)

2020-11-09 17:52:12.037  INFO 21448 --- [    Test worker] tourGuide.TI.TestControlerTourGuide      : No active profile set, falling back to default profiles: default
2020-11-09 17:52:12.722  INFO 21448 --- [    Test worker] tourGuide.service.TourGuideService       : TestMode enabled
2020-11-09 17:52:13.098  WARN 21448 --- [    Test worker] c.n.c.sources.URLConfigurationSource     : No URLs will be polled as dynamic configuration sources.
2020-11-09 17:52:13.099  INFO 21448 --- [    Test worker] c.n.c.sources.URLConfigurationSource     : To enable URLs as dynamic configuration sources, define System property archaius.configurationSource.additionalUrls or make config.properties available on classpath.
2020-11-09 17:52:15.307  INFO 21448 --- [    Test worker] tourGuide.TI.TestControlerTourGuide      : Started TestControlerTourGuide in 5.897 seconds (JVM running for 60.817)
2020-11-09 17:52:15.317  INFO 21448 --- [    Test worker] tourGuide.TourGuideController            : Start getTripDeals

  .   ____          _            __ _ _
 /\\ / ___'_ __ _ _(_)_ __  __ _ \ \ \ \
( ( )\___ | '_ | '_| | '_ \/ _` | \ \ \ \
 \\/  ___)| |_)| | | | | || (_| |  ) ) ) )
  '  |____| .__|_| |_|_| |_\__, | / / / /
 =========|_|==============|___/=/_/_/_/
 :: Spring Boot ::        (v2.2.5.RELEASE)

2020-11-09 17:52:18.072  INFO 21448 --- [    Test worker] tourGuide.TI.TestControlerTourGuide      : No active profile set, falling back to default profiles: default
2020-11-09 17:52:18.776  INFO 21448 --- [    Test worker] tourGuide.service.TourGuideService       : TestMode enabled
2020-11-09 17:52:19.199  WARN 21448 --- [    Test worker] c.n.c.sources.URLConfigurationSource     : No URLs will be polled as dynamic configuration sources.
2020-11-09 17:52:19.203  INFO 21448 --- [    Test worker] c.n.c.sources.URLConfigurationSource     : To enable URLs as dynamic configuration sources, define System property archaius.configurationSource.additionalUrls or make config.properties available on classpath.
2020-11-09 17:52:21.350  INFO 21448 --- [    Test worker] tourGuide.TI.TestControlerTourGuide      : Started TestControlerTourGuide in 5.928 seconds (JVM running for 66.86)
2020-11-09 17:52:21.363  INFO 21448 --- [    Test worker] tourGuide.TourGuideController            : Start getUserPreference
2020-11-09 17:52:21.364 ERROR 21448 --- [    Test worker] tourGuide.TourGuideController            :  this username does not exist : internalUser99999999
2020-11-09 17:52:21.365 ERROR 21448 --- [    Test worker] t.exceptions.UserNameNotFoundException   :  this username does not exist : internalUser99999999
]]></system-out>
  <system-err><![CDATA[]]></system-err>
</testsuite>
