<?xml version="1.0" encoding="UTF-8"?>
<testsuite name="tourGuide.TI.TestRewardsService" tests="3" skipped="0" failures="0" errors="0" timestamp="2020-10-20T09:59:28" hostname="PO709427VW10SC2" time="13.975">
  <properties/>
  <testcase name="nearAllAttractions()" classname="tourGuide.TI.TestRewardsService" time="13.271"/>
  <testcase name="userGetRewards()" classname="tourGuide.TI.TestRewardsService" time="0.682"/>
  <testcase name="isWithinAttractionProximity()" classname="tourGuide.TI.TestRewardsService" time="0.018"/>
  <system-out><![CDATA[2020-10-20 11:59:26.368  INFO 6328 --- [    Test worker] .b.t.c.SpringBootTestContextBootstrapper : Neither @ContextConfiguration nor @ContextHierarchy found for test class [tourGuide.TI.TestRewardsService], using SpringBootContextLoader
2020-10-20 11:59:26.368  INFO 6328 --- [    Test worker] o.s.t.c.support.AbstractContextLoader    : Could not detect default resource locations for test class [tourGuide.TI.TestRewardsService]: no resource found for suffixes {-context.xml, Context.groovy}.
2020-10-20 11:59:26.368  INFO 6328 --- [    Test worker] t.c.s.AnnotationConfigContextLoaderUtils : Could not detect default configuration classes for test class [tourGuide.TI.TestRewardsService]: TestRewardsService does not declare any static, non-private, non-final, nested classes annotated with @Configuration.
2020-10-20 11:59:26.368  INFO 6328 --- [    Test worker] .b.t.c.SpringBootTestContextBootstrapper : Found @SpringBootConfiguration tourGuide.Application for test class tourGuide.TI.TestRewardsService
2020-10-20 11:59:26.368  INFO 6328 --- [    Test worker] .b.t.c.SpringBootTestContextBootstrapper : Loaded default TestExecutionListener class names from location [META-INF/spring.factories]: [org.springframework.boot.test.autoconfigure.restdocs.RestDocsTestExecutionListener, org.springframework.boot.test.autoconfigure.web.client.MockRestServiceServerResetTestExecutionListener, org.springframework.boot.test.autoconfigure.web.servlet.MockMvcPrintOnlyOnFailureTestExecutionListener, org.springframework.boot.test.autoconfigure.web.servlet.WebDriverTestExecutionListener, org.springframework.boot.test.mock.mockito.MockitoTestExecutionListener, org.springframework.boot.test.mock.mockito.ResetMocksTestExecutionListener, org.springframework.test.context.web.ServletTestExecutionListener, org.springframework.test.context.support.DirtiesContextBeforeModesTestExecutionListener, org.springframework.test.context.support.DependencyInjectionTestExecutionListener, org.springframework.test.context.support.DirtiesContextTestExecutionListener, org.springframework.test.context.transaction.TransactionalTestExecutionListener, org.springframework.test.context.jdbc.SqlScriptsTestExecutionListener, org.springframework.test.context.event.EventPublishingTestExecutionListener]
2020-10-20 11:59:26.368  INFO 6328 --- [    Test worker] .b.t.c.SpringBootTestContextBootstrapper : Using TestExecutionListeners: [org.springframework.test.context.web.ServletTestExecutionListener@41a673af, org.springframework.test.context.support.DirtiesContextBeforeModesTestExecutionListener@1520ff14, org.springframework.boot.test.mock.mockito.MockitoTestExecutionListener@539d472b, org.springframework.boot.test.autoconfigure.SpringBootDependencyInjectionTestExecutionListener@42a9b737, org.springframework.test.context.support.DirtiesContextTestExecutionListener@30609fc6, org.springframework.test.context.event.EventPublishingTestExecutionListener@22aa1e81, org.springframework.boot.test.autoconfigure.restdocs.RestDocsTestExecutionListener@1b37a1e0, org.springframework.boot.test.autoconfigure.web.client.MockRestServiceServerResetTestExecutionListener@14a8bdbe, org.springframework.boot.test.autoconfigure.web.servlet.MockMvcPrintOnlyOnFailureTestExecutionListener@20029e42, org.springframework.boot.test.autoconfigure.web.servlet.WebDriverTestExecutionListener@522ec2d5, org.springframework.boot.test.mock.mockito.ResetMocksTestExecutionListener@74b041d1]

  .   ____          _            __ _ _
 /\\ / ___'_ __ _ _(_)_ __  __ _ \ \ \ \
( ( )\___ | '_ | '_| | '_ \/ _` | \ \ \ \
 \\/  ___)| |_)| | | | | || (_| |  ) ) ) )
  '  |____| .__|_| |_|_| |_\__, | / / / /
 =========|_|==============|___/=/_/_/_/
 :: Spring Boot ::        (v2.2.5.RELEASE)

2020-10-20 11:59:27.384  INFO 6328 --- [    Test worker] o.s.cloud.context.scope.GenericScope     : BeanFactory id=5a5033d8-d5c9-3a30-ac70-a737cec4d952
2020-10-20 11:59:27.400  INFO 6328 --- [    Test worker] trationDelegate$BeanPostProcessorChecker : Bean 'tourGuide.proxies.GpsUtilProxy' of type [org.springframework.cloud.openfeign.FeignClientFactoryBean] is not eligible for getting processed by all BeanPostProcessors (for example: not eligible for auto-proxying)
2020-10-20 11:59:27.415  INFO 6328 --- [    Test worker] trationDelegate$BeanPostProcessorChecker : Bean 'tourGuide.proxies.RewardCentralProxy' of type [org.springframework.cloud.openfeign.FeignClientFactoryBean] is not eligible for getting processed by all BeanPostProcessors (for example: not eligible for auto-proxying)
2020-10-20 11:59:27.415  INFO 6328 --- [    Test worker] trationDelegate$BeanPostProcessorChecker : Bean 'tourGuide.proxies.TripPricerProxy' of type [org.springframework.cloud.openfeign.FeignClientFactoryBean] is not eligible for getting processed by all BeanPostProcessors (for example: not eligible for auto-proxying)
2020-10-20 11:59:27.946  WARN 6328 --- [    Test worker] o.s.c.n.a.ArchaiusAutoConfiguration      : Netflix ConfigurationManager has already been installed, unable to re-install
2020-10-20 11:59:28.134  INFO 6328 --- [    Test worker] o.s.s.concurrent.ThreadPoolTaskExecutor  : Initializing ExecutorService 'applicationTaskExecutor'
2020-10-20 11:59:28.822  INFO 6328 --- [    Test worker] o.s.b.a.e.web.EndpointLinksResolver      : Exposing 2 endpoint(s) beneath base path '/actuator'
2020-10-20 11:59:42.863  INFO 6328 --- [    Test worker] o.s.s.concurrent.ThreadPoolTaskExecutor  : Shutting down ExecutorService 'applicationTaskExecutor'
]]></system-out>
  <system-err><![CDATA[]]></system-err>
</testsuite>
