<?xml version="1.0" encoding="UTF-8"?>
<testsuite name="tourGuide.TU.TestTourGuideControlerTU" tests="1" skipped="0" failures="0" errors="0" timestamp="2020-10-16T17:15:59" hostname="PO709427VW10SC2" time="0.135">
  <properties/>
  <testcase name="getUserPreference_existingUserName_UserPreferenceIsDone()" classname="tourGuide.TU.TestTourGuideControlerTU" time="0.135"/>
  <system-out><![CDATA[2020-10-16 19:15:56.040  INFO 8932 --- [    Test worker] .b.t.c.SpringBootTestContextBootstrapper : Neither @ContextConfiguration nor @ContextHierarchy found for test class [tourGuide.TU.TestTourGuideControlerTU], using SpringBootContextLoader
2020-10-16 19:15:56.041  INFO 8932 --- [    Test worker] o.s.t.c.support.AbstractContextLoader    : Could not detect default resource locations for test class [tourGuide.TU.TestTourGuideControlerTU]: no resource found for suffixes {-context.xml, Context.groovy}.
2020-10-16 19:15:56.042  INFO 8932 --- [    Test worker] t.c.s.AnnotationConfigContextLoaderUtils : Could not detect default configuration classes for test class [tourGuide.TU.TestTourGuideControlerTU]: TestTourGuideControlerTU does not declare any static, non-private, non-final, nested classes annotated with @Configuration.
2020-10-16 19:15:56.072  INFO 8932 --- [    Test worker] .b.t.c.SpringBootTestContextBootstrapper : Found @SpringBootConfiguration tourGuide.Application for test class tourGuide.TU.TestTourGuideControlerTU
2020-10-16 19:15:56.072  INFO 8932 --- [    Test worker] .b.t.c.SpringBootTestContextBootstrapper : Loaded default TestExecutionListener class names from location [META-INF/spring.factories]: [org.springframework.boot.test.autoconfigure.restdocs.RestDocsTestExecutionListener, org.springframework.boot.test.autoconfigure.web.client.MockRestServiceServerResetTestExecutionListener, org.springframework.boot.test.autoconfigure.web.servlet.MockMvcPrintOnlyOnFailureTestExecutionListener, org.springframework.boot.test.autoconfigure.web.servlet.WebDriverTestExecutionListener, org.springframework.boot.test.mock.mockito.MockitoTestExecutionListener, org.springframework.boot.test.mock.mockito.ResetMocksTestExecutionListener, org.springframework.test.context.web.ServletTestExecutionListener, org.springframework.test.context.support.DirtiesContextBeforeModesTestExecutionListener, org.springframework.test.context.support.DependencyInjectionTestExecutionListener, org.springframework.test.context.support.DirtiesContextTestExecutionListener, org.springframework.test.context.transaction.TransactionalTestExecutionListener, org.springframework.test.context.jdbc.SqlScriptsTestExecutionListener, org.springframework.test.context.event.EventPublishingTestExecutionListener]
2020-10-16 19:15:56.072  INFO 8932 --- [    Test worker] .b.t.c.SpringBootTestContextBootstrapper : Using TestExecutionListeners: [org.springframework.test.context.web.ServletTestExecutionListener@45d7db10, org.springframework.test.context.support.DirtiesContextBeforeModesTestExecutionListener@45191fa1, org.springframework.boot.test.mock.mockito.MockitoTestExecutionListener@44702f61, org.springframework.boot.test.autoconfigure.SpringBootDependencyInjectionTestExecutionListener@16881f88, org.springframework.test.context.support.DirtiesContextTestExecutionListener@6dfc4912, org.springframework.test.context.event.EventPublishingTestExecutionListener@6015b71b, org.springframework.boot.test.autoconfigure.restdocs.RestDocsTestExecutionListener@255b975f, org.springframework.boot.test.autoconfigure.web.client.MockRestServiceServerResetTestExecutionListener@7379b823, org.springframework.boot.test.autoconfigure.web.servlet.MockMvcPrintOnlyOnFailureTestExecutionListener@7c42db87, org.springframework.boot.test.autoconfigure.web.servlet.WebDriverTestExecutionListener@3122067b, org.springframework.boot.test.mock.mockito.ResetMocksTestExecutionListener@483a8e6f]

  .   ____          _            __ _ _
 /\\ / ___'_ __ _ _(_)_ __  __ _ \ \ \ \
( ( )\___ | '_ | '_| | '_ \/ _` | \ \ \ \
 \\/  ___)| |_)| | | | | || (_| |  ) ) ) )
  '  |____| .__|_| |_|_| |_\__, | / / / /
 =========|_|==============|___/=/_/_/_/
 :: Spring Boot ::        (v2.2.5.RELEASE)

2020-10-16 19:15:57.167  INFO 8932 --- [    Test worker] o.s.cloud.context.scope.GenericScope     : BeanFactory id=a5c34365-6e83-300b-9a14-dbc442384649
2020-10-16 19:15:58.557  WARN 8932 --- [    Test worker] o.s.c.n.a.ArchaiusAutoConfiguration      : Netflix ConfigurationManager has already been installed, unable to re-install
2020-10-16 19:15:58.729  INFO 8932 --- [    Test worker] o.s.s.concurrent.ThreadPoolTaskExecutor  : Initializing ExecutorService 'applicationTaskExecutor'
2020-10-16 19:15:59.182  INFO 8932 --- [    Test worker] o.s.b.t.m.w.SpringBootMockServletContext : Initializing Spring TestDispatcherServlet ''
2020-10-16 19:15:59.182  INFO 8932 --- [    Test worker] o.s.t.web.servlet.TestDispatcherServlet  : Initializing Servlet ''
2020-10-16 19:15:59.230  INFO 8932 --- [    Test worker] o.s.b.a.e.web.EndpointLinksResolver      : Exposing 2 endpoint(s) beneath base path '/actuator'
2020-10-16 19:15:59.275  INFO 8932 --- [    Test worker] o.s.t.web.servlet.TestDispatcherServlet  : Completed initialization in 93 ms
]]></system-out>
  <system-err><![CDATA[]]></system-err>
</testsuite>
