<?xml version="1.0" encoding="UTF-8"?>
<testsuite name="tourGuide.TP.TestPerformance" tests="2" skipped="0" failures="0" errors="0" timestamp="2020-11-09T16:52:44" hostname="PC-Eric" time="4.147">
  <properties/>
  <testcase name="highVolumeGetRewardsNew()" classname="tourGuide.TP.TestPerformance" time="3.269"/>
  <testcase name="highVolumeTrackLocationNew()" classname="tourGuide.TP.TestPerformance" time="0.877"/>
  <system-out><![CDATA[2020-11-09 17:52:44.424  INFO 21448 --- [    Test worker] tourGuide.service.TourGuideService       : TestMode enabled
***** RESULT ***** RESULT ***** RESULT *****
************************ WARNING - Exception ON trackUserLocationList - WARNING ***************************
highVolumeGetRewards: Time Elapsed: 3 seconds.
*****   END  *****   END  *****   END  *****
message : null -- localized message : null
2020-11-09 17:52:47.695  INFO 21448 --- [    Test worker] tourGuide.service.TourGuideService       : TestMode enabled
***** RESULT ***** RESULT ***** RESULT *****
highVolumeTrackLocation: Time Elapsed: 0 seconds.
*****   END  *****   END  *****   END  *****
]]></system-out>
  <system-err><![CDATA[]]></system-err>
</testsuite>
