<?xml version="1.0" encoding="UTF-8"?>
<testsuite name="tourGuide.TI.TestProxiesService" tests="3" skipped="0" failures="0" errors="0" timestamp="2020-10-21T06:57:29" hostname="PO709427VW10SC2" time="0.192">
  <properties/>
  <testcase name="getProviderName_giveInfo_returnProvider()" classname="tourGuide.TI.TestProxiesService" time="0.051"/>
  <testcase name="getUserLocation_giveUUIDUser_returnVisitedLocation()" classname="tourGuide.TI.TestProxiesService" time="0.109"/>
  <testcase name="getAttractions_noData_returnAttraction()" classname="tourGuide.TI.TestProxiesService" time="0.029"/>
  <system-out><![CDATA[2020-10-21 08:57:29.066  INFO 10852 --- [    Test worker] .b.t.c.SpringBootTestContextBootstrapper : Neither @ContextConfiguration nor @ContextHierarchy found for test class [tourGuide.TI.TestProxiesService], using SpringBootContextLoader
2020-10-21 08:57:29.066  INFO 10852 --- [    Test worker] o.s.t.c.support.AbstractContextLoader    : Could not detect default resource locations for test class [tourGuide.TI.TestProxiesService]: no resource found for suffixes {-context.xml, Context.groovy}.
2020-10-21 08:57:29.066  INFO 10852 --- [    Test worker] t.c.s.AnnotationConfigContextLoaderUtils : Could not detect default configuration classes for test class [tourGuide.TI.TestProxiesService]: TestProxiesService does not declare any static, non-private, non-final, nested classes annotated with @Configuration.
2020-10-21 08:57:29.066  INFO 10852 --- [    Test worker] .b.t.c.SpringBootTestContextBootstrapper : Found @SpringBootConfiguration tourGuide.Application for test class tourGuide.TI.TestProxiesService
2020-10-21 08:57:29.081  INFO 10852 --- [    Test worker] .b.t.c.SpringBootTestContextBootstrapper : Loaded default TestExecutionListener class names from location [META-INF/spring.factories]: [org.springframework.boot.test.autoconfigure.restdocs.RestDocsTestExecutionListener, org.springframework.boot.test.autoconfigure.web.client.MockRestServiceServerResetTestExecutionListener, org.springframework.boot.test.autoconfigure.web.servlet.MockMvcPrintOnlyOnFailureTestExecutionListener, org.springframework.boot.test.autoconfigure.web.servlet.WebDriverTestExecutionListener, org.springframework.boot.test.mock.mockito.MockitoTestExecutionListener, org.springframework.boot.test.mock.mockito.ResetMocksTestExecutionListener, org.springframework.test.context.web.ServletTestExecutionListener, org.springframework.test.context.support.DirtiesContextBeforeModesTestExecutionListener, org.springframework.test.context.support.DependencyInjectionTestExecutionListener, org.springframework.test.context.support.DirtiesContextTestExecutionListener, org.springframework.test.context.transaction.TransactionalTestExecutionListener, org.springframework.test.context.jdbc.SqlScriptsTestExecutionListener, org.springframework.test.context.event.EventPublishingTestExecutionListener]
2020-10-21 08:57:29.081  INFO 10852 --- [    Test worker] .b.t.c.SpringBootTestContextBootstrapper : Using TestExecutionListeners: [org.springframework.test.context.web.ServletTestExecutionListener@3fcf6050, org.springframework.test.context.support.DirtiesContextBeforeModesTestExecutionListener@4f893746, org.springframework.boot.test.mock.mockito.MockitoTestExecutionListener@78543b3a, org.springframework.boot.test.autoconfigure.SpringBootDependencyInjectionTestExecutionListener@176722d8, org.springframework.test.context.support.DirtiesContextTestExecutionListener@536e1d84, org.springframework.test.context.event.EventPublishingTestExecutionListener@555b23a8, org.springframework.boot.test.autoconfigure.restdocs.RestDocsTestExecutionListener@c8f4fd2, org.springframework.boot.test.autoconfigure.web.client.MockRestServiceServerResetTestExecutionListener@2250dd79, org.springframework.boot.test.autoconfigure.web.servlet.MockMvcPrintOnlyOnFailureTestExecutionListener@1f1768a, org.springframework.boot.test.autoconfigure.web.servlet.WebDriverTestExecutionListener@d3b437f, org.springframework.boot.test.mock.mockito.ResetMocksTestExecutionListener@7bbc6cd5]
]]></system-out>
  <system-err><![CDATA[]]></system-err>
</testsuite>
