<?xml version="1.0" encoding="UTF-8"?>
<testsuite name="tourGuide.TestPerformance" tests="1" skipped="0" failures="0" errors="0" timestamp="2020-09-18T13:02:45" hostname="UC715467VW7JAV" time="233.254">
  <properties/>
  <testcase name="highVolumeGetRewardsNew" classname="tourGuide.TestPerformance" time="233.254"/>
  <system-out><![CDATA[15:02:45.416 [Test worker] DEBUG tourGuide.TestPerformance - Start highVolumeGetRewardsNew
15:02:45.486 [Test worker] INFO tourGuide.service.TourGuideService - TestMode enabled
15:02:45.486 [Test worker] DEBUG tourGuide.service.TourGuideService - Initializing users
15:02:48.445 [Test worker] DEBUG tourGuide.service.TourGuideService - Created 100000 internal test users.
15:02:48.445 [Test worker] DEBUG tourGuide.service.TourGuideService - Finished initializing users
15:02:48.445 [Test worker] DEBUG tourGuide.tracker.Tracker - tracker submit
15:02:48.486 [Test worker] DEBUG tourGuide.TestPerformance - highVolumeGetRewardsnew 1
15:02:48.497 [pool-3-thread-1] DEBUG tourGuide.tracker.Tracker - Begin Tracker. Tracking 100000 users.
15:02:48.497 [pool-3-thread-1] DEBUG tourGuide.tracker.Tracker - start loop
15:02:48.497 [pool-3-thread-1] DEBUG tourGuide.service.TourGuideService - trackUserLocationList AAAAAASYNCHRONE
15:02:48.514 [Test worker] DEBUG tourGuide.TestPerformance - highVolumeGetRewardsnew 2
15:02:48.514 [Test worker] DEBUG tourGuide.service.RewardsService - calculateRewardsList AAAAAASYNCHRONE
15:06:38.982 [Test worker] DEBUG tourGuide.TestPerformance - highVolumeGetRewardsnew 3
15:06:39.051 [Test worker] DEBUG tourGuide.TestPerformance - highVolumeGetRewardsnew 4
highVolumeGetRewards: Time Elapsed: 232 seconds.
**********************************************************************************************************
15:06:39.053 [Test worker] DEBUG tourGuide.TestPerformance - End of highVolumeGetRewards
************************ WARNING - Exception ON trackUserLocationList - WARNING ***************************
message : null
localized message : null
]]></system-out>
  <system-err><![CDATA[sept. 18, 2020 3:02:45 PM org.javamoney.moneta.DefaultMonetaryContextFactory createMonetaryContextNonNullConfig
INFOS: Using custom MathContext: precision=256, roundingMode=HALF_EVEN
]]></system-err>
</testsuite>
