<?xml version="1.0" encoding="UTF-8"?>
<testsuite name="tourGuide.TP.TestPerformance" tests="2" skipped="0" failures="0" errors="0" timestamp="2020-10-20T09:59:47" hostname="PO709427VW10SC2" time="4.607">
  <properties/>
  <testcase name="highVolumeGetRewardsNew()" classname="tourGuide.TP.TestPerformance" time="3.865"/>
  <testcase name="highVolumeTrackLocationNew()" classname="tourGuide.TP.TestPerformance" time="0.742"/>
  <system-out><![CDATA[2020-10-20 11:59:47.629  INFO 6328 --- [    Test worker] .b.t.c.SpringBootTestContextBootstrapper : Neither @ContextConfiguration nor @ContextHierarchy found for test class [tourGuide.TP.TestPerformance], using SpringBootContextLoader
2020-10-20 11:59:47.629  INFO 6328 --- [    Test worker] o.s.t.c.support.AbstractContextLoader    : Could not detect default resource locations for test class [tourGuide.TP.TestPerformance]: no resource found for suffixes {-context.xml, Context.groovy}.
2020-10-20 11:59:47.629  INFO 6328 --- [    Test worker] t.c.s.AnnotationConfigContextLoaderUtils : Could not detect default configuration classes for test class [tourGuide.TP.TestPerformance]: TestPerformance does not declare any static, non-private, non-final, nested classes annotated with @Configuration.
2020-10-20 11:59:47.645  INFO 6328 --- [    Test worker] .b.t.c.SpringBootTestContextBootstrapper : Found @SpringBootConfiguration tourGuide.Application for test class tourGuide.TP.TestPerformance
2020-10-20 11:59:47.645  INFO 6328 --- [    Test worker] .b.t.c.SpringBootTestContextBootstrapper : Loaded default TestExecutionListener class names from location [META-INF/spring.factories]: [org.springframework.boot.test.autoconfigure.restdocs.RestDocsTestExecutionListener, org.springframework.boot.test.autoconfigure.web.client.MockRestServiceServerResetTestExecutionListener, org.springframework.boot.test.autoconfigure.web.servlet.MockMvcPrintOnlyOnFailureTestExecutionListener, org.springframework.boot.test.autoconfigure.web.servlet.WebDriverTestExecutionListener, org.springframework.boot.test.mock.mockito.MockitoTestExecutionListener, org.springframework.boot.test.mock.mockito.ResetMocksTestExecutionListener, org.springframework.test.context.web.ServletTestExecutionListener, org.springframework.test.context.support.DirtiesContextBeforeModesTestExecutionListener, org.springframework.test.context.support.DependencyInjectionTestExecutionListener, org.springframework.test.context.support.DirtiesContextTestExecutionListener, org.springframework.test.context.transaction.TransactionalTestExecutionListener, org.springframework.test.context.jdbc.SqlScriptsTestExecutionListener, org.springframework.test.context.event.EventPublishingTestExecutionListener]
2020-10-20 11:59:47.645  INFO 6328 --- [    Test worker] .b.t.c.SpringBootTestContextBootstrapper : Using TestExecutionListeners: [org.springframework.test.context.web.ServletTestExecutionListener@5d44d45d, org.springframework.test.context.support.DirtiesContextBeforeModesTestExecutionListener@4ce10a9b, org.springframework.boot.test.mock.mockito.MockitoTestExecutionListener@1e1832c, org.springframework.boot.test.autoconfigure.SpringBootDependencyInjectionTestExecutionListener@76215f9f, org.springframework.test.context.support.DirtiesContextTestExecutionListener@dbc9b3a, org.springframework.test.context.event.EventPublishingTestExecutionListener@49cdedc4, org.springframework.boot.test.autoconfigure.restdocs.RestDocsTestExecutionListener@4438ff32, org.springframework.boot.test.autoconfigure.web.client.MockRestServiceServerResetTestExecutionListener@38198d8d, org.springframework.boot.test.autoconfigure.web.servlet.MockMvcPrintOnlyOnFailureTestExecutionListener@5115b4ff, org.springframework.boot.test.autoconfigure.web.servlet.WebDriverTestExecutionListener@7790c0d4, org.springframework.boot.test.mock.mockito.ResetMocksTestExecutionListener@74d2707b]
***** RESULT ***** RESULT ***** RESULT *****
highVolumeGetRewards: Time Elapsed: 3 seconds.
*****   END  *****   END  *****   END  *****
***** RESULT ***** RESULT ***** RESULT *****
highVolumeTrackLocation: Time Elapsed: 0 seconds.
*****   END  *****   END  *****   END  *****
2020-10-20 11:59:52.250  INFO 6328 --- [    Test worker] o.s.s.concurrent.ThreadPoolTaskExecutor  : Shutting down ExecutorService 'applicationTaskExecutor'
]]></system-out>
  <system-err><![CDATA[]]></system-err>
</testsuite>
