<?xml version="1.0" encoding="UTF-8"?>
<testsuite name="tourGuide.TP.TestPerformance" tests="2" skipped="0" failures="0" errors="0" timestamp="2020-10-16T17:15:21" hostname="PO709427VW10SC2" time="34.143">
  <properties/>
  <testcase name="highVolumeGetRewardsNew()" classname="tourGuide.TP.TestPerformance" time="23.287"/>
  <testcase name="highVolumeTrackLocationNew()" classname="tourGuide.TP.TestPerformance" time="10.855"/>
  <system-out><![CDATA[2020-10-16 19:15:21.883  INFO 8932 --- [    Test worker] .b.t.c.SpringBootTestContextBootstrapper : Neither @ContextConfiguration nor @ContextHierarchy found for test class [tourGuide.TP.TestPerformance], using SpringBootContextLoader
2020-10-16 19:15:21.883  INFO 8932 --- [    Test worker] o.s.t.c.support.AbstractContextLoader    : Could not detect default resource locations for test class [tourGuide.TP.TestPerformance]: no resource found for suffixes {-context.xml, Context.groovy}.
2020-10-16 19:15:21.883  INFO 8932 --- [    Test worker] t.c.s.AnnotationConfigContextLoaderUtils : Could not detect default configuration classes for test class [tourGuide.TP.TestPerformance]: TestPerformance does not declare any static, non-private, non-final, nested classes annotated with @Configuration.
2020-10-16 19:15:21.887  INFO 8932 --- [    Test worker] .b.t.c.SpringBootTestContextBootstrapper : Found @SpringBootConfiguration tourGuide.Application for test class tourGuide.TP.TestPerformance
2020-10-16 19:15:21.887  INFO 8932 --- [    Test worker] .b.t.c.SpringBootTestContextBootstrapper : Loaded default TestExecutionListener class names from location [META-INF/spring.factories]: [org.springframework.boot.test.autoconfigure.restdocs.RestDocsTestExecutionListener, org.springframework.boot.test.autoconfigure.web.client.MockRestServiceServerResetTestExecutionListener, org.springframework.boot.test.autoconfigure.web.servlet.MockMvcPrintOnlyOnFailureTestExecutionListener, org.springframework.boot.test.autoconfigure.web.servlet.WebDriverTestExecutionListener, org.springframework.boot.test.mock.mockito.MockitoTestExecutionListener, org.springframework.boot.test.mock.mockito.ResetMocksTestExecutionListener, org.springframework.test.context.web.ServletTestExecutionListener, org.springframework.test.context.support.DirtiesContextBeforeModesTestExecutionListener, org.springframework.test.context.support.DependencyInjectionTestExecutionListener, org.springframework.test.context.support.DirtiesContextTestExecutionListener, org.springframework.test.context.transaction.TransactionalTestExecutionListener, org.springframework.test.context.jdbc.SqlScriptsTestExecutionListener, org.springframework.test.context.event.EventPublishingTestExecutionListener]
2020-10-16 19:15:21.887  INFO 8932 --- [    Test worker] .b.t.c.SpringBootTestContextBootstrapper : Using TestExecutionListeners: [org.springframework.test.context.web.ServletTestExecutionListener@393cacef, org.springframework.test.context.support.DirtiesContextBeforeModesTestExecutionListener@403d5be7, org.springframework.boot.test.mock.mockito.MockitoTestExecutionListener@36d60e0b, org.springframework.boot.test.autoconfigure.SpringBootDependencyInjectionTestExecutionListener@327fe83f, org.springframework.test.context.support.DirtiesContextTestExecutionListener@6ef8614b, org.springframework.test.context.event.EventPublishingTestExecutionListener@4430fd10, org.springframework.boot.test.autoconfigure.restdocs.RestDocsTestExecutionListener@421015cb, org.springframework.boot.test.autoconfigure.web.client.MockRestServiceServerResetTestExecutionListener@fe333a6, org.springframework.boot.test.autoconfigure.web.servlet.MockMvcPrintOnlyOnFailureTestExecutionListener@223ce928, org.springframework.boot.test.autoconfigure.web.servlet.WebDriverTestExecutionListener@61a75802, org.springframework.boot.test.mock.mockito.ResetMocksTestExecutionListener@23dbb7b0]
***** RESULT ***** RESULT ***** RESULT *****
highVolumeGetRewards: Time Elapsed: 23 seconds.
*****   END  *****   END  *****   END  *****
***** RESULT ***** RESULT ***** RESULT *****
highVolumeTrackLocation: Time Elapsed: 10 seconds.
*****   END  *****   END  *****   END  *****
**********************************************************************************************************
************************ WARNING - Exception ON trackUserLocationList - WARNING ***************************
message : null
localized message : null
]]></system-out>
  <system-err><![CDATA[]]></system-err>
</testsuite>
